<?xml version="1.0" encoding="utf-8"?>
<TestRun id="0b87d8e2-d087-4216-a52d-36abf79138f7" name="crist@KARASU 2025-07-20 14:50:08" runUser="KARASU\crist" xmlns="http://microsoft.com/schemas/VisualStudio/TeamTest/2010">
  <Times creation="2025-07-20T14:50:08.7207499-05:00" queuing="2025-07-20T14:50:08.7207509-05:00" start="2025-07-20T14:50:00.1867256-05:00" finish="2025-07-20T14:50:11.7549983-05:00" />
  <TestSettings name="default" id="4a587068-ad84-4d0b-a535-1b25cf51fb49">
    <Deployment runDeploymentRoot="crist_KARASU_2025-07-20_14_50_08" />
  </TestSettings>
  <Results>
    <UnitTestResult executionId="56061a1f-0667-4e96-a82a-e02beb8175f8" testId="8655e27c-e833-9e09-f220-4e2eba3dcf31" testName="MIVET.BE.Tests.Controllers.MascotaControllersTests.InsertAsync_RazaVacia_RetornaError" computerName="KARASU" duration="00:00:00.0017667" startTime="2025-07-20T14:50:08.6586156-05:00" endTime="2025-07-20T14:50:08.6586160-05:00" testType="13cdc9d9-ddb5-4fa4-a97d-d965ccfc6d4b" outcome="Passed" testListId="8c84fa94-04c1-424b-9868-57a2d4851a1d" relativeResultsDirectory="56061a1f-0667-4e96-a82a-e02beb8175f8" />
    <UnitTestResult executionId="0fd0cf54-a1b4-441d-9b0b-97fcd67d337b" testId="8327383b-46a0-5392-b2e6-e07603889831" testName="MIVET.BE.Tests.Hilos.Completos.CitaServiceIntegridadTests.CP063_SimulacionFalloBD_Reconexion_ContinuidadOperacion" computerName="KARASU" duration="00:00:00.1837722" startTime="2025-07-20T14:50:10.7047160-05:00" endTime="2025-07-20T14:50:10.7047165-05:00" testType="13cdc9d9-ddb5-4fa4-a97d-d965ccfc6d4b" outcome="Passed" testListId="8c84fa94-04c1-424b-9868-57a2d4851a1d" relativeResultsDirectory="0fd0cf54-a1b4-441d-9b0b-97fcd67d337b">
      <Output>
        <StdOut>\ud83d\udd27 Configurando datos de prueba COMPLETOS...&#xD;
✅ DATOS CONFIGURADOS:&#xD;
   - 2 clientes&#xD;
   - 2 veterinarios&#xD;
   - 60 mascotas&#xD;
   - 12 horarios veterinarios&#xD;
\ud83c\udfaf Sistema listo para pruebas CONCURRENTES&#xD;
Operación 6 falló: El veterinario no tiene horario configurado para ese día y hora&#xD;
Operación 13 falló: El veterinario no tiene horario configurado para ese día y hora&#xD;
✅ CP063 EXITOSO: 18/20 operaciones exitosas - Resiliencia verificada</StdOut>
      </Output>
    </UnitTestResult>
    <UnitTestResult executionId="a5c596c6-184c-41fe-a3d8-da08321bb49f" testId="c425938c-18f3-89f9-0d97-566d9a8663b8" testName="MIVET.BE.Tests.Repositorio.CitaRepositoryTests.CrearAsync_MultiplesCitasMismoVeterinario_CreaSinConflicto" computerName="KARASU" duration="00:00:00.0091550" startTime="2025-07-20T14:50:11.1778403-05:00" endTime="2025-07-20T14:50:11.1778407-05:00" testType="13cdc9d9-ddb5-4fa4-a97d-d965ccfc6d4b" outcome="Passed" testListId="8c84fa94-04c1-424b-9868-57a2d4851a1d" relativeResultsDirectory="a5c596c6-184c-41fe-a3d8-da08321bb49f" />
    <UnitTestResult executionId="dc23bee6-4192-4f9a-856a-ef0c428133a0" testId="4491f082-098f-21b2-988b-925621e32c7d" testName="MIVET.BE.Tests.Repositorio.MascotaDALTests.InsertAsync_NombreMinimo_InsertaCorrectamente" computerName="KARASU" duration="00:00:00.0075939" startTime="2025-07-20T14:50:11.0538397-05:00" endTime="2025-07-20T14:50:11.0538399-05:00" testType="13cdc9d9-ddb5-4fa4-a97d-d965ccfc6d4b" outcome="Passed" testListId="8c84fa94-04c1-424b-9868-57a2d4851a1d" relativeResultsDirectory="dc23bee6-4192-4f9a-856a-ef0c428133a0" />
    <UnitTestResult executionId="b8a5d09e-1ba6-4486-b661-5db165d1ba0a" testId="9b9da0bf-c17a-d393-6bf4-99029b9f2b03" testName="MIVET.BE.Tests.Servicio.MascotaBLLTests.InsertAsync_DALLanzaException_PropagaException" computerName="KARASU" duration="00:00:00.0131478" startTime="2025-07-20T14:50:10.6853733-05:00" endTime="2025-07-20T14:50:10.6853735-05:00" testType="13cdc9d9-ddb5-4fa4-a97d-d965ccfc6d4b" outcome="Passed" testListId="8c84fa94-04c1-424b-9868-57a2d4851a1d" relativeResultsDirectory="b8a5d09e-1ba6-4486-b661-5db165d1ba0a" />
    <UnitTestResult executionId="79e4a878-d7dd-4444-9853-475867a7fa15" testId="4647e0e1-448a-1a3c-3f4b-419e9d76d7f1" testName="MIVET.BE.Tests.Servicio.MascotaBLLTests.InsertAsync_NoModificaDTO" computerName="KARASU" duration="00:00:00.0036829" startTime="2025-07-20T14:50:10.7126689-05:00" endTime="2025-07-20T14:50:10.7126691-05:00" testType="13cdc9d9-ddb5-4fa4-a97d-d965ccfc6d4b" outcome="Passed" testListId="8c84fa94-04c1-424b-9868-57a2d4851a1d" relativeResultsDirectory="79e4a878-d7dd-4444-9853-475867a7fa15" />
    <UnitTestResult executionId="3f1f2124-d3bc-4a4c-b723-32a5a9e98cf1" testId="2fba0b61-7da1-6115-4f64-c6be3f2a3c54" testName="MIVET.BE.Tests.Controllers.CitaControllerTests.Crear_MascotaDeOtroCliente_RetornaBadRequest" computerName="KARASU" duration="00:00:00.0014662" startTime="2025-07-20T14:50:08.6336396-05:00" endTime="2025-07-20T14:50:08.6336398-05:00" testType="13cdc9d9-ddb5-4fa4-a97d-d965ccfc6d4b" outcome="Passed" testListId="8c84fa94-04c1-424b-9868-57a2d4851a1d" relativeResultsDirectory="3f1f2124-d3bc-4a4c-b723-32a5a9e98cf1" />
    <UnitTestResult executionId="c6362da8-8a7f-4a0d-89ab-68af04fb8931" testId="8510bb86-4210-ebfb-f125-892f26e3bdf0" testName="MIVET.BE.Tests.Hilos.Finales.CitaServiceRendimientoTests.CP046_EstresExtremo_500UsuariosConcurrentes_EstabilidadSistema" computerName="KARASU" duration="00:00:00.0125709" startTime="2025-07-20T14:50:11.0317319-05:00" endTime="2025-07-20T14:50:11.0317322-05:00" testType="13cdc9d9-ddb5-4fa4-a97d-d965ccfc6d4b" outcome="Passed" testListId="8c84fa94-04c1-424b-9868-57a2d4851a1d" relativeResultsDirectory="c6362da8-8a7f-4a0d-89ab-68af04fb8931">
      <Output>
        <StdOut>\ud83d\udd27 Configurando datos de prueba COMPLETOS...&#xD;
✅ DATOS CONFIGURADOS:&#xD;
   - 2 clientes&#xD;
   - 2 veterinarios&#xD;
   - 60 mascotas&#xD;
   - 12 horarios veterinarios&#xD;
\ud83c\udfaf Sistema listo para pruebas CONCURRENTES</StdOut>
      </Output>
    </UnitTestResult>
    <UnitTestResult executionId="900e4b77-b449-450f-96b4-6aeea7160eb5" testId="80ebfc62-ad97-a9de-506e-f04c996c073b" testName="MIVET.BE.Tests.Servicio.CitaServiceTests.CrearAsync_DuracionInvalida_LanzaInvalidOperationException(duracion: 10)" computerName="KARASU" duration="00:00:00.0008447" startTime="2025-07-20T14:50:08.5970355-05:00" endTime="2025-07-20T14:50:08.5970356-05:00" testType="13cdc9d9-ddb5-4fa4-a97d-d965ccfc6d4b" outcome="Passed" testListId="8c84fa94-04c1-424b-9868-57a2d4851a1d" relativeResultsDirectory="900e4b77-b449-450f-96b4-6aeea7160eb5" />
    <UnitTestResult executionId="271dbd9b-dcf0-4a10-8b47-2f353e45893b" testId="f3be41bd-6f7d-f02a-8e0e-23426e02bc0c" testName="MIVET.BE.Tests.Hilos.Finales.CitaServiceEstadosTests.CP029_CompletarCitaCancelada_ErrorTransicion" computerName="KARASU" duration="00:00:00.0495177" startTime="2025-07-20T14:50:10.4804418-05:00" endTime="2025-07-20T14:50:10.4804419-05:00" testType="13cdc9d9-ddb5-4fa4-a97d-d965ccfc6d4b" outcome="Passed" testListId="8c84fa94-04c1-424b-9868-57a2d4851a1d" relativeResultsDirectory="271dbd9b-dcf0-4a10-8b47-2f353e45893b">
      <Output>
        <StdOut>\ud83d\udd27 Configurando datos de prueba COMPLETOS...&#xD;
✅ DATOS CONFIGURADOS:&#xD;
   - 2 clientes&#xD;
   - 2 veterinarios&#xD;
   - 60 mascotas&#xD;
   - 12 horarios veterinarios&#xD;
\ud83c\udfaf Sistema listo para pruebas CONCURRENTES&#xD;
\ud83d\udcc5 Día laboral: 2025-07-21 (Monday)&#xD;
✅ CP029 EXITOSO: Error completar cita cancelada detectado</StdOut>
      </Output>
    </UnitTestResult>
    <UnitTestResult executionId="b41e4454-aecb-4f4f-b0c2-1701516547ea" testId="474ffedd-cae2-779e-7a87-f0a3aa32aea6" testName="MIVET.BE.Tests.Controllers.MascotaControllersTests.InsertAsync_DocumentoConLetras_RetornaError" computerName="KARASU" duration="00:00:00.0017530" startTime="2025-07-20T14:50:08.6747766-05:00" endTime="2025-07-20T14:50:08.6747771-05:00" testType="13cdc9d9-ddb5-4fa4-a97d-d965ccfc6d4b" outcome="Passed" testListId="8c84fa94-04c1-424b-9868-57a2d4851a1d" relativeResultsDirectory="b41e4454-aecb-4f4f-b0c2-1701516547ea" />
    <UnitTestResult executionId="d6599570-dbe4-47e0-a10b-04f4690f7b19" testId="f4156cf6-2be2-ea92-8df1-41e63d85f397" testName="MIVET.BE.Tests.Hilos.Completos.CitaServiceConsultasTests.CP041_CitasRangoFechas_PeriodoSemanal_FiltroTemporal" computerName="KARASU" duration="00:00:00.0063307" startTime="2025-07-20T14:50:11.0899613-05:00" endTime="2025-07-20T14:50:11.0899614-05:00" testType="13cdc9d9-ddb5-4fa4-a97d-d965ccfc6d4b" outcome="Passed" testListId="8c84fa94-04c1-424b-9868-57a2d4851a1d" relativeResultsDirectory="d6599570-dbe4-47e0-a10b-04f4690f7b19">
      <Output>
        <StdOut>\ud83d\udd27 Configurando datos de prueba COMPLETOS...&#xD;
✅ DATOS CONFIGURADOS:&#xD;
   - 2 clientes&#xD;
   - 2 veterinarios&#xD;
   - 60 mascotas&#xD;
   - 12 horarios veterinarios&#xD;
\ud83c\udfaf Sistema listo para pruebas CONCURRENTES</StdOut>
      </Output>
    </UnitTestResult>
    <UnitTestResult executionId="b68156a6-9437-41f4-81a2-ad77e860a338" testId="91504de3-f865-c31e-38ef-98cea237e91a" testName="MIVET.BE.Tests.Hilos.Finales.CitaServiceRendimientoTests.CP050_CargaSostenida_1000ReqPorMinuto_ResistenciaTemporal" computerName="KARASU" duration="00:00:00.0069290" startTime="2025-07-20T14:50:11.0189554-05:00" endTime="2025-07-20T14:50:11.0189556-05:00" testType="13cdc9d9-ddb5-4fa4-a97d-d965ccfc6d4b" outcome="Passed" testListId="8c84fa94-04c1-424b-9868-57a2d4851a1d" relativeResultsDirectory="b68156a6-9437-41f4-81a2-ad77e860a338">
      <Output>
        <StdOut>\ud83d\udd27 Configurando datos de prueba COMPLETOS...&#xD;
✅ DATOS CONFIGURADOS:&#xD;
   - 2 clientes&#xD;
   - 2 veterinarios&#xD;
   - 60 mascotas&#xD;
   - 12 horarios veterinarios&#xD;
\ud83c\udfaf Sistema listo para pruebas CONCURRENTES</StdOut>
      </Output>
    </UnitTestResult>
    <UnitTestResult executionId="719c5dc6-59e6-4651-8fbc-f61a3e9249f7" testId="da9b5685-2684-2dd9-1d23-25f5439f411a" testName="MIVET.BE.Tests.Repositorio.MascotaDALTests.InsertAsync_GenerosValidos_InsertaCorrectamente(genero: &quot;Macho&quot;)" computerName="KARASU" duration="00:00:00.0057343" startTime="2025-07-20T14:50:10.9387894-05:00" endTime="2025-07-20T14:50:10.9387896-05:00" testType="13cdc9d9-ddb5-4fa4-a97d-d965ccfc6d4b" outcome="Passed" testListId="8c84fa94-04c1-424b-9868-57a2d4851a1d" relativeResultsDirectory="719c5dc6-59e6-4651-8fbc-f61a3e9249f7" />
    <UnitTestResult executionId="ce417225-ae33-444f-98b3-6a85bf8cff3d" testId="32c1962e-14d9-7aa3-5cf2-676bce95dc8b" testName="MIVET.BE.Tests.Repositorio.MascotaDALTests.InsertAsync_EdadNegativa_DeberiaLanzarException" computerName="KARASU" duration="00:00:00.0017350" startTime="2025-07-20T14:50:11.0331720-05:00" endTime="2025-07-20T14:50:11.0331722-05:00" testType="13cdc9d9-ddb5-4fa4-a97d-d965ccfc6d4b" outcome="Passed" testListId="8c84fa94-04c1-424b-9868-57a2d4851a1d" relativeResultsDirectory="ce417225-ae33-444f-98b3-6a85bf8cff3d" />
    <UnitTestResult executionId="410db96c-3399-4a18-947a-f7481a03d9bf" testId="c16e1726-1ba6-fa12-54bb-5c4759b21bd1" testName="MIVET.BE.Tests.Repositorio.CitaRepositoryTests.VeterinarioTieneHorarioAsync_HorarioConfigurado_RetornaTrue" computerName="KARASU" duration="00:00:00.0017281" startTime="2025-07-20T14:50:11.1339175-05:00" endTime="2025-07-20T14:50:11.1339177-05:00" testType="13cdc9d9-ddb5-4fa4-a97d-d965ccfc6d4b" outcome="Passed" testListId="8c84fa94-04c1-424b-9868-57a2d4851a1d" relativeResultsDirectory="410db96c-3399-4a18-947a-f7481a03d9bf" />
    <UnitTestResult executionId="0b08cd0c-205c-45ab-b917-c9120e5d50a9" testId="a09b0537-a9d5-002a-b81b-558a6cabffdc" testName="MIVET.BE.Tests.Hilos.Completos.CitaServiceFuncionalesTests.CP001_ProgramarCita_DatosValidos_ExitoCitaCreada" computerName="KARASU" duration="00:00:00.0416732" startTime="2025-07-20T14:50:10.8176897-05:00" endTime="2025-07-20T14:50:10.8176899-05:00" testType="13cdc9d9-ddb5-4fa4-a97d-d965ccfc6d4b" outcome="Passed" testListId="8c84fa94-04c1-424b-9868-57a2d4851a1d" relativeResultsDirectory="0b08cd0c-205c-45ab-b917-c9120e5d50a9">
      <Output>
        <StdOut>\ud83d\udd27 Configurando datos de prueba COMPLETOS...&#xD;
✅ DATOS CONFIGURADOS:&#xD;
   - 2 clientes&#xD;
   - 2 veterinarios&#xD;
   - 60 mascotas&#xD;
   - 12 horarios veterinarios&#xD;
\ud83c\udfaf Sistema listo para pruebas CONCURRENTES&#xD;
\ud83d\udcc5 Día laboral: 2025-07-21 (Monday)&#xD;
✅ CP001 EXITOSO: Cita creada con ID 1</StdOut>
      </Output>
    </UnitTestResult>
    <UnitTestResult executionId="1a35f19b-d621-451c-af91-34801eb03712" testId="50e63399-e880-097a-4c92-b86bb615401a" testName="MIVET.BE.Tests.Hilos.Finales.CitaServiceRendimientoTests.CP049_OperacionesMixtas_200Usuarios_CargaRealista" computerName="KARASU" duration="00:00:00.0077763" startTime="2025-07-20T14:50:11.0396419-05:00" endTime="2025-07-20T14:50:11.0396423-05:00" testType="13cdc9d9-ddb5-4fa4-a97d-d965ccfc6d4b" outcome="Passed" testListId="8c84fa94-04c1-424b-9868-57a2d4851a1d" relativeResultsDirectory="1a35f19b-d621-451c-af91-34801eb03712">
      <Output>
        <StdOut>\ud83d\udd27 Configurando datos de prueba COMPLETOS...&#xD;
✅ DATOS CONFIGURADOS:&#xD;
   - 2 clientes&#xD;
   - 2 veterinarios&#xD;
   - 60 mascotas&#xD;
   - 12 horarios veterinarios&#xD;
\ud83c\udfaf Sistema listo para pruebas CONCURRENTES</StdOut>
      </Output>
    </UnitTestResult>
    <UnitTestResult executionId="6076e76c-4ef7-4f62-884d-ebb78aa9e9cc" testId="da424ff2-5747-8d65-80ca-0f43919dc1a5" testName="MIVET.BE.Tests.Repositorio.CitaRepositoryTests.ExisteConflictoHorarioAsync_ExcluyendoCitaActual_RetornaFalse" computerName="KARASU" duration="00:00:00.0050643" startTime="2025-07-20T14:50:11.1867417-05:00" endTime="2025-07-20T14:50:11.1867420-05:00" testType="13cdc9d9-ddb5-4fa4-a97d-d965ccfc6d4b" outcome="Passed" testListId="8c84fa94-04c1-424b-9868-57a2d4851a1d" relativeResultsDirectory="6076e76c-4ef7-4f62-884d-ebb78aa9e9cc" />
    <UnitTestResult executionId="ebb453ea-cd6d-4f7a-87ab-28fa93173c95" testId="db35c9f1-01de-157f-1671-23799c1976a9" testName="MIVET.BE.Tests.Hilos.Finales.CitaServiceValidacionesTests.CP020_DuracionInvalida_NoMultiplo15_ErrorValidacion" computerName="KARASU" duration="00:00:08.0371368" startTime="2025-07-20T14:50:10.3466116-05:00" endTime="2025-07-20T14:50:10.3466118-05:00" testType="13cdc9d9-ddb5-4fa4-a97d-d965ccfc6d4b" outcome="Passed" testListId="8c84fa94-04c1-424b-9868-57a2d4851a1d" relativeResultsDirectory="ebb453ea-cd6d-4f7a-87ab-28fa93173c95">
      <Output>
        <StdOut>\ud83d\udd27 Configurando datos de prueba COMPLETOS...&#xD;
✅ DATOS CONFIGURADOS:&#xD;
   - 2 clientes&#xD;
   - 2 veterinarios&#xD;
   - 60 mascotas&#xD;
   - 12 horarios veterinarios&#xD;
\ud83c\udfaf Sistema listo para pruebas CONCURRENTES&#xD;
\ud83d\udcc5 Día laboral: 2025-07-21 (Monday)&#xD;
✅ CP020 EXITOSO: Error duración no múltiplo de 15 detectado</StdOut>
      </Output>
    </UnitTestResult>
    <UnitTestResult executionId="d742fed5-e101-4261-8f73-c21a1a1b5db9" testId="58302dea-2cab-a033-3ca2-021b3d4f0ade" testName="MIVET.BE.Tests.Servicio.CitaServiceTests.CrearAsync_DatosValidos_RetornaCitaDTO" computerName="KARASU" duration="00:00:00.0062783" startTime="2025-07-20T14:50:08.6502775-05:00" endTime="2025-07-20T14:50:08.6502778-05:00" testType="13cdc9d9-ddb5-4fa4-a97d-d965ccfc6d4b" outcome="Passed" testListId="8c84fa94-04c1-424b-9868-57a2d4851a1d" relativeResultsDirectory="d742fed5-e101-4261-8f73-c21a1a1b5db9" />
    <UnitTestResult executionId="219fed76-0b4f-44a3-b0e0-6f60659f8749" testId="f96b7b02-845f-839a-df22-e563cc2ad6bf" testName="MIVET.BE.Tests.Controllers.MascotaControllersTests.InsertAsync_NombreMinimo_RetornaOk" computerName="KARASU" duration="00:00:00.0022207" startTime="2025-07-20T14:50:08.6803597-05:00" endTime="2025-07-20T14:50:08.6803602-05:00" testType="13cdc9d9-ddb5-4fa4-a97d-d965ccfc6d4b" outcome="Passed" testListId="8c84fa94-04c1-424b-9868-57a2d4851a1d" relativeResultsDirectory="219fed76-0b4f-44a3-b0e0-6f60659f8749" />
    <UnitTestResult executionId="bfef79b8-d2a7-49e3-94d1-fe621921800d" testId="22ea34d3-9cb8-ce2e-7f3c-d9d570d3cc31" testName="MIVET.BE.Tests.Hilos.Completos.CitaServiceConcurrenciaTests.CP008_VerificacionDisponibilidad_10Hilos_ConsistenciaResultados" computerName="KARASU" duration="00:00:00.5709915" startTime="2025-07-20T14:50:10.7352227-05:00" endTime="2025-07-20T14:50:10.7352230-05:00" testType="13cdc9d9-ddb5-4fa4-a97d-d965ccfc6d4b" outcome="Passed" testListId="8c84fa94-04c1-424b-9868-57a2d4851a1d" relativeResultsDirectory="bfef79b8-d2a7-49e3-94d1-fe621921800d">
      <Output>
        <StdOut>\ud83d\udd27 Configurando datos de prueba COMPLETOS...&#xD;
✅ DATOS CONFIGURADOS:&#xD;
   - 2 clientes&#xD;
   - 2 veterinarios&#xD;
   - 60 mascotas&#xD;
   - 12 horarios veterinarios&#xD;
\ud83c\udfaf Sistema listo para pruebas CONCURRENTES&#xD;
\ud83d\udcc5 Día laboral: 2025-07-21 (Monday)&#xD;
✅ CP008 EXITOSO: 10 consultas consistentes (True) en 542ms</StdOut>
      </Output>
    </UnitTestResult>
    <UnitTestResult executionId="e83930aa-8e46-441e-93c7-862b64cfc6a5" testId="6499047d-a664-c812-3054-b5d0b67ab921" testName="MIVET.BE.Tests.Hilos.Finales.CitaServiceInternacionalizacionTests.CP098_CaracteresEspeciales_Busqueda_NormalizacionTexto" computerName="KARASU" duration="00:00:07.7853652" startTime="2025-07-20T14:50:10.0955542-05:00" endTime="2025-07-20T14:50:10.0955542-05:00" testType="13cdc9d9-ddb5-4fa4-a97d-d965ccfc6d4b" outcome="Passed" testListId="8c84fa94-04c1-424b-9868-57a2d4851a1d" relativeResultsDirectory="e83930aa-8e46-441e-93c7-862b64cfc6a5">
      <Output>
        <StdOut>\ud83d\udd27 Configurando datos de prueba COMPLETOS...&#xD;
✅ DATOS CONFIGURADOS:&#xD;
   - 2 clientes&#xD;
   - 2 veterinarios&#xD;
   - 60 mascotas&#xD;
   - 12 horarios veterinarios&#xD;
\ud83c\udfaf Sistema listo para pruebas CONCURRENTES</StdOut>
      </Output>
    </UnitTestResult>
    <UnitTestResult executionId="a2e98cb5-e03a-45c3-b4ca-8d698a3a5e4b" testId="fd4192b9-f012-d0aa-0644-7c4856b7bf20" testName="MIVET.BE.Tests.Servicio.MascotaBLLTests.InsertAsync_ValoresLimite_FuncionaCorrectamente(nombre: &quot;NombreDe50CaracteresExactamenteParaProbarLimite&quot;, especie: &quot;Gato&quot;, raza: &quot;Siamés&quot;, edad: 30, genero: &quot;Hembra&quot;, documento: &quot;1003315228&quot;)" computerName="KARASU" duration="00:00:00.0006171" startTime="2025-07-20T14:50:10.7035682-05:00" endTime="2025-07-20T14:50:10.7035684-05:00" testType="13cdc9d9-ddb5-4fa4-a97d-d965ccfc6d4b" outcome="Passed" testListId="8c84fa94-04c1-424b-9868-57a2d4851a1d" relativeResultsDirectory="a2e98cb5-e03a-45c3-b4ca-8d698a3a5e4b" />
    <UnitTestResult executionId="53bb3081-d652-43a1-b40d-0437c952c6dd" testId="e4de20af-1626-1017-81ae-89cbb70e22f6" testName="MIVET.BE.Tests.Hilos.Finales.CitaServiceAuditoriaTests.CP100_TrazabilidadConcurrente_MultiplesModificaciones_OrdenCronologico" computerName="KARASU" duration="00:00:02.0358089" startTime="2025-07-20T14:50:10.7648158-05:00" endTime="2025-07-20T14:50:10.7648158-05:00" testType="13cdc9d9-ddb5-4fa4-a97d-d965ccfc6d4b" outcome="Passed" testListId="8c84fa94-04c1-424b-9868-57a2d4851a1d" relativeResultsDirectory="53bb3081-d652-43a1-b40d-0437c952c6dd">
      <Output>
        <StdOut>\ud83d\udd27 Configurando datos de prueba COMPLETOS...&#xD;
✅ DATOS CONFIGURADOS:&#xD;
   - 2 clientes&#xD;
   - 2 veterinarios&#xD;
   - 60 mascotas&#xD;
   - 12 horarios veterinarios&#xD;
\ud83c\udfaf Sistema listo para pruebas CONCURRENTES&#xD;
✅ CP100 EXITOSO: Trazabilidad concurrente verificada&#xD;
    Modificaciones exitosas: 5/5&#xD;
    Fecha modificación final: 2025-07-20 14:50:10.603&#xD;
    Observación final: Modificación concurrente #4 por CONCURRENT_USER_04 a las 14:50:10.400&#xD;
    #0: CONCURRENT_USER_00 - 6ms&#xD;
    #1: CONCURRENT_USER_01 - 68ms&#xD;
    #2: CONCURRENT_USER_02 - 118ms&#xD;
    #3: CONCURRENT_USER_03 - 163ms&#xD;
    #4: CONCURRENT_USER_04 - 206ms</StdOut>
      </Output>
    </UnitTestResult>
    <UnitTestResult executionId="c11249b4-317b-4e9a-ba8e-753564a58bf0" testId="cc92fcf7-486e-a263-f9b4-e032b78828a9" testName="MIVET.BE.Tests.Repositorio.MascotaDALTests.InsertAsync_ClienteNoExiste_LanzaException" computerName="KARASU" duration="00:00:00.0042108" startTime="2025-07-20T14:50:11.0581777-05:00" endTime="2025-07-20T14:50:11.0581779-05:00" testType="13cdc9d9-ddb5-4fa4-a97d-d965ccfc6d4b" outcome="Passed" testListId="8c84fa94-04c1-424b-9868-57a2d4851a1d" relativeResultsDirectory="c11249b4-317b-4e9a-ba8e-753564a58bf0" />
    <UnitTestResult executionId="48511dc7-9fd2-44e0-83e2-880a741918c4" testId="f5a5afec-1874-bcdf-fd54-e4426045a8b1" testName="MIVET.BE.Tests.Servicio.MascotaBLLTests.InsertAsync_EspeciesValidas_LlamaDAL(especie: &quot;Gato&quot;)" computerName="KARASU" duration="00:00:00.0013764" startTime="2025-07-20T14:50:10.7002630-05:00" endTime="2025-07-20T14:50:10.7002633-05:00" testType="13cdc9d9-ddb5-4fa4-a97d-d965ccfc6d4b" outcome="Passed" testListId="8c84fa94-04c1-424b-9868-57a2d4851a1d" relativeResultsDirectory="48511dc7-9fd2-44e0-83e2-880a741918c4" />
    <UnitTestResult executionId="6fdb9dff-4eda-4a2a-af04-457b78a33aab" testId="f8dd7b56-6d0d-39d3-53d3-b4a4dc2ce18d" testName="MIVET.BE.Tests.Hilos.Completos.CitaServiceConsultasTests.CP042_CitasPorEstado_FiltroConfirmadas_SoloEstadoEspecifico" computerName="KARASU" duration="00:00:00.1291276" startTime="2025-07-20T14:50:10.8918686-05:00" endTime="2025-07-20T14:50:10.8918689-05:00" testType="13cdc9d9-ddb5-4fa4-a97d-d965ccfc6d4b" outcome="Passed" testListId="8c84fa94-04c1-424b-9868-57a2d4851a1d" relativeResultsDirectory="6fdb9dff-4eda-4a2a-af04-457b78a33aab">
      <Output>
        <StdOut>\ud83d\udd27 Configurando datos de prueba COMPLETOS...&#xD;
✅ DATOS CONFIGURADOS:&#xD;
   - 2 clientes&#xD;
   - 2 veterinarios&#xD;
   - 60 mascotas&#xD;
   - 12 horarios veterinarios&#xD;
\ud83c\udfaf Sistema listo para pruebas CONCURRENTES&#xD;
✅ CP042 EXITOSO: 2 citas confirmadas filtradas correctamente</StdOut>
      </Output>
    </UnitTestResult>
    <UnitTestResult executionId="e84f4658-5fa1-45c8-b5a4-3767445733f3" testId="9085ba13-6733-65e1-99d8-1f6801a61e36" testName="MIVET.BE.Tests.Servicio.CitaServiceTests.CrearAsync_DiferencesTiposCitaYDuracion_CreaCitaCorrectamente(tipoCita: Operacion, duracion: 120)" computerName="KARASU" duration="00:00:00.0022953" startTime="2025-07-20T14:50:08.6372329-05:00" endTime="2025-07-20T14:50:08.6372333-05:00" testType="13cdc9d9-ddb5-4fa4-a97d-d965ccfc6d4b" outcome="Passed" testListId="8c84fa94-04c1-424b-9868-57a2d4851a1d" relativeResultsDirectory="e84f4658-5fa1-45c8-b5a4-3767445733f3" />
    <UnitTestResult executionId="71479407-cebe-4400-9862-6bb6258fa21e" testId="c6051f41-07bf-d141-2a73-6781aeeeb59f" testName="MIVET.BE.Tests.Hilos.Finales.CitaServiceRendimientoTests.CP045_CreacionMasiva_100CitasDiferentes_RendimientoAceptable" computerName="KARASU" duration="00:00:00.0077237" startTime="2025-07-20T14:50:11.0119059-05:00" endTime="2025-07-20T14:50:11.0119061-05:00" testType="13cdc9d9-ddb5-4fa4-a97d-d965ccfc6d4b" outcome="Passed" testListId="8c84fa94-04c1-424b-9868-57a2d4851a1d" relativeResultsDirectory="71479407-cebe-4400-9862-6bb6258fa21e">
      <Output>
        <StdOut>\ud83d\udd27 Configurando datos de prueba COMPLETOS...&#xD;
✅ DATOS CONFIGURADOS:&#xD;
   - 2 clientes&#xD;
   - 2 veterinarios&#xD;
   - 60 mascotas&#xD;
   - 12 horarios veterinarios&#xD;
\ud83c\udfaf Sistema listo para pruebas CONCURRENTES</StdOut>
      </Output>
    </UnitTestResult>
    <UnitTestResult executionId="129170be-7ea4-460b-a624-9bf35c507fe5" testId="1bf62292-15cc-cebc-b544-aeed201337c5" testName="MIVET.BE.Tests.Repositorio.MascotaDALTests.InsertAsync_DatosValidos_InsertaCorrectamente" computerName="KARASU" duration="00:00:00.0111721" startTime="2025-07-20T14:50:11.0082186-05:00" endTime="2025-07-20T14:50:11.0082188-05:00" testType="13cdc9d9-ddb5-4fa4-a97d-d965ccfc6d4b" outcome="Passed" testListId="8c84fa94-04c1-424b-9868-57a2d4851a1d" relativeResultsDirectory="129170be-7ea4-460b-a624-9bf35c507fe5" />
    <UnitTestResult executionId="c72d5edd-b981-4afc-b1cc-4d80744d8df9" testId="3138a172-c836-3a2e-7458-398cda9b766c" testName="MIVET.BE.Tests.Controllers.CitaControllerTests.Crear_HorasLimite_RetornaCreated(hora: 18, minuto: 0)" computerName="KARASU" duration="00:00:00.0006115" startTime="2025-07-20T14:50:08.6286533-05:00" endTime="2025-07-20T14:50:08.6286535-05:00" testType="13cdc9d9-ddb5-4fa4-a97d-d965ccfc6d4b" outcome="Passed" testListId="8c84fa94-04c1-424b-9868-57a2d4851a1d" relativeResultsDirectory="c72d5edd-b981-4afc-b1cc-4d80744d8df9" />
    <UnitTestResult executionId="1231737d-9501-4efd-b01a-b74bab495b6d" testId="526e0759-99b6-b3c3-bd40-1b034a99c4d3" testName="MIVET.BE.Tests.Servicio.MascotaBLLTests.InsertAsync_EspeciesValidas_LlamaDAL(especie: &quot;Perro&quot;)" computerName="KARASU" duration="00:00:00.0072927" startTime="2025-07-20T14:50:10.6988077-05:00" endTime="2025-07-20T14:50:10.6988079-05:00" testType="13cdc9d9-ddb5-4fa4-a97d-d965ccfc6d4b" outcome="Passed" testListId="8c84fa94-04c1-424b-9868-57a2d4851a1d" relativeResultsDirectory="1231737d-9501-4efd-b01a-b74bab495b6d" />
    <UnitTestResult executionId="f684c6d2-f5c8-4a70-b37c-017395e26b14" testId="4a6dac94-c599-5b98-380e-9ddd4153777c" testName="MIVET.BE.Tests.Repositorio.CitaRepositoryTests.CrearAsync_HorarioLimiteFin_CreaCita" computerName="KARASU" duration="00:00:00.0021544" startTime="2025-07-20T14:50:11.1565514-05:00" endTime="2025-07-20T14:50:11.1565516-05:00" testType="13cdc9d9-ddb5-4fa4-a97d-d965ccfc6d4b" outcome="Passed" testListId="8c84fa94-04c1-424b-9868-57a2d4851a1d" relativeResultsDirectory="f684c6d2-f5c8-4a70-b37c-017395e26b14" />
    <UnitTestResult executionId="a19d47db-9299-419b-9876-7662fe30a750" testId="3ad215d4-4094-5818-dea1-d747cf6767b4" testName="MIVET.BE.Tests.Servicio.CitaServiceTests.CrearAsync_DiferencesTiposCitaYDuracion_CreaCitaCorrectamente(tipoCita: Emergencia, duracion: 60)" computerName="KARASU" duration="00:00:00.0030894" startTime="2025-07-20T14:50:08.6301312-05:00" endTime="2025-07-20T14:50:08.6301313-05:00" testType="13cdc9d9-ddb5-4fa4-a97d-d965ccfc6d4b" outcome="Passed" testListId="8c84fa94-04c1-424b-9868-57a2d4851a1d" relativeResultsDirectory="a19d47db-9299-419b-9876-7662fe30a750" />
    <UnitTestResult executionId="2ced369c-e67d-4404-bd91-08ab87d10fde" testId="d4d119df-4e0d-be1b-8a50-6afc175b31fe" testName="MIVET.BE.Tests.Servicio.MascotaBLLTests.InsertAsync_EspeciesValidas_LlamaDAL(especie: &quot;Otro&quot;)" computerName="KARASU" duration="00:00:00.0020779" startTime="2025-07-20T14:50:10.6913743-05:00" endTime="2025-07-20T14:50:10.6913745-05:00" testType="13cdc9d9-ddb5-4fa4-a97d-d965ccfc6d4b" outcome="Passed" testListId="8c84fa94-04c1-424b-9868-57a2d4851a1d" relativeResultsDirectory="2ced369c-e67d-4404-bd91-08ab87d10fde" />
    <UnitTestResult executionId="7801e4a3-72ba-463a-9b87-e4233eb36536" testId="b132c319-4344-d9db-e113-350961382b63" testName="MIVET.BE.Tests.Repositorio.MascotaDALTests.InsertAsync_MultiplesMascotasMismoCliente_InsertaCorrectamente" computerName="KARASU" duration="00:00:00.0102136" startTime="2025-07-20T14:50:11.0185071-05:00" endTime="2025-07-20T14:50:11.0185074-05:00" testType="13cdc9d9-ddb5-4fa4-a97d-d965ccfc6d4b" outcome="Passed" testListId="8c84fa94-04c1-424b-9868-57a2d4851a1d" relativeResultsDirectory="7801e4a3-72ba-463a-9b87-e4233eb36536" />
    <UnitTestResult executionId="c6dff099-56c6-4782-88a7-acd58552f929" testId="3d878f55-af7b-0ac9-7c86-9a69d4476e22" testName="MIVET.BE.Tests.Repositorio.MascotaDALTests.InsertAsync_VerificaRelacionConCliente" computerName="KARASU" duration="00:00:00.0371987" startTime="2025-07-20T14:50:10.9944826-05:00" endTime="2025-07-20T14:50:10.9944828-05:00" testType="13cdc9d9-ddb5-4fa4-a97d-d965ccfc6d4b" outcome="Passed" testListId="8c84fa94-04c1-424b-9868-57a2d4851a1d" relativeResultsDirectory="c6dff099-56c6-4782-88a7-acd58552f929" />
    <UnitTestResult executionId="93a0f890-ec5e-4c41-b92f-6bc9e2c4e702" testId="697e8510-9ac0-735f-a7a0-67e0c41705e6" testName="MIVET.BE.Tests.Hilos.Finales.CitaServiceValidacionesTests.CP017_FechaEnPasado_ErrorValidacion" computerName="KARASU" duration="00:00:00.0185993" startTime="2025-07-20T14:50:10.5262925-05:00" endTime="2025-07-20T14:50:10.5262927-05:00" testType="13cdc9d9-ddb5-4fa4-a97d-d965ccfc6d4b" outcome="Passed" testListId="8c84fa94-04c1-424b-9868-57a2d4851a1d" relativeResultsDirectory="93a0f890-ec5e-4c41-b92f-6bc9e2c4e702">
      <Output>
        <StdOut>\ud83d\udd27 Configurando datos de prueba COMPLETOS...&#xD;
✅ DATOS CONFIGURADOS:&#xD;
   - 2 clientes&#xD;
   - 2 veterinarios&#xD;
   - 60 mascotas&#xD;
   - 12 horarios veterinarios&#xD;
\ud83c\udfaf Sistema listo para pruebas CONCURRENTES&#xD;
✅ CP017 EXITOSO: Error fecha pasada detectado</StdOut>
      </Output>
    </UnitTestResult>
    <UnitTestResult executionId="253719e1-5264-4ab1-94c3-4d00b1b5e904" testId="c1605b43-8eaa-ad4a-0b52-0987a704ebd1" testName="MIVET.BE.Tests.Servicio.MascotaBLLTests.InsertAsync_DALLanzaArgumentException_PropagaArgumentException" computerName="KARASU" duration="00:00:00.0017017" startTime="2025-07-20T14:50:10.7053563-05:00" endTime="2025-07-20T14:50:10.7053568-05:00" testType="13cdc9d9-ddb5-4fa4-a97d-d965ccfc6d4b" outcome="Passed" testListId="8c84fa94-04c1-424b-9868-57a2d4851a1d" relativeResultsDirectory="253719e1-5264-4ab1-94c3-4d00b1b5e904" />
    <UnitTestResult executionId="3a4c7074-48f2-4f6b-8537-4d8a471e1720" testId="19aed18b-2726-b405-25ed-10b9f3b86952" testName="MIVET.BE.Tests.Servicio.CitaServiceTests.CrearAsync_DuracionMaxima_CreaCitaCorrectamente" computerName="KARASU" duration="00:00:00.0034427" startTime="2025-07-20T14:50:08.6609649-05:00" endTime="2025-07-20T14:50:08.6609650-05:00" testType="13cdc9d9-ddb5-4fa4-a97d-d965ccfc6d4b" outcome="Passed" testListId="8c84fa94-04c1-424b-9868-57a2d4851a1d" relativeResultsDirectory="3a4c7074-48f2-4f6b-8537-4d8a471e1720" />
    <UnitTestResult executionId="12b9f9f5-5d48-4303-8441-56146840b87e" testId="0d758bd8-4b76-7611-66af-550965108d3f" testName="MIVET.BE.Tests.Hilos.Completos.CitaServiceIntegridadTests.CP062_VeterinarioConCitas_Desactivacion_CitasPreservadas" computerName="KARASU" duration="00:00:00.0445334" startTime="2025-07-20T14:50:10.5208238-05:00" endTime="2025-07-20T14:50:10.5208240-05:00" testType="13cdc9d9-ddb5-4fa4-a97d-d965ccfc6d4b" outcome="Passed" testListId="8c84fa94-04c1-424b-9868-57a2d4851a1d" relativeResultsDirectory="12b9f9f5-5d48-4303-8441-56146840b87e">
      <Output>
        <StdOut>\ud83d\udd27 Configurando datos de prueba COMPLETOS...&#xD;
✅ DATOS CONFIGURADOS:&#xD;
   - 2 clientes&#xD;
   - 2 veterinarios&#xD;
   - 60 mascotas&#xD;
   - 12 horarios veterinarios&#xD;
\ud83c\udfaf Sistema listo para pruebas CONCURRENTES&#xD;
✅ CP062 EXITOSO: 1 citas preservadas tras desactivar veterinario</StdOut>
      </Output>
    </UnitTestResult>
    <UnitTestResult executionId="ea56cfef-cdae-470e-85e6-e0d16b370400" testId="1645a8d0-7ff9-ad24-bb15-9ee6163f9aa6" testName="MIVET.BE.Tests.Hilos.Finales.CitaServiceEstadosTests.CP025_CompletarCitaConfirmada_CompletadoExitoso" computerName="KARASU" duration="00:00:00.0606782" startTime="2025-07-20T14:50:10.6710796-05:00" endTime="2025-07-20T14:50:10.6710798-05:00" testType="13cdc9d9-ddb5-4fa4-a97d-d965ccfc6d4b" outcome="Passed" testListId="8c84fa94-04c1-424b-9868-57a2d4851a1d" relativeResultsDirectory="ea56cfef-cdae-470e-85e6-e0d16b370400">
      <Output>
        <StdOut>\ud83d\udd27 Configurando datos de prueba COMPLETOS...&#xD;
✅ DATOS CONFIGURADOS:&#xD;
   - 2 clientes&#xD;
   - 2 veterinarios&#xD;
   - 60 mascotas&#xD;
   - 12 horarios veterinarios&#xD;
\ud83c\udfaf Sistema listo para pruebas CONCURRENTES&#xD;
\ud83d\udcc5 Día laboral: 2025-07-21 (Monday)&#xD;
✅ CP025 EXITOSO: Cita 1 completada correctamente</StdOut>
      </Output>
    </UnitTestResult>
    <UnitTestResult executionId="d0c24959-ba3d-476e-9155-997b05157cd8" testId="46a0c528-81a5-4d74-4a39-7778905f8fec" testName="MIVET.BE.Tests.Servicio.MascotaBLLTests.InsertAsync_VerificaParametrosCorrectos" computerName="KARASU" duration="00:00:00.0036608" startTime="2025-07-20T14:50:10.6891749-05:00" endTime="2025-07-20T14:50:10.6891751-05:00" testType="13cdc9d9-ddb5-4fa4-a97d-d965ccfc6d4b" outcome="Passed" testListId="8c84fa94-04c1-424b-9868-57a2d4851a1d" relativeResultsDirectory="d0c24959-ba3d-476e-9155-997b05157cd8" />
    <UnitTestResult executionId="91aeb5a5-17c8-4696-96d4-204312abd0f5" testId="d1b12165-d1bd-dc5c-7894-132400fe9494" testName="MIVET.BE.Tests.Hilos.Completos.CitaServiceMetricasTests.CP083_EstadisticasPorEstado_TodosEstados_ConteosPrecisos" computerName="KARASU" duration="00:00:00.0273379" startTime="2025-07-20T14:50:10.4692746-05:00" endTime="2025-07-20T14:50:10.4692748-05:00" testType="13cdc9d9-ddb5-4fa4-a97d-d965ccfc6d4b" outcome="Passed" testListId="8c84fa94-04c1-424b-9868-57a2d4851a1d" relativeResultsDirectory="91aeb5a5-17c8-4696-96d4-204312abd0f5">
      <Output>
        <StdOut>\ud83d\udd27 Configurando datos de prueba COMPLETOS...&#xD;
✅ DATOS CONFIGURADOS:&#xD;
   - 2 clientes&#xD;
   - 2 veterinarios&#xD;
   - 60 mascotas&#xD;
   - 12 horarios veterinarios&#xD;
\ud83c\udfaf Sistema listo para pruebas CONCURRENTES</StdOut>
      </Output>
    </UnitTestResult>
    <UnitTestResult executionId="6423aae1-fd7b-4372-a533-2dfad9b5b8c1" testId="379a1e7e-454a-eccc-2b34-d5b61e71b64c" testName="MIVET.BE.Tests.Hilos.Completos.CitaServiceConsultasTests.CP039_CitasPorCliente_TodasMascotas_VistaCompleta" computerName="KARASU" duration="00:00:00.0302525" startTime="2025-07-20T14:50:10.6653371-05:00" endTime="2025-07-20T14:50:10.6653373-05:00" testType="13cdc9d9-ddb5-4fa4-a97d-d965ccfc6d4b" outcome="Passed" testListId="8c84fa94-04c1-424b-9868-57a2d4851a1d" relativeResultsDirectory="6423aae1-fd7b-4372-a533-2dfad9b5b8c1">
      <Output>
        <StdOut>\ud83d\udd27 Configurando datos de prueba COMPLETOS...&#xD;
✅ DATOS CONFIGURADOS:&#xD;
   - 2 clientes&#xD;
   - 2 veterinarios&#xD;
   - 60 mascotas&#xD;
   - 12 horarios veterinarios&#xD;
\ud83c\udfaf Sistema listo para pruebas CONCURRENTES</StdOut>
      </Output>
    </UnitTestResult>
    <UnitTestResult executionId="dfb49789-9471-449e-a11f-d13c61c1b84b" testId="6901aa12-8a70-7caa-76ad-1d063444948f" testName="MIVET.BE.Tests.Servicio.MascotaBLLTests.InsertAsync_ValoresLimite_FuncionaCorrectamente(nombre: &quot;A&quot;, especie: &quot;Perro&quot;, raza: &quot;Husky&quot;, edad: 0, genero: &quot;Macho&quot;, documento: &quot;100331&quot;)" computerName="KARASU" duration="00:00:00.0014719" startTime="2025-07-20T14:50:10.7028692-05:00" endTime="2025-07-20T14:50:10.7028695-05:00" testType="13cdc9d9-ddb5-4fa4-a97d-d965ccfc6d4b" outcome="Passed" testListId="8c84fa94-04c1-424b-9868-57a2d4851a1d" relativeResultsDirectory="dfb49789-9471-449e-a11f-d13c61c1b84b" />
    <UnitTestResult executionId="a9bf0505-6be8-4692-a109-3589c43ef189" testId="a43f23a5-70cf-2d59-8971-ec8d375cac11" testName="MIVET.BE.Tests.Hilos.Completos.CitaServiceValidacionesComplejas.CP093_MascotaYaTieneCita_MismoDia_UnaCtaPorDia" computerName="KARASU" duration="00:00:00.3743666" startTime="2025-07-20T14:50:10.5255205-05:00" endTime="2025-07-20T14:50:10.5255207-05:00" testType="13cdc9d9-ddb5-4fa4-a97d-d965ccfc6d4b" outcome="Passed" testListId="8c84fa94-04c1-424b-9868-57a2d4851a1d" relativeResultsDirectory="a9bf0505-6be8-4692-a109-3589c43ef189">
      <Output>
        <StdOut>\ud83d\udd27 Configurando datos de prueba COMPLETOS...&#xD;
✅ DATOS CONFIGURADOS:&#xD;
   - 2 clientes&#xD;
   - 2 veterinarios&#xD;
   - 60 mascotas&#xD;
   - 12 horarios veterinarios&#xD;
\ud83c\udfaf Sistema listo para pruebas CONCURRENTES&#xD;
✅ CP093 INFORMATIVO: Mascota 1 tiene 2 citas el 2025-07-21&#xD;
    Nota: Validación 'una cita por día' no implementada - sería regla de negocio adicional</StdOut>
      </Output>
    </UnitTestResult>
    <UnitTestResult executionId="d300f6e5-e13a-458f-b584-28af1706e0c8" testId="2bfd6718-8190-c0cf-65d6-26841a486e2e" testName="MIVET.BE.Tests.Controllers.MascotaControllersTests.InsertAsync_DocumentoVacio_RetornaError" computerName="KARASU" duration="00:00:00.0014851" startTime="2025-07-20T14:50:08.6763547-05:00" endTime="2025-07-20T14:50:08.6763550-05:00" testType="13cdc9d9-ddb5-4fa4-a97d-d965ccfc6d4b" outcome="Passed" testListId="8c84fa94-04c1-424b-9868-57a2d4851a1d" relativeResultsDirectory="d300f6e5-e13a-458f-b584-28af1706e0c8" />
    <UnitTestResult executionId="702a516b-72ba-42a7-81c3-71128c2ad173" testId="99d5cfba-213e-6082-227f-2584067a19c1" testName="MIVET.BE.Tests.Hilos.Completos.Continuacion.CitaServiceEdgeCasesTests.CP053_CaracteresEspeciales_Unicode_EncodingCorrecto" computerName="KARASU" duration="00:00:08.0594731" startTime="2025-07-20T14:50:10.3688831-05:00" endTime="2025-07-20T14:50:10.3688833-05:00" testType="13cdc9d9-ddb5-4fa4-a97d-d965ccfc6d4b" outcome="Passed" testListId="8c84fa94-04c1-424b-9868-57a2d4851a1d" relativeResultsDirectory="702a516b-72ba-42a7-81c3-71128c2ad173">
      <Output>
        <StdOut>\ud83d\udd27 Configurando datos de prueba COMPLETOS...&#xD;
✅ DATOS CONFIGURADOS:&#xD;
   - 2 clientes&#xD;
   - 2 veterinarios&#xD;
   - 60 mascotas&#xD;
   - 12 horarios veterinarios&#xD;
\ud83c\udfaf Sistema listo para pruebas CONCURRENTES&#xD;
✅ CP053 EXITOSO: Caracteres Unicode almacenados correctamente</StdOut>
      </Output>
    </UnitTestResult>
    <UnitTestResult executionId="b4f9035d-a77c-40df-b25b-b8ebcbf633ab" testId="4b35519d-d0a9-e42b-bcf0-1ea4f6220f7b" testName="MIVET.BE.Tests.Controllers.MascotaControllersTests.InsertAsync_DocumentoLimites_RetornaOk(documento: &quot;1003315228&quot;)" computerName="KARASU" duration="00:00:00.0004627" startTime="2025-07-20T14:50:08.6675537-05:00" endTime="2025-07-20T14:50:08.6675539-05:00" testType="13cdc9d9-ddb5-4fa4-a97d-d965ccfc6d4b" outcome="Passed" testListId="8c84fa94-04c1-424b-9868-57a2d4851a1d" relativeResultsDirectory="b4f9035d-a77c-40df-b25b-b8ebcbf633ab" />
    <UnitTestResult executionId="c7ace6ab-7a8a-42cd-9e37-dd35e1d3ccd5" testId="5420ab82-8f42-94e7-4dc2-f9b281a13a60" testName="MIVET.BE.Tests.Repositorio.MascotaDALTests.InsertAsync_DocumentoLimites_InsertaCorrectamente(documento: &quot;100331&quot;)" computerName="KARASU" duration="00:00:00.4840409" startTime="2025-07-20T14:50:10.8883385-05:00" endTime="2025-07-20T14:50:10.8883388-05:00" testType="13cdc9d9-ddb5-4fa4-a97d-d965ccfc6d4b" outcome="Passed" testListId="8c84fa94-04c1-424b-9868-57a2d4851a1d" relativeResultsDirectory="c7ace6ab-7a8a-42cd-9e37-dd35e1d3ccd5" />
    <UnitTestResult executionId="276f44e8-fce3-4307-89ff-014992bab119" testId="04fb97ef-9a7c-50d8-17f7-e794cd43610a" testName="MIVET.BE.Tests.Servicio.CitaServiceTests.CrearAsync_DiferencesTiposCitaYDuracion_CreaCitaCorrectamente(tipoCita: Normal, duracion: 15)" computerName="KARASU" duration="00:00:00.0264804" startTime="2025-07-20T14:50:08.6269238-05:00" endTime="2025-07-20T14:50:08.6269239-05:00" testType="13cdc9d9-ddb5-4fa4-a97d-d965ccfc6d4b" outcome="Passed" testListId="8c84fa94-04c1-424b-9868-57a2d4851a1d" relativeResultsDirectory="276f44e8-fce3-4307-89ff-014992bab119" />
    <UnitTestResult executionId="e32aa620-6663-46ee-b4fa-606b331721da" testId="476a9a8e-2d74-073d-2d23-499cb239f851" testName="MIVET.BE.Tests.Repositorio.MascotaDALTests.InsertAsync_DocumentoNull_LanzaException" computerName="KARASU" duration="00:00:00.0019529" startTime="2025-07-20T14:50:11.0313337-05:00" endTime="2025-07-20T14:50:11.0313339-05:00" testType="13cdc9d9-ddb5-4fa4-a97d-d965ccfc6d4b" outcome="Passed" testListId="8c84fa94-04c1-424b-9868-57a2d4851a1d" relativeResultsDirectory="e32aa620-6663-46ee-b4fa-606b331721da" />
    <UnitTestResult executionId="a1f0e36b-02a4-4515-b927-fbc3da166fdb" testId="5124d404-f76c-cf11-34f4-899c1abef87e" testName="MIVET.BE.Tests.Repositorio.CitaRepositoryTests.VeterinarioExisteAsync_VeterinarioInexistente_RetornaFalse" computerName="KARASU" duration="00:00:00.0065777" startTime="2025-07-20T14:50:11.1205258-05:00" endTime="2025-07-20T14:50:11.1205263-05:00" testType="13cdc9d9-ddb5-4fa4-a97d-d965ccfc6d4b" outcome="Passed" testListId="8c84fa94-04c1-424b-9868-57a2d4851a1d" relativeResultsDirectory="a1f0e36b-02a4-4515-b927-fbc3da166fdb" />
    <UnitTestResult executionId="57f90e5e-8e2f-4d55-a5e6-0ba0f3970931" testId="4cfa64da-a45d-4c85-721d-9f32301f93e4" testName="MIVET.BE.Tests.Servicio.MascotaBLLTests.InsertAsync_EspeciesValidas_LlamaDAL(especie: &quot;Ave&quot;)" computerName="KARASU" duration="00:00:00.0009188" startTime="2025-07-20T14:50:10.7012587-05:00" endTime="2025-07-20T14:50:10.7012589-05:00" testType="13cdc9d9-ddb5-4fa4-a97d-d965ccfc6d4b" outcome="Passed" testListId="8c84fa94-04c1-424b-9868-57a2d4851a1d" relativeResultsDirectory="57f90e5e-8e2f-4d55-a5e6-0ba0f3970931" />
    <UnitTestResult executionId="b2dfae76-0324-4162-bc2a-6fff048e2da3" testId="61c25aeb-b1c8-b5e2-2950-4ed9197009a3" testName="MIVET.BE.Tests.Controllers.MascotaControllersTests.InsertAsync_EdadLimites_RetornaOk(edad: 30)" computerName="KARASU" duration="00:00:00.0004192" startTime="2025-07-20T14:50:08.6779344-05:00" endTime="2025-07-20T14:50:08.6779347-05:00" testType="13cdc9d9-ddb5-4fa4-a97d-d965ccfc6d4b" outcome="Passed" testListId="8c84fa94-04c1-424b-9868-57a2d4851a1d" relativeResultsDirectory="b2dfae76-0324-4162-bc2a-6fff048e2da3" />
    <UnitTestResult executionId="c165d359-dda5-49f4-a977-fb6b62dea725" testId="ddb55c95-285d-f270-add2-5264da942585" testName="MIVET.BE.Tests.Hilos.Finales.CitaServiceRendimientoTests.CP047_ConsultaMasiva_10000Citas_RendimientoConsulta" computerName="KARASU" duration="00:00:00.6208056" startTime="2025-07-20T14:50:11.0040628-05:00" endTime="2025-07-20T14:50:11.0040630-05:00" testType="13cdc9d9-ddb5-4fa4-a97d-d965ccfc6d4b" outcome="Passed" testListId="8c84fa94-04c1-424b-9868-57a2d4851a1d" relativeResultsDirectory="c165d359-dda5-49f4-a977-fb6b62dea725">
      <Output>
        <StdOut>\ud83d\udd27 Configurando datos de prueba COMPLETOS...&#xD;
✅ DATOS CONFIGURADOS:&#xD;
   - 2 clientes&#xD;
   - 2 veterinarios&#xD;
   - 60 mascotas&#xD;
   - 12 horarios veterinarios&#xD;
\ud83c\udfaf Sistema listo para pruebas CONCURRENTES&#xD;
✅ CP047 EXITOSO: 1000 citas consultadas&#xD;
    Tiempo consulta: 13ms</StdOut>
      </Output>
    </UnitTestResult>
    <UnitTestResult executionId="5cd395ba-bde8-4d7d-8a76-dc1d96e8df5b" testId="6d31d92f-e406-9eb9-8273-b9e3f633bdff" testName="MIVET.BE.Tests.Hilos.Completos.CitaServiceConcurrenciaExtremTests.CP087_RaceConditionValidaciones_ValidacionObsoleta_DeteccionRaceCondition" computerName="KARASU" duration="00:00:00.0439903" startTime="2025-07-20T14:50:11.7044679-05:00" endTime="2025-07-20T14:50:11.7044682-05:00" testType="13cdc9d9-ddb5-4fa4-a97d-d965ccfc6d4b" outcome="Passed" testListId="8c84fa94-04c1-424b-9868-57a2d4851a1d" relativeResultsDirectory="5cd395ba-bde8-4d7d-8a76-dc1d96e8df5b">
      <Output>
        <StdOut>\ud83d\udd27 Configurando datos de prueba COMPLETOS...&#xD;
✅ DATOS CONFIGURADOS:&#xD;
   - 2 clientes&#xD;
   - 2 veterinarios&#xD;
   - 60 mascotas&#xD;
   - 12 horarios veterinarios&#xD;
\ud83c\udfaf Sistema listo para pruebas CONCURRENTES&#xD;
✅ CP087 EXITOSO: Race condition controlado - 1 exitosa(s) de 5 intentos&#xD;
    Fallidas por race condition: 4</StdOut>
      </Output>
    </UnitTestResult>
    <UnitTestResult executionId="ab184c27-db18-469f-bec3-813798fb80f7" testId="43c67493-5be4-69cf-4692-4c02c9916088" testName="MIVET.BE.Tests.Hilos.Finales.CitaServiceEstadosTests.CP023_ConfirmarCitaProgramada_TransicionExitosa" computerName="KARASU" duration="00:00:00.0584305" startTime="2025-07-20T14:50:10.5489326-05:00" endTime="2025-07-20T14:50:10.5489328-05:00" testType="13cdc9d9-ddb5-4fa4-a97d-d965ccfc6d4b" outcome="Passed" testListId="8c84fa94-04c1-424b-9868-57a2d4851a1d" relativeResultsDirectory="ab184c27-db18-469f-bec3-813798fb80f7">
      <Output>
        <StdOut>\ud83d\udd27 Configurando datos de prueba COMPLETOS...&#xD;
✅ DATOS CONFIGURADOS:&#xD;
   - 2 clientes&#xD;
   - 2 veterinarios&#xD;
   - 60 mascotas&#xD;
   - 12 horarios veterinarios&#xD;
\ud83c\udfaf Sistema listo para pruebas CONCURRENTES&#xD;
\ud83d\udcc5 Día laboral: 2025-07-21 (Monday)&#xD;
✅ CP023 EXITOSO: Cita 1 confirmada correctamente</StdOut>
      </Output>
    </UnitTestResult>
    <UnitTestResult executionId="0c67aa8d-deaa-4203-a582-394a8be0d45d" testId="10faf36a-c30b-e728-8b86-09514546ccca" testName="MIVET.BE.Tests.Repositorio.CitaRepositoryTests.ExisteConflictoHorarioAsync_HorarioOcupado_RetornaTrue" computerName="KARASU" duration="00:00:00.0045507" startTime="2025-07-20T14:50:11.1321387-05:00" endTime="2025-07-20T14:50:11.1321390-05:00" testType="13cdc9d9-ddb5-4fa4-a97d-d965ccfc6d4b" outcome="Passed" testListId="8c84fa94-04c1-424b-9868-57a2d4851a1d" relativeResultsDirectory="0c67aa8d-deaa-4203-a582-394a8be0d45d" />
    <UnitTestResult executionId="054f366c-67d7-4f5b-855c-c274c2787b66" testId="93460349-fa89-078c-4eb9-6b92d691949d" testName="MIVET.BE.Tests.Servicio.CitaServiceTests.CrearAsync_FechaPasada_LanzaInvalidOperationException" computerName="KARASU" duration="00:00:06.2772676" startTime="2025-07-20T14:50:08.5951814-05:00" endTime="2025-07-20T14:50:08.5951815-05:00" testType="13cdc9d9-ddb5-4fa4-a97d-d965ccfc6d4b" outcome="Passed" testListId="8c84fa94-04c1-424b-9868-57a2d4851a1d" relativeResultsDirectory="054f366c-67d7-4f5b-855c-c274c2787b66" />
    <UnitTestResult executionId="455df36a-b0b6-4e7e-b7c3-e3b9f9a8f578" testId="e648ecfd-d30b-fbc0-dda3-b3b5c0625ac6" testName="MIVET.BE.Tests.Servicio.CitaServiceTests.CrearAsync_VerificaSecuenciaDeValidaciones" computerName="KARASU" duration="00:00:00.0065189" startTime="2025-07-20T14:50:08.6438310-05:00" endTime="2025-07-20T14:50:08.6438313-05:00" testType="13cdc9d9-ddb5-4fa4-a97d-d965ccfc6d4b" outcome="Passed" testListId="8c84fa94-04c1-424b-9868-57a2d4851a1d" relativeResultsDirectory="455df36a-b0b6-4e7e-b7c3-e3b9f9a8f578" />
    <UnitTestResult executionId="2ce747d6-b366-4a2e-a230-0e47f4a7d6b7" testId="fd3ada1b-5463-4820-6758-b95d328cc7ff" testName="MIVET.BE.Tests.Hilos.Completos.CitaServiceDisponibilidadTests.CP033_MultiplesVeterinarios_HoraEspecifica_FiltroDisponibilidad" computerName="KARASU" duration="00:00:00.0122805" startTime="2025-07-20T14:50:10.3830928-05:00" endTime="2025-07-20T14:50:10.3830929-05:00" testType="13cdc9d9-ddb5-4fa4-a97d-d965ccfc6d4b" outcome="Passed" testListId="8c84fa94-04c1-424b-9868-57a2d4851a1d" relativeResultsDirectory="2ce747d6-b366-4a2e-a230-0e47f4a7d6b7">
      <Output>
        <StdOut>\ud83d\udd27 Configurando datos de prueba COMPLETOS...&#xD;
✅ DATOS CONFIGURADOS:&#xD;
   - 2 clientes&#xD;
   - 2 veterinarios&#xD;
   - 60 mascotas&#xD;
   - 12 horarios veterinarios&#xD;
\ud83c\udfaf Sistema listo para pruebas CONCURRENTES</StdOut>
      </Output>
    </UnitTestResult>
    <UnitTestResult executionId="6ee82f58-067b-4a27-8996-caf0716c70ff" testId="94e82a9a-8dfa-cdd1-04e2-7c91ab896f6c" testName="MIVET.BE.Tests.Controllers.MascotaControllersTests.InsertAsync_EspeciesValidas_RetornaOk(especie: &quot;Perro&quot;)" computerName="KARASU" duration="00:00:00.0089536" startTime="2025-07-20T14:50:08.6545184-05:00" endTime="2025-07-20T14:50:08.6545191-05:00" testType="13cdc9d9-ddb5-4fa4-a97d-d965ccfc6d4b" outcome="Passed" testListId="8c84fa94-04c1-424b-9868-57a2d4851a1d" relativeResultsDirectory="6ee82f58-067b-4a27-8996-caf0716c70ff" />
    <UnitTestResult executionId="01f0a66d-7323-47b9-832d-dc57207d771a" testId="de61aae9-930a-ea95-f2ed-8dd909cf5e7d" testName="MIVET.BE.Tests.Repositorio.CitaRepositoryTests.VeterinarioExisteAsync_VeterinarioActivo_RetornaTrue" computerName="KARASU" duration="00:00:00.0101692" startTime="2025-07-20T14:50:11.1684931-05:00" endTime="2025-07-20T14:50:11.1684934-05:00" testType="13cdc9d9-ddb5-4fa4-a97d-d965ccfc6d4b" outcome="Passed" testListId="8c84fa94-04c1-424b-9868-57a2d4851a1d" relativeResultsDirectory="01f0a66d-7323-47b9-832d-dc57207d771a" />
    <UnitTestResult executionId="1c96f233-27cf-475c-a876-7381922d4b1a" testId="4db542b2-f4d0-b238-1c1b-c6d917add69e" testName="MIVET.BE.Tests.Repositorio.MascotaDALTests.InsertAsync_EdadLimites_InsertaCorrectamente(edad: 0)" computerName="KARASU" duration="00:00:00.0016100" startTime="2025-07-20T14:50:10.9420186-05:00" endTime="2025-07-20T14:50:10.9420187-05:00" testType="13cdc9d9-ddb5-4fa4-a97d-d965ccfc6d4b" outcome="Passed" testListId="8c84fa94-04c1-424b-9868-57a2d4851a1d" relativeResultsDirectory="1c96f233-27cf-475c-a876-7381922d4b1a" />
    <UnitTestResult executionId="af2e2031-2506-4592-8138-ecb8a2f6bcaa" testId="619e7b35-451e-8000-9de6-7025c5432400" testName="MIVET.BE.Tests.Controllers.CitaControllerTests.Crear_TiposCitaValidos_RetornaCreated(tipoCita: Vacunacion)" computerName="KARASU" duration="00:00:00.0002241" startTime="2025-07-20T14:50:08.5946980-05:00" endTime="2025-07-20T14:50:08.5946981-05:00" testType="13cdc9d9-ddb5-4fa4-a97d-d965ccfc6d4b" outcome="Passed" testListId="8c84fa94-04c1-424b-9868-57a2d4851a1d" relativeResultsDirectory="af2e2031-2506-4592-8138-ecb8a2f6bcaa" />
    <UnitTestResult executionId="df2849e0-e5e2-4ec1-95c5-2a9f7ed71241" testId="d28f6dfc-d2d5-b641-46f0-cd444be37dc8" testName="MIVET.BE.Tests.Hilos.Completos.Continuacion.CitaServiceEdgeCasesTests.CP057_ReprogramarMismoHorario_OperacionIdempotente_SinCambios" computerName="KARASU" duration="00:00:00.0673108" startTime="2025-07-20T14:50:10.4775056-05:00" endTime="2025-07-20T14:50:10.4775059-05:00" testType="13cdc9d9-ddb5-4fa4-a97d-d965ccfc6d4b" outcome="Passed" testListId="8c84fa94-04c1-424b-9868-57a2d4851a1d" relativeResultsDirectory="df2849e0-e5e2-4ec1-95c5-2a9f7ed71241">
      <Output>
        <StdOut>\ud83d\udd27 Configurando datos de prueba COMPLETOS...&#xD;
✅ DATOS CONFIGURADOS:&#xD;
   - 2 clientes&#xD;
   - 2 veterinarios&#xD;
   - 60 mascotas&#xD;
   - 12 horarios veterinarios&#xD;
\ud83c\udfaf Sistema listo para pruebas CONCURRENTES&#xD;
✅ CP057 EXITOSO: Reprogramación idempotente completada sin cambios</StdOut>
      </Output>
    </UnitTestResult>
    <UnitTestResult executionId="5b87fbb6-d5dd-4f42-a546-21dbac6f36c9" testId="1b10e543-499e-3265-60e4-04d1895448ea" testName="MIVET.BE.Tests.Repositorio.CitaRepositoryTests.ValidarDisponibilidadVeterinarioAsync_ConConflicto_RetornaFalse" computerName="KARASU" duration="00:00:00.0030235" startTime="2025-07-20T14:50:11.2170547-05:00" endTime="2025-07-20T14:50:11.2170549-05:00" testType="13cdc9d9-ddb5-4fa4-a97d-d965ccfc6d4b" outcome="Passed" testListId="8c84fa94-04c1-424b-9868-57a2d4851a1d" relativeResultsDirectory="5b87fbb6-d5dd-4f42-a546-21dbac6f36c9" />
    <UnitTestResult executionId="13fdd0a8-85d1-4afc-858d-6be1e3f8cb4f" testId="3293bc08-6290-6301-383a-5144125bad42" testName="MIVET.BE.Tests.Hilos.Completos.CitaServiceFuncionalesTests.CP003_EliminarCita_CitaProgramada_ExitoEliminacion" computerName="KARASU" duration="00:00:00.0267490" startTime="2025-07-20T14:50:10.8445677-05:00" endTime="2025-07-20T14:50:10.8445681-05:00" testType="13cdc9d9-ddb5-4fa4-a97d-d965ccfc6d4b" outcome="Passed" testListId="8c84fa94-04c1-424b-9868-57a2d4851a1d" relativeResultsDirectory="13fdd0a8-85d1-4afc-858d-6be1e3f8cb4f">
      <Output>
        <StdOut>\ud83d\udd27 Configurando datos de prueba COMPLETOS...&#xD;
✅ DATOS CONFIGURADOS:&#xD;
   - 2 clientes&#xD;
   - 2 veterinarios&#xD;
   - 60 mascotas&#xD;
   - 12 horarios veterinarios&#xD;
\ud83c\udfaf Sistema listo para pruebas CONCURRENTES&#xD;
\ud83d\udcc5 Día laboral: 2025-07-21 (Monday)&#xD;
✅ CP003 EXITOSO: Cita 1 eliminada</StdOut>
      </Output>
    </UnitTestResult>
    <UnitTestResult executionId="31cda10f-ef00-494a-9d9a-4835f1a8e140" testId="8e0b6702-f8c0-ba62-dff3-3aaa5e825c61" testName="MIVET.BE.Tests.Hilos.Completos.CitaServiceConsultasTests.CP038_CitasPorVeterinario_AgendaCompleta_OrdenAscendente" computerName="KARASU" duration="00:00:00.0971627" startTime="2025-07-20T14:50:10.7626319-05:00" endTime="2025-07-20T14:50:10.7626321-05:00" testType="13cdc9d9-ddb5-4fa4-a97d-d965ccfc6d4b" outcome="Passed" testListId="8c84fa94-04c1-424b-9868-57a2d4851a1d" relativeResultsDirectory="31cda10f-ef00-494a-9d9a-4835f1a8e140">
      <Output>
        <StdOut>\ud83d\udd27 Configurando datos de prueba COMPLETOS...&#xD;
✅ DATOS CONFIGURADOS:&#xD;
   - 2 clientes&#xD;
   - 2 veterinarios&#xD;
   - 60 mascotas&#xD;
   - 12 horarios veterinarios&#xD;
\ud83c\udfaf Sistema listo para pruebas CONCURRENTES&#xD;
✅ CP038 EXITOSO: 10 citas del veterinario ordenadas ascendente</StdOut>
      </Output>
    </UnitTestResult>
    <UnitTestResult executionId="f7c42a3a-b4e4-46ac-82f3-38d54e581c34" testId="368a554d-bcfe-2bb2-037a-a91b4e7612a4" testName="MIVET.BE.Tests.Controllers.CitaControllerTests.Crear_HoraOcupada_RetornaBadRequest" computerName="KARASU" duration="00:00:00.0017613" startTime="2025-07-20T14:50:08.6226754-05:00" endTime="2025-07-20T14:50:08.6226757-05:00" testType="13cdc9d9-ddb5-4fa4-a97d-d965ccfc6d4b" outcome="Passed" testListId="8c84fa94-04c1-424b-9868-57a2d4851a1d" relativeResultsDirectory="f7c42a3a-b4e4-46ac-82f3-38d54e581c34" />
    <UnitTestResult executionId="29445b54-8b6a-49c2-827c-8485af7fb906" testId="4d201552-f8e5-0ff3-8541-ec02ab0ae1f4" testName="MIVET.BE.Tests.Repositorio.CitaRepositoryTests.VeterinarioTieneHorarioAsync_FueraDeHorario_RetornaFalse" computerName="KARASU" duration="00:00:00.0014539" startTime="2025-07-20T14:50:11.2139849-05:00" endTime="2025-07-20T14:50:11.2139851-05:00" testType="13cdc9d9-ddb5-4fa4-a97d-d965ccfc6d4b" outcome="Passed" testListId="8c84fa94-04c1-424b-9868-57a2d4851a1d" relativeResultsDirectory="29445b54-8b6a-49c2-827c-8485af7fb906" />
    <UnitTestResult executionId="a5318a07-3189-4040-84cb-ce3eb799f46b" testId="61ac564b-d7aa-8a39-f9b9-9473ed0f86ff" testName="MIVET.BE.Tests.Hilos.Finales.CitaServiceAuditoriaTests.CP099_RegistroAuditoria_CreacionCita_CamposCompletos" computerName="KARASU" duration="00:00:00.0395579" startTime="2025-07-20T14:50:10.8045306-05:00" endTime="2025-07-20T14:50:10.8045308-05:00" testType="13cdc9d9-ddb5-4fa4-a97d-d965ccfc6d4b" outcome="Passed" testListId="8c84fa94-04c1-424b-9868-57a2d4851a1d" relativeResultsDirectory="a5318a07-3189-4040-84cb-ce3eb799f46b">
      <Output>
        <StdOut>\ud83d\udd27 Configurando datos de prueba COMPLETOS...&#xD;
✅ DATOS CONFIGURADOS:&#xD;
   - 2 clientes&#xD;
   - 2 veterinarios&#xD;
   - 60 mascotas&#xD;
   - 12 horarios veterinarios&#xD;
\ud83c\udfaf Sistema listo para pruebas CONCURRENTES&#xD;
✅ CP099 EXITOSO: Auditoría completa de creación verificada&#xD;
    Cita ID: 1&#xD;
    Creada por: AUDITOR_USER_001 (Veterinario)&#xD;
    Fecha creación: 2025-07-20 14:50:10&#xD;
    Estado inicial: Programada</StdOut>
      </Output>
    </UnitTestResult>
    <UnitTestResult executionId="c454e179-aa79-4bbd-b0d9-8c915fa04588" testId="cf6ebce1-b2f8-42b2-4f7e-aeef5839da65" testName="MIVET.BE.Tests.Repositorio.CitaRepositoryTests.CrearAsync_DuracionMaxima_CreaCita" computerName="KARASU" duration="00:00:00.0021827" startTime="2025-07-20T14:50:11.1801567-05:00" endTime="2025-07-20T14:50:11.1801570-05:00" testType="13cdc9d9-ddb5-4fa4-a97d-d965ccfc6d4b" outcome="Passed" testListId="8c84fa94-04c1-424b-9868-57a2d4851a1d" relativeResultsDirectory="c454e179-aa79-4bbd-b0d9-8c915fa04588" />
    <UnitTestResult executionId="ec68bf07-68f4-4667-90ec-4feea0053e38" testId="12d1334b-4172-c9b4-314e-0286d104a632" testName="MIVET.BE.Tests.Hilos.Finales.CitaServiceValidacionesTests.CP021_DuracionExcesiva_ErrorValidacion" computerName="KARASU" duration="00:00:00.0367325" startTime="2025-07-20T14:50:10.4802693-05:00" endTime="2025-07-20T14:50:10.4802695-05:00" testType="13cdc9d9-ddb5-4fa4-a97d-d965ccfc6d4b" outcome="Passed" testListId="8c84fa94-04c1-424b-9868-57a2d4851a1d" relativeResultsDirectory="ec68bf07-68f4-4667-90ec-4feea0053e38">
      <Output>
        <StdOut>\ud83d\udd27 Configurando datos de prueba COMPLETOS...&#xD;
✅ DATOS CONFIGURADOS:&#xD;
   - 2 clientes&#xD;
   - 2 veterinarios&#xD;
   - 60 mascotas&#xD;
   - 12 horarios veterinarios&#xD;
\ud83c\udfaf Sistema listo para pruebas CONCURRENTES&#xD;
\ud83d\udcc5 Día laboral: 2025-07-21 (Monday)&#xD;
✅ CP021 EXITOSO: Error duración excesiva detectado</StdOut>
      </Output>
    </UnitTestResult>
    <UnitTestResult executionId="ea3e44d3-0c4d-4e35-b459-fab5e4a6a8e3" testId="aec3679c-f303-ceb0-3d8f-a1520ae65a08" testName="MIVET.BE.Tests.Controllers.MascotaControllersTests.InsertAsync_ClienteNoExiste_RetornaError" computerName="KARASU" duration="00:00:00.0015515" startTime="2025-07-20T14:50:08.6637717-05:00" endTime="2025-07-20T14:50:08.6637719-05:00" testType="13cdc9d9-ddb5-4fa4-a97d-d965ccfc6d4b" outcome="Passed" testListId="8c84fa94-04c1-424b-9868-57a2d4851a1d" relativeResultsDirectory="ea3e44d3-0c4d-4e35-b459-fab5e4a6a8e3" />
    <UnitTestResult executionId="6fb5a992-a144-4ead-86a1-838e88c57d2d" testId="a3e42fef-ef99-5416-d324-eb04fa3ab6cb" testName="MIVET.BE.Tests.Hilos.Finales.CitaServiceValidacionesTests.CP022_HorarioOcupado_ErrorValidacion" computerName="KARASU" duration="00:00:00.0333124" startTime="2025-07-20T14:50:10.4434294-05:00" endTime="2025-07-20T14:50:10.4434296-05:00" testType="13cdc9d9-ddb5-4fa4-a97d-d965ccfc6d4b" outcome="Passed" testListId="8c84fa94-04c1-424b-9868-57a2d4851a1d" relativeResultsDirectory="6fb5a992-a144-4ead-86a1-838e88c57d2d">
      <Output>
        <StdOut>\ud83d\udd27 Configurando datos de prueba COMPLETOS...&#xD;
✅ DATOS CONFIGURADOS:&#xD;
   - 2 clientes&#xD;
   - 2 veterinarios&#xD;
   - 60 mascotas&#xD;
   - 12 horarios veterinarios&#xD;
\ud83c\udfaf Sistema listo para pruebas CONCURRENTES&#xD;
\ud83d\udcc5 Día laboral: 2025-07-21 (Monday)&#xD;
✅ CP022 EXITOSO: Error horario ocupado detectado</StdOut>
      </Output>
    </UnitTestResult>
    <UnitTestResult executionId="018f38b2-63ec-4a89-affa-57248440254f" testId="d87bdcc4-db28-69b7-3698-820d4a4c63c5" testName="MIVET.BE.Tests.Hilos.Completos.CitaServiceConcurrenciaExtremTests.CP089_TimeoutOperaciones_OperacionesLargas_ManejoTimeouts" computerName="KARASU" duration="00:00:00.8528548" startTime="2025-07-20T14:50:11.6409315-05:00" endTime="2025-07-20T14:50:11.6409317-05:00" testType="13cdc9d9-ddb5-4fa4-a97d-d965ccfc6d4b" outcome="Passed" testListId="8c84fa94-04c1-424b-9868-57a2d4851a1d" relativeResultsDirectory="018f38b2-63ec-4a89-affa-57248440254f">
      <Output>
        <StdOut>\ud83d\udd27 Configurando datos de prueba COMPLETOS...&#xD;
✅ DATOS CONFIGURADOS:&#xD;
   - 2 clientes&#xD;
   - 2 veterinarios&#xD;
   - 60 mascotas&#xD;
   - 12 horarios veterinarios&#xD;
\ud83c\udfaf Sistema listo para pruebas CONCURRENTES&#xD;
✅ CP089 EXITOSO: Manejo de timeouts verificado&#xD;
    Operación rápida: EXITOSA en 16ms&#xD;
    Operación lenta: EXITOSA en 822ms</StdOut>
      </Output>
    </UnitTestResult>
    <UnitTestResult executionId="2eec5de4-44ca-4ab8-9c23-b06337b36305" testId="8b7e0459-0064-2fd2-cc82-cfdb2a22ffc9" testName="MIVET.BE.Tests.Controllers.MascotaControllersTests.InsertAsync_GenerosValidos_RetornaOk(genero: &quot;Hembra&quot;)" computerName="KARASU" duration="00:00:00.0003771" startTime="2025-07-20T14:50:08.6604294-05:00" endTime="2025-07-20T14:50:08.6604295-05:00" testType="13cdc9d9-ddb5-4fa4-a97d-d965ccfc6d4b" outcome="Passed" testListId="8c84fa94-04c1-424b-9868-57a2d4851a1d" relativeResultsDirectory="2eec5de4-44ca-4ab8-9c23-b06337b36305" />
    <UnitTestResult executionId="d884866f-a100-4d9c-a4cc-71aff55639e3" testId="e1b9bdd9-c04a-4005-3cbc-614a51d459e2" testName="MIVET.BE.Tests.Controllers.MascotaControllersTests.InsertAsync_EdadNegativa_RetornaError" computerName="KARASU" duration="00:00:00.0015174" startTime="2025-07-20T14:50:08.6655381-05:00" endTime="2025-07-20T14:50:08.6655384-05:00" testType="13cdc9d9-ddb5-4fa4-a97d-d965ccfc6d4b" outcome="Passed" testListId="8c84fa94-04c1-424b-9868-57a2d4851a1d" relativeResultsDirectory="d884866f-a100-4d9c-a4cc-71aff55639e3" />
    <UnitTestResult executionId="71236c7d-b15d-4b2d-8bfd-a80f56dbd44e" testId="5665bf65-2da4-0842-ae0c-ffb5f1f1dc21" testName="MIVET.BE.Tests.Servicio.CitaServiceTests.CrearAsync_DiferencesTiposCitaYDuracion_CreaCitaCorrectamente(tipoCita: Control, duracion: 30)" computerName="KARASU" duration="00:00:00.0023373" startTime="2025-07-20T14:50:08.6325148-05:00" endTime="2025-07-20T14:50:08.6325152-05:00" testType="13cdc9d9-ddb5-4fa4-a97d-d965ccfc6d4b" outcome="Passed" testListId="8c84fa94-04c1-424b-9868-57a2d4851a1d" relativeResultsDirectory="71236c7d-b15d-4b2d-8bfd-a80f56dbd44e" />
    <UnitTestResult executionId="3b5325ae-590c-4156-a191-0f7ae8792670" testId="863c836f-64a8-e9ea-cddb-1d0c9a313814" testName="MIVET.BE.Tests.Repositorio.CitaRepositoryTests.CrearAsync_DuracionMinima_CreaCita" computerName="KARASU" duration="00:00:00.0022041" startTime="2025-07-20T14:50:11.1274193-05:00" endTime="2025-07-20T14:50:11.1274196-05:00" testType="13cdc9d9-ddb5-4fa4-a97d-d965ccfc6d4b" outcome="Passed" testListId="8c84fa94-04c1-424b-9868-57a2d4851a1d" relativeResultsDirectory="3b5325ae-590c-4156-a191-0f7ae8792670" />
    <UnitTestResult executionId="9cb9d477-6396-44b7-9e9e-d91459a320e7" testId="3da2093a-13e0-6f8a-36bd-30d6d0de4735" testName="MIVET.BE.Tests.Controllers.CitaControllerTests.Crear_ModelStateInvalido_RetornaBadRequest" computerName="KARASU" duration="00:00:00.0006789" startTime="2025-07-20T14:50:08.6359301-05:00" endTime="2025-07-20T14:50:08.6359303-05:00" testType="13cdc9d9-ddb5-4fa4-a97d-d965ccfc6d4b" outcome="Passed" testListId="8c84fa94-04c1-424b-9868-57a2d4851a1d" relativeResultsDirectory="9cb9d477-6396-44b7-9e9e-d91459a320e7" />
    <UnitTestResult executionId="6de4eaed-df5a-4824-907d-dd381c99f73b" testId="8f83a023-b916-bc2f-0d50-36142692a58c" testName="MIVET.BE.Tests.Controllers.MascotaControllersTests.InsertAsync_NombreVacio_RetornaError" computerName="KARASU" duration="00:00:00.0021633" startTime="2025-07-20T14:50:08.6961681-05:00" endTime="2025-07-20T14:50:08.6961689-05:00" testType="13cdc9d9-ddb5-4fa4-a97d-d965ccfc6d4b" outcome="Passed" testListId="8c84fa94-04c1-424b-9868-57a2d4851a1d" relativeResultsDirectory="6de4eaed-df5a-4824-907d-dd381c99f73b" />
    <UnitTestResult executionId="62d66872-0ebc-47ef-80d2-a5d547ab2da7" testId="ffe09e01-ab1a-13f5-c702-e7024e8b690d" testName="MIVET.BE.Tests.Controllers.CitaControllerTests.Crear_MascotaInexistente_RetornaBadRequest" computerName="KARASU" duration="00:00:00.0012976" startTime="2025-07-20T14:50:08.6300746-05:00" endTime="2025-07-20T14:50:08.6300747-05:00" testType="13cdc9d9-ddb5-4fa4-a97d-d965ccfc6d4b" outcome="Passed" testListId="8c84fa94-04c1-424b-9868-57a2d4851a1d" relativeResultsDirectory="62d66872-0ebc-47ef-80d2-a5d547ab2da7" />
    <UnitTestResult executionId="a070e70a-ff21-420b-a80b-590128d2c1cc" testId="be153450-7570-5f4a-2ea5-75c553c25fa3" testName="MIVET.BE.Tests.Hilos.Finales.CitaServiceInternacionalizacionTests.CP096_FormatosFecha_DiferentesFormatos_ParseoCorrecto" computerName="KARASU" duration="00:00:00.0097238" startTime="2025-07-20T14:50:10.1609098-05:00" endTime="2025-07-20T14:50:10.1609101-05:00" testType="13cdc9d9-ddb5-4fa4-a97d-d965ccfc6d4b" outcome="Passed" testListId="8c84fa94-04c1-424b-9868-57a2d4851a1d" relativeResultsDirectory="a070e70a-ff21-420b-a80b-590128d2c1cc">
      <Output>
        <StdOut>\ud83d\udd27 Configurando datos de prueba COMPLETOS...&#xD;
✅ DATOS CONFIGURADOS:&#xD;
   - 2 clientes&#xD;
   - 2 veterinarios&#xD;
   - 60 mascotas&#xD;
   - 12 horarios veterinarios&#xD;
\ud83c\udfaf Sistema listo para pruebas CONCURRENTES</StdOut>
      </Output>
    </UnitTestResult>
    <UnitTestResult executionId="f17fe7d4-2ae3-49a9-bcbc-8853f1402cf8" testId="13802d75-566f-7b56-129d-9a01f7b0000f" testName="MIVET.BE.Tests.Controllers.MascotaControllersTests.InsertAsync_DatosValidos_RetornaOk" computerName="KARASU" duration="00:00:00.0010952" startTime="2025-07-20T14:50:08.6938442-05:00" endTime="2025-07-20T14:50:08.6938443-05:00" testType="13cdc9d9-ddb5-4fa4-a97d-d965ccfc6d4b" outcome="Passed" testListId="8c84fa94-04c1-424b-9868-57a2d4851a1d" relativeResultsDirectory="f17fe7d4-2ae3-49a9-bcbc-8853f1402cf8" />
    <UnitTestResult executionId="f5f4bca3-a8ab-4b45-aa2f-f269420cc4b1" testId="aab2a840-f50c-972d-dd0e-86838c51bc22" testName="MIVET.BE.Tests.Repositorio.CitaRepositoryTests.CrearAsync_DiferentesTiposCita_CreaCitaCorrectamente(tipoCita: Normal, duracion: 15)" computerName="KARASU" duration="00:00:00.0021974" startTime="2025-07-20T14:50:11.1087466-05:00" endTime="2025-07-20T14:50:11.1087469-05:00" testType="13cdc9d9-ddb5-4fa4-a97d-d965ccfc6d4b" outcome="Passed" testListId="8c84fa94-04c1-424b-9868-57a2d4851a1d" relativeResultsDirectory="f5f4bca3-a8ab-4b45-aa2f-f269420cc4b1" />
    <UnitTestResult executionId="1140bf7c-302c-4a01-a8bd-c361a9df4eb4" testId="be8a25b0-eabd-bb83-aca3-371d7f13917e" testName="MIVET.BE.Tests.Hilos.Completos.CitaServiceFuncionalesTests.CP004_ObtenerCitaPorId_CitaExistente_DatosCompletos" computerName="KARASU" duration="00:00:00.0415441" startTime="2025-07-20T14:50:10.6042242-05:00" endTime="2025-07-20T14:50:10.6042243-05:00" testType="13cdc9d9-ddb5-4fa4-a97d-d965ccfc6d4b" outcome="Passed" testListId="8c84fa94-04c1-424b-9868-57a2d4851a1d" relativeResultsDirectory="1140bf7c-302c-4a01-a8bd-c361a9df4eb4">
      <Output>
        <StdOut>\ud83d\udd27 Configurando datos de prueba COMPLETOS...&#xD;
✅ DATOS CONFIGURADOS:&#xD;
   - 2 clientes&#xD;
   - 2 veterinarios&#xD;
   - 60 mascotas&#xD;
   - 12 horarios veterinarios&#xD;
\ud83c\udfaf Sistema listo para pruebas CONCURRENTES&#xD;
\ud83d\udcc5 Día laboral: 2025-07-21 (Monday)&#xD;
✅ CP004 EXITOSO: Cita 1 obtenida con datos completos</StdOut>
      </Output>
    </UnitTestResult>
    <UnitTestResult executionId="b9bfc24d-c8c0-44e3-a131-350bdf722935" testId="468bbc87-651e-6dc0-0ac6-d67e1ced1dfc" testName="MIVET.BE.Tests.Repositorio.CitaRepositoryTests.ValidarDisponibilidadVeterinarioAsync_TodoValido_RetornaTrue" computerName="KARASU" duration="00:00:00.0011229" startTime="2025-07-20T14:50:11.1897451-05:00" endTime="2025-07-20T14:50:11.1897453-05:00" testType="13cdc9d9-ddb5-4fa4-a97d-d965ccfc6d4b" outcome="Passed" testListId="8c84fa94-04c1-424b-9868-57a2d4851a1d" relativeResultsDirectory="b9bfc24d-c8c0-44e3-a131-350bdf722935" />
    <UnitTestResult executionId="e134416e-bd05-47df-afd7-5148a3b2df53" testId="6742d8e4-5a1d-3801-1420-cea64e8d7e0d" testName="MIVET.BE.Tests.Repositorio.MascotaDALTests.InsertAsync_EspeciesValidas_InsertaCorrectamente(especie: &quot;Perro&quot;)" computerName="KARASU" duration="00:00:00.0014177" startTime="2025-07-20T14:50:11.0409857-05:00" endTime="2025-07-20T14:50:11.0409859-05:00" testType="13cdc9d9-ddb5-4fa4-a97d-d965ccfc6d4b" outcome="Passed" testListId="8c84fa94-04c1-424b-9868-57a2d4851a1d" relativeResultsDirectory="e134416e-bd05-47df-afd7-5148a3b2df53" />
    <UnitTestResult executionId="e7402a3e-f843-435e-8936-3ebaa36246a3" testId="ebe5864c-ef47-a111-c538-3b9fe3c57542" testName="MIVET.BE.Tests.Controllers.CitaControllerTests.Crear_TiposCitaValidos_RetornaCreated(tipoCita: Control)" computerName="KARASU" duration="00:00:00.0022066" startTime="2025-07-20T14:50:08.5938089-05:00" endTime="2025-07-20T14:50:08.5938092-05:00" testType="13cdc9d9-ddb5-4fa4-a97d-d965ccfc6d4b" outcome="Passed" testListId="8c84fa94-04c1-424b-9868-57a2d4851a1d" relativeResultsDirectory="e7402a3e-f843-435e-8936-3ebaa36246a3" />
    <UnitTestResult executionId="27cde9f8-57fc-4b76-81c7-845e588fd3c8" testId="78520b6c-3670-ef6d-6339-15d69bca192e" testName="MIVET.BE.Tests.Repositorio.CitaRepositoryTests.CrearAsync_CitaEmergencia_PermiteFueraDeHorario" computerName="KARASU" duration="00:00:00.0017462" startTime="2025-07-20T14:50:11.1885683-05:00" endTime="2025-07-20T14:50:11.1885686-05:00" testType="13cdc9d9-ddb5-4fa4-a97d-d965ccfc6d4b" outcome="Passed" testListId="8c84fa94-04c1-424b-9868-57a2d4851a1d" relativeResultsDirectory="27cde9f8-57fc-4b76-81c7-845e588fd3c8" />
    <UnitTestResult executionId="b13e86ee-2a6a-43bd-a3d0-f557c4c140e5" testId="63b2a0f3-e6f8-4cf7-cbd3-cf63e79762f0" testName="MIVET.BE.Tests.Controllers.CitaControllerTests.Crear_FechaMaxima_RetornaCreated" computerName="KARASU" duration="00:00:00.0014230" startTime="2025-07-20T14:50:08.5950477-05:00" endTime="2025-07-20T14:50:08.5950478-05:00" testType="13cdc9d9-ddb5-4fa4-a97d-d965ccfc6d4b" outcome="Passed" testListId="8c84fa94-04c1-424b-9868-57a2d4851a1d" relativeResultsDirectory="b13e86ee-2a6a-43bd-a3d0-f557c4c140e5" />
    <UnitTestResult executionId="bd042386-f5cc-4b62-a423-e5f9ecf8e3cc" testId="4d891ca8-d7d5-ed9e-6ed1-2dd9b54538c0" testName="MIVET.BE.Tests.Repositorio.CitaRepositoryTests.CrearAsync_DatosValidos_CreaCitaCorrectamente" computerName="KARASU" duration="00:00:00.0021581" startTime="2025-07-20T14:50:11.1919773-05:00" endTime="2025-07-20T14:50:11.1919776-05:00" testType="13cdc9d9-ddb5-4fa4-a97d-d965ccfc6d4b" outcome="Passed" testListId="8c84fa94-04c1-424b-9868-57a2d4851a1d" relativeResultsDirectory="bd042386-f5cc-4b62-a423-e5f9ecf8e3cc" />
    <UnitTestResult executionId="026ce09b-871c-47fe-86d4-87bf1da4c545" testId="9f7f2a02-0d11-c8c8-a483-37eee3000416" testName="MIVET.BE.Tests.Servicio.MascotaBLLTests.InsertAsync_GenerosValidos_LlamaDAL(genero: &quot;Macho&quot;)" computerName="KARASU" duration="00:00:00.0011054" startTime="2025-07-20T14:50:10.7088826-05:00" endTime="2025-07-20T14:50:10.7088828-05:00" testType="13cdc9d9-ddb5-4fa4-a97d-d965ccfc6d4b" outcome="Passed" testListId="8c84fa94-04c1-424b-9868-57a2d4851a1d" relativeResultsDirectory="026ce09b-871c-47fe-86d4-87bf1da4c545" />
    <UnitTestResult executionId="e8fa9ef3-84d0-4547-b68f-6f7c011bbb7f" testId="0e03c20e-6ed1-f4d4-d441-afca5752c61e" testName="MIVET.BE.Tests.Repositorio.CitaRepositoryTests.CrearAsync_VerificaRelacionConMascota" computerName="KARASU" duration="00:00:00.0161223" startTime="2025-07-20T14:50:11.1542677-05:00" endTime="2025-07-20T14:50:11.1542681-05:00" testType="13cdc9d9-ddb5-4fa4-a97d-d965ccfc6d4b" outcome="Passed" testListId="8c84fa94-04c1-424b-9868-57a2d4851a1d" relativeResultsDirectory="e8fa9ef3-84d0-4547-b68f-6f7c011bbb7f" />
    <UnitTestResult executionId="e3a33f07-ff78-41b6-bd33-d00bad37de0e" testId="9488f44f-df3b-6b0a-7afe-fb09b4e05bba" testName="MIVET.BE.Tests.Hilos.Completos.CitaServiceIntegridadTests.CP061_IntegridadReferencial_MascotaConCitas_ProteccionFK" computerName="KARASU" duration="00:00:00.0287119" startTime="2025-07-20T14:50:10.7803963-05:00" endTime="2025-07-20T14:50:10.7803965-05:00" testType="13cdc9d9-ddb5-4fa4-a97d-d965ccfc6d4b" outcome="Passed" testListId="8c84fa94-04c1-424b-9868-57a2d4851a1d" relativeResultsDirectory="e3a33f07-ff78-41b6-bd33-d00bad37de0e">
      <Output>
        <StdOut>\ud83d\udd27 Configurando datos de prueba COMPLETOS...&#xD;
✅ DATOS CONFIGURADOS:&#xD;
   - 2 clientes&#xD;
   - 2 veterinarios&#xD;
   - 60 mascotas&#xD;
   - 12 horarios veterinarios&#xD;
\ud83c\udfaf Sistema listo para pruebas CONCURRENTES&#xD;
✅ CP061 EXITOSO: Integridad referencial verificada - 1 citas protegidas</StdOut>
      </Output>
    </UnitTestResult>
    <UnitTestResult executionId="5d9f1d9f-7f58-4101-9c91-425a69f9062f" testId="b660b633-62d5-38e2-3db3-387ab20c5cca" testName="MIVET.BE.Tests.Controllers.CitaControllerTests.Crear_TiposCitaValidos_RetornaCreated(tipoCita: Normal)" computerName="KARASU" duration="00:00:00.0002234" startTime="2025-07-20T14:50:08.5945838-05:00" endTime="2025-07-20T14:50:08.5945839-05:00" testType="13cdc9d9-ddb5-4fa4-a97d-d965ccfc6d4b" outcome="Passed" testListId="8c84fa94-04c1-424b-9868-57a2d4851a1d" relativeResultsDirectory="5d9f1d9f-7f58-4101-9c91-425a69f9062f" />
    <UnitTestResult executionId="6317afff-34aa-43a8-bce5-3174a01264b6" testId="76163902-6fdf-addd-efaa-8f180297e71b" testName="MIVET.BE.Tests.Repositorio.CitaRepositoryTests.CrearAsync_DiferentesTiposCita_CreaCitaCorrectamente(tipoCita: Operacion, duracion: 120)" computerName="KARASU" duration="00:00:00.0150580" startTime="2025-07-20T14:50:11.1040124-05:00" endTime="2025-07-20T14:50:11.1040127-05:00" testType="13cdc9d9-ddb5-4fa4-a97d-d965ccfc6d4b" outcome="Passed" testListId="8c84fa94-04c1-424b-9868-57a2d4851a1d" relativeResultsDirectory="6317afff-34aa-43a8-bce5-3174a01264b6" />
    <UnitTestResult executionId="b8885079-0a59-47c5-9fcd-92a30d7fb4c9" testId="9cdecd8c-ab38-6700-d7f3-66c6acd10e0d" testName="MIVET.BE.Tests.Hilos.Finales.CitaServiceValidacionesTests.CP019_FueraHorarioLaboral_ErrorValidacion" computerName="KARASU" duration="00:00:00.0198709" startTime="2025-07-20T14:50:10.3666266-05:00" endTime="2025-07-20T14:50:10.3666269-05:00" testType="13cdc9d9-ddb5-4fa4-a97d-d965ccfc6d4b" outcome="Passed" testListId="8c84fa94-04c1-424b-9868-57a2d4851a1d" relativeResultsDirectory="b8885079-0a59-47c5-9fcd-92a30d7fb4c9">
      <Output>
        <StdOut>\ud83d\udd27 Configurando datos de prueba COMPLETOS...&#xD;
✅ DATOS CONFIGURADOS:&#xD;
   - 2 clientes&#xD;
   - 2 veterinarios&#xD;
   - 60 mascotas&#xD;
   - 12 horarios veterinarios&#xD;
\ud83c\udfaf Sistema listo para pruebas CONCURRENTES&#xD;
\ud83d\udcc5 Día laboral: 2025-07-21 (Monday)&#xD;
✅ CP019 EXITOSO: Error fuera horario laboral detectado</StdOut>
      </Output>
    </UnitTestResult>
    <UnitTestResult executionId="c76289d2-58a8-4460-bd55-603ef762810a" testId="8951edb8-4085-0af1-bbca-abd37b1dba19" testName="MIVET.BE.Tests.Repositorio.MascotaDALTests.InsertAsync_NombreMaximo_InsertaCorrectamente" computerName="KARASU" duration="00:00:00.0106600" startTime="2025-07-20T14:50:11.0292608-05:00" endTime="2025-07-20T14:50:11.0292611-05:00" testType="13cdc9d9-ddb5-4fa4-a97d-d965ccfc6d4b" outcome="Passed" testListId="8c84fa94-04c1-424b-9868-57a2d4851a1d" relativeResultsDirectory="c76289d2-58a8-4460-bd55-603ef762810a" />
    <UnitTestResult executionId="cf6b2add-5e86-496d-b09c-7da609f42de8" testId="2aaa046b-9ee7-04a6-b0fd-587d180affbe" testName="MIVET.BE.Tests.Hilos.Finales.CitaServiceEstadosTests.CP028_CancelarCitaCompletada_ErrorTransicion" computerName="KARASU" duration="00:00:00.0419360" startTime="2025-07-20T14:50:10.6102856-05:00" endTime="2025-07-20T14:50:10.6102857-05:00" testType="13cdc9d9-ddb5-4fa4-a97d-d965ccfc6d4b" outcome="Passed" testListId="8c84fa94-04c1-424b-9868-57a2d4851a1d" relativeResultsDirectory="cf6b2add-5e86-496d-b09c-7da609f42de8">
      <Output>
        <StdOut>\ud83d\udd27 Configurando datos de prueba COMPLETOS...&#xD;
✅ DATOS CONFIGURADOS:&#xD;
   - 2 clientes&#xD;
   - 2 veterinarios&#xD;
   - 60 mascotas&#xD;
   - 12 horarios veterinarios&#xD;
\ud83c\udfaf Sistema listo para pruebas CONCURRENTES&#xD;
\ud83d\udcc5 Día laboral: 2025-07-21 (Monday)&#xD;
✅ CP028 EXITOSO: Error cancelar cita completada detectado</StdOut>
      </Output>
    </UnitTestResult>
    <UnitTestResult executionId="f90e8469-d5bf-4423-8111-1c722aec3d16" testId="f651c0ef-ad6f-81bc-1f32-56370b57ffe0" testName="MIVET.BE.Tests.Controllers.MascotaControllersTests.InsertAsync_EspecieVacia_RetornaError" computerName="KARASU" duration="00:00:00.0022927" startTime="2025-07-20T14:50:08.6827611-05:00" endTime="2025-07-20T14:50:08.6827617-05:00" testType="13cdc9d9-ddb5-4fa4-a97d-d965ccfc6d4b" outcome="Passed" testListId="8c84fa94-04c1-424b-9868-57a2d4851a1d" relativeResultsDirectory="f90e8469-d5bf-4423-8111-1c722aec3d16" />
    <UnitTestResult executionId="4fe79370-44f1-4eb0-b0a7-43e5000867c1" testId="fa163575-b5a7-ab29-0d02-0fb2f419e089" testName="MIVET.BE.Tests.Controllers.CitaControllerTests.Crear_FechaInvalida_RetornaBadRequest" computerName="KARASU" duration="00:00:00.0017326" startTime="2025-07-20T14:50:08.5949021-05:00" endTime="2025-07-20T14:50:08.5949022-05:00" testType="13cdc9d9-ddb5-4fa4-a97d-d965ccfc6d4b" outcome="Passed" testListId="8c84fa94-04c1-424b-9868-57a2d4851a1d" relativeResultsDirectory="4fe79370-44f1-4eb0-b0a7-43e5000867c1" />
    <UnitTestResult executionId="ae2b41a2-ab73-4306-8ce9-4c2c2525637c" testId="f7ee7981-d44d-1f96-82ed-9f431e4f149d" testName="MIVET.BE.Tests.Repositorio.CitaRepositoryTests.ValidarDisponibilidadVeterinarioAsync_SinHorario_RetornaFalse" computerName="KARASU" duration="00:00:00.0044190" startTime="2025-07-20T14:50:11.1251332-05:00" endTime="2025-07-20T14:50:11.1251335-05:00" testType="13cdc9d9-ddb5-4fa4-a97d-d965ccfc6d4b" outcome="Passed" testListId="8c84fa94-04c1-424b-9868-57a2d4851a1d" relativeResultsDirectory="ae2b41a2-ab73-4306-8ce9-4c2c2525637c" />
    <UnitTestResult executionId="8f223aec-d855-4398-8040-682f0cd86f3d" testId="b9936e27-e4e8-1e37-f7b9-20b02eb832a0" testName="MIVET.BE.Tests.Repositorio.MascotaDALTests.InsertAsync_EspeciesValidas_InsertaCorrectamente(especie: &quot;Ave&quot;)" computerName="KARASU" duration="00:00:00.0050112" startTime="2025-07-20T14:50:11.0461237-05:00" endTime="2025-07-20T14:50:11.0461239-05:00" testType="13cdc9d9-ddb5-4fa4-a97d-d965ccfc6d4b" outcome="Passed" testListId="8c84fa94-04c1-424b-9868-57a2d4851a1d" relativeResultsDirectory="8f223aec-d855-4398-8040-682f0cd86f3d" />
    <UnitTestResult executionId="a0074911-8af4-43a7-acf4-7e43c59dcb7e" testId="9e54605b-b18d-3baa-1fea-20c4bbf66994" testName="MIVET.BE.Tests.Servicio.CitaServiceTests.CrearAsync_MascotaInactiva_LanzaInvalidOperationException" computerName="KARASU" duration="00:00:00.0018141" startTime="2025-07-20T14:50:08.6628925-05:00" endTime="2025-07-20T14:50:08.6628927-05:00" testType="13cdc9d9-ddb5-4fa4-a97d-d965ccfc6d4b" outcome="Passed" testListId="8c84fa94-04c1-424b-9868-57a2d4851a1d" relativeResultsDirectory="a0074911-8af4-43a7-acf4-7e43c59dcb7e" />
    <UnitTestResult executionId="43df06bd-e6eb-4d2f-ad45-9d99a051772d" testId="b07e2dad-63f0-c9f2-4b08-9344a73c0097" testName="MIVET.BE.Tests.Hilos.Completos.CitaServiceConcurrenciaTests.CP010_IntegridadTransaccional_50Usuarios_SinCorrupcion" computerName="KARASU" duration="00:00:00.0600864" startTime="2025-07-20T14:50:10.9752673-05:00" endTime="2025-07-20T14:50:10.9752675-05:00" testType="13cdc9d9-ddb5-4fa4-a97d-d965ccfc6d4b" outcome="Passed" testListId="8c84fa94-04c1-424b-9868-57a2d4851a1d" relativeResultsDirectory="43df06bd-e6eb-4d2f-ad45-9d99a051772d">
      <Output>
        <StdOut>\ud83d\udd27 Configurando datos de prueba COMPLETOS...&#xD;
✅ DATOS CONFIGURADOS:&#xD;
   - 2 clientes&#xD;
   - 2 veterinarios&#xD;
   - 60 mascotas&#xD;
   - 12 horarios veterinarios&#xD;
\ud83c\udfaf Sistema listo para pruebas CONCURRENTES&#xD;
\ud83d\udcc5 Día laboral: 2025-07-21 (Monday)&#xD;
✅ CP010 EXITOSO: 29/30 citas creadas, BD íntegra con 29 registros</StdOut>
      </Output>
    </UnitTestResult>
    <UnitTestResult executionId="53197136-9b84-401f-8f67-a6a2e4c9211d" testId="05df2f07-c516-9759-8e98-19d1d52f0f8b" testName="MIVET.BE.Tests.Repositorio.MascotaDALTests.InsertAsync_EspeciesValidas_InsertaCorrectamente(especie: &quot;Otro&quot;)" computerName="KARASU" duration="00:00:00.0024683" startTime="2025-07-20T14:50:11.0375940-05:00" endTime="2025-07-20T14:50:11.0375944-05:00" testType="13cdc9d9-ddb5-4fa4-a97d-d965ccfc6d4b" outcome="Passed" testListId="8c84fa94-04c1-424b-9868-57a2d4851a1d" relativeResultsDirectory="53197136-9b84-401f-8f67-a6a2e4c9211d" />
    <UnitTestResult executionId="21696474-9b3a-4b35-93af-16876daa1058" testId="86fdc7b5-fbf8-9f21-99d7-1bb172770499" testName="MIVET.BE.Tests.Repositorio.MascotaDALTests.InsertAsync_DbUpdateException_LanzaExceptionPersonalizada" computerName="KARASU" duration="00:00:00.0021922" startTime="2025-07-20T14:50:10.9968169-05:00" endTime="2025-07-20T14:50:10.9968174-05:00" testType="13cdc9d9-ddb5-4fa4-a97d-d965ccfc6d4b" outcome="Passed" testListId="8c84fa94-04c1-424b-9868-57a2d4851a1d" relativeResultsDirectory="21696474-9b3a-4b35-93af-16876daa1058" />
    <UnitTestResult executionId="7636366e-b876-4c3b-8a61-b2f31813de55" testId="521e2bd8-0df0-7f8e-8119-a1f1d516cfd8" testName="MIVET.BE.Tests.Hilos.Completos.Continuacion.CitaServiceEdgeCasesTests.CP052_DuracionMinima_15Minutos_AceptacionCorrecta" computerName="KARASU" duration="00:00:00.0339885" startTime="2025-07-20T14:50:10.5280813-05:00" endTime="2025-07-20T14:50:10.5280816-05:00" testType="13cdc9d9-ddb5-4fa4-a97d-d965ccfc6d4b" outcome="Passed" testListId="8c84fa94-04c1-424b-9868-57a2d4851a1d" relativeResultsDirectory="7636366e-b876-4c3b-8a61-b2f31813de55">
      <Output>
        <StdOut>\ud83d\udd27 Configurando datos de prueba COMPLETOS...&#xD;
✅ DATOS CONFIGURADOS:&#xD;
   - 2 clientes&#xD;
   - 2 veterinarios&#xD;
   - 60 mascotas&#xD;
   - 12 horarios veterinarios&#xD;
\ud83c\udfaf Sistema listo para pruebas CONCURRENTES&#xD;
✅ CP052 EXITOSO: Duración mínima 15 minutos aceptada</StdOut>
      </Output>
    </UnitTestResult>
    <UnitTestResult executionId="54df7155-46cf-45d2-98ca-7fb715775cf5" testId="13496e2e-0ed2-4c31-b839-5af403901ed6" testName="MIVET.BE.Tests.Hilos.Completos.CitaServiceConcurrenciaTests.CP011_ActualizacionConcurrente_MismaCita_ControlOptimista" computerName="KARASU" duration="00:00:00.1378732" startTime="2025-07-20T14:50:10.9007482-05:00" endTime="2025-07-20T14:50:10.9007484-05:00" testType="13cdc9d9-ddb5-4fa4-a97d-d965ccfc6d4b" outcome="Passed" testListId="8c84fa94-04c1-424b-9868-57a2d4851a1d" relativeResultsDirectory="54df7155-46cf-45d2-98ca-7fb715775cf5">
      <Output>
        <StdOut>\ud83d\udd27 Configurando datos de prueba COMPLETOS...&#xD;
✅ DATOS CONFIGURADOS:&#xD;
   - 2 clientes&#xD;
   - 2 veterinarios&#xD;
   - 60 mascotas&#xD;
   - 12 horarios veterinarios&#xD;
\ud83c\udfaf Sistema listo para pruebas CONCURRENTES&#xD;
\ud83d\udcc5 Día laboral: 2025-07-21 (Monday)&#xD;
✅ CP011 EXITOSO: 3/3 actualizaciones exitosas - Control optimista funcionando</StdOut>
      </Output>
    </UnitTestResult>
    <UnitTestResult executionId="a7adc230-91cd-45c4-ac6c-dcc37bfec228" testId="2060fd49-9cd9-1b94-b74b-d1d484d94da1" testName="MIVET.BE.Tests.Hilos.Finales.CitaServiceValidacionesTests.CP015_VeterinarioInactivo_ErrorValidacion" computerName="KARASU" duration="00:00:00.0266462" startTime="2025-07-20T14:50:10.5070377-05:00" endTime="2025-07-20T14:50:10.5070379-05:00" testType="13cdc9d9-ddb5-4fa4-a97d-d965ccfc6d4b" outcome="Passed" testListId="8c84fa94-04c1-424b-9868-57a2d4851a1d" relativeResultsDirectory="a7adc230-91cd-45c4-ac6c-dcc37bfec228">
      <Output>
        <StdOut>\ud83d\udd27 Configurando datos de prueba COMPLETOS...&#xD;
✅ DATOS CONFIGURADOS:&#xD;
   - 2 clientes&#xD;
   - 2 veterinarios&#xD;
   - 60 mascotas&#xD;
   - 12 horarios veterinarios&#xD;
\ud83c\udfaf Sistema listo para pruebas CONCURRENTES&#xD;
\ud83d\udcc5 Día laboral: 2025-07-21 (Monday)&#xD;
✅ CP015 EXITOSO: Error veterinario inactivo detectado</StdOut>
      </Output>
    </UnitTestResult>
    <UnitTestResult executionId="b6b604ea-39d4-4dfa-a36d-692369a17468" testId="bff36ce7-2277-1586-aa67-2227ed0b5c49" testName="MIVET.BE.Tests.Hilos.Completos.CitaServiceTiposEspecialesTests.CP068_CitaEmergencia_DuracionExtendida_120Minutos" computerName="KARASU" duration="00:00:00.0248662" startTime="2025-07-20T14:50:10.7647166-05:00" endTime="2025-07-20T14:50:10.7647170-05:00" testType="13cdc9d9-ddb5-4fa4-a97d-d965ccfc6d4b" outcome="Passed" testListId="8c84fa94-04c1-424b-9868-57a2d4851a1d" relativeResultsDirectory="b6b604ea-39d4-4dfa-a36d-692369a17468">
      <Output>
        <StdOut>\ud83d\udd27 Configurando datos de prueba COMPLETOS...&#xD;
✅ DATOS CONFIGURADOS:&#xD;
   - 2 clientes&#xD;
   - 2 veterinarios&#xD;
   - 60 mascotas&#xD;
   - 12 horarios veterinarios&#xD;
\ud83c\udfaf Sistema listo para pruebas CONCURRENTES&#xD;
✅ CP068 EXITOSO: Cita de emergencia creada con duración de 120 minutos</StdOut>
      </Output>
    </UnitTestResult>
    <UnitTestResult executionId="46129f5b-b7f1-4b3a-b7e5-2dfe0ceeffa0" testId="a383519a-6ef1-5e4c-22c6-216a5b4c6f53" testName="MIVET.BE.Tests.Hilos.Completos.CitaServiceValidacionesComplejas.CP094_ClienteExcedeLimite_CitasMensuales_ControlLimites" computerName="KARASU" duration="00:00:00.0559557" startTime="2025-07-20T14:50:10.1511061-05:00" endTime="2025-07-20T14:50:10.1511062-05:00" testType="13cdc9d9-ddb5-4fa4-a97d-d965ccfc6d4b" outcome="Passed" testListId="8c84fa94-04c1-424b-9868-57a2d4851a1d" relativeResultsDirectory="46129f5b-b7f1-4b3a-b7e5-2dfe0ceeffa0">
      <Output>
        <StdOut>\ud83d\udd27 Configurando datos de prueba COMPLETOS...&#xD;
✅ DATOS CONFIGURADOS:&#xD;
   - 2 clientes&#xD;
   - 2 veterinarios&#xD;
   - 60 mascotas&#xD;
   - 12 horarios veterinarios&#xD;
\ud83c\udfaf Sistema listo para pruebas CONCURRENTES</StdOut>
      </Output>
    </UnitTestResult>
    <UnitTestResult executionId="6b74aa8e-26c7-4c5e-a47d-a73e5b409acf" testId="02ff1565-5461-1301-7090-c9d2175688cf" testName="MIVET.BE.Tests.Servicio.CitaServiceTests.CrearAsync_DuracionInvalida_LanzaInvalidOperationException(duracion: 37)" computerName="KARASU" duration="00:00:00.0021810" startTime="2025-07-20T14:50:08.5968489-05:00" endTime="2025-07-20T14:50:08.5968493-05:00" testType="13cdc9d9-ddb5-4fa4-a97d-d965ccfc6d4b" outcome="Passed" testListId="8c84fa94-04c1-424b-9868-57a2d4851a1d" relativeResultsDirectory="6b74aa8e-26c7-4c5e-a47d-a73e5b409acf" />
    <UnitTestResult executionId="ac1d6a59-fa79-4853-9772-b89e666fb531" testId="77b40036-956a-a3af-fc98-3b38b7d816f1" testName="MIVET.BE.Tests.Hilos.Finales.CitaServiceValidacionesTests.CP018_FinDeSemana_SinConfiguracion_ErrorValidacion" computerName="KARASU" duration="00:00:00.0140734" startTime="2025-07-20T14:50:10.3826550-05:00" endTime="2025-07-20T14:50:10.3826552-05:00" testType="13cdc9d9-ddb5-4fa4-a97d-d965ccfc6d4b" outcome="Passed" testListId="8c84fa94-04c1-424b-9868-57a2d4851a1d" relativeResultsDirectory="ac1d6a59-fa79-4853-9772-b89e666fb531">
      <Output>
        <StdOut>\ud83d\udd27 Configurando datos de prueba COMPLETOS...&#xD;
✅ DATOS CONFIGURADOS:&#xD;
   - 2 clientes&#xD;
   - 2 veterinarios&#xD;
   - 60 mascotas&#xD;
   - 12 horarios veterinarios&#xD;
\ud83c\udfaf Sistema listo para pruebas CONCURRENTES&#xD;
✅ CP018 EXITOSO: Error fin de semana sin horario detectado</StdOut>
      </Output>
    </UnitTestResult>
    <UnitTestResult executionId="c069965e-382d-406c-9c8a-cea9c2e82e1e" testId="7ff3fa0c-c2c4-3f64-abac-55005b6e1875" testName="MIVET.BE.Tests.Controllers.MascotaControllersTests.InsertAsync_EspeciesValidas_RetornaOk(especie: &quot;Otro&quot;)" computerName="KARASU" duration="00:00:00.0013513" startTime="2025-07-20T14:50:08.6559745-05:00" endTime="2025-07-20T14:50:08.6559748-05:00" testType="13cdc9d9-ddb5-4fa4-a97d-d965ccfc6d4b" outcome="Passed" testListId="8c84fa94-04c1-424b-9868-57a2d4851a1d" relativeResultsDirectory="c069965e-382d-406c-9c8a-cea9c2e82e1e" />
    <UnitTestResult executionId="ccaf3433-2fdb-4166-bb25-d49cdc10955a" testId="8f55fa64-394f-632f-2d10-219260dee181" testName="MIVET.BE.Tests.Hilos.Completos.CitaServiceDisponibilidadTests.CP031_HorariosCompletos_DiaCompleto_40SlotsDisponibles" computerName="KARASU" duration="00:00:00.1090049" startTime="2025-07-20T14:50:10.5029491-05:00" endTime="2025-07-20T14:50:10.5029493-05:00" testType="13cdc9d9-ddb5-4fa4-a97d-d965ccfc6d4b" outcome="Passed" testListId="8c84fa94-04c1-424b-9868-57a2d4851a1d" relativeResultsDirectory="ccaf3433-2fdb-4166-bb25-d49cdc10955a">
      <Output>
        <StdOut>\ud83d\udd27 Configurando datos de prueba COMPLETOS...&#xD;
✅ DATOS CONFIGURADOS:&#xD;
   - 2 clientes&#xD;
   - 2 veterinarios&#xD;
   - 60 mascotas&#xD;
   - 12 horarios veterinarios&#xD;
\ud83c\udfaf Sistema listo para pruebas CONCURRENTES&#xD;
✅ CP031 EXITOSO: 95 slots disponibles para día completo</StdOut>
      </Output>
    </UnitTestResult>
    <UnitTestResult executionId="f3fc53ce-a55c-404a-896e-31c94d8ed5e5" testId="e0d9e013-a2d2-f859-a96e-939c3b033ac4" testName="MIVET.BE.Tests.Controllers.CitaControllerTests.Crear_TiposCitaValidos_RetornaCreated(tipoCita: Operacion)" computerName="KARASU" duration="00:00:00.0003281" startTime="2025-07-20T14:50:08.5943857-05:00" endTime="2025-07-20T14:50:08.5943860-05:00" testType="13cdc9d9-ddb5-4fa4-a97d-d965ccfc6d4b" outcome="Passed" testListId="8c84fa94-04c1-424b-9868-57a2d4851a1d" relativeResultsDirectory="f3fc53ce-a55c-404a-896e-31c94d8ed5e5" />
    <UnitTestResult executionId="838dc9f0-a4db-4ab4-8005-c1b4a9a23a82" testId="24994c90-9227-ff46-0aa5-13a3c892741d" testName="MIVET.BE.Tests.Controllers.MascotaControllersTests.InsertAsync_EdadLimites_RetornaOk(edad: 0)" computerName="KARASU" duration="00:00:00.0009944" startTime="2025-07-20T14:50:08.6774559-05:00" endTime="2025-07-20T14:50:08.6774562-05:00" testType="13cdc9d9-ddb5-4fa4-a97d-d965ccfc6d4b" outcome="Passed" testListId="8c84fa94-04c1-424b-9868-57a2d4851a1d" relativeResultsDirectory="838dc9f0-a4db-4ab4-8005-c1b4a9a23a82" />
    <UnitTestResult executionId="0ecca974-8e7f-442a-990a-f0a9b0e2fdb4" testId="2f4ce9d4-1493-d2a4-7d9b-cc4828f071ae" testName="MIVET.BE.Tests.Hilos.Completos.CitaServiceConcurrenciaTests.CP007_CincoCitasSolapadas_MultipleHilos_DeteccionSolapamientos" computerName="KARASU" duration="00:00:00.0141751" startTime="2025-07-20T14:50:10.9150491-05:00" endTime="2025-07-20T14:50:10.9150493-05:00" testType="13cdc9d9-ddb5-4fa4-a97d-d965ccfc6d4b" outcome="Passed" testListId="8c84fa94-04c1-424b-9868-57a2d4851a1d" relativeResultsDirectory="0ecca974-8e7f-442a-990a-f0a9b0e2fdb4">
      <Output>
        <StdOut>\ud83d\udd27 Configurando datos de prueba COMPLETOS...&#xD;
✅ DATOS CONFIGURADOS:&#xD;
   - 2 clientes&#xD;
   - 2 veterinarios&#xD;
   - 60 mascotas&#xD;
   - 12 horarios veterinarios&#xD;
\ud83c\udfaf Sistema listo para pruebas CONCURRENTES&#xD;
\ud83d\udcc5 Día laboral: 2025-07-21 (Monday)&#xD;
✅ CP007 EXITOSO: 5 citas exitosas de 5</StdOut>
      </Output>
    </UnitTestResult>
    <UnitTestResult executionId="093ac025-234a-4b51-a826-5895e8a2da88" testId="6091fe75-9014-7e43-bbe5-87adbbeb8f5c" testName="MIVET.BE.Tests.Repositorio.CitaRepositoryTests.MascotaExisteAsync_MascotaInexistente_RetornaFalse" computerName="KARASU" duration="00:00:00.0016172" startTime="2025-07-20T14:50:11.1356629-05:00" endTime="2025-07-20T14:50:11.1356631-05:00" testType="13cdc9d9-ddb5-4fa4-a97d-d965ccfc6d4b" outcome="Passed" testListId="8c84fa94-04c1-424b-9868-57a2d4851a1d" relativeResultsDirectory="093ac025-234a-4b51-a826-5895e8a2da88" />
    <UnitTestResult executionId="1609ee8c-67e5-409d-8311-83be31f69871" testId="305bd791-9783-7528-f5c0-f2d1e9bcc029" testName="MIVET.BE.Tests.Hilos.Finales.CitaServiceEstadosTests.CP026_MarcarNoAsistio_CitaPasada_MarcadoExitoso" computerName="KARASU" duration="00:00:08.0148731" startTime="2025-07-20T14:50:10.3243459-05:00" endTime="2025-07-20T14:50:10.3243464-05:00" testType="13cdc9d9-ddb5-4fa4-a97d-d965ccfc6d4b" outcome="Passed" testListId="8c84fa94-04c1-424b-9868-57a2d4851a1d" relativeResultsDirectory="1609ee8c-67e5-409d-8311-83be31f69871">
      <Output>
        <StdOut>\ud83d\udd27 Configurando datos de prueba COMPLETOS...&#xD;
✅ DATOS CONFIGURADOS:&#xD;
   - 2 clientes&#xD;
   - 2 veterinarios&#xD;
   - 60 mascotas&#xD;
   - 12 horarios veterinarios&#xD;
\ud83c\udfaf Sistema listo para pruebas CONCURRENTES&#xD;
✅ CP026 EXITOSO: Cita 1 marcada como no asistió</StdOut>
      </Output>
    </UnitTestResult>
    <UnitTestResult executionId="86cc42e2-fe00-4909-a55e-5b9e44bd17b1" testId="d906f0c8-532d-bac1-6073-42f74812e203" testName="MIVET.BE.Tests.Hilos.Completos.CitaServiceTiposEspecialesTests.CP071_CitaControl_PostOperatorio_ValidacionesEspeciales" computerName="KARASU" duration="00:00:00.1096198" startTime="2025-07-20T14:50:10.7397262-05:00" endTime="2025-07-20T14:50:10.7397264-05:00" testType="13cdc9d9-ddb5-4fa4-a97d-d965ccfc6d4b" outcome="Passed" testListId="8c84fa94-04c1-424b-9868-57a2d4851a1d" relativeResultsDirectory="86cc42e2-fe00-4909-a55e-5b9e44bd17b1">
      <Output>
        <StdOut>\ud83d\udd27 Configurando datos de prueba COMPLETOS...&#xD;
✅ DATOS CONFIGURADOS:&#xD;
   - 2 clientes&#xD;
   - 2 veterinarios&#xD;
   - 60 mascotas&#xD;
   - 12 horarios veterinarios&#xD;
\ud83c\udfaf Sistema listo para pruebas CONCURRENTES&#xD;
✅ CP071 EXITOSO: Cita de control postoperatorio creada con validaciones especiales</StdOut>
      </Output>
    </UnitTestResult>
    <UnitTestResult executionId="39cffe5e-030a-4b2c-8307-453af84f129d" testId="bcce3dd2-a838-926d-81d2-2fe182620bf6" testName="MIVET.BE.Tests.Hilos.Completos.CitaServiceDisponibilidadTests.CP035_HoraOcupada_VerificacionPuntual_ResultadoFalse" computerName="KARASU" duration="00:00:08.0609723" startTime="2025-07-20T14:50:10.3704155-05:00" endTime="2025-07-20T14:50:10.3704157-05:00" testType="13cdc9d9-ddb5-4fa4-a97d-d965ccfc6d4b" outcome="Passed" testListId="8c84fa94-04c1-424b-9868-57a2d4851a1d" relativeResultsDirectory="39cffe5e-030a-4b2c-8307-453af84f129d">
      <Output>
        <StdOut>\ud83d\udd27 Configurando datos de prueba COMPLETOS...&#xD;
✅ DATOS CONFIGURADOS:&#xD;
   - 2 clientes&#xD;
   - 2 veterinarios&#xD;
   - 60 mascotas&#xD;
   - 12 horarios veterinarios&#xD;
\ud83c\udfaf Sistema listo para pruebas CONCURRENTES&#xD;
✅ CP035 EXITOSO: Hora 14:15 verificada como ocupada (solapamiento)</StdOut>
      </Output>
    </UnitTestResult>
    <UnitTestResult executionId="1c221eeb-59a2-4158-8da1-75bdc602240d" testId="c7f586a3-2375-4071-de35-1132c89cded8" testName="MIVET.BE.Tests.Hilos.Completos.Continuacion.CitaServiceEdgeCasesTests.CP056_ActualizacionParcial_SoloHoraInicio_CambiosSelectivos" computerName="KARASU" duration="00:00:00.0351929" startTime="2025-07-20T14:50:10.6040733-05:00" endTime="2025-07-20T14:50:10.6040734-05:00" testType="13cdc9d9-ddb5-4fa4-a97d-d965ccfc6d4b" outcome="Passed" testListId="8c84fa94-04c1-424b-9868-57a2d4851a1d" relativeResultsDirectory="1c221eeb-59a2-4158-8da1-75bdc602240d">
      <Output>
        <StdOut>\ud83d\udd27 Configurando datos de prueba COMPLETOS...&#xD;
✅ DATOS CONFIGURADOS:&#xD;
   - 2 clientes&#xD;
   - 2 veterinarios&#xD;
   - 60 mascotas&#xD;
   - 12 horarios veterinarios&#xD;
\ud83c\udfaf Sistema listo para pruebas CONCURRENTES&#xD;
✅ CP056 EXITOSO: Actualización parcial solo de hora exitosa</StdOut>
      </Output>
    </UnitTestResult>
    <UnitTestResult executionId="0252a8ef-2cb1-43f9-b568-b183bba1c988" testId="ca05ec19-f254-ed9c-e4d9-ebaf65ad0d33" testName="MIVET.BE.Tests.Controllers.MascotaControllersTests.InsertAsync_NombreMaximo_RetornaOk" computerName="KARASU" duration="00:00:00.0013610" startTime="2025-07-20T14:50:08.6885146-05:00" endTime="2025-07-20T14:50:08.6885149-05:00" testType="13cdc9d9-ddb5-4fa4-a97d-d965ccfc6d4b" outcome="Passed" testListId="8c84fa94-04c1-424b-9868-57a2d4851a1d" relativeResultsDirectory="0252a8ef-2cb1-43f9-b568-b183bba1c988" />
    <UnitTestResult executionId="a89adabe-7341-4899-b8f6-88b186c11d12" testId="4ba02c13-c381-41a4-80eb-327b580e015a" testName="MIVET.BE.Tests.Repositorio.CitaRepositoryTests.CrearAsync_DiferentesTiposCita_CreaCitaCorrectamente(tipoCita: Vacunacion, duracion: 45)" computerName="KARASU" duration="00:00:00.0254332" startTime="2025-07-20T14:50:11.0887597-05:00" endTime="2025-07-20T14:50:11.0887599-05:00" testType="13cdc9d9-ddb5-4fa4-a97d-d965ccfc6d4b" outcome="Passed" testListId="8c84fa94-04c1-424b-9868-57a2d4851a1d" relativeResultsDirectory="a89adabe-7341-4899-b8f6-88b186c11d12" />
    <UnitTestResult executionId="a2499ce3-74d9-47fa-984e-ecd9b5b77304" testId="59bb0170-6cbd-673d-6435-2ee5b849a98e" testName="MIVET.BE.Tests.Hilos.Completos.CitaServiceTiposEspecialesTests.CP070_CitaVacunacion_DuracionCorta_15Minutos" computerName="KARASU" duration="00:00:00.0373229" startTime="2025-07-20T14:50:10.6299642-05:00" endTime="2025-07-20T14:50:10.6299645-05:00" testType="13cdc9d9-ddb5-4fa4-a97d-d965ccfc6d4b" outcome="Passed" testListId="8c84fa94-04c1-424b-9868-57a2d4851a1d" relativeResultsDirectory="a2499ce3-74d9-47fa-984e-ecd9b5b77304">
      <Output>
        <StdOut>\ud83d\udd27 Configurando datos de prueba COMPLETOS...&#xD;
✅ DATOS CONFIGURADOS:&#xD;
   - 2 clientes&#xD;
   - 2 veterinarios&#xD;
   - 60 mascotas&#xD;
   - 12 horarios veterinarios&#xD;
\ud83c\udfaf Sistema listo para pruebas CONCURRENTES&#xD;
✅ CP070 EXITOSO: Cita de vacunación creada con duración mínima de 15 minutos</StdOut>
      </Output>
    </UnitTestResult>
    <UnitTestResult executionId="0148c8bd-fde3-4445-88d4-099d67fecc9f" testId="fa8f411f-8c7a-596e-745c-fc4130ac6acd" testName="MIVET.BE.Tests.Hilos.Finales.CitaServiceRendimientoTests.CP048_BusquedaMasiva_VolumenAlto_IndicesTolerables" computerName="KARASU" duration="00:00:00.1346549" startTime="2025-07-20T14:50:11.1742670-05:00" endTime="2025-07-20T14:50:11.1742673-05:00" testType="13cdc9d9-ddb5-4fa4-a97d-d965ccfc6d4b" outcome="Passed" testListId="8c84fa94-04c1-424b-9868-57a2d4851a1d" relativeResultsDirectory="0148c8bd-fde3-4445-88d4-099d67fecc9f">
      <Output>
        <StdOut>\ud83d\udd27 Configurando datos de prueba COMPLETOS...&#xD;
✅ DATOS CONFIGURADOS:&#xD;
   - 2 clientes&#xD;
   - 2 veterinarios&#xD;
   - 60 mascotas&#xD;
   - 12 horarios veterinarios&#xD;
\ud83c\udfaf Sistema listo para pruebas CONCURRENTES&#xD;
✅ CP048 EXITOSO: 80 resultados de búsqueda 'Max'&#xD;
    Tiempo búsqueda: 68ms&#xD;
    BD con 500 registros</StdOut>
      </Output>
    </UnitTestResult>
    <UnitTestResult executionId="9be54310-05fc-48fa-a820-ac2c9a794a8b" testId="0669528d-698c-fd93-d373-f5394d0588b1" testName="MIVET.BE.Tests.Servicio.CitaServiceTests.CrearAsync_VeterinarioInexistente_LanzaInvalidOperationException" computerName="KARASU" duration="00:00:00.0025948" startTime="2025-07-20T14:50:08.6003560-05:00" endTime="2025-07-20T14:50:08.6003570-05:00" testType="13cdc9d9-ddb5-4fa4-a97d-d965ccfc6d4b" outcome="Passed" testListId="8c84fa94-04c1-424b-9868-57a2d4851a1d" relativeResultsDirectory="9be54310-05fc-48fa-a820-ac2c9a794a8b" />
    <UnitTestResult executionId="99cd57e9-00a5-4787-9133-60113e9b1f51" testId="bd695120-c5ed-8608-dd8b-716acad419df" testName="MIVET.BE.Tests.Controllers.CitaControllerTests.Crear_FechaPasada_RetornaBadRequest" computerName="KARASU" duration="00:00:00.0013364" startTime="2025-07-20T14:50:08.6241357-05:00" endTime="2025-07-20T14:50:08.6241360-05:00" testType="13cdc9d9-ddb5-4fa4-a97d-d965ccfc6d4b" outcome="Passed" testListId="8c84fa94-04c1-424b-9868-57a2d4851a1d" relativeResultsDirectory="99cd57e9-00a5-4787-9133-60113e9b1f51" />
    <UnitTestResult executionId="55d255f9-5abb-4187-8507-f662049bc418" testId="ce5aa31d-1764-42b0-ce1e-9cb7e810c476" testName="MIVET.BE.Tests.Hilos.Completos.CitaServiceConcurrenciaExtremTests.CP088_LockRegistros_ActualizacionesSimultaneas_ControlBloqueos" computerName="KARASU" duration="00:00:00.0192464" startTime="2025-07-20T14:50:11.6603596-05:00" endTime="2025-07-20T14:50:11.6603600-05:00" testType="13cdc9d9-ddb5-4fa4-a97d-d965ccfc6d4b" outcome="Passed" testListId="8c84fa94-04c1-424b-9868-57a2d4851a1d" relativeResultsDirectory="55d255f9-5abb-4187-8507-f662049bc418">
      <Output>
        <StdOut>\ud83d\udd27 Configurando datos de prueba COMPLETOS...&#xD;
✅ DATOS CONFIGURADOS:&#xD;
   - 2 clientes&#xD;
   - 2 veterinarios&#xD;
   - 60 mascotas&#xD;
   - 12 horarios veterinarios&#xD;
\ud83c\udfaf Sistema listo para pruebas CONCURRENTES&#xD;
✅ CP088 EXITOSO: Control de bloqueos verificado&#xD;
    Actualizaciones exitosas: 2/8&#xD;
    Tiempo promedio: 0,9ms&#xD;
    Estado final: Actualización simultánea #7 por thread 10</StdOut>
      </Output>
    </UnitTestResult>
    <UnitTestResult executionId="0de901e8-6e36-4521-8998-cab7c9cc2d1f" testId="d8d086de-1896-b5a0-7144-b84cc9fda316" testName="MIVET.BE.Tests.Controllers.MascotaControllersTests.InsertAsync_EspeciesValidas_RetornaOk(especie: &quot;Gato&quot;)" computerName="KARASU" duration="00:00:00.0003138" startTime="2025-07-20T14:50:08.6563840-05:00" endTime="2025-07-20T14:50:08.6563844-05:00" testType="13cdc9d9-ddb5-4fa4-a97d-d965ccfc6d4b" outcome="Passed" testListId="8c84fa94-04c1-424b-9868-57a2d4851a1d" relativeResultsDirectory="0de901e8-6e36-4521-8998-cab7c9cc2d1f" />
    <UnitTestResult executionId="7b7ec486-06dc-4252-b9e5-4f1f2007d42b" testId="6755f8ef-a5ce-a9ad-b9ec-e8cdfcff5295" testName="MIVET.BE.Tests.Hilos.Completos.CitaServiceDisponibilidadTests.CP036_CalendarioMensual_VistaMensual_DisponibilidadCompleta" computerName="KARASU" duration="00:00:00.0251190" startTime="2025-07-20T14:50:10.5974821-05:00" endTime="2025-07-20T14:50:10.5974823-05:00" testType="13cdc9d9-ddb5-4fa4-a97d-d965ccfc6d4b" outcome="Passed" testListId="8c84fa94-04c1-424b-9868-57a2d4851a1d" relativeResultsDirectory="7b7ec486-06dc-4252-b9e5-4f1f2007d42b">
      <Output>
        <StdOut>\ud83d\udd27 Configurando datos de prueba COMPLETOS...&#xD;
✅ DATOS CONFIGURADOS:&#xD;
   - 2 clientes&#xD;
   - 2 veterinarios&#xD;
   - 60 mascotas&#xD;
   - 12 horarios veterinarios&#xD;
\ud83c\udfaf Sistema listo para pruebas CONCURRENTES&#xD;
✅ CP036 EXITOSO: Calendario 2025-08 con 31 días generado</StdOut>
      </Output>
    </UnitTestResult>
    <UnitTestResult executionId="2491886d-782f-412d-81f8-a186da1ad3c1" testId="59bbcbd6-30f6-93a7-29d1-1ffb92cc631d" testName="MIVET.BE.Tests.Hilos.Completos.CitaServiceIntegridadTests.CP060_CancelacionCompleta_TodosCampos_TransaccionIntegra" computerName="KARASU" duration="00:00:00.0466504" startTime="2025-07-20T14:50:10.7514626-05:00" endTime="2025-07-20T14:50:10.7514628-05:00" testType="13cdc9d9-ddb5-4fa4-a97d-d965ccfc6d4b" outcome="Passed" testListId="8c84fa94-04c1-424b-9868-57a2d4851a1d" relativeResultsDirectory="2491886d-782f-412d-81f8-a186da1ad3c1">
      <Output>
        <StdOut>\ud83d\udd27 Configurando datos de prueba COMPLETOS...&#xD;
✅ DATOS CONFIGURADOS:&#xD;
   - 2 clientes&#xD;
   - 2 veterinarios&#xD;
   - 60 mascotas&#xD;
   - 12 horarios veterinarios&#xD;
\ud83c\udfaf Sistema listo para pruebas CONCURRENTES&#xD;
✅ CP060 EXITOSO: Cancelación completa - todos los campos actualizados</StdOut>
      </Output>
    </UnitTestResult>
    <UnitTestResult executionId="9a241454-8fa6-4700-bac5-3a04f289b9a6" testId="34e368fa-bbf4-4307-6c4f-5d13761f9b3e" testName="MIVET.BE.Tests.Controllers.CitaControllerTests.Crear_TiposCitaValidos_RetornaCreated(tipoCita: Emergencia)" computerName="KARASU" duration="00:00:06.2581945" startTime="2025-07-20T14:50:08.5764103-05:00" endTime="2025-07-20T14:50:08.5764626-05:00" testType="13cdc9d9-ddb5-4fa4-a97d-d965ccfc6d4b" outcome="Passed" testListId="8c84fa94-04c1-424b-9868-57a2d4851a1d" relativeResultsDirectory="9a241454-8fa6-4700-bac5-3a04f289b9a6" />
    <UnitTestResult executionId="08879f09-bdfe-4fd1-aee4-7d55b03a2cc1" testId="52f8f289-1172-30d9-0334-d6d8d5a4fe98" testName="MIVET.BE.Tests.Servicio.MascotaBLLTests.InsertAsync_DatosValidos_RetornaMascotaDTO" computerName="KARASU" duration="00:00:00.0015256" startTime="2025-07-20T14:50:10.7143397-05:00" endTime="2025-07-20T14:50:10.7143399-05:00" testType="13cdc9d9-ddb5-4fa4-a97d-d965ccfc6d4b" outcome="Passed" testListId="8c84fa94-04c1-424b-9868-57a2d4851a1d" relativeResultsDirectory="08879f09-bdfe-4fd1-aee4-7d55b03a2cc1" />
    <UnitTestResult executionId="fa4cd1bf-7b7c-469d-b031-aa61d47be56f" testId="21a191ff-1088-ebb2-1b58-8bbbae00743d" testName="MIVET.BE.Tests.Repositorio.CitaRepositoryTests.MascotaExisteAsync_MascotaInactiva_RetornaFalse" computerName="KARASU" duration="00:00:00.0013604" startTime="2025-07-20T14:50:11.1815455-05:00" endTime="2025-07-20T14:50:11.1815456-05:00" testType="13cdc9d9-ddb5-4fa4-a97d-d965ccfc6d4b" outcome="Passed" testListId="8c84fa94-04c1-424b-9868-57a2d4851a1d" relativeResultsDirectory="fa4cd1bf-7b7c-469d-b031-aa61d47be56f" />
    <UnitTestResult executionId="4e41b529-2862-43fa-a00b-a478ba09a1b4" testId="4e245118-fa6e-3240-7cc3-47d1dec464b1" testName="MIVET.BE.Tests.Controllers.MascotaControllersTests.InsertAsync_RazaMuyLarga_RetornaError" computerName="KARASU" duration="00:00:00.0017033" startTime="2025-07-20T14:50:08.6728740-05:00" endTime="2025-07-20T14:50:08.6728743-05:00" testType="13cdc9d9-ddb5-4fa4-a97d-d965ccfc6d4b" outcome="Passed" testListId="8c84fa94-04c1-424b-9868-57a2d4851a1d" relativeResultsDirectory="4e41b529-2862-43fa-a00b-a478ba09a1b4" />
    <UnitTestResult executionId="c2c4f6ab-c7ba-4397-b447-a3da8e07d821" testId="8bb3b6b4-89df-79ac-1e89-cc40cd006706" testName="MIVET.BE.Tests.Hilos.Completos.CitaServiceIntegridadTests.CP058_RollbackValidacion_ExcepcionDuranteProceso_EstadoOriginal" computerName="KARASU" duration="00:00:00.0122871" startTime="2025-07-20T14:50:10.8374540-05:00" endTime="2025-07-20T14:50:10.8374542-05:00" testType="13cdc9d9-ddb5-4fa4-a97d-d965ccfc6d4b" outcome="Passed" testListId="8c84fa94-04c1-424b-9868-57a2d4851a1d" relativeResultsDirectory="c2c4f6ab-c7ba-4397-b447-a3da8e07d821">
      <Output>
        <StdOut>\ud83d\udd27 Configurando datos de prueba COMPLETOS...&#xD;
✅ DATOS CONFIGURADOS:&#xD;
   - 2 clientes&#xD;
   - 2 veterinarios&#xD;
   - 60 mascotas&#xD;
   - 12 horarios veterinarios&#xD;
\ud83c\udfaf Sistema listo para pruebas CONCURRENTES&#xD;
✅ CP058 EXITOSO: Rollback por validación - BD intacta</StdOut>
      </Output>
    </UnitTestResult>
    <UnitTestResult executionId="71c0c6b9-ceec-4a64-a885-087c3faa4db4" testId="2351860b-f75a-5ef8-c6d1-3170a7040917" testName="MIVET.BE.Tests.Controllers.MascotaControllersTests.InsertAsync_GeneroVacio_RetornaError" computerName="KARASU" duration="00:00:00.0016532" startTime="2025-07-20T14:50:08.6711293-05:00" endTime="2025-07-20T14:50:08.6711294-05:00" testType="13cdc9d9-ddb5-4fa4-a97d-d965ccfc6d4b" outcome="Passed" testListId="8c84fa94-04c1-424b-9868-57a2d4851a1d" relativeResultsDirectory="71c0c6b9-ceec-4a64-a885-087c3faa4db4" />
    <UnitTestResult executionId="fed06f84-bf17-4ee2-b2bf-d512da6f88c7" testId="f58fa25d-73be-4c41-05e6-d22a08509f83" testName="MIVET.BE.Tests.Repositorio.CitaRepositoryTests.ExisteConflictoHorarioAsync_HorarioLibre_RetornaFalse" computerName="KARASU" duration="00:00:00.0022635" startTime="2025-07-20T14:50:11.1379894-05:00" endTime="2025-07-20T14:50:11.1379896-05:00" testType="13cdc9d9-ddb5-4fa4-a97d-d965ccfc6d4b" outcome="Passed" testListId="8c84fa94-04c1-424b-9868-57a2d4851a1d" relativeResultsDirectory="fed06f84-bf17-4ee2-b2bf-d512da6f88c7" />
    <UnitTestResult executionId="0bc46e5b-cffa-468a-a688-84d5f230df4d" testId="f76c1376-dee2-3519-884b-6f251df1bf45" testName="MIVET.BE.Tests.Hilos.Completos.CitaServiceFuncionalesTests.CP005_ObtenerTodasCitas_MultipleCitas_ListaCompleta" computerName="KARASU" duration="00:00:00.1720041" startTime="2025-07-20T14:50:10.7758916-05:00" endTime="2025-07-20T14:50:10.7758917-05:00" testType="13cdc9d9-ddb5-4fa4-a97d-d965ccfc6d4b" outcome="Passed" testListId="8c84fa94-04c1-424b-9868-57a2d4851a1d" relativeResultsDirectory="0bc46e5b-cffa-468a-a688-84d5f230df4d">
      <Output>
        <StdOut>\ud83d\udd27 Configurando datos de prueba COMPLETOS...&#xD;
✅ DATOS CONFIGURADOS:&#xD;
   - 2 clientes&#xD;
   - 2 veterinarios&#xD;
   - 60 mascotas&#xD;
   - 12 horarios veterinarios&#xD;
\ud83c\udfaf Sistema listo para pruebas CONCURRENTES&#xD;
\ud83d\udcc5 Día laboral: 2025-07-21 (Monday)&#xD;
✅ CP005 EXITOSO: 5 citas obtenidas ordenadamente</StdOut>
      </Output>
    </UnitTestResult>
    <UnitTestResult executionId="7f6dc931-40d6-4302-88da-c182810ebbca" testId="aa24de7a-beab-0666-e4cd-de1fbee1b891" testName="MIVET.BE.Tests.Servicio.CitaServiceTests.CrearAsync_DuracionMinima_CreaCitaCorrectamente" computerName="KARASU" duration="00:00:00.0037220" startTime="2025-07-20T14:50:08.6574259-05:00" endTime="2025-07-20T14:50:08.6574261-05:00" testType="13cdc9d9-ddb5-4fa4-a97d-d965ccfc6d4b" outcome="Passed" testListId="8c84fa94-04c1-424b-9868-57a2d4851a1d" relativeResultsDirectory="7f6dc931-40d6-4302-88da-c182810ebbca" />
    <UnitTestResult executionId="592dac81-7493-4642-9dbf-88d0fcf25485" testId="fd9a26a2-efe6-2b7f-3678-5d4ce12b6738" testName="MIVET.BE.Tests.Repositorio.MascotaDALTests.InsertAsync_GenerosValidos_InsertaCorrectamente(genero: &quot;Hembra&quot;)" computerName="KARASU" duration="00:00:00.0202051" startTime="2025-07-20T14:50:10.9314881-05:00" endTime="2025-07-20T14:50:10.9314883-05:00" testType="13cdc9d9-ddb5-4fa4-a97d-d965ccfc6d4b" outcome="Passed" testListId="8c84fa94-04c1-424b-9868-57a2d4851a1d" relativeResultsDirectory="592dac81-7493-4642-9dbf-88d0fcf25485" />
    <UnitTestResult executionId="11e50348-18d5-4bfb-b56d-8f5827500ddd" testId="d60b7864-3627-7f33-7851-1c4625242499" testName="MIVET.BE.Tests.Hilos.Completos.CitaServiceTiposEspecialesTests.CP069_CitaCirugia_DuracionLarga_240Minutos" computerName="KARASU" duration="00:00:00.0287519" startTime="2025-07-20T14:50:10.6039308-05:00" endTime="2025-07-20T14:50:10.6039310-05:00" testType="13cdc9d9-ddb5-4fa4-a97d-d965ccfc6d4b" outcome="Passed" testListId="8c84fa94-04c1-424b-9868-57a2d4851a1d" relativeResultsDirectory="11e50348-18d5-4bfb-b56d-8f5827500ddd">
      <Output>
        <StdOut>\ud83d\udd27 Configurando datos de prueba COMPLETOS...&#xD;
✅ DATOS CONFIGURADOS:&#xD;
   - 2 clientes&#xD;
   - 2 veterinarios&#xD;
   - 60 mascotas&#xD;
   - 12 horarios veterinarios&#xD;
\ud83c\udfaf Sistema listo para pruebas CONCURRENTES&#xD;
✅ CP069 EXITOSO: Cita de cirugía creada con duración de 240 minutos</StdOut>
      </Output>
    </UnitTestResult>
    <UnitTestResult executionId="80c7847a-ae1a-45f0-94d9-fcd819178e71" testId="52972400-84d6-763e-8738-efa929b1985b" testName="MIVET.BE.Tests.Controllers.CitaControllerTests.Crear_ClienteInactivo_RetornaBadRequest" computerName="KARASU" duration="00:00:00.0152967" startTime="2025-07-20T14:50:08.5976564-05:00" endTime="2025-07-20T14:50:08.5976565-05:00" testType="13cdc9d9-ddb5-4fa4-a97d-d965ccfc6d4b" outcome="Passed" testListId="8c84fa94-04c1-424b-9868-57a2d4851a1d" relativeResultsDirectory="80c7847a-ae1a-45f0-94d9-fcd819178e71" />
    <UnitTestResult executionId="91c97bc2-8283-4d98-ae71-f3063a185d68" testId="896d6481-be69-ea1c-8c13-0928d776056e" testName="MIVET.BE.Tests.Hilos.Completos.CitaServiceConcurrenciaTests.CP009_ConflictosHorarios_20Operaciones_DeteccionPrecisa" computerName="KARASU" duration="00:00:00.0234537" startTime="2025-07-20T14:50:11.0582895-05:00" endTime="2025-07-20T14:50:11.0582895-05:00" testType="13cdc9d9-ddb5-4fa4-a97d-d965ccfc6d4b" outcome="Passed" testListId="8c84fa94-04c1-424b-9868-57a2d4851a1d" relativeResultsDirectory="91c97bc2-8283-4d98-ae71-f3063a185d68">
      <Output>
        <StdOut>\ud83d\udd27 Configurando datos de prueba COMPLETOS...&#xD;
✅ DATOS CONFIGURADOS:&#xD;
   - 2 clientes&#xD;
   - 2 veterinarios&#xD;
   - 60 mascotas&#xD;
   - 12 horarios veterinarios&#xD;
\ud83c\udfaf Sistema listo para pruebas CONCURRENTES&#xD;
\ud83d\udcc5 Día laboral: 2025-07-21 (Monday)&#xD;
✅ CP009 EXITOSO: 15 exitosas, 0 conflictos detectados</StdOut>
      </Output>
    </UnitTestResult>
    <UnitTestResult executionId="133e85b7-80a7-45bc-9dbc-5019084a0b04" testId="dfc2cb24-e4c4-2b9a-2179-84be303838e8" testName="MIVET.BE.Tests.Controllers.CitaControllerTests.Crear_HorasFueraLimite_RetornaBadRequest(hora: 7, minuto: 59)" computerName="KARASU" duration="00:00:00.0022117" startTime="2025-07-20T14:50:08.6000361-05:00" endTime="2025-07-20T14:50:08.6000364-05:00" testType="13cdc9d9-ddb5-4fa4-a97d-d965ccfc6d4b" outcome="Passed" testListId="8c84fa94-04c1-424b-9868-57a2d4851a1d" relativeResultsDirectory="133e85b7-80a7-45bc-9dbc-5019084a0b04" />
    <UnitTestResult executionId="1c890b50-1fe3-4c17-bacb-4f115eb90e6e" testId="ee1126a9-353a-6e02-dc19-c8fc36e56a52" testName="MIVET.BE.Tests.Controllers.CitaControllerTests.Crear_HoraFueraDeHorarioLaboral_RetornaBadRequest" computerName="KARASU" duration="00:00:00.0109271" startTime="2025-07-20T14:50:08.6207736-05:00" endTime="2025-07-20T14:50:08.6207742-05:00" testType="13cdc9d9-ddb5-4fa4-a97d-d965ccfc6d4b" outcome="Passed" testListId="8c84fa94-04c1-424b-9868-57a2d4851a1d" relativeResultsDirectory="1c890b50-1fe3-4c17-bacb-4f115eb90e6e" />
    <UnitTestResult executionId="7c474f5a-798e-49de-a093-6d64714c4250" testId="cdeb8298-8604-2fdb-0430-21ec8399e040" testName="MIVET.BE.Tests.Controllers.CitaControllerTests.Crear_VeterinarioInexistente_RetornaBadRequest" computerName="KARASU" duration="00:00:00.0013051" startTime="2025-07-20T14:50:08.6357754-05:00" endTime="2025-07-20T14:50:08.6357756-05:00" testType="13cdc9d9-ddb5-4fa4-a97d-d965ccfc6d4b" outcome="Passed" testListId="8c84fa94-04c1-424b-9868-57a2d4851a1d" relativeResultsDirectory="7c474f5a-798e-49de-a093-6d64714c4250" />
    <UnitTestResult executionId="f30c572f-864f-4e5c-8c3a-916dc7778915" testId="526d53ea-7b38-c014-3ac4-d3b88a354829" testName="MIVET.BE.Tests.Controllers.CitaControllerTests.Crear_HorasFueraLimite_RetornaBadRequest(hora: 18, minuto: 1)" computerName="KARASU" duration="00:00:00.0011034" startTime="2025-07-20T14:50:08.6012463-05:00" endTime="2025-07-20T14:50:08.6012466-05:00" testType="13cdc9d9-ddb5-4fa4-a97d-d965ccfc6d4b" outcome="Passed" testListId="8c84fa94-04c1-424b-9868-57a2d4851a1d" relativeResultsDirectory="f30c572f-864f-4e5c-8c3a-916dc7778915" />
    <UnitTestResult executionId="44800776-da39-4633-9a9b-9cb493c3fcb0" testId="19bf97fd-8f9e-eba6-ce47-81493c6d26ce" testName="MIVET.BE.Tests.Hilos.Completos.CitaServiceConcurrenciaTests.CP006_ConcurrenciaMismoHorario_DosUsuarios_SoloUnaCitaExitosa" computerName="KARASU" duration="00:00:00.0259397" startTime="2025-07-20T14:50:10.7627691-05:00" endTime="2025-07-20T14:50:10.7627691-05:00" testType="13cdc9d9-ddb5-4fa4-a97d-d965ccfc6d4b" outcome="Passed" testListId="8c84fa94-04c1-424b-9868-57a2d4851a1d" relativeResultsDirectory="44800776-da39-4633-9a9b-9cb493c3fcb0">
      <Output>
        <StdOut>\ud83d\udd27 Configurando datos de prueba COMPLETOS...&#xD;
✅ DATOS CONFIGURADOS:&#xD;
   - 2 clientes&#xD;
   - 2 veterinarios&#xD;
   - 60 mascotas&#xD;
   - 12 horarios veterinarios&#xD;
\ud83c\udfaf Sistema listo para pruebas CONCURRENTES&#xD;
\ud83d\udcc5 Día laboral: 2025-07-21 (Monday)&#xD;
✅ CP006 EXITOSO: 2 citas exitosas, 0 rechazadas - Sistema manejó concurrencia</StdOut>
      </Output>
    </UnitTestResult>
    <UnitTestResult executionId="9b03ad55-e937-4100-84fb-54f2f0cfb9be" testId="eef97398-a555-19a1-8406-aefe397d72a7" testName="MIVET.BE.Tests.Controllers.MascotaControllersTests.InsertAsync_EdadMuyAlta_RetornaError" computerName="KARASU" duration="00:00:00.0015656" startTime="2025-07-20T14:50:08.6692333-05:00" endTime="2025-07-20T14:50:08.6692338-05:00" testType="13cdc9d9-ddb5-4fa4-a97d-d965ccfc6d4b" outcome="Passed" testListId="8c84fa94-04c1-424b-9868-57a2d4851a1d" relativeResultsDirectory="9b03ad55-e937-4100-84fb-54f2f0cfb9be" />
    <UnitTestResult executionId="bd39bf45-5cbd-4cc7-b753-c0c3b84361d6" testId="f471f9bb-f6a5-07fb-2b04-993e7717a946" testName="MIVET.BE.Tests.Repositorio.CitaRepositoryTests.CrearAsync_DiferentesTiposCita_CreaCitaCorrectamente(tipoCita: Control, duracion: 30)" computerName="KARASU" duration="00:00:00.0023796" startTime="2025-07-20T14:50:11.1064298-05:00" endTime="2025-07-20T14:50:11.1064301-05:00" testType="13cdc9d9-ddb5-4fa4-a97d-d965ccfc6d4b" outcome="Passed" testListId="8c84fa94-04c1-424b-9868-57a2d4851a1d" relativeResultsDirectory="bd39bf45-5cbd-4cc7-b753-c0c3b84361d6" />
    <UnitTestResult executionId="a058f9a1-733d-4137-9b30-d6f101eda90d" testId="1bf6c10c-73f9-c431-d7f9-6c3cec0f3d6a" testName="MIVET.BE.Tests.Hilos.Finales.CitaServiceEstadosTests.CP030_MarcarNoAsistioCitaFutura_ErrorValidacion" computerName="KARASU" duration="00:00:00.0282654" startTime="2025-07-20T14:50:10.5682779-05:00" endTime="2025-07-20T14:50:10.5682781-05:00" testType="13cdc9d9-ddb5-4fa4-a97d-d965ccfc6d4b" outcome="Passed" testListId="8c84fa94-04c1-424b-9868-57a2d4851a1d" relativeResultsDirectory="a058f9a1-733d-4137-9b30-d6f101eda90d">
      <Output>
        <StdOut>\ud83d\udd27 Configurando datos de prueba COMPLETOS...&#xD;
✅ DATOS CONFIGURADOS:&#xD;
   - 2 clientes&#xD;
   - 2 veterinarios&#xD;
   - 60 mascotas&#xD;
   - 12 horarios veterinarios&#xD;
\ud83c\udfaf Sistema listo para pruebas CONCURRENTES&#xD;
\ud83d\udcc5 Día laboral: 2025-07-21 (Monday)&#xD;
✅ CP030 EXITOSO: Error marcar no asistió cita futura detectado</StdOut>
      </Output>
    </UnitTestResult>
    <UnitTestResult executionId="f372520b-fa06-4f20-bb9c-90b361d75dc8" testId="89e52021-ec73-40fd-a611-b6d4ba0845f9" testName="MIVET.BE.Tests.Hilos.Finales.CitaServiceValidacionesTests.CP013_MascotaInexistente_ErrorValidacion" computerName="KARASU" duration="00:00:00.0170727" startTime="2025-07-20T14:50:10.5492275-05:00" endTime="2025-07-20T14:50:10.5492276-05:00" testType="13cdc9d9-ddb5-4fa4-a97d-d965ccfc6d4b" outcome="Passed" testListId="8c84fa94-04c1-424b-9868-57a2d4851a1d" relativeResultsDirectory="f372520b-fa06-4f20-bb9c-90b361d75dc8">
      <Output>
        <StdOut>\ud83d\udd27 Configurando datos de prueba COMPLETOS...&#xD;
✅ DATOS CONFIGURADOS:&#xD;
   - 2 clientes&#xD;
   - 2 veterinarios&#xD;
   - 60 mascotas&#xD;
   - 12 horarios veterinarios&#xD;
\ud83c\udfaf Sistema listo para pruebas CONCURRENTES&#xD;
\ud83d\udcc5 Día laboral: 2025-07-21 (Monday)&#xD;
✅ CP013 EXITOSO: Error mascota inexistente detectado</StdOut>
      </Output>
    </UnitTestResult>
    <UnitTestResult executionId="b4ae3c14-8a37-4d0d-a3f0-8b87557c9190" testId="49a70b0b-d0c7-ce5e-90ea-6cda791c92ad" testName="MIVET.BE.Tests.Controllers.CitaControllerTests.Crear_FechaMinima_RetornaCreated" computerName="KARASU" duration="00:00:00.0011567" startTime="2025-07-20T14:50:08.6254013-05:00" endTime="2025-07-20T14:50:08.6254016-05:00" testType="13cdc9d9-ddb5-4fa4-a97d-d965ccfc6d4b" outcome="Passed" testListId="8c84fa94-04c1-424b-9868-57a2d4851a1d" relativeResultsDirectory="b4ae3c14-8a37-4d0d-a3f0-8b87557c9190" />
    <UnitTestResult executionId="8dcaa792-4470-497d-879f-2c9aba7dde0d" testId="33369b6f-29e7-e397-f634-f6f6021665db" testName="MIVET.BE.Tests.Servicio.CitaServiceTests.CrearAsync_HorarioOcupado_LanzaInvalidOperationException" computerName="KARASU" duration="00:00:00.0031143" startTime="2025-07-20T14:50:08.6661102-05:00" endTime="2025-07-20T14:50:08.6661105-05:00" testType="13cdc9d9-ddb5-4fa4-a97d-d965ccfc6d4b" outcome="Passed" testListId="8c84fa94-04c1-424b-9868-57a2d4851a1d" relativeResultsDirectory="8dcaa792-4470-497d-879f-2c9aba7dde0d" />
    <UnitTestResult executionId="47f17aa6-5c72-4238-bd0d-8cf1c13d26a2" testId="12c73a6d-dc4f-72f4-2975-8df7e95aa5f0" testName="MIVET.BE.Tests.Hilos.Completos.CitaServiceIntegridadTests.CP059_RollbackConcurrencia_ModificacionSimultanea_SegundaFalla" computerName="KARASU" duration="00:00:00.0446002" startTime="2025-07-20T14:50:10.8250508-05:00" endTime="2025-07-20T14:50:10.8250511-05:00" testType="13cdc9d9-ddb5-4fa4-a97d-d965ccfc6d4b" outcome="Passed" testListId="8c84fa94-04c1-424b-9868-57a2d4851a1d" relativeResultsDirectory="47f17aa6-5c72-4238-bd0d-8cf1c13d26a2">
      <Output>
        <StdOut>\ud83d\udd27 Configurando datos de prueba COMPLETOS...&#xD;
✅ DATOS CONFIGURADOS:&#xD;
   - 2 clientes&#xD;
   - 2 veterinarios&#xD;
   - 60 mascotas&#xD;
   - 12 horarios veterinarios&#xD;
\ud83c\udfaf Sistema listo para pruebas CONCURRENTES&#xD;
✅ CP059 EXITOSO: Control de concurrencia verificado - Estado final consistente</StdOut>
      </Output>
    </UnitTestResult>
    <UnitTestResult executionId="5d0d9eda-6b36-4d9e-81a6-fd6e52356228" testId="1c76101a-745a-ecab-e414-5cf4b2523337" testName="MIVET.BE.Tests.Hilos.Completos.CitaServiceConsultasTests.CP037_CitasPorMascota_HistorialCompleto_OrdenDescendente" computerName="KARASU" duration="00:00:00.0391650" startTime="2025-07-20T14:50:11.1292203-05:00" endTime="2025-07-20T14:50:11.1292206-05:00" testType="13cdc9d9-ddb5-4fa4-a97d-d965ccfc6d4b" outcome="Passed" testListId="8c84fa94-04c1-424b-9868-57a2d4851a1d" relativeResultsDirectory="5d0d9eda-6b36-4d9e-81a6-fd6e52356228">
      <Output>
        <StdOut>\ud83d\udd27 Configurando datos de prueba COMPLETOS...&#xD;
✅ DATOS CONFIGURADOS:&#xD;
   - 2 clientes&#xD;
   - 2 veterinarios&#xD;
   - 60 mascotas&#xD;
   - 12 horarios veterinarios&#xD;
\ud83c\udfaf Sistema listo para pruebas CONCURRENTES&#xD;
✅ CP037 EXITOSO: 5 citas de mascota 1 ordenadas descendente</StdOut>
      </Output>
    </UnitTestResult>
    <UnitTestResult executionId="5e2909d9-2da3-4c80-9afc-d978937853fd" testId="ce140130-b9b3-e3f7-2ee2-fbfda3ae29ab" testName="MIVET.BE.Tests.Controllers.MascotaControllersTests.InsertAsync_DocumentoMuyLargo_RetornaError" computerName="KARASU" duration="00:00:00.0015514" startTime="2025-07-20T14:50:08.6620805-05:00" endTime="2025-07-20T14:50:08.6620807-05:00" testType="13cdc9d9-ddb5-4fa4-a97d-d965ccfc6d4b" outcome="Passed" testListId="8c84fa94-04c1-424b-9868-57a2d4851a1d" relativeResultsDirectory="5e2909d9-2da3-4c80-9afc-d978937853fd" />
    <UnitTestResult executionId="edabeca1-bcae-4967-a1cf-06d0c4f4f1bf" testId="61393582-6c9f-2925-8075-495a50725e69" testName="MIVET.BE.Tests.Hilos.Completos.CitaServiceValidacionesComplejas.CP095_VeterinarioExcedeCapacidad_CitasDiarias_ControlCapacidad" computerName="KARASU" duration="00:00:01.4280676" startTime="2025-07-20T14:50:10.0952600-05:00" endTime="2025-07-20T14:50:10.0952603-05:00" testType="13cdc9d9-ddb5-4fa4-a97d-d965ccfc6d4b" outcome="Passed" testListId="8c84fa94-04c1-424b-9868-57a2d4851a1d" relativeResultsDirectory="edabeca1-bcae-4967-a1cf-06d0c4f4f1bf">
      <Output>
        <StdOut>\ud83d\udd27 Configurando datos de prueba COMPLETOS...&#xD;
✅ DATOS CONFIGURADOS:&#xD;
   - 2 clientes&#xD;
   - 2 veterinarios&#xD;
   - 60 mascotas&#xD;
   - 12 horarios veterinarios&#xD;
\ud83c\udfaf Sistema listo para pruebas CONCURRENTES</StdOut>
      </Output>
    </UnitTestResult>
    <UnitTestResult executionId="c6e7aa22-8bcc-4eec-8914-d5dc78e292b0" testId="c7782db5-b746-c378-0db6-1f86c4bd45d5" testName="MIVET.BE.Tests.Controllers.MascotaControllersTests.InsertAsync_DocumentoMuyCorto_RetornaError" computerName="KARASU" duration="00:00:00.0017715" startTime="2025-07-20T14:50:08.6869888-05:00" endTime="2025-07-20T14:50:08.6869894-05:00" testType="13cdc9d9-ddb5-4fa4-a97d-d965ccfc6d4b" outcome="Passed" testListId="8c84fa94-04c1-424b-9868-57a2d4851a1d" relativeResultsDirectory="c6e7aa22-8bcc-4eec-8914-d5dc78e292b0" />
    <UnitTestResult executionId="9d385797-d532-407b-b074-6116c029e376" testId="fc29d29d-cfd5-7e07-23d1-cf2e689b962e" testName="MIVET.BE.Tests.Repositorio.CitaRepositoryTests.VeterinarioTieneHorarioAsync_HorarioNoConfigurado_RetornaFalse" computerName="KARASU" duration="00:00:00.0015643" startTime="2025-07-20T14:50:11.1582136-05:00" endTime="2025-07-20T14:50:11.1582138-05:00" testType="13cdc9d9-ddb5-4fa4-a97d-d965ccfc6d4b" outcome="Passed" testListId="8c84fa94-04c1-424b-9868-57a2d4851a1d" relativeResultsDirectory="9d385797-d532-407b-b074-6116c029e376" />
    <UnitTestResult executionId="2ddebeaf-a04d-4ed5-9632-703f1ec89561" testId="bbc5b1a4-1b63-3727-ba16-67b8081a718f" testName="MIVET.BE.Tests.Servicio.CitaServiceTests.CrearAsync_MascotaInexistente_LanzaInvalidOperationException" computerName="KARASU" duration="00:00:00.0065122" startTime="2025-07-20T14:50:08.5954826-05:00" endTime="2025-07-20T14:50:08.5954827-05:00" testType="13cdc9d9-ddb5-4fa4-a97d-d965ccfc6d4b" outcome="Passed" testListId="8c84fa94-04c1-424b-9868-57a2d4851a1d" relativeResultsDirectory="2ddebeaf-a04d-4ed5-9632-703f1ec89561" />
    <UnitTestResult executionId="968ff4fe-688b-43e4-ad23-ca98c756ff47" testId="71985b87-68ac-4591-5e8e-39427bf20545" testName="MIVET.BE.Tests.Hilos.Completos.CitaServiceDisponibilidadTests.CP032_CitasIntercaladas_SlotsFragmentados_DisponibilidadParcial" computerName="KARASU" duration="00:00:00.0521522" startTime="2025-07-20T14:50:10.5641371-05:00" endTime="2025-07-20T14:50:10.5641373-05:00" testType="13cdc9d9-ddb5-4fa4-a97d-d965ccfc6d4b" outcome="Passed" testListId="8c84fa94-04c1-424b-9868-57a2d4851a1d" relativeResultsDirectory="968ff4fe-688b-43e4-ad23-ca98c756ff47">
      <Output>
        <StdOut>\ud83d\udd27 Configurando datos de prueba COMPLETOS...&#xD;
✅ DATOS CONFIGURADOS:&#xD;
   - 2 clientes&#xD;
   - 2 veterinarios&#xD;
   - 60 mascotas&#xD;
   - 12 horarios veterinarios&#xD;
\ud83c\udfaf Sistema listo para pruebas CONCURRENTES&#xD;
✅ CP032 EXITOSO: 6 slots ocupados, 89 disponibles</StdOut>
      </Output>
    </UnitTestResult>
    <UnitTestResult executionId="ceb3750f-a54f-45fc-8fba-11ef9498ed68" testId="bd6db42c-dd0e-d0e9-ea10-b6b45b145318" testName="MIVET.BE.Tests.Repositorio.MascotaDALTests.InsertAsync_DocumentoVacio_LanzaException" computerName="KARASU" duration="00:00:00.0152596" startTime="2025-07-20T14:50:10.9680931-05:00" endTime="2025-07-20T14:50:10.9680935-05:00" testType="13cdc9d9-ddb5-4fa4-a97d-d965ccfc6d4b" outcome="Passed" testListId="8c84fa94-04c1-424b-9868-57a2d4851a1d" relativeResultsDirectory="ceb3750f-a54f-45fc-8fba-11ef9498ed68" />
    <UnitTestResult executionId="108bdde4-e4c0-4191-8650-f05b555c8646" testId="26b91d9a-fd7e-429a-a1e9-2ce8649e65dd" testName="MIVET.BE.Tests.Controllers.CitaControllerTests.Crear_ClienteInexistente_RetornaNotFound" computerName="KARASU" duration="00:00:00.0012421" startTime="2025-07-20T14:50:08.6267343-05:00" endTime="2025-07-20T14:50:08.6267344-05:00" testType="13cdc9d9-ddb5-4fa4-a97d-d965ccfc6d4b" outcome="Passed" testListId="8c84fa94-04c1-424b-9868-57a2d4851a1d" relativeResultsDirectory="108bdde4-e4c0-4191-8650-f05b555c8646" />
    <UnitTestResult executionId="c5d0aef3-f070-4e1f-9b08-fc74575b54c4" testId="983d745e-a446-77d0-1c40-f5c0bb2df14d" testName="MIVET.BE.Tests.Repositorio.MascotaDALTests.InsertAsync_NombreVacio_DeberiaLanzarException" computerName="KARASU" duration="00:00:00.0017545" startTime="2025-07-20T14:50:11.0349976-05:00" endTime="2025-07-20T14:50:11.0349977-05:00" testType="13cdc9d9-ddb5-4fa4-a97d-d965ccfc6d4b" outcome="Passed" testListId="8c84fa94-04c1-424b-9868-57a2d4851a1d" relativeResultsDirectory="c5d0aef3-f070-4e1f-9b08-fc74575b54c4" />
    <UnitTestResult executionId="116f295f-e35c-4ddb-9b69-e94e442974e1" testId="39798e90-a32a-80ea-c936-c2c3138a7727" testName="MIVET.BE.Tests.Controllers.CitaControllerTests.Crear_ExcepcionInterna_RetornaServerError" computerName="KARASU" duration="00:00:00.0058664" startTime="2025-07-20T14:50:08.6073202-05:00" endTime="2025-07-20T14:50:08.6073209-05:00" testType="13cdc9d9-ddb5-4fa4-a97d-d965ccfc6d4b" outcome="Passed" testListId="8c84fa94-04c1-424b-9868-57a2d4851a1d" relativeResultsDirectory="116f295f-e35c-4ddb-9b69-e94e442974e1" />
    <UnitTestResult executionId="09391cac-db0d-42fa-92b8-39cfb6e9f4c7" testId="3734280d-2bc6-4a25-6857-d2238482270a" testName="MIVET.BE.Tests.Servicio.CitaServiceTests.CrearAsync_VeterinarioSinHorario_LanzaInvalidOperationException" computerName="KARASU" duration="00:00:00.0030325" startTime="2025-07-20T14:50:08.6535566-05:00" endTime="2025-07-20T14:50:08.6535570-05:00" testType="13cdc9d9-ddb5-4fa4-a97d-d965ccfc6d4b" outcome="Passed" testListId="8c84fa94-04c1-424b-9868-57a2d4851a1d" relativeResultsDirectory="09391cac-db0d-42fa-92b8-39cfb6e9f4c7" />
    <UnitTestResult executionId="43d376db-724e-4fa4-97ae-3cb7945069a4" testId="2a29bf27-d475-c4aa-5903-fbbe6f02f7eb" testName="MIVET.BE.Tests.Hilos.Completos.CitaServiceConcurrenciaTests.CP012_ReprogramacionConcurrente_MultipleCitas_SinConflictos" computerName="KARASU" duration="00:00:00.0592615" startTime="2025-07-20T14:50:11.0346884-05:00" endTime="2025-07-20T14:50:11.0346886-05:00" testType="13cdc9d9-ddb5-4fa4-a97d-d965ccfc6d4b" outcome="Passed" testListId="8c84fa94-04c1-424b-9868-57a2d4851a1d" relativeResultsDirectory="43d376db-724e-4fa4-97ae-3cb7945069a4">
      <Output>
        <StdOut>\ud83d\udd27 Configurando datos de prueba COMPLETOS...&#xD;
✅ DATOS CONFIGURADOS:&#xD;
   - 2 clientes&#xD;
   - 2 veterinarios&#xD;
   - 60 mascotas&#xD;
   - 12 horarios veterinarios&#xD;
\ud83c\udfaf Sistema listo para pruebas CONCURRENTES&#xD;
\ud83d\udcc5 Día laboral: 2025-07-21 (Monday)&#xD;
✅ CP012 EXITOSO: 8/8 reprogramaciones exitosas</StdOut>
      </Output>
    </UnitTestResult>
    <UnitTestResult executionId="e5c3fc58-2caa-4bf0-9ecd-7143e4244e3f" testId="f5349eb4-21f8-89e1-e039-3549e5917b11" testName="MIVET.BE.Tests.Servicio.CitaServiceTests.CrearAsync_DuracionInvalida_LanzaInvalidOperationException(duracion: 23)" computerName="KARASU" duration="00:00:00.0003847" startTime="2025-07-20T14:50:08.5975960-05:00" endTime="2025-07-20T14:50:08.5975961-05:00" testType="13cdc9d9-ddb5-4fa4-a97d-d965ccfc6d4b" outcome="Passed" testListId="8c84fa94-04c1-424b-9868-57a2d4851a1d" relativeResultsDirectory="e5c3fc58-2caa-4bf0-9ecd-7143e4244e3f" />
    <UnitTestResult executionId="d600be21-5c73-427c-a9df-f02f1c04b98c" testId="ce02babe-535c-3fd2-e99b-f2251d8fc30f" testName="MIVET.BE.Tests.Hilos.Finales.CitaServiceInternacionalizacionTests.CP097_ZonasHorarias_UTCvsLocal_ManejoHorarios" computerName="KARASU" duration="00:00:00.0559456" startTime="2025-07-20T14:50:10.1510550-05:00" endTime="2025-07-20T14:50:10.1510557-05:00" testType="13cdc9d9-ddb5-4fa4-a97d-d965ccfc6d4b" outcome="Passed" testListId="8c84fa94-04c1-424b-9868-57a2d4851a1d" relativeResultsDirectory="d600be21-5c73-427c-a9df-f02f1c04b98c">
      <Output>
        <StdOut>\ud83d\udd27 Configurando datos de prueba COMPLETOS...&#xD;
✅ DATOS CONFIGURADOS:&#xD;
   - 2 clientes&#xD;
   - 2 veterinarios&#xD;
   - 60 mascotas&#xD;
   - 12 horarios veterinarios&#xD;
\ud83c\udfaf Sistema listo para pruebas CONCURRENTES</StdOut>
      </Output>
    </UnitTestResult>
    <UnitTestResult executionId="679e5a79-0718-4f05-8394-4dbad8719c8d" testId="03475637-5cd7-5869-d841-d7b72c79a280" testName="MIVET.BE.Tests.Hilos.Completos.CitaServiceConsultasTests.CP043_BusquedaTextual_TerminoMascota_CoincidenciasTexto" computerName="KARASU" duration="00:00:00.0204945" startTime="2025-07-20T14:50:10.6349573-05:00" endTime="2025-07-20T14:50:10.6349576-05:00" testType="13cdc9d9-ddb5-4fa4-a97d-d965ccfc6d4b" outcome="Passed" testListId="8c84fa94-04c1-424b-9868-57a2d4851a1d" relativeResultsDirectory="679e5a79-0718-4f05-8394-4dbad8719c8d">
      <Output>
        <StdOut>\ud83d\udd27 Configurando datos de prueba COMPLETOS...&#xD;
✅ DATOS CONFIGURADOS:&#xD;
   - 2 clientes&#xD;
   - 2 veterinarios&#xD;
   - 60 mascotas&#xD;
   - 12 horarios veterinarios&#xD;
\ud83c\udfaf Sistema listo para pruebas CONCURRENTES</StdOut>
      </Output>
    </UnitTestResult>
    <UnitTestResult executionId="59171d69-3c6b-4dd5-9fde-5633d7a49fa0" testId="491739af-668c-c16e-ccc5-84609721ec11" testName="MIVET.BE.Tests.Controllers.CitaControllerTests.Crear_HoraInvalida_RetornaBadRequest" computerName="KARASU" duration="00:00:00.0010696" startTime="2025-07-20T14:50:08.6087162-05:00" endTime="2025-07-20T14:50:08.6087165-05:00" testType="13cdc9d9-ddb5-4fa4-a97d-d965ccfc6d4b" outcome="Passed" testListId="8c84fa94-04c1-424b-9868-57a2d4851a1d" relativeResultsDirectory="59171d69-3c6b-4dd5-9fde-5633d7a49fa0" />
    <UnitTestResult executionId="0eb63537-8140-443f-b258-59b5218fd810" testId="1b34acad-de10-0d57-7431-b4a1170b43a4" testName="MIVET.BE.Tests.Repositorio.MascotaDALTests.InsertAsync_EspeciesValidas_InsertaCorrectamente(especie: &quot;Gato&quot;)" computerName="KARASU" duration="00:00:00.0017990" startTime="2025-07-20T14:50:11.0397406-05:00" endTime="2025-07-20T14:50:11.0397407-05:00" testType="13cdc9d9-ddb5-4fa4-a97d-d965ccfc6d4b" outcome="Passed" testListId="8c84fa94-04c1-424b-9868-57a2d4851a1d" relativeResultsDirectory="0eb63537-8140-443f-b258-59b5218fd810" />
    <UnitTestResult executionId="4bb5b3bf-533c-4e5f-9c95-2982e70e404c" testId="6a548be0-05e5-fa28-a06c-e3afbffa1793" testName="MIVET.BE.Tests.Hilos.Completos.CitaServiceMetricasTests.CP084_ReporteOcupacion_DiaEspecifico_MultiplesVeterinarios" computerName="KARASU" duration="00:00:00.0110868" startTime="2025-07-20T14:50:10.4758121-05:00" endTime="2025-07-20T14:50:10.4758123-05:00" testType="13cdc9d9-ddb5-4fa4-a97d-d965ccfc6d4b" outcome="Passed" testListId="8c84fa94-04c1-424b-9868-57a2d4851a1d" relativeResultsDirectory="4bb5b3bf-533c-4e5f-9c95-2982e70e404c">
      <Output>
        <StdOut>\ud83d\udd27 Configurando datos de prueba COMPLETOS...&#xD;
✅ DATOS CONFIGURADOS:&#xD;
   - 2 clientes&#xD;
   - 2 veterinarios&#xD;
   - 60 mascotas&#xD;
   - 12 horarios veterinarios&#xD;
\ud83c\udfaf Sistema listo para pruebas CONCURRENTES</StdOut>
      </Output>
    </UnitTestResult>
    <UnitTestResult executionId="a7032fb1-3883-477f-9ce6-1c9606612197" testId="c8f3bcc4-10a5-ade5-e308-5e5110feeee5" testName="MIVET.BE.Tests.Controllers.MascotaControllersTests.InsertAsync_NombreMuyLargo_RetornaError" computerName="KARASU" duration="00:00:00.0011939" startTime="2025-07-20T14:50:08.6912618-05:00" endTime="2025-07-20T14:50:08.6912619-05:00" testType="13cdc9d9-ddb5-4fa4-a97d-d965ccfc6d4b" outcome="Passed" testListId="8c84fa94-04c1-424b-9868-57a2d4851a1d" relativeResultsDirectory="a7032fb1-3883-477f-9ce6-1c9606612197" />
    <UnitTestResult executionId="2973f344-bf23-4a0f-ad65-558dd106bbd9" testId="29d74b60-a6d2-aa3e-4138-38c25487b418" testName="MIVET.BE.Tests.Controllers.MascotaControllersTests.InsertAsync_DocumentoLimites_RetornaOk(documento: &quot;100331&quot;)" computerName="KARASU" duration="00:00:00.0014280" startTime="2025-07-20T14:50:08.6672733-05:00" endTime="2025-07-20T14:50:08.6672736-05:00" testType="13cdc9d9-ddb5-4fa4-a97d-d965ccfc6d4b" outcome="Passed" testListId="8c84fa94-04c1-424b-9868-57a2d4851a1d" relativeResultsDirectory="2973f344-bf23-4a0f-ad65-558dd106bbd9" />
    <UnitTestResult executionId="a8662074-80ad-441b-8f42-b37fffd32095" testId="b24583cd-295e-369d-4ddf-6125bdfc7fe1" testName="MIVET.BE.Tests.Servicio.MascotaBLLTests.InsertAsync_GenerosValidos_LlamaDAL(genero: &quot;Hembra&quot;)" computerName="KARASU" duration="00:00:00.0021675" startTime="2025-07-20T14:50:10.7076467-05:00" endTime="2025-07-20T14:50:10.7076470-05:00" testType="13cdc9d9-ddb5-4fa4-a97d-d965ccfc6d4b" outcome="Passed" testListId="8c84fa94-04c1-424b-9868-57a2d4851a1d" relativeResultsDirectory="a8662074-80ad-441b-8f42-b37fffd32095" />
    <UnitTestResult executionId="54736d86-3c9f-4974-b519-6ca31ea001f0" testId="e4eea648-200f-28b7-39c8-4bc6f748d5c4" testName="MIVET.BE.Tests.Hilos.Completos.Continuacion.CitaServiceEdgeCasesTests.CP054_HoraLimiteDia_2345_PermisoEnHorario" computerName="KARASU" duration="00:00:00.0163516" startTime="2025-07-20T14:50:10.5032173-05:00" endTime="2025-07-20T14:50:10.5032174-05:00" testType="13cdc9d9-ddb5-4fa4-a97d-d965ccfc6d4b" outcome="Passed" testListId="8c84fa94-04c1-424b-9868-57a2d4851a1d" relativeResultsDirectory="54736d86-3c9f-4974-b519-6ca31ea001f0">
      <Output>
        <StdOut>\ud83d\udd27 Configurando datos de prueba COMPLETOS...&#xD;
✅ DATOS CONFIGURADOS:&#xD;
   - 2 clientes&#xD;
   - 2 veterinarios&#xD;
   - 60 mascotas&#xD;
   - 12 horarios veterinarios&#xD;
\ud83c\udfaf Sistema listo para pruebas CONCURRENTES</StdOut>
      </Output>
    </UnitTestResult>
    <UnitTestResult executionId="4241886c-96bb-4b29-83c6-a12f2c665598" testId="5a91cfb5-663c-4304-e8b4-33b087c59542" testName="MIVET.BE.Tests.Hilos.Completos.CitaServiceConsultasTests.CP040_CitasPorFecha_AgendaDiaria_OrdenCronologico" computerName="KARASU" duration="00:00:00.0565220" startTime="2025-07-20T14:50:11.0835584-05:00" endTime="2025-07-20T14:50:11.0835587-05:00" testType="13cdc9d9-ddb5-4fa4-a97d-d965ccfc6d4b" outcome="Passed" testListId="8c84fa94-04c1-424b-9868-57a2d4851a1d" relativeResultsDirectory="4241886c-96bb-4b29-83c6-a12f2c665598">
      <Output>
        <StdOut>\ud83d\udd27 Configurando datos de prueba COMPLETOS...&#xD;
✅ DATOS CONFIGURADOS:&#xD;
   - 2 clientes&#xD;
   - 2 veterinarios&#xD;
   - 60 mascotas&#xD;
   - 12 horarios veterinarios&#xD;
\ud83c\udfaf Sistema listo para pruebas CONCURRENTES&#xD;
✅ CP040 EXITOSO: 8 citas del día 2025-07-21 ordenadas cronológicamente</StdOut>
      </Output>
    </UnitTestResult>
    <UnitTestResult executionId="b1b54a0f-3356-4e4b-ba00-06cb3a72223e" testId="19da1aa0-eadb-1822-fa7d-1ca3bd2e60ac" testName="MIVET.BE.Tests.Controllers.CitaControllerTests.Crear_VeterinarioVacio_RetornaBadRequest" computerName="KARASU" duration="00:00:00.0009288" startTime="2025-07-20T14:50:08.6095980-05:00" endTime="2025-07-20T14:50:08.6095984-05:00" testType="13cdc9d9-ddb5-4fa4-a97d-d965ccfc6d4b" outcome="Passed" testListId="8c84fa94-04c1-424b-9868-57a2d4851a1d" relativeResultsDirectory="b1b54a0f-3356-4e4b-ba00-06cb3a72223e" />
    <UnitTestResult executionId="a1c75767-4c36-449e-a05e-aef388613804" testId="d15597b1-0ca7-afd2-4225-f71794fe8448" testName="MIVET.BE.Tests.Servicio.CitaServiceTests.CrearAsync_DiferencesTiposCitaYDuracion_CreaCitaCorrectamente(tipoCita: Vacunacion, duracion: 45)" computerName="KARASU" duration="00:00:00.0021278" startTime="2025-07-20T14:50:08.6347575-05:00" endTime="2025-07-20T14:50:08.6347578-05:00" testType="13cdc9d9-ddb5-4fa4-a97d-d965ccfc6d4b" outcome="Passed" testListId="8c84fa94-04c1-424b-9868-57a2d4851a1d" relativeResultsDirectory="a1c75767-4c36-449e-a05e-aef388613804" />
    <UnitTestResult executionId="270feb99-90bb-4e59-9d4f-a97279d2ae5c" testId="5a429d08-476c-80cc-c914-101a5e3884ad" testName="MIVET.BE.Tests.Hilos.Completos.CitaServiceDisponibilidadTests.CP034_HoraEspecificaLibre_VerificacionPuntual_ResultadoTrue" computerName="KARASU" duration="00:00:00.0118011" startTime="2025-07-20T14:50:10.5038865-05:00" endTime="2025-07-20T14:50:10.5038866-05:00" testType="13cdc9d9-ddb5-4fa4-a97d-d965ccfc6d4b" outcome="Passed" testListId="8c84fa94-04c1-424b-9868-57a2d4851a1d" relativeResultsDirectory="270feb99-90bb-4e59-9d4f-a97279d2ae5c">
      <Output>
        <StdOut>\ud83d\udd27 Configurando datos de prueba COMPLETOS...&#xD;
✅ DATOS CONFIGURADOS:&#xD;
   - 2 clientes&#xD;
   - 2 veterinarios&#xD;
   - 60 mascotas&#xD;
   - 12 horarios veterinarios&#xD;
\ud83c\udfaf Sistema listo para pruebas CONCURRENTES&#xD;
✅ CP034 EXITOSO: Hora 15:30 verificada como disponible</StdOut>
      </Output>
    </UnitTestResult>
    <UnitTestResult executionId="76319619-2209-4aab-a988-3ba6a80c1b51" testId="966aa595-2101-8a9e-3db9-092ef90e18ea" testName="MIVET.BE.Tests.Controllers.MascotaControllersTests.InsertAsync_EspeciesValidas_RetornaOk(especie: &quot;Ave&quot;)" computerName="KARASU" duration="00:00:00.0002726" startTime="2025-07-20T14:50:08.6567507-05:00" endTime="2025-07-20T14:50:08.6567509-05:00" testType="13cdc9d9-ddb5-4fa4-a97d-d965ccfc6d4b" outcome="Passed" testListId="8c84fa94-04c1-424b-9868-57a2d4851a1d" relativeResultsDirectory="76319619-2209-4aab-a988-3ba6a80c1b51" />
    <UnitTestResult executionId="dabf7610-0cc9-4491-b0b1-f6d5aa3e2cde" testId="32ef16d3-fde5-9134-b156-01154cb927d4" testName="MIVET.BE.Tests.Hilos.Finales.CitaServiceValidacionesTests.CP014_VeterinarioInexistente_ErrorValidacion" computerName="KARASU" duration="00:00:00.0290125" startTime="2025-07-20T14:50:10.4099787-05:00" endTime="2025-07-20T14:50:10.4099790-05:00" testType="13cdc9d9-ddb5-4fa4-a97d-d965ccfc6d4b" outcome="Passed" testListId="8c84fa94-04c1-424b-9868-57a2d4851a1d" relativeResultsDirectory="dabf7610-0cc9-4491-b0b1-f6d5aa3e2cde">
      <Output>
        <StdOut>\ud83d\udd27 Configurando datos de prueba COMPLETOS...&#xD;
✅ DATOS CONFIGURADOS:&#xD;
   - 2 clientes&#xD;
   - 2 veterinarios&#xD;
   - 60 mascotas&#xD;
   - 12 horarios veterinarios&#xD;
\ud83c\udfaf Sistema listo para pruebas CONCURRENTES&#xD;
\ud83d\udcc5 Día laboral: 2025-07-21 (Monday)&#xD;
✅ CP014 EXITOSO: Error veterinario inexistente detectado</StdOut>
      </Output>
    </UnitTestResult>
    <UnitTestResult executionId="a490451f-8820-43dd-a589-9c49d1fe8137" testId="06d301ba-f9b1-ce15-cc0b-55583f0ab3f9" testName="MIVET.BE.Tests.Repositorio.MascotaDALTests.InsertAsync_EdadLimites_InsertaCorrectamente(edad: 30)" computerName="KARASU" duration="00:00:00.0026110" startTime="2025-07-20T14:50:10.9419115-05:00" endTime="2025-07-20T14:50:10.9419118-05:00" testType="13cdc9d9-ddb5-4fa4-a97d-d965ccfc6d4b" outcome="Passed" testListId="8c84fa94-04c1-424b-9868-57a2d4851a1d" relativeResultsDirectory="a490451f-8820-43dd-a589-9c49d1fe8137" />
    <UnitTestResult executionId="988c2bbe-d1cd-42d2-8fac-967c984da0d1" testId="ec4ba039-6cb2-12e6-de11-036359924bfc" testName="MIVET.BE.Tests.Hilos.Completos.Continuacion.CitaServiceEdgeCasesTests.CP055_FechaLimite_1AnoAdelante_PermisoHorizonteTemporal" computerName="KARASU" duration="00:00:00.0411267" startTime="2025-07-20T14:50:10.4101403-05:00" endTime="2025-07-20T14:50:10.4101404-05:00" testType="13cdc9d9-ddb5-4fa4-a97d-d965ccfc6d4b" outcome="Passed" testListId="8c84fa94-04c1-424b-9868-57a2d4851a1d" relativeResultsDirectory="988c2bbe-d1cd-42d2-8fac-967c984da0d1">
      <Output>
        <StdOut>\ud83d\udd27 Configurando datos de prueba COMPLETOS...&#xD;
✅ DATOS CONFIGURADOS:&#xD;
   - 2 clientes&#xD;
   - 2 veterinarios&#xD;
   - 60 mascotas&#xD;
   - 12 horarios veterinarios&#xD;
\ud83c\udfaf Sistema listo para pruebas CONCURRENTES&#xD;
✅ CP055 EXITOSO: Fecha límite 1 año adelante (2026-07-20) permitida</StdOut>
      </Output>
    </UnitTestResult>
    <UnitTestResult executionId="6a4f30a5-c98d-4795-9adc-f9a89f41ee45" testId="4b6534a1-0075-5d36-aeb1-91ae0eb66ad3" testName="MIVET.BE.Tests.Repositorio.CitaRepositoryTests.CrearAsync_HorarioLimiteInicio_CreaCita" computerName="KARASU" duration="00:00:00.0021451" startTime="2025-07-20T14:50:11.2124308-05:00" endTime="2025-07-20T14:50:11.2124310-05:00" testType="13cdc9d9-ddb5-4fa4-a97d-d965ccfc6d4b" outcome="Passed" testListId="8c84fa94-04c1-424b-9868-57a2d4851a1d" relativeResultsDirectory="6a4f30a5-c98d-4795-9adc-f9a89f41ee45" />
    <UnitTestResult executionId="38595f48-6df0-4549-a34d-a7735fd6f367" testId="ea219e9c-1376-574f-89c8-75aacbe6f844" testName="MIVET.BE.Tests.Hilos.Finales.ResumenEjecutivoPruebas.RESUMEN_EjecutarTodosLosCasos_EstadisticasCompletas" computerName="KARASU" duration="00:00:08.0943094" startTime="2025-07-20T14:50:10.4039300-05:00" endTime="2025-07-20T14:50:10.4039302-05:00" testType="13cdc9d9-ddb5-4fa4-a97d-d965ccfc6d4b" outcome="Passed" testListId="8c84fa94-04c1-424b-9868-57a2d4851a1d" relativeResultsDirectory="38595f48-6df0-4549-a34d-a7735fd6f367">
      <Output>
        <StdOut>\ud83d\udd27 Configurando datos de prueba COMPLETOS...&#xD;
✅ DATOS CONFIGURADOS:&#xD;
   - 2 clientes&#xD;
   - 2 veterinarios&#xD;
   - 60 mascotas&#xD;
   - 12 horarios veterinarios&#xD;
\ud83c\udfaf Sistema listo para pruebas CONCURRENTES&#xD;
\ud83c\udfaf RESUMEN EJECUTIVO - SISTEMA MIVET PROGRAMAR CITA&#xD;
==================================================&#xD;
&#xD;
\ud83d\udcca COBERTURA DE CASOS DE PRUEBA (100 CASOS TOTALES):&#xD;
├── CP001-CP005:  Funcionales Básicos (5 casos)&#xD;
├── CP006-CP012:  Concurrencia y Hilos (7 casos)&#xD;
├── CP013-CP022:  Validaciones de Negocio (10 casos)&#xD;
├── CP023-CP030:  Estados y Transiciones (8 casos)&#xD;
├── CP031-CP036:  Disponibilidad y Horarios (6 casos)&#xD;
├── CP037-CP044:  Consultas y Filtros (8 casos)&#xD;
├── CP045-CP050:  Rendimiento y Estrés (6 casos)&#xD;
├── CP051-CP057:  Edge Cases y Límites (7 casos)&#xD;
├── CP058-CP063:  Integridad y Transacciones (6 casos)&#xD;
├── CP064-CP067:  Seguridad y Autorización (4 casos)&#xD;
├── CP068-CP071:  Tipos de Cita Especiales (4 casos)&#xD;
├── CP072-CP074:  Notificaciones y Recordatorios (3 casos)&#xD;
├── CP075-CP077:  Multi-Veterinario (3 casos)&#xD;
├── CP078-CP080:  Configuración Horarios (3 casos)&#xD;
├── CP081-CP082:  Migración y Compatibilidad (2 casos)&#xD;
├── CP083-CP085:  Métricas y Reportes (3 casos)&#xD;
├── CP086-CP089:  Concurrencia Extrema (4 casos)&#xD;
├── CP090-CP092:  Recuperación de Errores (3 casos)&#xD;
├── CP093-CP095:  Validaciones Cruzadas (3 casos)&#xD;
├── CP096-CP098:  Internacionalización (3 casos)&#xD;
└── CP099-CP100:  Auditoría y Trazabilidad (2 casos)&#xD;
&#xD;
\ud83d\udd27 ARQUITECTURA DE PRUEBAS:&#xD;
├── Entity Framework InMemory Database&#xD;
├── AutoMapper para mapeo DTO ↔ Entidad&#xD;
├── Moq para repositorios mock&#xD;
├── xUnit como framework de pruebas&#xD;
├── Concurrencia real con Task.Run()&#xD;
├── Medición de rendimiento con Stopwatch&#xD;
└── Manejo de hilos con SemaphoreSlim&#xD;
&#xD;
⚡ ESCENARIOS DE CONCURRENCIA CRÍTICOS:&#xD;
├── CP006: 2 usuarios mismo horario&#xD;
├── CP007: 5 citas solapadas&#xD;
├── CP008: 10 consultas simultáneas&#xD;
├── CP009: 20 conflictos detectados&#xD;
├── CP010: 50 transacciones concurrentes&#xD;
├── CP046: 500 usuarios bajo estrés extremo&#xD;
├── CP086: Detección de deadlocks&#xD;
├── CP087: Race conditions en validaciones&#xD;
└── CP088: Control de bloqueos de registros&#xD;
&#xD;
\ud83d\udcc8 MÉTRICAS DE RENDIMIENTO OBJETIVO:&#xD;
├── Tiempo respuesta promedio: &lt; 200ms&#xD;
├── Throughput mínimo: &gt; 100 ops/seg&#xD;
├── Percentil 95: &lt; 500ms&#xD;
├── Tasa de error bajo estrés: &lt; 5%&#xD;
├── Consistencia en consultas: 100%&#xD;
└── Detección de conflictos: 100%&#xD;
&#xD;
\ud83d\udee1️ VALIDACIONES DE INTEGRIDAD:&#xD;
├── Solo una cita exitosa por conflicto horario&#xD;
├── Estados de máquina bien definidos&#xD;
├── Rollback automático en errores&#xD;
├── Auditoría completa de modificaciones&#xD;
├── Preservación de integridad referencial&#xD;
└── Trazabilidad cronológica correcta&#xD;
&#xD;
\ud83c\udf0d ASPECTOS INTERNACIONALES:&#xD;
├── Formatos de fecha múltiples culturas&#xD;
├── Manejo de zonas horarias (UTC/Local)&#xD;
├── Caracteres especiales (ñ, tildes, emojis)&#xD;
├── Búsquedas con normalización de texto&#xD;
└── Codificación UTF-8 completa&#xD;
&#xD;
✅ CRITERIOS DE ACEPTACIÓN:&#xD;
├── ✓ 100% casos implementados&#xD;
├── ✓ Concurrencia real verificada&#xD;
├── ✓ Rendimiento dentro de límites&#xD;
├── ✓ Integridad de datos garantizada&#xD;
├── ✓ Manejo de errores robusto&#xD;
├── ✓ Auditoría completa implementada&#xD;
├── ✓ Edge cases cubiertos&#xD;
└── ✓ Escalabilidad demostrada&#xD;
&#xD;
\ud83d\ude80 ESTADO DEL SISTEMA: ✅ OPERACIONAL&#xD;
&#xD;
\ud83d\udccb PARA EJECUTAR TODAS LAS PRUEBAS:&#xD;
   dotnet test --filter "FullyQualifiedName~CitaService" --verbosity normal&#xD;
&#xD;
\ud83c\udfaf SISTEMA MIVET - MÓDULO PROGRAMAR CITA&#xD;
   Estado: LISTO PARA PRODUCCIÓN&#xD;
   Casos cubiertos: 100/100 (100%)&#xD;
   Nivel de confianza: ALTO</StdOut>
      </Output>
    </UnitTestResult>
    <UnitTestResult executionId="a7842f7a-38f3-4a5a-83b7-f8991c46ac26" testId="01420e32-ca3b-966d-d82e-9eb45c2ebeee" testName="MIVET.BE.Tests.Controllers.MascotaControllersTests.InsertAsync_EspecieInvalida_RetornaError" computerName="KARASU" duration="00:00:00.0013009" startTime="2025-07-20T14:50:08.6926839-05:00" endTime="2025-07-20T14:50:08.6926840-05:00" testType="13cdc9d9-ddb5-4fa4-a97d-d965ccfc6d4b" outcome="Passed" testListId="8c84fa94-04c1-424b-9868-57a2d4851a1d" relativeResultsDirectory="a7842f7a-38f3-4a5a-83b7-f8991c46ac26" />
    <UnitTestResult executionId="2be015e3-4fde-4dec-ac0c-3cda3b64b731" testId="25202d46-e183-cdab-4e45-85788cadb4c3" testName="MIVET.BE.Tests.Hilos.Finales.CitaServiceAuditoriaTests.CP100_TrazabilidadModificaciones_CicloVidaCompleto_HistorialCompleto" computerName="KARASU" duration="00:00:00.0090705" startTime="2025-07-20T14:50:10.8145664-05:00" endTime="2025-07-20T14:50:10.8145666-05:00" testType="13cdc9d9-ddb5-4fa4-a97d-d965ccfc6d4b" outcome="Passed" testListId="8c84fa94-04c1-424b-9868-57a2d4851a1d" relativeResultsDirectory="2be015e3-4fde-4dec-ac0c-3cda3b64b731">
      <Output>
        <StdOut>\ud83d\udd27 Configurando datos de prueba COMPLETOS...&#xD;
✅ DATOS CONFIGURADOS:&#xD;
   - 2 clientes&#xD;
   - 2 veterinarios&#xD;
   - 60 mascotas&#xD;
   - 12 horarios veterinarios&#xD;
\ud83c\udfaf Sistema listo para pruebas CONCURRENTES</StdOut>
      </Output>
    </UnitTestResult>
    <UnitTestResult executionId="4c515ce7-fa43-4110-8cc9-7ef8c46b8622" testId="0c3f0cc6-0d23-3261-2fd5-5ac302288f57" testName="MIVET.BE.Tests.Repositorio.CitaRepositoryTests.CrearAsync_VerificaRelacionConVeterinario" computerName="KARASU" duration="00:00:00.0180916" startTime="2025-07-20T14:50:11.2101534-05:00" endTime="2025-07-20T14:50:11.2101539-05:00" testType="13cdc9d9-ddb5-4fa4-a97d-d965ccfc6d4b" outcome="Passed" testListId="8c84fa94-04c1-424b-9868-57a2d4851a1d" relativeResultsDirectory="4c515ce7-fa43-4110-8cc9-7ef8c46b8622" />
    <UnitTestResult executionId="d0909e61-e4db-42e4-aa6f-5ad36c9956b2" testId="15ab1010-24cd-6dc3-418f-9e33e6c1dbbd" testName="MIVET.BE.Tests.Controllers.MascotaControllersTests.InsertAsync_NombreCaracteresEspeciales_RetornaError" computerName="KARASU" duration="00:00:00.0013472" startTime="2025-07-20T14:50:08.6899847-05:00" endTime="2025-07-20T14:50:08.6899850-05:00" testType="13cdc9d9-ddb5-4fa4-a97d-d965ccfc6d4b" outcome="Passed" testListId="8c84fa94-04c1-424b-9868-57a2d4851a1d" relativeResultsDirectory="d0909e61-e4db-42e4-aa6f-5ad36c9956b2" />
    <UnitTestResult executionId="d283d5bc-b0d3-4de9-8354-c297fe75d8db" testId="60c5a9e8-0bfb-aff7-ba39-ec0bfb8e99d8" testName="MIVET.BE.Tests.Hilos.Completos.CitaServiceConcurrenciaExtremTests.CP086_DeadlockTablas_OperacionesCruzadas_DeteccionDeadlock" computerName="KARASU" duration="00:00:00.1910869" startTime="2025-07-20T14:50:10.7879091-05:00" endTime="2025-07-20T14:50:10.7879093-05:00" testType="13cdc9d9-ddb5-4fa4-a97d-d965ccfc6d4b" outcome="Passed" testListId="8c84fa94-04c1-424b-9868-57a2d4851a1d" relativeResultsDirectory="d283d5bc-b0d3-4de9-8354-c297fe75d8db">
      <Output>
        <StdOut>\ud83d\udd27 Configurando datos de prueba COMPLETOS...&#xD;
✅ DATOS CONFIGURADOS:&#xD;
   - 2 clientes&#xD;
   - 2 veterinarios&#xD;
   - 60 mascotas&#xD;
   - 12 horarios veterinarios&#xD;
\ud83c\udfaf Sistema listo para pruebas CONCURRENTES&#xD;
✅ CP086 EXITOSO: 3/3 tareas completadas sin deadlock detectado</StdOut>
      </Output>
    </UnitTestResult>
    <UnitTestResult executionId="095ac86d-da9d-412c-89ed-45d34c8b8b7f" testId="edebaa1d-3603-0258-c34a-9481e8fba774" testName="MIVET.BE.Tests.Hilos.Completos.CitaServiceFuncionalesTests.CP002_ActualizarCita_DatosValidos_ExitoActualizacion" computerName="KARASU" duration="00:00:00.0362354" startTime="2025-07-20T14:50:10.5654169-05:00" endTime="2025-07-20T14:50:10.5654171-05:00" testType="13cdc9d9-ddb5-4fa4-a97d-d965ccfc6d4b" outcome="Passed" testListId="8c84fa94-04c1-424b-9868-57a2d4851a1d" relativeResultsDirectory="095ac86d-da9d-412c-89ed-45d34c8b8b7f">
      <Output>
        <StdOut>\ud83d\udd27 Configurando datos de prueba COMPLETOS...&#xD;
✅ DATOS CONFIGURADOS:&#xD;
   - 2 clientes&#xD;
   - 2 veterinarios&#xD;
   - 60 mascotas&#xD;
   - 12 horarios veterinarios&#xD;
\ud83c\udfaf Sistema listo para pruebas CONCURRENTES&#xD;
\ud83d\udcc5 Día laboral: 2025-07-21 (Monday)&#xD;
✅ CP002 EXITOSO: Cita 1 actualizada correctamente</StdOut>
      </Output>
    </UnitTestResult>
    <UnitTestResult executionId="b872f7a6-d2c1-4cb0-a8a3-22cbc623734d" testId="f0290901-f59c-1d75-5503-c782089d716b" testName="MIVET.BE.Tests.Controllers.MascotaControllersTests.InsertAsync_GenerosValidos_RetornaOk(genero: &quot;Macho&quot;)" computerName="KARASU" duration="00:00:00.0012906" startTime="2025-07-20T14:50:08.6599924-05:00" endTime="2025-07-20T14:50:08.6599927-05:00" testType="13cdc9d9-ddb5-4fa4-a97d-d965ccfc6d4b" outcome="Passed" testListId="8c84fa94-04c1-424b-9868-57a2d4851a1d" relativeResultsDirectory="b872f7a6-d2c1-4cb0-a8a3-22cbc623734d" />
    <UnitTestResult executionId="e1f4d1fb-efde-49c0-a6df-6dce88048fab" testId="6e8ebad9-08a6-d2a5-44cf-43b79dc302c4" testName="MIVET.BE.Tests.Hilos.Completos.Continuacion.CitaServiceEdgeCasesTests.CP051_CamposLimiteMaximo_500Caracteres_AlmacenamientoCompleto" computerName="KARASU" duration="00:00:00.0328079" startTime="2025-07-20T14:50:10.5648924-05:00" endTime="2025-07-20T14:50:10.5648925-05:00" testType="13cdc9d9-ddb5-4fa4-a97d-d965ccfc6d4b" outcome="Passed" testListId="8c84fa94-04c1-424b-9868-57a2d4851a1d" relativeResultsDirectory="e1f4d1fb-efde-49c0-a6df-6dce88048fab">
      <Output>
        <StdOut>\ud83d\udd27 Configurando datos de prueba COMPLETOS...&#xD;
✅ DATOS CONFIGURADOS:&#xD;
   - 2 clientes&#xD;
   - 2 veterinarios&#xD;
   - 60 mascotas&#xD;
   - 12 horarios veterinarios&#xD;
\ud83c\udfaf Sistema listo para pruebas CONCURRENTES&#xD;
✅ CP051 EXITOSO: Campos almacenados con 500 caracteres exactos</StdOut>
      </Output>
    </UnitTestResult>
    <UnitTestResult executionId="299f37c1-52bd-4f80-a880-f7ffb5f1d662" testId="a5e1a2f9-373d-4ce7-35ca-66f88268696e" testName="MIVET.BE.Tests.Controllers.CitaControllerTests.Crear_HorasLimite_RetornaCreated(hora: 8, minuto: 0)" computerName="KARASU" duration="00:00:00.0011209" startTime="2025-07-20T14:50:08.6280256-05:00" endTime="2025-07-20T14:50:08.6280258-05:00" testType="13cdc9d9-ddb5-4fa4-a97d-d965ccfc6d4b" outcome="Passed" testListId="8c84fa94-04c1-424b-9868-57a2d4851a1d" relativeResultsDirectory="299f37c1-52bd-4f80-a880-f7ffb5f1d662" />
    <UnitTestResult executionId="ef595f7d-110a-4840-9e7a-82b697162914" testId="bcfb5ca4-a2a5-d5bb-1e5e-5e3dfc44707e" testName="MIVET.BE.Tests.Controllers.MascotaControllersTests.InsertAsync_GeneroInvalido_RetornaError" computerName="KARASU" duration="00:00:00.0019549" startTime="2025-07-20T14:50:08.6850483-05:00" endTime="2025-07-20T14:50:08.6850487-05:00" testType="13cdc9d9-ddb5-4fa4-a97d-d965ccfc6d4b" outcome="Passed" testListId="8c84fa94-04c1-424b-9868-57a2d4851a1d" relativeResultsDirectory="ef595f7d-110a-4840-9e7a-82b697162914" />
    <UnitTestResult executionId="74db88ab-782d-42ac-ae0e-5dc51f5409dd" testId="316ee004-ec30-ee81-4bd1-601aa524c36b" testName="MIVET.BE.Tests.Hilos.Finales.CitaServiceValidacionesTests.CP016_MascotaInactiva_ErrorValidacion" computerName="KARASU" duration="00:00:00.0203867" startTime="2025-07-20T14:50:10.5657308-05:00" endTime="2025-07-20T14:50:10.5657309-05:00" testType="13cdc9d9-ddb5-4fa4-a97d-d965ccfc6d4b" outcome="Passed" testListId="8c84fa94-04c1-424b-9868-57a2d4851a1d" relativeResultsDirectory="74db88ab-782d-42ac-ae0e-5dc51f5409dd">
      <Output>
        <StdOut>\ud83d\udd27 Configurando datos de prueba COMPLETOS...&#xD;
✅ DATOS CONFIGURADOS:&#xD;
   - 2 clientes&#xD;
   - 2 veterinarios&#xD;
   - 60 mascotas&#xD;
   - 12 horarios veterinarios&#xD;
\ud83c\udfaf Sistema listo para pruebas CONCURRENTES&#xD;
\ud83d\udcc5 Día laboral: 2025-07-21 (Monday)&#xD;
✅ CP016 EXITOSO: Error mascota inactiva detectado</StdOut>
      </Output>
    </UnitTestResult>
    <UnitTestResult executionId="f2f4ca30-744b-4be2-9bd6-cd3dd3f71f3c" testId="dbb3f1a2-7017-367f-68ed-85edb90ae1a2" testName="MIVET.BE.Tests.Hilos.Completos.CitaServiceMetricasTests.CP085_ContadorPorVeterinario_FechaEspecifica_ConteoExacto" computerName="KARASU" duration="00:00:00.2525918" startTime="2025-07-20T14:50:10.4371253-05:00" endTime="2025-07-20T14:50:10.4371255-05:00" testType="13cdc9d9-ddb5-4fa4-a97d-d965ccfc6d4b" outcome="Passed" testListId="8c84fa94-04c1-424b-9868-57a2d4851a1d" relativeResultsDirectory="f2f4ca30-744b-4be2-9bd6-cd3dd3f71f3c">
      <Output>
        <StdOut>\ud83d\udd27 Configurando datos de prueba COMPLETOS...&#xD;
✅ DATOS CONFIGURADOS:&#xD;
   - 2 clientes&#xD;
   - 2 veterinarios&#xD;
   - 60 mascotas&#xD;
   - 12 horarios veterinarios&#xD;
\ud83c\udfaf Sistema listo para pruebas CONCURRENTES&#xD;
✅ CP085 EXITOSO: Contador exacto de 5 citas para veterinario 12345678 en 2025-07-21</StdOut>
      </Output>
    </UnitTestResult>
    <UnitTestResult executionId="7e433098-803f-4afc-9f8f-1b34cec82159" testId="6ae3e84d-f248-018d-fa28-1e3fa9f39659" testName="MIVET.BE.Tests.Hilos.Finales.CitaServiceEstadosTests.CP024_CancelarCitaConfirmada_CancelacionExitosa" computerName="KARASU" duration="00:00:00.0495308" startTime="2025-07-20T14:50:10.4307562-05:00" endTime="2025-07-20T14:50:10.4307564-05:00" testType="13cdc9d9-ddb5-4fa4-a97d-d965ccfc6d4b" outcome="Passed" testListId="8c84fa94-04c1-424b-9868-57a2d4851a1d" relativeResultsDirectory="7e433098-803f-4afc-9f8f-1b34cec82159">
      <Output>
        <StdOut>\ud83d\udd27 Configurando datos de prueba COMPLETOS...&#xD;
✅ DATOS CONFIGURADOS:&#xD;
   - 2 clientes&#xD;
   - 2 veterinarios&#xD;
   - 60 mascotas&#xD;
   - 12 horarios veterinarios&#xD;
\ud83c\udfaf Sistema listo para pruebas CONCURRENTES&#xD;
\ud83d\udcc5 Día laboral: 2025-07-21 (Monday)&#xD;
✅ CP024 EXITOSO: Cita 1 cancelada correctamente</StdOut>
      </Output>
    </UnitTestResult>
    <UnitTestResult executionId="7688862e-516a-4f45-ae7b-c289dbe37ee4" testId="fb46ee0d-bbe3-4c63-102f-fc43d4c95ecf" testName="MIVET.BE.Tests.Repositorio.MascotaDALTests.InsertAsync_DocumentoLimites_InsertaCorrectamente(documento: &quot;1003315228&quot;)" computerName="KARASU" duration="00:00:00.0226537" startTime="2025-07-20T14:50:10.9111746-05:00" endTime="2025-07-20T14:50:10.9111748-05:00" testType="13cdc9d9-ddb5-4fa4-a97d-d965ccfc6d4b" outcome="Passed" testListId="8c84fa94-04c1-424b-9868-57a2d4851a1d" relativeResultsDirectory="7688862e-516a-4f45-ae7b-c289dbe37ee4" />
    <UnitTestResult executionId="54f0a7e5-d4fb-411e-89a8-505d7f90e86f" testId="d14e9f9f-e508-d760-b77c-2b88b4d51ec2" testName="MIVET.BE.Tests.Repositorio.CitaRepositoryTests.MascotaExisteAsync_MascotaActiva_RetornaTrue" computerName="KARASU" duration="00:00:00.0049784" startTime="2025-07-20T14:50:11.1138278-05:00" endTime="2025-07-20T14:50:11.1138285-05:00" testType="13cdc9d9-ddb5-4fa4-a97d-d965ccfc6d4b" outcome="Passed" testListId="8c84fa94-04c1-424b-9868-57a2d4851a1d" relativeResultsDirectory="54f0a7e5-d4fb-411e-89a8-505d7f90e86f" />
    <UnitTestResult executionId="cc4ab320-db3e-4471-b644-a91386f6ab23" testId="6e534968-a220-d18d-2edf-f928ac1fbcdf" testName="MIVET.BE.Tests.Hilos.Completos.CitaServiceConsultasTests.CP044_FiltrosCombinados_CriteriosMultiples_InterseccionCorrecta" computerName="KARASU" duration="00:00:00.1349205" startTime="2025-07-20T14:50:11.0268831-05:00" endTime="2025-07-20T14:50:11.0268836-05:00" testType="13cdc9d9-ddb5-4fa4-a97d-d965ccfc6d4b" outcome="Passed" testListId="8c84fa94-04c1-424b-9868-57a2d4851a1d" relativeResultsDirectory="cc4ab320-db3e-4471-b644-a91386f6ab23">
      <Output>
        <StdOut>\ud83d\udd27 Configurando datos de prueba COMPLETOS...&#xD;
✅ DATOS CONFIGURADOS:&#xD;
   - 2 clientes&#xD;
   - 2 veterinarios&#xD;
   - 60 mascotas&#xD;
   - 12 horarios veterinarios&#xD;
\ud83c\udfaf Sistema listo para pruebas CONCURRENTES&#xD;
✅ CP044 EXITOSO: 2 citas cumplen TODOS los criterios del filtro combinado</StdOut>
      </Output>
    </UnitTestResult>
    <UnitTestResult executionId="494d5187-2428-420d-b481-d4dc92e1603d" testId="660ab969-df6c-103f-889f-365558cef172" testName="MIVET.BE.Tests.Hilos.Finales.CitaServiceEstadosTests.CP027_ConfirmarCitaYaConfirmada_ErrorTransicion" computerName="KARASU" duration="00:00:00.0566575" startTime="2025-07-20T14:50:10.3828281-05:00" endTime="2025-07-20T14:50:10.3828282-05:00" testType="13cdc9d9-ddb5-4fa4-a97d-d965ccfc6d4b" outcome="Passed" testListId="8c84fa94-04c1-424b-9868-57a2d4851a1d" relativeResultsDirectory="494d5187-2428-420d-b481-d4dc92e1603d">
      <Output>
        <StdOut>\ud83d\udd27 Configurando datos de prueba COMPLETOS...&#xD;
✅ DATOS CONFIGURADOS:&#xD;
   - 2 clientes&#xD;
   - 2 veterinarios&#xD;
   - 60 mascotas&#xD;
   - 12 horarios veterinarios&#xD;
\ud83c\udfaf Sistema listo para pruebas CONCURRENTES&#xD;
\ud83d\udcc5 Día laboral: 2025-07-21 (Monday)&#xD;
✅ CP027 EXITOSO: Error confirmar cita ya confirmada detectado</StdOut>
      </Output>
    </UnitTestResult>
    <UnitTestResult executionId="0d77fb77-aa63-4247-9a96-c215660c7e0d" testId="f32161eb-cdc2-1c55-f28a-4ae9c46561ab" testName="MIVET.BE.Tests.Repositorio.CitaRepositoryTests.CrearAsync_DiferentesTiposCita_CreaCitaCorrectamente(tipoCita: Emergencia, duracion: 60)" computerName="KARASU" duration="00:00:00.4770151" startTime="2025-07-20T14:50:11.0631920-05:00" endTime="2025-07-20T14:50:11.0631922-05:00" testType="13cdc9d9-ddb5-4fa4-a97d-d965ccfc6d4b" outcome="Passed" testListId="8c84fa94-04c1-424b-9868-57a2d4851a1d" relativeResultsDirectory="0d77fb77-aa63-4247-9a96-c215660c7e0d" />
    <UnitTestResult executionId="2812be7b-f22b-4111-9e3f-e4fa37aba8af" testId="704171c7-a998-2bca-4512-8bf949db573c" testName="MIVET.BE.Tests.Controllers.CitaControllerTests.Crear_VeterinarioNoDisponible_RetornaBadRequest" computerName="KARASU" duration="00:00:00.0017284" startTime="2025-07-20T14:50:08.6319548-05:00" endTime="2025-07-20T14:50:08.6319552-05:00" testType="13cdc9d9-ddb5-4fa4-a97d-d965ccfc6d4b" outcome="Passed" testListId="8c84fa94-04c1-424b-9868-57a2d4851a1d" relativeResultsDirectory="2812be7b-f22b-4111-9e3f-e4fa37aba8af" />
    <UnitTestResult executionId="a041507f-4c0f-4202-9038-2a6b334776b9" testId="127cb669-86e2-d732-2a0e-e114d5084b6c" testName="MIVET.BE.Tests.Controllers.CitaControllerTests.Crear_DatosValidos_RetornaCreated" computerName="KARASU" duration="00:00:00.0054988" startTime="2025-07-20T14:50:08.6415266-05:00" endTime="2025-07-20T14:50:08.6415271-05:00" testType="13cdc9d9-ddb5-4fa4-a97d-d965ccfc6d4b" outcome="Passed" testListId="8c84fa94-04c1-424b-9868-57a2d4851a1d" relativeResultsDirectory="a041507f-4c0f-4202-9038-2a6b334776b9" />
  </Results>
  <TestDefinitions>
    <UnitTest name="MIVET.BE.Tests.Servicio.MascotaBLLTests.InsertAsync_VerificaParametrosCorrectos" storage="c:\repos\mivet.be\mivet.be.tests\bin\debug\net8.0\mivet.be.tests.dll" id="46a0c528-81a5-4d74-4a39-7778905f8fec">
      <Execution id="d0c24959-ba3d-476e-9155-997b05157cd8" />
      <TestMethod codeBase="C:\repos\MIVET.BE\MIVET.BE.Tests\bin\Debug\net8.0\MIVET.BE.Tests.dll" adapterTypeName="executor://xunit/VsTestRunner2/netcoreapp" className="MIVET.BE.Tests.Servicio.MascotaBLLTests" name="InsertAsync_VerificaParametrosCorrectos" />
    </UnitTest>
    <UnitTest name="MIVET.BE.Tests.Hilos.Finales.CitaServiceEstadosTests.CP024_CancelarCitaConfirmada_CancelacionExitosa" storage="c:\repos\mivet.be\mivet.be.tests\bin\debug\net8.0\mivet.be.tests.dll" id="6ae3e84d-f248-018d-fa28-1e3fa9f39659">
      <Execution id="7e433098-803f-4afc-9f8f-1b34cec82159" />
      <TestMethod codeBase="C:\repos\MIVET.BE\MIVET.BE.Tests\bin\Debug\net8.0\MIVET.BE.Tests.dll" adapterTypeName="executor://xunit/VsTestRunner2/netcoreapp" className="MIVET.BE.Tests.Hilos.Finales.CitaServiceEstadosTests" name="CP024_CancelarCitaConfirmada_CancelacionExitosa" />
    </UnitTest>
    <UnitTest name="MIVET.BE.Tests.Servicio.CitaServiceTests.CrearAsync_DuracionInvalida_LanzaInvalidOperationException(duracion: 23)" storage="c:\repos\mivet.be\mivet.be.tests\bin\debug\net8.0\mivet.be.tests.dll" id="f5349eb4-21f8-89e1-e039-3549e5917b11">
      <Execution id="e5c3fc58-2caa-4bf0-9ecd-7143e4244e3f" />
      <TestMethod codeBase="C:\repos\MIVET.BE\MIVET.BE.Tests\bin\Debug\net8.0\MIVET.BE.Tests.dll" adapterTypeName="executor://xunit/VsTestRunner2/netcoreapp" className="MIVET.BE.Tests.Servicio.CitaServiceTests" name="CrearAsync_DuracionInvalida_LanzaInvalidOperationException" />
    </UnitTest>
    <UnitTest name="MIVET.BE.Tests.Controllers.MascotaControllersTests.InsertAsync_EspeciesValidas_RetornaOk(especie: &quot;Otro&quot;)" storage="c:\repos\mivet.be\mivet.be.tests\bin\debug\net8.0\mivet.be.tests.dll" id="7ff3fa0c-c2c4-3f64-abac-55005b6e1875">
      <Execution id="c069965e-382d-406c-9c8a-cea9c2e82e1e" />
      <TestMethod codeBase="C:\repos\MIVET.BE\MIVET.BE.Tests\bin\Debug\net8.0\MIVET.BE.Tests.dll" adapterTypeName="executor://xunit/VsTestRunner2/netcoreapp" className="MIVET.BE.Tests.Controllers.MascotaControllersTests" name="InsertAsync_EspeciesValidas_RetornaOk" />
    </UnitTest>
    <UnitTest name="MIVET.BE.Tests.Hilos.Finales.CitaServiceRendimientoTests.CP049_OperacionesMixtas_200Usuarios_CargaRealista" storage="c:\repos\mivet.be\mivet.be.tests\bin\debug\net8.0\mivet.be.tests.dll" id="50e63399-e880-097a-4c92-b86bb615401a">
      <Execution id="1a35f19b-d621-451c-af91-34801eb03712" />
      <TestMethod codeBase="C:\repos\MIVET.BE\MIVET.BE.Tests\bin\Debug\net8.0\MIVET.BE.Tests.dll" adapterTypeName="executor://xunit/VsTestRunner2/netcoreapp" className="MIVET.BE.Tests.Hilos.Finales.CitaServiceRendimientoTests" name="CP049_OperacionesMixtas_200Usuarios_CargaRealista" />
    </UnitTest>
    <UnitTest name="MIVET.BE.Tests.Hilos.Finales.CitaServiceRendimientoTests.CP046_EstresExtremo_500UsuariosConcurrentes_EstabilidadSistema" storage="c:\repos\mivet.be\mivet.be.tests\bin\debug\net8.0\mivet.be.tests.dll" id="8510bb86-4210-ebfb-f125-892f26e3bdf0">
      <Execution id="c6362da8-8a7f-4a0d-89ab-68af04fb8931" />
      <TestMethod codeBase="C:\repos\MIVET.BE\MIVET.BE.Tests\bin\Debug\net8.0\MIVET.BE.Tests.dll" adapterTypeName="executor://xunit/VsTestRunner2/netcoreapp" className="MIVET.BE.Tests.Hilos.Finales.CitaServiceRendimientoTests" name="CP046_EstresExtremo_500UsuariosConcurrentes_EstabilidadSistema" />
    </UnitTest>
    <UnitTest name="MIVET.BE.Tests.Controllers.MascotaControllersTests.InsertAsync_DocumentoMuyCorto_RetornaError" storage="c:\repos\mivet.be\mivet.be.tests\bin\debug\net8.0\mivet.be.tests.dll" id="c7782db5-b746-c378-0db6-1f86c4bd45d5">
      <Execution id="c6e7aa22-8bcc-4eec-8914-d5dc78e292b0" />
      <TestMethod codeBase="C:\repos\MIVET.BE\MIVET.BE.Tests\bin\Debug\net8.0\MIVET.BE.Tests.dll" adapterTypeName="executor://xunit/VsTestRunner2/netcoreapp" className="MIVET.BE.Tests.Controllers.MascotaControllersTests" name="InsertAsync_DocumentoMuyCorto_RetornaError" />
    </UnitTest>
    <UnitTest name="MIVET.BE.Tests.Repositorio.MascotaDALTests.InsertAsync_EspeciesValidas_InsertaCorrectamente(especie: &quot;Ave&quot;)" storage="c:\repos\mivet.be\mivet.be.tests\bin\debug\net8.0\mivet.be.tests.dll" id="b9936e27-e4e8-1e37-f7b9-20b02eb832a0">
      <Execution id="8f223aec-d855-4398-8040-682f0cd86f3d" />
      <TestMethod codeBase="C:\repos\MIVET.BE\MIVET.BE.Tests\bin\Debug\net8.0\MIVET.BE.Tests.dll" adapterTypeName="executor://xunit/VsTestRunner2/netcoreapp" className="MIVET.BE.Tests.Repositorio.MascotaDALTests" name="InsertAsync_EspeciesValidas_InsertaCorrectamente" />
    </UnitTest>
    <UnitTest name="MIVET.BE.Tests.Repositorio.CitaRepositoryTests.ExisteConflictoHorarioAsync_HorarioLibre_RetornaFalse" storage="c:\repos\mivet.be\mivet.be.tests\bin\debug\net8.0\mivet.be.tests.dll" id="f58fa25d-73be-4c41-05e6-d22a08509f83">
      <Execution id="fed06f84-bf17-4ee2-b2bf-d512da6f88c7" />
      <TestMethod codeBase="C:\repos\MIVET.BE\MIVET.BE.Tests\bin\Debug\net8.0\MIVET.BE.Tests.dll" adapterTypeName="executor://xunit/VsTestRunner2/netcoreapp" className="MIVET.BE.Tests.Repositorio.CitaRepositoryTests" name="ExisteConflictoHorarioAsync_HorarioLibre_RetornaFalse" />
    </UnitTest>
    <UnitTest name="MIVET.BE.Tests.Hilos.Finales.CitaServiceEstadosTests.CP025_CompletarCitaConfirmada_CompletadoExitoso" storage="c:\repos\mivet.be\mivet.be.tests\bin\debug\net8.0\mivet.be.tests.dll" id="1645a8d0-7ff9-ad24-bb15-9ee6163f9aa6">
      <Execution id="ea56cfef-cdae-470e-85e6-e0d16b370400" />
      <TestMethod codeBase="C:\repos\MIVET.BE\MIVET.BE.Tests\bin\Debug\net8.0\MIVET.BE.Tests.dll" adapterTypeName="executor://xunit/VsTestRunner2/netcoreapp" className="MIVET.BE.Tests.Hilos.Finales.CitaServiceEstadosTests" name="CP025_CompletarCitaConfirmada_CompletadoExitoso" />
    </UnitTest>
    <UnitTest name="MIVET.BE.Tests.Servicio.CitaServiceTests.CrearAsync_DatosValidos_RetornaCitaDTO" storage="c:\repos\mivet.be\mivet.be.tests\bin\debug\net8.0\mivet.be.tests.dll" id="58302dea-2cab-a033-3ca2-021b3d4f0ade">
      <Execution id="d742fed5-e101-4261-8f73-c21a1a1b5db9" />
      <TestMethod codeBase="C:\repos\MIVET.BE\MIVET.BE.Tests\bin\Debug\net8.0\MIVET.BE.Tests.dll" adapterTypeName="executor://xunit/VsTestRunner2/netcoreapp" className="MIVET.BE.Tests.Servicio.CitaServiceTests" name="CrearAsync_DatosValidos_RetornaCitaDTO" />
    </UnitTest>
    <UnitTest name="MIVET.BE.Tests.Controllers.MascotaControllersTests.InsertAsync_RazaVacia_RetornaError" storage="c:\repos\mivet.be\mivet.be.tests\bin\debug\net8.0\mivet.be.tests.dll" id="8655e27c-e833-9e09-f220-4e2eba3dcf31">
      <Execution id="56061a1f-0667-4e96-a82a-e02beb8175f8" />
      <TestMethod codeBase="C:\repos\MIVET.BE\MIVET.BE.Tests\bin\Debug\net8.0\MIVET.BE.Tests.dll" adapterTypeName="executor://xunit/VsTestRunner2/netcoreapp" className="MIVET.BE.Tests.Controllers.MascotaControllersTests" name="InsertAsync_RazaVacia_RetornaError" />
    </UnitTest>
    <UnitTest name="MIVET.BE.Tests.Hilos.Finales.CitaServiceRendimientoTests.CP050_CargaSostenida_1000ReqPorMinuto_ResistenciaTemporal" storage="c:\repos\mivet.be\mivet.be.tests\bin\debug\net8.0\mivet.be.tests.dll" id="91504de3-f865-c31e-38ef-98cea237e91a">
      <Execution id="b68156a6-9437-41f4-81a2-ad77e860a338" />
      <TestMethod codeBase="C:\repos\MIVET.BE\MIVET.BE.Tests\bin\Debug\net8.0\MIVET.BE.Tests.dll" adapterTypeName="executor://xunit/VsTestRunner2/netcoreapp" className="MIVET.BE.Tests.Hilos.Finales.CitaServiceRendimientoTests" name="CP050_CargaSostenida_1000ReqPorMinuto_ResistenciaTemporal" />
    </UnitTest>
    <UnitTest name="MIVET.BE.Tests.Hilos.Completos.CitaServiceConsultasTests.CP040_CitasPorFecha_AgendaDiaria_OrdenCronologico" storage="c:\repos\mivet.be\mivet.be.tests\bin\debug\net8.0\mivet.be.tests.dll" id="5a91cfb5-663c-4304-e8b4-33b087c59542">
      <Execution id="4241886c-96bb-4b29-83c6-a12f2c665598" />
      <TestMethod codeBase="C:\repos\MIVET.BE\MIVET.BE.Tests\bin\Debug\net8.0\MIVET.BE.Tests.dll" adapterTypeName="executor://xunit/VsTestRunner2/netcoreapp" className="MIVET.BE.Tests.Hilos.Completos.CitaServiceConsultasTests" name="CP040_CitasPorFecha_AgendaDiaria_OrdenCronologico" />
    </UnitTest>
    <UnitTest name="MIVET.BE.Tests.Controllers.CitaControllerTests.Crear_MascotaInexistente_RetornaBadRequest" storage="c:\repos\mivet.be\mivet.be.tests\bin\debug\net8.0\mivet.be.tests.dll" id="ffe09e01-ab1a-13f5-c702-e7024e8b690d">
      <Execution id="62d66872-0ebc-47ef-80d2-a5d547ab2da7" />
      <TestMethod codeBase="C:\repos\MIVET.BE\MIVET.BE.Tests\bin\Debug\net8.0\MIVET.BE.Tests.dll" adapterTypeName="executor://xunit/VsTestRunner2/netcoreapp" className="MIVET.BE.Tests.Controllers.CitaControllerTests" name="Crear_MascotaInexistente_RetornaBadRequest" />
    </UnitTest>
    <UnitTest name="MIVET.BE.Tests.Repositorio.CitaRepositoryTests.VeterinarioExisteAsync_VeterinarioInexistente_RetornaFalse" storage="c:\repos\mivet.be\mivet.be.tests\bin\debug\net8.0\mivet.be.tests.dll" id="5124d404-f76c-cf11-34f4-899c1abef87e">
      <Execution id="a1f0e36b-02a4-4515-b927-fbc3da166fdb" />
      <TestMethod codeBase="C:\repos\MIVET.BE\MIVET.BE.Tests\bin\Debug\net8.0\MIVET.BE.Tests.dll" adapterTypeName="executor://xunit/VsTestRunner2/netcoreapp" className="MIVET.BE.Tests.Repositorio.CitaRepositoryTests" name="VeterinarioExisteAsync_VeterinarioInexistente_RetornaFalse" />
    </UnitTest>
    <UnitTest name="MIVET.BE.Tests.Controllers.MascotaControllersTests.InsertAsync_DocumentoConLetras_RetornaError" storage="c:\repos\mivet.be\mivet.be.tests\bin\debug\net8.0\mivet.be.tests.dll" id="474ffedd-cae2-779e-7a87-f0a3aa32aea6">
      <Execution id="b41e4454-aecb-4f4f-b0c2-1701516547ea" />
      <TestMethod codeBase="C:\repos\MIVET.BE\MIVET.BE.Tests\bin\Debug\net8.0\MIVET.BE.Tests.dll" adapterTypeName="executor://xunit/VsTestRunner2/netcoreapp" className="MIVET.BE.Tests.Controllers.MascotaControllersTests" name="InsertAsync_DocumentoConLetras_RetornaError" />
    </UnitTest>
    <UnitTest name="MIVET.BE.Tests.Controllers.MascotaControllersTests.InsertAsync_DocumentoLimites_RetornaOk(documento: &quot;1003315228&quot;)" storage="c:\repos\mivet.be\mivet.be.tests\bin\debug\net8.0\mivet.be.tests.dll" id="4b35519d-d0a9-e42b-bcf0-1ea4f6220f7b">
      <Execution id="b4f9035d-a77c-40df-b25b-b8ebcbf633ab" />
      <TestMethod codeBase="C:\repos\MIVET.BE\MIVET.BE.Tests\bin\Debug\net8.0\MIVET.BE.Tests.dll" adapterTypeName="executor://xunit/VsTestRunner2/netcoreapp" className="MIVET.BE.Tests.Controllers.MascotaControllersTests" name="InsertAsync_DocumentoLimites_RetornaOk" />
    </UnitTest>
    <UnitTest name="MIVET.BE.Tests.Hilos.Finales.CitaServiceAuditoriaTests.CP100_TrazabilidadConcurrente_MultiplesModificaciones_OrdenCronologico" storage="c:\repos\mivet.be\mivet.be.tests\bin\debug\net8.0\mivet.be.tests.dll" id="e4de20af-1626-1017-81ae-89cbb70e22f6">
      <Execution id="53bb3081-d652-43a1-b40d-0437c952c6dd" />
      <TestMethod codeBase="C:\repos\MIVET.BE\MIVET.BE.Tests\bin\Debug\net8.0\MIVET.BE.Tests.dll" adapterTypeName="executor://xunit/VsTestRunner2/netcoreapp" className="MIVET.BE.Tests.Hilos.Finales.CitaServiceAuditoriaTests" name="CP100_TrazabilidadConcurrente_MultiplesModificaciones_OrdenCronologico" />
    </UnitTest>
    <UnitTest name="MIVET.BE.Tests.Repositorio.CitaRepositoryTests.CrearAsync_HorarioLimiteFin_CreaCita" storage="c:\repos\mivet.be\mivet.be.tests\bin\debug\net8.0\mivet.be.tests.dll" id="4a6dac94-c599-5b98-380e-9ddd4153777c">
      <Execution id="f684c6d2-f5c8-4a70-b37c-017395e26b14" />
      <TestMethod codeBase="C:\repos\MIVET.BE\MIVET.BE.Tests\bin\Debug\net8.0\MIVET.BE.Tests.dll" adapterTypeName="executor://xunit/VsTestRunner2/netcoreapp" className="MIVET.BE.Tests.Repositorio.CitaRepositoryTests" name="CrearAsync_HorarioLimiteFin_CreaCita" />
    </UnitTest>
    <UnitTest name="MIVET.BE.Tests.Repositorio.MascotaDALTests.InsertAsync_DocumentoLimites_InsertaCorrectamente(documento: &quot;100331&quot;)" storage="c:\repos\mivet.be\mivet.be.tests\bin\debug\net8.0\mivet.be.tests.dll" id="5420ab82-8f42-94e7-4dc2-f9b281a13a60">
      <Execution id="c7ace6ab-7a8a-42cd-9e37-dd35e1d3ccd5" />
      <TestMethod codeBase="C:\repos\MIVET.BE\MIVET.BE.Tests\bin\Debug\net8.0\MIVET.BE.Tests.dll" adapterTypeName="executor://xunit/VsTestRunner2/netcoreapp" className="MIVET.BE.Tests.Repositorio.MascotaDALTests" name="InsertAsync_DocumentoLimites_InsertaCorrectamente" />
    </UnitTest>
    <UnitTest name="MIVET.BE.Tests.Hilos.Completos.CitaServiceValidacionesComplejas.CP093_MascotaYaTieneCita_MismoDia_UnaCtaPorDia" storage="c:\repos\mivet.be\mivet.be.tests\bin\debug\net8.0\mivet.be.tests.dll" id="a43f23a5-70cf-2d59-8971-ec8d375cac11">
      <Execution id="a9bf0505-6be8-4692-a109-3589c43ef189" />
      <TestMethod codeBase="C:\repos\MIVET.BE\MIVET.BE.Tests\bin\Debug\net8.0\MIVET.BE.Tests.dll" adapterTypeName="executor://xunit/VsTestRunner2/netcoreapp" className="MIVET.BE.Tests.Hilos.Completos.CitaServiceValidacionesComplejas" name="CP093_MascotaYaTieneCita_MismoDia_UnaCtaPorDia" />
    </UnitTest>
    <UnitTest name="MIVET.BE.Tests.Controllers.MascotaControllersTests.InsertAsync_ClienteNoExiste_RetornaError" storage="c:\repos\mivet.be\mivet.be.tests\bin\debug\net8.0\mivet.be.tests.dll" id="aec3679c-f303-ceb0-3d8f-a1520ae65a08">
      <Execution id="ea3e44d3-0c4d-4e35-b459-fab5e4a6a8e3" />
      <TestMethod codeBase="C:\repos\MIVET.BE\MIVET.BE.Tests\bin\Debug\net8.0\MIVET.BE.Tests.dll" adapterTypeName="executor://xunit/VsTestRunner2/netcoreapp" className="MIVET.BE.Tests.Controllers.MascotaControllersTests" name="InsertAsync_ClienteNoExiste_RetornaError" />
    </UnitTest>
    <UnitTest name="MIVET.BE.Tests.Servicio.MascotaBLLTests.InsertAsync_DatosValidos_RetornaMascotaDTO" storage="c:\repos\mivet.be\mivet.be.tests\bin\debug\net8.0\mivet.be.tests.dll" id="52f8f289-1172-30d9-0334-d6d8d5a4fe98">
      <Execution id="08879f09-bdfe-4fd1-aee4-7d55b03a2cc1" />
      <TestMethod codeBase="C:\repos\MIVET.BE\MIVET.BE.Tests\bin\Debug\net8.0\MIVET.BE.Tests.dll" adapterTypeName="executor://xunit/VsTestRunner2/netcoreapp" className="MIVET.BE.Tests.Servicio.MascotaBLLTests" name="InsertAsync_DatosValidos_RetornaMascotaDTO" />
    </UnitTest>
    <UnitTest name="MIVET.BE.Tests.Repositorio.MascotaDALTests.InsertAsync_ClienteNoExiste_LanzaException" storage="c:\repos\mivet.be\mivet.be.tests\bin\debug\net8.0\mivet.be.tests.dll" id="cc92fcf7-486e-a263-f9b4-e032b78828a9">
      <Execution id="c11249b4-317b-4e9a-ba8e-753564a58bf0" />
      <TestMethod codeBase="C:\repos\MIVET.BE\MIVET.BE.Tests\bin\Debug\net8.0\MIVET.BE.Tests.dll" adapterTypeName="executor://xunit/VsTestRunner2/netcoreapp" className="MIVET.BE.Tests.Repositorio.MascotaDALTests" name="InsertAsync_ClienteNoExiste_LanzaException" />
    </UnitTest>
    <UnitTest name="MIVET.BE.Tests.Controllers.CitaControllerTests.Crear_HorasLimite_RetornaCreated(hora: 18, minuto: 0)" storage="c:\repos\mivet.be\mivet.be.tests\bin\debug\net8.0\mivet.be.tests.dll" id="3138a172-c836-3a2e-7458-398cda9b766c">
      <Execution id="c72d5edd-b981-4afc-b1cc-4d80744d8df9" />
      <TestMethod codeBase="C:\repos\MIVET.BE\MIVET.BE.Tests\bin\Debug\net8.0\MIVET.BE.Tests.dll" adapterTypeName="executor://xunit/VsTestRunner2/netcoreapp" className="MIVET.BE.Tests.Controllers.CitaControllerTests" name="Crear_HorasLimite_RetornaCreated" />
    </UnitTest>
    <UnitTest name="MIVET.BE.Tests.Controllers.MascotaControllersTests.InsertAsync_GenerosValidos_RetornaOk(genero: &quot;Hembra&quot;)" storage="c:\repos\mivet.be\mivet.be.tests\bin\debug\net8.0\mivet.be.tests.dll" id="8b7e0459-0064-2fd2-cc82-cfdb2a22ffc9">
      <Execution id="2eec5de4-44ca-4ab8-9c23-b06337b36305" />
      <TestMethod codeBase="C:\repos\MIVET.BE\MIVET.BE.Tests\bin\Debug\net8.0\MIVET.BE.Tests.dll" adapterTypeName="executor://xunit/VsTestRunner2/netcoreapp" className="MIVET.BE.Tests.Controllers.MascotaControllersTests" name="InsertAsync_GenerosValidos_RetornaOk" />
    </UnitTest>
    <UnitTest name="MIVET.BE.Tests.Hilos.Completos.CitaServiceConsultasTests.CP041_CitasRangoFechas_PeriodoSemanal_FiltroTemporal" storage="c:\repos\mivet.be\mivet.be.tests\bin\debug\net8.0\mivet.be.tests.dll" id="f4156cf6-2be2-ea92-8df1-41e63d85f397">
      <Execution id="d6599570-dbe4-47e0-a10b-04f4690f7b19" />
      <TestMethod codeBase="C:\repos\MIVET.BE\MIVET.BE.Tests\bin\Debug\net8.0\MIVET.BE.Tests.dll" adapterTypeName="executor://xunit/VsTestRunner2/netcoreapp" className="MIVET.BE.Tests.Hilos.Completos.CitaServiceConsultasTests" name="CP041_CitasRangoFechas_PeriodoSemanal_FiltroTemporal" />
    </UnitTest>
    <UnitTest name="MIVET.BE.Tests.Repositorio.MascotaDALTests.InsertAsync_EdadLimites_InsertaCorrectamente(edad: 30)" storage="c:\repos\mivet.be\mivet.be.tests\bin\debug\net8.0\mivet.be.tests.dll" id="06d301ba-f9b1-ce15-cc0b-55583f0ab3f9">
      <Execution id="a490451f-8820-43dd-a589-9c49d1fe8137" />
      <TestMethod codeBase="C:\repos\MIVET.BE\MIVET.BE.Tests\bin\Debug\net8.0\MIVET.BE.Tests.dll" adapterTypeName="executor://xunit/VsTestRunner2/netcoreapp" className="MIVET.BE.Tests.Repositorio.MascotaDALTests" name="InsertAsync_EdadLimites_InsertaCorrectamente" />
    </UnitTest>
    <UnitTest name="MIVET.BE.Tests.Hilos.Finales.ResumenEjecutivoPruebas.RESUMEN_EjecutarTodosLosCasos_EstadisticasCompletas" storage="c:\repos\mivet.be\mivet.be.tests\bin\debug\net8.0\mivet.be.tests.dll" id="ea219e9c-1376-574f-89c8-75aacbe6f844">
      <Execution id="38595f48-6df0-4549-a34d-a7735fd6f367" />
      <TestMethod codeBase="C:\repos\MIVET.BE\MIVET.BE.Tests\bin\Debug\net8.0\MIVET.BE.Tests.dll" adapterTypeName="executor://xunit/VsTestRunner2/netcoreapp" className="MIVET.BE.Tests.Hilos.Finales.ResumenEjecutivoPruebas" name="RESUMEN_EjecutarTodosLosCasos_EstadisticasCompletas" />
    </UnitTest>
    <UnitTest name="MIVET.BE.Tests.Hilos.Completos.CitaServiceDisponibilidadTests.CP033_MultiplesVeterinarios_HoraEspecifica_FiltroDisponibilidad" storage="c:\repos\mivet.be\mivet.be.tests\bin\debug\net8.0\mivet.be.tests.dll" id="fd3ada1b-5463-4820-6758-b95d328cc7ff">
      <Execution id="2ce747d6-b366-4a2e-a230-0e47f4a7d6b7" />
      <TestMethod codeBase="C:\repos\MIVET.BE\MIVET.BE.Tests\bin\Debug\net8.0\MIVET.BE.Tests.dll" adapterTypeName="executor://xunit/VsTestRunner2/netcoreapp" className="MIVET.BE.Tests.Hilos.Completos.CitaServiceDisponibilidadTests" name="CP033_MultiplesVeterinarios_HoraEspecifica_FiltroDisponibilidad" />
    </UnitTest>
    <UnitTest name="MIVET.BE.Tests.Controllers.CitaControllerTests.Crear_TiposCitaValidos_RetornaCreated(tipoCita: Vacunacion)" storage="c:\repos\mivet.be\mivet.be.tests\bin\debug\net8.0\mivet.be.tests.dll" id="619e7b35-451e-8000-9de6-7025c5432400">
      <Execution id="af2e2031-2506-4592-8138-ecb8a2f6bcaa" />
      <TestMethod codeBase="C:\repos\MIVET.BE\MIVET.BE.Tests\bin\Debug\net8.0\MIVET.BE.Tests.dll" adapterTypeName="executor://xunit/VsTestRunner2/netcoreapp" className="MIVET.BE.Tests.Controllers.CitaControllerTests" name="Crear_TiposCitaValidos_RetornaCreated" />
    </UnitTest>
    <UnitTest name="MIVET.BE.Tests.Controllers.MascotaControllersTests.InsertAsync_NombreMuyLargo_RetornaError" storage="c:\repos\mivet.be\mivet.be.tests\bin\debug\net8.0\mivet.be.tests.dll" id="c8f3bcc4-10a5-ade5-e308-5e5110feeee5">
      <Execution id="a7032fb1-3883-477f-9ce6-1c9606612197" />
      <TestMethod codeBase="C:\repos\MIVET.BE\MIVET.BE.Tests\bin\Debug\net8.0\MIVET.BE.Tests.dll" adapterTypeName="executor://xunit/VsTestRunner2/netcoreapp" className="MIVET.BE.Tests.Controllers.MascotaControllersTests" name="InsertAsync_NombreMuyLargo_RetornaError" />
    </UnitTest>
    <UnitTest name="MIVET.BE.Tests.Hilos.Finales.CitaServiceEstadosTests.CP026_MarcarNoAsistio_CitaPasada_MarcadoExitoso" storage="c:\repos\mivet.be\mivet.be.tests\bin\debug\net8.0\mivet.be.tests.dll" id="305bd791-9783-7528-f5c0-f2d1e9bcc029">
      <Execution id="1609ee8c-67e5-409d-8311-83be31f69871" />
      <TestMethod codeBase="C:\repos\MIVET.BE\MIVET.BE.Tests\bin\Debug\net8.0\MIVET.BE.Tests.dll" adapterTypeName="executor://xunit/VsTestRunner2/netcoreapp" className="MIVET.BE.Tests.Hilos.Finales.CitaServiceEstadosTests" name="CP026_MarcarNoAsistio_CitaPasada_MarcadoExitoso" />
    </UnitTest>
    <UnitTest name="MIVET.BE.Tests.Hilos.Completos.CitaServiceConcurrenciaExtremTests.CP087_RaceConditionValidaciones_ValidacionObsoleta_DeteccionRaceCondition" storage="c:\repos\mivet.be\mivet.be.tests\bin\debug\net8.0\mivet.be.tests.dll" id="6d31d92f-e406-9eb9-8273-b9e3f633bdff">
      <Execution id="5cd395ba-bde8-4d7d-8a76-dc1d96e8df5b" />
      <TestMethod codeBase="C:\repos\MIVET.BE\MIVET.BE.Tests\bin\Debug\net8.0\MIVET.BE.Tests.dll" adapterTypeName="executor://xunit/VsTestRunner2/netcoreapp" className="MIVET.BE.Tests.Hilos.Completos.CitaServiceConcurrenciaExtremTests" name="CP087_RaceConditionValidaciones_ValidacionObsoleta_DeteccionRaceCondition" />
    </UnitTest>
    <UnitTest name="MIVET.BE.Tests.Hilos.Finales.CitaServiceInternacionalizacionTests.CP096_FormatosFecha_DiferentesFormatos_ParseoCorrecto" storage="c:\repos\mivet.be\mivet.be.tests\bin\debug\net8.0\mivet.be.tests.dll" id="be153450-7570-5f4a-2ea5-75c553c25fa3">
      <Execution id="a070e70a-ff21-420b-a80b-590128d2c1cc" />
      <TestMethod codeBase="C:\repos\MIVET.BE\MIVET.BE.Tests\bin\Debug\net8.0\MIVET.BE.Tests.dll" adapterTypeName="executor://xunit/VsTestRunner2/netcoreapp" className="MIVET.BE.Tests.Hilos.Finales.CitaServiceInternacionalizacionTests" name="CP096_FormatosFecha_DiferentesFormatos_ParseoCorrecto" />
    </UnitTest>
    <UnitTest name="MIVET.BE.Tests.Controllers.CitaControllerTests.Crear_FechaPasada_RetornaBadRequest" storage="c:\repos\mivet.be\mivet.be.tests\bin\debug\net8.0\mivet.be.tests.dll" id="bd695120-c5ed-8608-dd8b-716acad419df">
      <Execution id="99cd57e9-00a5-4787-9133-60113e9b1f51" />
      <TestMethod codeBase="C:\repos\MIVET.BE\MIVET.BE.Tests\bin\Debug\net8.0\MIVET.BE.Tests.dll" adapterTypeName="executor://xunit/VsTestRunner2/netcoreapp" className="MIVET.BE.Tests.Controllers.CitaControllerTests" name="Crear_FechaPasada_RetornaBadRequest" />
    </UnitTest>
    <UnitTest name="MIVET.BE.Tests.Hilos.Completos.Continuacion.CitaServiceEdgeCasesTests.CP057_ReprogramarMismoHorario_OperacionIdempotente_SinCambios" storage="c:\repos\mivet.be\mivet.be.tests\bin\debug\net8.0\mivet.be.tests.dll" id="d28f6dfc-d2d5-b641-46f0-cd444be37dc8">
      <Execution id="df2849e0-e5e2-4ec1-95c5-2a9f7ed71241" />
      <TestMethod codeBase="C:\repos\MIVET.BE\MIVET.BE.Tests\bin\Debug\net8.0\MIVET.BE.Tests.dll" adapterTypeName="executor://xunit/VsTestRunner2/netcoreapp" className="MIVET.BE.Tests.Hilos.Completos.Continuacion.CitaServiceEdgeCasesTests" name="CP057_ReprogramarMismoHorario_OperacionIdempotente_SinCambios" />
    </UnitTest>
    <UnitTest name="MIVET.BE.Tests.Hilos.Completos.CitaServiceConsultasTests.CP039_CitasPorCliente_TodasMascotas_VistaCompleta" storage="c:\repos\mivet.be\mivet.be.tests\bin\debug\net8.0\mivet.be.tests.dll" id="379a1e7e-454a-eccc-2b34-d5b61e71b64c">
      <Execution id="6423aae1-fd7b-4372-a533-2dfad9b5b8c1" />
      <TestMethod codeBase="C:\repos\MIVET.BE\MIVET.BE.Tests\bin\Debug\net8.0\MIVET.BE.Tests.dll" adapterTypeName="executor://xunit/VsTestRunner2/netcoreapp" className="MIVET.BE.Tests.Hilos.Completos.CitaServiceConsultasTests" name="CP039_CitasPorCliente_TodasMascotas_VistaCompleta" />
    </UnitTest>
    <UnitTest name="MIVET.BE.Tests.Servicio.MascotaBLLTests.InsertAsync_NoModificaDTO" storage="c:\repos\mivet.be\mivet.be.tests\bin\debug\net8.0\mivet.be.tests.dll" id="4647e0e1-448a-1a3c-3f4b-419e9d76d7f1">
      <Execution id="79e4a878-d7dd-4444-9853-475867a7fa15" />
      <TestMethod codeBase="C:\repos\MIVET.BE\MIVET.BE.Tests\bin\Debug\net8.0\MIVET.BE.Tests.dll" adapterTypeName="executor://xunit/VsTestRunner2/netcoreapp" className="MIVET.BE.Tests.Servicio.MascotaBLLTests" name="InsertAsync_NoModificaDTO" />
    </UnitTest>
    <UnitTest name="MIVET.BE.Tests.Controllers.CitaControllerTests.Crear_ModelStateInvalido_RetornaBadRequest" storage="c:\repos\mivet.be\mivet.be.tests\bin\debug\net8.0\mivet.be.tests.dll" id="3da2093a-13e0-6f8a-36bd-30d6d0de4735">
      <Execution id="9cb9d477-6396-44b7-9e9e-d91459a320e7" />
      <TestMethod codeBase="C:\repos\MIVET.BE\MIVET.BE.Tests\bin\Debug\net8.0\MIVET.BE.Tests.dll" adapterTypeName="executor://xunit/VsTestRunner2/netcoreapp" className="MIVET.BE.Tests.Controllers.CitaControllerTests" name="Crear_ModelStateInvalido_RetornaBadRequest" />
    </UnitTest>
    <UnitTest name="MIVET.BE.Tests.Hilos.Completos.CitaServiceMetricasTests.CP084_ReporteOcupacion_DiaEspecifico_MultiplesVeterinarios" storage="c:\repos\mivet.be\mivet.be.tests\bin\debug\net8.0\mivet.be.tests.dll" id="6a548be0-05e5-fa28-a06c-e3afbffa1793">
      <Execution id="4bb5b3bf-533c-4e5f-9c95-2982e70e404c" />
      <TestMethod codeBase="C:\repos\MIVET.BE\MIVET.BE.Tests\bin\Debug\net8.0\MIVET.BE.Tests.dll" adapterTypeName="executor://xunit/VsTestRunner2/netcoreapp" className="MIVET.BE.Tests.Hilos.Completos.CitaServiceMetricasTests" name="CP084_ReporteOcupacion_DiaEspecifico_MultiplesVeterinarios" />
    </UnitTest>
    <UnitTest name="MIVET.BE.Tests.Repositorio.CitaRepositoryTests.VeterinarioExisteAsync_VeterinarioActivo_RetornaTrue" storage="c:\repos\mivet.be\mivet.be.tests\bin\debug\net8.0\mivet.be.tests.dll" id="de61aae9-930a-ea95-f2ed-8dd909cf5e7d">
      <Execution id="01f0a66d-7323-47b9-832d-dc57207d771a" />
      <TestMethod codeBase="C:\repos\MIVET.BE\MIVET.BE.Tests\bin\Debug\net8.0\MIVET.BE.Tests.dll" adapterTypeName="executor://xunit/VsTestRunner2/netcoreapp" className="MIVET.BE.Tests.Repositorio.CitaRepositoryTests" name="VeterinarioExisteAsync_VeterinarioActivo_RetornaTrue" />
    </UnitTest>
    <UnitTest name="MIVET.BE.Tests.Hilos.Completos.CitaServiceFuncionalesTests.CP003_EliminarCita_CitaProgramada_ExitoEliminacion" storage="c:\repos\mivet.be\mivet.be.tests\bin\debug\net8.0\mivet.be.tests.dll" id="3293bc08-6290-6301-383a-5144125bad42">
      <Execution id="13fdd0a8-85d1-4afc-858d-6be1e3f8cb4f" />
      <TestMethod codeBase="C:\repos\MIVET.BE\MIVET.BE.Tests\bin\Debug\net8.0\MIVET.BE.Tests.dll" adapterTypeName="executor://xunit/VsTestRunner2/netcoreapp" className="MIVET.BE.Tests.Hilos.Completos.CitaServiceFuncionalesTests" name="CP003_EliminarCita_CitaProgramada_ExitoEliminacion" />
    </UnitTest>
    <UnitTest name="MIVET.BE.Tests.Hilos.Completos.Continuacion.CitaServiceEdgeCasesTests.CP054_HoraLimiteDia_2345_PermisoEnHorario" storage="c:\repos\mivet.be\mivet.be.tests\bin\debug\net8.0\mivet.be.tests.dll" id="e4eea648-200f-28b7-39c8-4bc6f748d5c4">
      <Execution id="54736d86-3c9f-4974-b519-6ca31ea001f0" />
      <TestMethod codeBase="C:\repos\MIVET.BE\MIVET.BE.Tests\bin\Debug\net8.0\MIVET.BE.Tests.dll" adapterTypeName="executor://xunit/VsTestRunner2/netcoreapp" className="MIVET.BE.Tests.Hilos.Completos.Continuacion.CitaServiceEdgeCasesTests" name="CP054_HoraLimiteDia_2345_PermisoEnHorario" />
    </UnitTest>
    <UnitTest name="MIVET.BE.Tests.Hilos.Completos.CitaServiceFuncionalesTests.CP002_ActualizarCita_DatosValidos_ExitoActualizacion" storage="c:\repos\mivet.be\mivet.be.tests\bin\debug\net8.0\mivet.be.tests.dll" id="edebaa1d-3603-0258-c34a-9481e8fba774">
      <Execution id="095ac86d-da9d-412c-89ed-45d34c8b8b7f" />
      <TestMethod codeBase="C:\repos\MIVET.BE\MIVET.BE.Tests\bin\Debug\net8.0\MIVET.BE.Tests.dll" adapterTypeName="executor://xunit/VsTestRunner2/netcoreapp" className="MIVET.BE.Tests.Hilos.Completos.CitaServiceFuncionalesTests" name="CP002_ActualizarCita_DatosValidos_ExitoActualizacion" />
    </UnitTest>
    <UnitTest name="MIVET.BE.Tests.Repositorio.CitaRepositoryTests.CrearAsync_HorarioLimiteInicio_CreaCita" storage="c:\repos\mivet.be\mivet.be.tests\bin\debug\net8.0\mivet.be.tests.dll" id="4b6534a1-0075-5d36-aeb1-91ae0eb66ad3">
      <Execution id="6a4f30a5-c98d-4795-9adc-f9a89f41ee45" />
      <TestMethod codeBase="C:\repos\MIVET.BE\MIVET.BE.Tests\bin\Debug\net8.0\MIVET.BE.Tests.dll" adapterTypeName="executor://xunit/VsTestRunner2/netcoreapp" className="MIVET.BE.Tests.Repositorio.CitaRepositoryTests" name="CrearAsync_HorarioLimiteInicio_CreaCita" />
    </UnitTest>
    <UnitTest name="MIVET.BE.Tests.Servicio.CitaServiceTests.CrearAsync_DiferencesTiposCitaYDuracion_CreaCitaCorrectamente(tipoCita: Operacion, duracion: 120)" storage="c:\repos\mivet.be\mivet.be.tests\bin\debug\net8.0\mivet.be.tests.dll" id="9085ba13-6733-65e1-99d8-1f6801a61e36">
      <Execution id="e84f4658-5fa1-45c8-b5a4-3767445733f3" />
      <TestMethod codeBase="C:\repos\MIVET.BE\MIVET.BE.Tests\bin\Debug\net8.0\MIVET.BE.Tests.dll" adapterTypeName="executor://xunit/VsTestRunner2/netcoreapp" className="MIVET.BE.Tests.Servicio.CitaServiceTests" name="CrearAsync_DiferencesTiposCitaYDuracion_CreaCitaCorrectamente" />
    </UnitTest>
    <UnitTest name="MIVET.BE.Tests.Hilos.Completos.CitaServiceFuncionalesTests.CP005_ObtenerTodasCitas_MultipleCitas_ListaCompleta" storage="c:\repos\mivet.be\mivet.be.tests\bin\debug\net8.0\mivet.be.tests.dll" id="f76c1376-dee2-3519-884b-6f251df1bf45">
      <Execution id="0bc46e5b-cffa-468a-a688-84d5f230df4d" />
      <TestMethod codeBase="C:\repos\MIVET.BE\MIVET.BE.Tests\bin\Debug\net8.0\MIVET.BE.Tests.dll" adapterTypeName="executor://xunit/VsTestRunner2/netcoreapp" className="MIVET.BE.Tests.Hilos.Completos.CitaServiceFuncionalesTests" name="CP005_ObtenerTodasCitas_MultipleCitas_ListaCompleta" />
    </UnitTest>
    <UnitTest name="MIVET.BE.Tests.Hilos.Completos.CitaServiceDisponibilidadTests.CP034_HoraEspecificaLibre_VerificacionPuntual_ResultadoTrue" storage="c:\repos\mivet.be\mivet.be.tests\bin\debug\net8.0\mivet.be.tests.dll" id="5a429d08-476c-80cc-c914-101a5e3884ad">
      <Execution id="270feb99-90bb-4e59-9d4f-a97279d2ae5c" />
      <TestMethod codeBase="C:\repos\MIVET.BE\MIVET.BE.Tests\bin\Debug\net8.0\MIVET.BE.Tests.dll" adapterTypeName="executor://xunit/VsTestRunner2/netcoreapp" className="MIVET.BE.Tests.Hilos.Completos.CitaServiceDisponibilidadTests" name="CP034_HoraEspecificaLibre_VerificacionPuntual_ResultadoTrue" />
    </UnitTest>
    <UnitTest name="MIVET.BE.Tests.Controllers.MascotaControllersTests.InsertAsync_EdadLimites_RetornaOk(edad: 0)" storage="c:\repos\mivet.be\mivet.be.tests\bin\debug\net8.0\mivet.be.tests.dll" id="24994c90-9227-ff46-0aa5-13a3c892741d">
      <Execution id="838dc9f0-a4db-4ab4-8005-c1b4a9a23a82" />
      <TestMethod codeBase="C:\repos\MIVET.BE\MIVET.BE.Tests\bin\Debug\net8.0\MIVET.BE.Tests.dll" adapterTypeName="executor://xunit/VsTestRunner2/netcoreapp" className="MIVET.BE.Tests.Controllers.MascotaControllersTests" name="InsertAsync_EdadLimites_RetornaOk" />
    </UnitTest>
    <UnitTest name="MIVET.BE.Tests.Controllers.CitaControllerTests.Crear_FechaMinima_RetornaCreated" storage="c:\repos\mivet.be\mivet.be.tests\bin\debug\net8.0\mivet.be.tests.dll" id="49a70b0b-d0c7-ce5e-90ea-6cda791c92ad">
      <Execution id="b4ae3c14-8a37-4d0d-a3f0-8b87557c9190" />
      <TestMethod codeBase="C:\repos\MIVET.BE\MIVET.BE.Tests\bin\Debug\net8.0\MIVET.BE.Tests.dll" adapterTypeName="executor://xunit/VsTestRunner2/netcoreapp" className="MIVET.BE.Tests.Controllers.CitaControllerTests" name="Crear_FechaMinima_RetornaCreated" />
    </UnitTest>
    <UnitTest name="MIVET.BE.Tests.Hilos.Finales.CitaServiceValidacionesTests.CP014_VeterinarioInexistente_ErrorValidacion" storage="c:\repos\mivet.be\mivet.be.tests\bin\debug\net8.0\mivet.be.tests.dll" id="32ef16d3-fde5-9134-b156-01154cb927d4">
      <Execution id="dabf7610-0cc9-4491-b0b1-f6d5aa3e2cde" />
      <TestMethod codeBase="C:\repos\MIVET.BE\MIVET.BE.Tests\bin\Debug\net8.0\MIVET.BE.Tests.dll" adapterTypeName="executor://xunit/VsTestRunner2/netcoreapp" className="MIVET.BE.Tests.Hilos.Finales.CitaServiceValidacionesTests" name="CP014_VeterinarioInexistente_ErrorValidacion" />
    </UnitTest>
    <UnitTest name="MIVET.BE.Tests.Hilos.Completos.Continuacion.CitaServiceEdgeCasesTests.CP053_CaracteresEspeciales_Unicode_EncodingCorrecto" storage="c:\repos\mivet.be\mivet.be.tests\bin\debug\net8.0\mivet.be.tests.dll" id="99d5cfba-213e-6082-227f-2584067a19c1">
      <Execution id="702a516b-72ba-42a7-81c3-71128c2ad173" />
      <TestMethod codeBase="C:\repos\MIVET.BE\MIVET.BE.Tests\bin\Debug\net8.0\MIVET.BE.Tests.dll" adapterTypeName="executor://xunit/VsTestRunner2/netcoreapp" className="MIVET.BE.Tests.Hilos.Completos.Continuacion.CitaServiceEdgeCasesTests" name="CP053_CaracteresEspeciales_Unicode_EncodingCorrecto" />
    </UnitTest>
    <UnitTest name="MIVET.BE.Tests.Controllers.CitaControllerTests.Crear_FechaMaxima_RetornaCreated" storage="c:\repos\mivet.be\mivet.be.tests\bin\debug\net8.0\mivet.be.tests.dll" id="63b2a0f3-e6f8-4cf7-cbd3-cf63e79762f0">
      <Execution id="b13e86ee-2a6a-43bd-a3d0-f557c4c140e5" />
      <TestMethod codeBase="C:\repos\MIVET.BE\MIVET.BE.Tests\bin\Debug\net8.0\MIVET.BE.Tests.dll" adapterTypeName="executor://xunit/VsTestRunner2/netcoreapp" className="MIVET.BE.Tests.Controllers.CitaControllerTests" name="Crear_FechaMaxima_RetornaCreated" />
    </UnitTest>
    <UnitTest name="MIVET.BE.Tests.Repositorio.CitaRepositoryTests.CrearAsync_VerificaRelacionConMascota" storage="c:\repos\mivet.be\mivet.be.tests\bin\debug\net8.0\mivet.be.tests.dll" id="0e03c20e-6ed1-f4d4-d441-afca5752c61e">
      <Execution id="e8fa9ef3-84d0-4547-b68f-6f7c011bbb7f" />
      <TestMethod codeBase="C:\repos\MIVET.BE\MIVET.BE.Tests\bin\Debug\net8.0\MIVET.BE.Tests.dll" adapterTypeName="executor://xunit/VsTestRunner2/netcoreapp" className="MIVET.BE.Tests.Repositorio.CitaRepositoryTests" name="CrearAsync_VerificaRelacionConMascota" />
    </UnitTest>
    <UnitTest name="MIVET.BE.Tests.Repositorio.MascotaDALTests.InsertAsync_GenerosValidos_InsertaCorrectamente(genero: &quot;Hembra&quot;)" storage="c:\repos\mivet.be\mivet.be.tests\bin\debug\net8.0\mivet.be.tests.dll" id="fd9a26a2-efe6-2b7f-3678-5d4ce12b6738">
      <Execution id="592dac81-7493-4642-9dbf-88d0fcf25485" />
      <TestMethod codeBase="C:\repos\MIVET.BE\MIVET.BE.Tests\bin\Debug\net8.0\MIVET.BE.Tests.dll" adapterTypeName="executor://xunit/VsTestRunner2/netcoreapp" className="MIVET.BE.Tests.Repositorio.MascotaDALTests" name="InsertAsync_GenerosValidos_InsertaCorrectamente" />
    </UnitTest>
    <UnitTest name="MIVET.BE.Tests.Hilos.Finales.CitaServiceValidacionesTests.CP016_MascotaInactiva_ErrorValidacion" storage="c:\repos\mivet.be\mivet.be.tests\bin\debug\net8.0\mivet.be.tests.dll" id="316ee004-ec30-ee81-4bd1-601aa524c36b">
      <Execution id="74db88ab-782d-42ac-ae0e-5dc51f5409dd" />
      <TestMethod codeBase="C:\repos\MIVET.BE\MIVET.BE.Tests\bin\Debug\net8.0\MIVET.BE.Tests.dll" adapterTypeName="executor://xunit/VsTestRunner2/netcoreapp" className="MIVET.BE.Tests.Hilos.Finales.CitaServiceValidacionesTests" name="CP016_MascotaInactiva_ErrorValidacion" />
    </UnitTest>
    <UnitTest name="MIVET.BE.Tests.Hilos.Completos.CitaServiceIntegridadTests.CP062_VeterinarioConCitas_Desactivacion_CitasPreservadas" storage="c:\repos\mivet.be\mivet.be.tests\bin\debug\net8.0\mivet.be.tests.dll" id="0d758bd8-4b76-7611-66af-550965108d3f">
      <Execution id="12b9f9f5-5d48-4303-8441-56146840b87e" />
      <TestMethod codeBase="C:\repos\MIVET.BE\MIVET.BE.Tests\bin\Debug\net8.0\MIVET.BE.Tests.dll" adapterTypeName="executor://xunit/VsTestRunner2/netcoreapp" className="MIVET.BE.Tests.Hilos.Completos.CitaServiceIntegridadTests" name="CP062_VeterinarioConCitas_Desactivacion_CitasPreservadas" />
    </UnitTest>
    <UnitTest name="MIVET.BE.Tests.Controllers.MascotaControllersTests.InsertAsync_EspecieVacia_RetornaError" storage="c:\repos\mivet.be\mivet.be.tests\bin\debug\net8.0\mivet.be.tests.dll" id="f651c0ef-ad6f-81bc-1f32-56370b57ffe0">
      <Execution id="f90e8469-d5bf-4423-8111-1c722aec3d16" />
      <TestMethod codeBase="C:\repos\MIVET.BE\MIVET.BE.Tests\bin\Debug\net8.0\MIVET.BE.Tests.dll" adapterTypeName="executor://xunit/VsTestRunner2/netcoreapp" className="MIVET.BE.Tests.Controllers.MascotaControllersTests" name="InsertAsync_EspecieVacia_RetornaError" />
    </UnitTest>
    <UnitTest name="MIVET.BE.Tests.Hilos.Finales.CitaServiceValidacionesTests.CP015_VeterinarioInactivo_ErrorValidacion" storage="c:\repos\mivet.be\mivet.be.tests\bin\debug\net8.0\mivet.be.tests.dll" id="2060fd49-9cd9-1b94-b74b-d1d484d94da1">
      <Execution id="a7adc230-91cd-45c4-ac6c-dcc37bfec228" />
      <TestMethod codeBase="C:\repos\MIVET.BE\MIVET.BE.Tests\bin\Debug\net8.0\MIVET.BE.Tests.dll" adapterTypeName="executor://xunit/VsTestRunner2/netcoreapp" className="MIVET.BE.Tests.Hilos.Finales.CitaServiceValidacionesTests" name="CP015_VeterinarioInactivo_ErrorValidacion" />
    </UnitTest>
    <UnitTest name="MIVET.BE.Tests.Hilos.Completos.CitaServiceConcurrenciaTests.CP011_ActualizacionConcurrente_MismaCita_ControlOptimista" storage="c:\repos\mivet.be\mivet.be.tests\bin\debug\net8.0\mivet.be.tests.dll" id="13496e2e-0ed2-4c31-b839-5af403901ed6">
      <Execution id="54df7155-46cf-45d2-98ca-7fb715775cf5" />
      <TestMethod codeBase="C:\repos\MIVET.BE\MIVET.BE.Tests\bin\Debug\net8.0\MIVET.BE.Tests.dll" adapterTypeName="executor://xunit/VsTestRunner2/netcoreapp" className="MIVET.BE.Tests.Hilos.Completos.CitaServiceConcurrenciaTests" name="CP011_ActualizacionConcurrente_MismaCita_ControlOptimista" />
    </UnitTest>
    <UnitTest name="MIVET.BE.Tests.Hilos.Completos.Continuacion.CitaServiceEdgeCasesTests.CP056_ActualizacionParcial_SoloHoraInicio_CambiosSelectivos" storage="c:\repos\mivet.be\mivet.be.tests\bin\debug\net8.0\mivet.be.tests.dll" id="c7f586a3-2375-4071-de35-1132c89cded8">
      <Execution id="1c221eeb-59a2-4158-8da1-75bdc602240d" />
      <TestMethod codeBase="C:\repos\MIVET.BE\MIVET.BE.Tests\bin\Debug\net8.0\MIVET.BE.Tests.dll" adapterTypeName="executor://xunit/VsTestRunner2/netcoreapp" className="MIVET.BE.Tests.Hilos.Completos.Continuacion.CitaServiceEdgeCasesTests" name="CP056_ActualizacionParcial_SoloHoraInicio_CambiosSelectivos" />
    </UnitTest>
    <UnitTest name="MIVET.BE.Tests.Hilos.Completos.CitaServiceIntegridadTests.CP059_RollbackConcurrencia_ModificacionSimultanea_SegundaFalla" storage="c:\repos\mivet.be\mivet.be.tests\bin\debug\net8.0\mivet.be.tests.dll" id="12c73a6d-dc4f-72f4-2975-8df7e95aa5f0">
      <Execution id="47f17aa6-5c72-4238-bd0d-8cf1c13d26a2" />
      <TestMethod codeBase="C:\repos\MIVET.BE\MIVET.BE.Tests\bin\Debug\net8.0\MIVET.BE.Tests.dll" adapterTypeName="executor://xunit/VsTestRunner2/netcoreapp" className="MIVET.BE.Tests.Hilos.Completos.CitaServiceIntegridadTests" name="CP059_RollbackConcurrencia_ModificacionSimultanea_SegundaFalla" />
    </UnitTest>
    <UnitTest name="MIVET.BE.Tests.Hilos.Completos.CitaServiceMetricasTests.CP083_EstadisticasPorEstado_TodosEstados_ConteosPrecisos" storage="c:\repos\mivet.be\mivet.be.tests\bin\debug\net8.0\mivet.be.tests.dll" id="d1b12165-d1bd-dc5c-7894-132400fe9494">
      <Execution id="91aeb5a5-17c8-4696-96d4-204312abd0f5" />
      <TestMethod codeBase="C:\repos\MIVET.BE\MIVET.BE.Tests\bin\Debug\net8.0\MIVET.BE.Tests.dll" adapterTypeName="executor://xunit/VsTestRunner2/netcoreapp" className="MIVET.BE.Tests.Hilos.Completos.CitaServiceMetricasTests" name="CP083_EstadisticasPorEstado_TodosEstados_ConteosPrecisos" />
    </UnitTest>
    <UnitTest name="MIVET.BE.Tests.Hilos.Completos.CitaServiceTiposEspecialesTests.CP069_CitaCirugia_DuracionLarga_240Minutos" storage="c:\repos\mivet.be\mivet.be.tests\bin\debug\net8.0\mivet.be.tests.dll" id="d60b7864-3627-7f33-7851-1c4625242499">
      <Execution id="11e50348-18d5-4bfb-b56d-8f5827500ddd" />
      <TestMethod codeBase="C:\repos\MIVET.BE\MIVET.BE.Tests\bin\Debug\net8.0\MIVET.BE.Tests.dll" adapterTypeName="executor://xunit/VsTestRunner2/netcoreapp" className="MIVET.BE.Tests.Hilos.Completos.CitaServiceTiposEspecialesTests" name="CP069_CitaCirugia_DuracionLarga_240Minutos" />
    </UnitTest>
    <UnitTest name="MIVET.BE.Tests.Hilos.Completos.CitaServiceConcurrenciaTests.CP006_ConcurrenciaMismoHorario_DosUsuarios_SoloUnaCitaExitosa" storage="c:\repos\mivet.be\mivet.be.tests\bin\debug\net8.0\mivet.be.tests.dll" id="19bf97fd-8f9e-eba6-ce47-81493c6d26ce">
      <Execution id="44800776-da39-4633-9a9b-9cb493c3fcb0" />
      <TestMethod codeBase="C:\repos\MIVET.BE\MIVET.BE.Tests\bin\Debug\net8.0\MIVET.BE.Tests.dll" adapterTypeName="executor://xunit/VsTestRunner2/netcoreapp" className="MIVET.BE.Tests.Hilos.Completos.CitaServiceConcurrenciaTests" name="CP006_ConcurrenciaMismoHorario_DosUsuarios_SoloUnaCitaExitosa" />
    </UnitTest>
    <UnitTest name="MIVET.BE.Tests.Hilos.Finales.CitaServiceValidacionesTests.CP021_DuracionExcesiva_ErrorValidacion" storage="c:\repos\mivet.be\mivet.be.tests\bin\debug\net8.0\mivet.be.tests.dll" id="12d1334b-4172-c9b4-314e-0286d104a632">
      <Execution id="ec68bf07-68f4-4667-90ec-4feea0053e38" />
      <TestMethod codeBase="C:\repos\MIVET.BE\MIVET.BE.Tests\bin\Debug\net8.0\MIVET.BE.Tests.dll" adapterTypeName="executor://xunit/VsTestRunner2/netcoreapp" className="MIVET.BE.Tests.Hilos.Finales.CitaServiceValidacionesTests" name="CP021_DuracionExcesiva_ErrorValidacion" />
    </UnitTest>
    <UnitTest name="MIVET.BE.Tests.Controllers.MascotaControllersTests.InsertAsync_NombreCaracteresEspeciales_RetornaError" storage="c:\repos\mivet.be\mivet.be.tests\bin\debug\net8.0\mivet.be.tests.dll" id="15ab1010-24cd-6dc3-418f-9e33e6c1dbbd">
      <Execution id="d0909e61-e4db-42e4-aa6f-5ad36c9956b2" />
      <TestMethod codeBase="C:\repos\MIVET.BE\MIVET.BE.Tests\bin\Debug\net8.0\MIVET.BE.Tests.dll" adapterTypeName="executor://xunit/VsTestRunner2/netcoreapp" className="MIVET.BE.Tests.Controllers.MascotaControllersTests" name="InsertAsync_NombreCaracteresEspeciales_RetornaError" />
    </UnitTest>
    <UnitTest name="MIVET.BE.Tests.Hilos.Finales.CitaServiceInternacionalizacionTests.CP097_ZonasHorarias_UTCvsLocal_ManejoHorarios" storage="c:\repos\mivet.be\mivet.be.tests\bin\debug\net8.0\mivet.be.tests.dll" id="ce02babe-535c-3fd2-e99b-f2251d8fc30f">
      <Execution id="d600be21-5c73-427c-a9df-f02f1c04b98c" />
      <TestMethod codeBase="C:\repos\MIVET.BE\MIVET.BE.Tests\bin\Debug\net8.0\MIVET.BE.Tests.dll" adapterTypeName="executor://xunit/VsTestRunner2/netcoreapp" className="MIVET.BE.Tests.Hilos.Finales.CitaServiceInternacionalizacionTests" name="CP097_ZonasHorarias_UTCvsLocal_ManejoHorarios" />
    </UnitTest>
    <UnitTest name="MIVET.BE.Tests.Repositorio.CitaRepositoryTests.CrearAsync_DiferentesTiposCita_CreaCitaCorrectamente(tipoCita: Emergencia, duracion: 60)" storage="c:\repos\mivet.be\mivet.be.tests\bin\debug\net8.0\mivet.be.tests.dll" id="f32161eb-cdc2-1c55-f28a-4ae9c46561ab">
      <Execution id="0d77fb77-aa63-4247-9a96-c215660c7e0d" />
      <TestMethod codeBase="C:\repos\MIVET.BE\MIVET.BE.Tests\bin\Debug\net8.0\MIVET.BE.Tests.dll" adapterTypeName="executor://xunit/VsTestRunner2/netcoreapp" className="MIVET.BE.Tests.Repositorio.CitaRepositoryTests" name="CrearAsync_DiferentesTiposCita_CreaCitaCorrectamente" />
    </UnitTest>
    <UnitTest name="MIVET.BE.Tests.Repositorio.CitaRepositoryTests.ValidarDisponibilidadVeterinarioAsync_SinHorario_RetornaFalse" storage="c:\repos\mivet.be\mivet.be.tests\bin\debug\net8.0\mivet.be.tests.dll" id="f7ee7981-d44d-1f96-82ed-9f431e4f149d">
      <Execution id="ae2b41a2-ab73-4306-8ce9-4c2c2525637c" />
      <TestMethod codeBase="C:\repos\MIVET.BE\MIVET.BE.Tests\bin\Debug\net8.0\MIVET.BE.Tests.dll" adapterTypeName="executor://xunit/VsTestRunner2/netcoreapp" className="MIVET.BE.Tests.Repositorio.CitaRepositoryTests" name="ValidarDisponibilidadVeterinarioAsync_SinHorario_RetornaFalse" />
    </UnitTest>
    <UnitTest name="MIVET.BE.Tests.Repositorio.CitaRepositoryTests.VeterinarioTieneHorarioAsync_FueraDeHorario_RetornaFalse" storage="c:\repos\mivet.be\mivet.be.tests\bin\debug\net8.0\mivet.be.tests.dll" id="4d201552-f8e5-0ff3-8541-ec02ab0ae1f4">
      <Execution id="29445b54-8b6a-49c2-827c-8485af7fb906" />
      <TestMethod codeBase="C:\repos\MIVET.BE\MIVET.BE.Tests\bin\Debug\net8.0\MIVET.BE.Tests.dll" adapterTypeName="executor://xunit/VsTestRunner2/netcoreapp" className="MIVET.BE.Tests.Repositorio.CitaRepositoryTests" name="VeterinarioTieneHorarioAsync_FueraDeHorario_RetornaFalse" />
    </UnitTest>
    <UnitTest name="MIVET.BE.Tests.Hilos.Finales.CitaServiceAuditoriaTests.CP099_RegistroAuditoria_CreacionCita_CamposCompletos" storage="c:\repos\mivet.be\mivet.be.tests\bin\debug\net8.0\mivet.be.tests.dll" id="61ac564b-d7aa-8a39-f9b9-9473ed0f86ff">
      <Execution id="a5318a07-3189-4040-84cb-ce3eb799f46b" />
      <TestMethod codeBase="C:\repos\MIVET.BE\MIVET.BE.Tests\bin\Debug\net8.0\MIVET.BE.Tests.dll" adapterTypeName="executor://xunit/VsTestRunner2/netcoreapp" className="MIVET.BE.Tests.Hilos.Finales.CitaServiceAuditoriaTests" name="CP099_RegistroAuditoria_CreacionCita_CamposCompletos" />
    </UnitTest>
    <UnitTest name="MIVET.BE.Tests.Controllers.MascotaControllersTests.InsertAsync_GenerosValidos_RetornaOk(genero: &quot;Macho&quot;)" storage="c:\repos\mivet.be\mivet.be.tests\bin\debug\net8.0\mivet.be.tests.dll" id="f0290901-f59c-1d75-5503-c782089d716b">
      <Execution id="b872f7a6-d2c1-4cb0-a8a3-22cbc623734d" />
      <TestMethod codeBase="C:\repos\MIVET.BE\MIVET.BE.Tests\bin\Debug\net8.0\MIVET.BE.Tests.dll" adapterTypeName="executor://xunit/VsTestRunner2/netcoreapp" className="MIVET.BE.Tests.Controllers.MascotaControllersTests" name="InsertAsync_GenerosValidos_RetornaOk" />
    </UnitTest>
    <UnitTest name="MIVET.BE.Tests.Repositorio.CitaRepositoryTests.MascotaExisteAsync_MascotaInactiva_RetornaFalse" storage="c:\repos\mivet.be\mivet.be.tests\bin\debug\net8.0\mivet.be.tests.dll" id="21a191ff-1088-ebb2-1b58-8bbbae00743d">
      <Execution id="fa4cd1bf-7b7c-469d-b031-aa61d47be56f" />
      <TestMethod codeBase="C:\repos\MIVET.BE\MIVET.BE.Tests\bin\Debug\net8.0\MIVET.BE.Tests.dll" adapterTypeName="executor://xunit/VsTestRunner2/netcoreapp" className="MIVET.BE.Tests.Repositorio.CitaRepositoryTests" name="MascotaExisteAsync_MascotaInactiva_RetornaFalse" />
    </UnitTest>
    <UnitTest name="MIVET.BE.Tests.Servicio.MascotaBLLTests.InsertAsync_EspeciesValidas_LlamaDAL(especie: &quot;Gato&quot;)" storage="c:\repos\mivet.be\mivet.be.tests\bin\debug\net8.0\mivet.be.tests.dll" id="f5a5afec-1874-bcdf-fd54-e4426045a8b1">
      <Execution id="48511dc7-9fd2-44e0-83e2-880a741918c4" />
      <TestMethod codeBase="C:\repos\MIVET.BE\MIVET.BE.Tests\bin\Debug\net8.0\MIVET.BE.Tests.dll" adapterTypeName="executor://xunit/VsTestRunner2/netcoreapp" className="MIVET.BE.Tests.Servicio.MascotaBLLTests" name="InsertAsync_EspeciesValidas_LlamaDAL" />
    </UnitTest>
    <UnitTest name="MIVET.BE.Tests.Hilos.Completos.Continuacion.CitaServiceEdgeCasesTests.CP051_CamposLimiteMaximo_500Caracteres_AlmacenamientoCompleto" storage="c:\repos\mivet.be\mivet.be.tests\bin\debug\net8.0\mivet.be.tests.dll" id="6e8ebad9-08a6-d2a5-44cf-43b79dc302c4">
      <Execution id="e1f4d1fb-efde-49c0-a6df-6dce88048fab" />
      <TestMethod codeBase="C:\repos\MIVET.BE\MIVET.BE.Tests\bin\Debug\net8.0\MIVET.BE.Tests.dll" adapterTypeName="executor://xunit/VsTestRunner2/netcoreapp" className="MIVET.BE.Tests.Hilos.Completos.Continuacion.CitaServiceEdgeCasesTests" name="CP051_CamposLimiteMaximo_500Caracteres_AlmacenamientoCompleto" />
    </UnitTest>
    <UnitTest name="MIVET.BE.Tests.Repositorio.CitaRepositoryTests.MascotaExisteAsync_MascotaActiva_RetornaTrue" storage="c:\repos\mivet.be\mivet.be.tests\bin\debug\net8.0\mivet.be.tests.dll" id="d14e9f9f-e508-d760-b77c-2b88b4d51ec2">
      <Execution id="54f0a7e5-d4fb-411e-89a8-505d7f90e86f" />
      <TestMethod codeBase="C:\repos\MIVET.BE\MIVET.BE.Tests\bin\Debug\net8.0\MIVET.BE.Tests.dll" adapterTypeName="executor://xunit/VsTestRunner2/netcoreapp" className="MIVET.BE.Tests.Repositorio.CitaRepositoryTests" name="MascotaExisteAsync_MascotaActiva_RetornaTrue" />
    </UnitTest>
    <UnitTest name="MIVET.BE.Tests.Controllers.MascotaControllersTests.InsertAsync_DocumentoVacio_RetornaError" storage="c:\repos\mivet.be\mivet.be.tests\bin\debug\net8.0\mivet.be.tests.dll" id="2bfd6718-8190-c0cf-65d6-26841a486e2e">
      <Execution id="d300f6e5-e13a-458f-b584-28af1706e0c8" />
      <TestMethod codeBase="C:\repos\MIVET.BE\MIVET.BE.Tests\bin\Debug\net8.0\MIVET.BE.Tests.dll" adapterTypeName="executor://xunit/VsTestRunner2/netcoreapp" className="MIVET.BE.Tests.Controllers.MascotaControllersTests" name="InsertAsync_DocumentoVacio_RetornaError" />
    </UnitTest>
    <UnitTest name="MIVET.BE.Tests.Controllers.CitaControllerTests.Crear_VeterinarioInexistente_RetornaBadRequest" storage="c:\repos\mivet.be\mivet.be.tests\bin\debug\net8.0\mivet.be.tests.dll" id="cdeb8298-8604-2fdb-0430-21ec8399e040">
      <Execution id="7c474f5a-798e-49de-a093-6d64714c4250" />
      <TestMethod codeBase="C:\repos\MIVET.BE\MIVET.BE.Tests\bin\Debug\net8.0\MIVET.BE.Tests.dll" adapterTypeName="executor://xunit/VsTestRunner2/netcoreapp" className="MIVET.BE.Tests.Controllers.CitaControllerTests" name="Crear_VeterinarioInexistente_RetornaBadRequest" />
    </UnitTest>
    <UnitTest name="MIVET.BE.Tests.Repositorio.MascotaDALTests.InsertAsync_EspeciesValidas_InsertaCorrectamente(especie: &quot;Perro&quot;)" storage="c:\repos\mivet.be\mivet.be.tests\bin\debug\net8.0\mivet.be.tests.dll" id="6742d8e4-5a1d-3801-1420-cea64e8d7e0d">
      <Execution id="e134416e-bd05-47df-afd7-5148a3b2df53" />
      <TestMethod codeBase="C:\repos\MIVET.BE\MIVET.BE.Tests\bin\Debug\net8.0\MIVET.BE.Tests.dll" adapterTypeName="executor://xunit/VsTestRunner2/netcoreapp" className="MIVET.BE.Tests.Repositorio.MascotaDALTests" name="InsertAsync_EspeciesValidas_InsertaCorrectamente" />
    </UnitTest>
    <UnitTest name="MIVET.BE.Tests.Hilos.Completos.CitaServiceValidacionesComplejas.CP095_VeterinarioExcedeCapacidad_CitasDiarias_ControlCapacidad" storage="c:\repos\mivet.be\mivet.be.tests\bin\debug\net8.0\mivet.be.tests.dll" id="61393582-6c9f-2925-8075-495a50725e69">
      <Execution id="edabeca1-bcae-4967-a1cf-06d0c4f4f1bf" />
      <TestMethod codeBase="C:\repos\MIVET.BE\MIVET.BE.Tests\bin\Debug\net8.0\MIVET.BE.Tests.dll" adapterTypeName="executor://xunit/VsTestRunner2/netcoreapp" className="MIVET.BE.Tests.Hilos.Completos.CitaServiceValidacionesComplejas" name="CP095_VeterinarioExcedeCapacidad_CitasDiarias_ControlCapacidad" />
    </UnitTest>
    <UnitTest name="MIVET.BE.Tests.Hilos.Completos.CitaServiceConsultasTests.CP037_CitasPorMascota_HistorialCompleto_OrdenDescendente" storage="c:\repos\mivet.be\mivet.be.tests\bin\debug\net8.0\mivet.be.tests.dll" id="1c76101a-745a-ecab-e414-5cf4b2523337">
      <Execution id="5d0d9eda-6b36-4d9e-81a6-fd6e52356228" />
      <TestMethod codeBase="C:\repos\MIVET.BE\MIVET.BE.Tests\bin\Debug\net8.0\MIVET.BE.Tests.dll" adapterTypeName="executor://xunit/VsTestRunner2/netcoreapp" className="MIVET.BE.Tests.Hilos.Completos.CitaServiceConsultasTests" name="CP037_CitasPorMascota_HistorialCompleto_OrdenDescendente" />
    </UnitTest>
    <UnitTest name="MIVET.BE.Tests.Hilos.Finales.CitaServiceEstadosTests.CP028_CancelarCitaCompletada_ErrorTransicion" storage="c:\repos\mivet.be\mivet.be.tests\bin\debug\net8.0\mivet.be.tests.dll" id="2aaa046b-9ee7-04a6-b0fd-587d180affbe">
      <Execution id="cf6b2add-5e86-496d-b09c-7da609f42de8" />
      <TestMethod codeBase="C:\repos\MIVET.BE\MIVET.BE.Tests\bin\Debug\net8.0\MIVET.BE.Tests.dll" adapterTypeName="executor://xunit/VsTestRunner2/netcoreapp" className="MIVET.BE.Tests.Hilos.Finales.CitaServiceEstadosTests" name="CP028_CancelarCitaCompletada_ErrorTransicion" />
    </UnitTest>
    <UnitTest name="MIVET.BE.Tests.Controllers.CitaControllerTests.Crear_TiposCitaValidos_RetornaCreated(tipoCita: Emergencia)" storage="c:\repos\mivet.be\mivet.be.tests\bin\debug\net8.0\mivet.be.tests.dll" id="34e368fa-bbf4-4307-6c4f-5d13761f9b3e">
      <Execution id="9a241454-8fa6-4700-bac5-3a04f289b9a6" />
      <TestMethod codeBase="C:\repos\MIVET.BE\MIVET.BE.Tests\bin\Debug\net8.0\MIVET.BE.Tests.dll" adapterTypeName="executor://xunit/VsTestRunner2/netcoreapp" className="MIVET.BE.Tests.Controllers.CitaControllerTests" name="Crear_TiposCitaValidos_RetornaCreated" />
    </UnitTest>
    <UnitTest name="MIVET.BE.Tests.Repositorio.MascotaDALTests.InsertAsync_VerificaRelacionConCliente" storage="c:\repos\mivet.be\mivet.be.tests\bin\debug\net8.0\mivet.be.tests.dll" id="3d878f55-af7b-0ac9-7c86-9a69d4476e22">
      <Execution id="c6dff099-56c6-4782-88a7-acd58552f929" />
      <TestMethod codeBase="C:\repos\MIVET.BE\MIVET.BE.Tests\bin\Debug\net8.0\MIVET.BE.Tests.dll" adapterTypeName="executor://xunit/VsTestRunner2/netcoreapp" className="MIVET.BE.Tests.Repositorio.MascotaDALTests" name="InsertAsync_VerificaRelacionConCliente" />
    </UnitTest>
    <UnitTest name="MIVET.BE.Tests.Hilos.Completos.CitaServiceConsultasTests.CP042_CitasPorEstado_FiltroConfirmadas_SoloEstadoEspecifico" storage="c:\repos\mivet.be\mivet.be.tests\bin\debug\net8.0\mivet.be.tests.dll" id="f8dd7b56-6d0d-39d3-53d3-b4a4dc2ce18d">
      <Execution id="6fdb9dff-4eda-4a2a-af04-457b78a33aab" />
      <TestMethod codeBase="C:\repos\MIVET.BE\MIVET.BE.Tests\bin\Debug\net8.0\MIVET.BE.Tests.dll" adapterTypeName="executor://xunit/VsTestRunner2/netcoreapp" className="MIVET.BE.Tests.Hilos.Completos.CitaServiceConsultasTests" name="CP042_CitasPorEstado_FiltroConfirmadas_SoloEstadoEspecifico" />
    </UnitTest>
    <UnitTest name="MIVET.BE.Tests.Hilos.Completos.CitaServiceFuncionalesTests.CP001_ProgramarCita_DatosValidos_ExitoCitaCreada" storage="c:\repos\mivet.be\mivet.be.tests\bin\debug\net8.0\mivet.be.tests.dll" id="a09b0537-a9d5-002a-b81b-558a6cabffdc">
      <Execution id="0b08cd0c-205c-45ab-b917-c9120e5d50a9" />
      <TestMethod codeBase="C:\repos\MIVET.BE\MIVET.BE.Tests\bin\Debug\net8.0\MIVET.BE.Tests.dll" adapterTypeName="executor://xunit/VsTestRunner2/netcoreapp" className="MIVET.BE.Tests.Hilos.Completos.CitaServiceFuncionalesTests" name="CP001_ProgramarCita_DatosValidos_ExitoCitaCreada" />
    </UnitTest>
    <UnitTest name="MIVET.BE.Tests.Repositorio.CitaRepositoryTests.MascotaExisteAsync_MascotaInexistente_RetornaFalse" storage="c:\repos\mivet.be\mivet.be.tests\bin\debug\net8.0\mivet.be.tests.dll" id="6091fe75-9014-7e43-bbe5-87adbbeb8f5c">
      <Execution id="093ac025-234a-4b51-a826-5895e8a2da88" />
      <TestMethod codeBase="C:\repos\MIVET.BE\MIVET.BE.Tests\bin\Debug\net8.0\MIVET.BE.Tests.dll" adapterTypeName="executor://xunit/VsTestRunner2/netcoreapp" className="MIVET.BE.Tests.Repositorio.CitaRepositoryTests" name="MascotaExisteAsync_MascotaInexistente_RetornaFalse" />
    </UnitTest>
    <UnitTest name="MIVET.BE.Tests.Controllers.MascotaControllersTests.InsertAsync_EdadMuyAlta_RetornaError" storage="c:\repos\mivet.be\mivet.be.tests\bin\debug\net8.0\mivet.be.tests.dll" id="eef97398-a555-19a1-8406-aefe397d72a7">
      <Execution id="9b03ad55-e937-4100-84fb-54f2f0cfb9be" />
      <TestMethod codeBase="C:\repos\MIVET.BE\MIVET.BE.Tests\bin\Debug\net8.0\MIVET.BE.Tests.dll" adapterTypeName="executor://xunit/VsTestRunner2/netcoreapp" className="MIVET.BE.Tests.Controllers.MascotaControllersTests" name="InsertAsync_EdadMuyAlta_RetornaError" />
    </UnitTest>
    <UnitTest name="MIVET.BE.Tests.Repositorio.CitaRepositoryTests.CrearAsync_DuracionMaxima_CreaCita" storage="c:\repos\mivet.be\mivet.be.tests\bin\debug\net8.0\mivet.be.tests.dll" id="cf6ebce1-b2f8-42b2-4f7e-aeef5839da65">
      <Execution id="c454e179-aa79-4bbd-b0d9-8c915fa04588" />
      <TestMethod codeBase="C:\repos\MIVET.BE\MIVET.BE.Tests\bin\Debug\net8.0\MIVET.BE.Tests.dll" adapterTypeName="executor://xunit/VsTestRunner2/netcoreapp" className="MIVET.BE.Tests.Repositorio.CitaRepositoryTests" name="CrearAsync_DuracionMaxima_CreaCita" />
    </UnitTest>
    <UnitTest name="MIVET.BE.Tests.Repositorio.CitaRepositoryTests.CrearAsync_DuracionMinima_CreaCita" storage="c:\repos\mivet.be\mivet.be.tests\bin\debug\net8.0\mivet.be.tests.dll" id="863c836f-64a8-e9ea-cddb-1d0c9a313814">
      <Execution id="3b5325ae-590c-4156-a191-0f7ae8792670" />
      <TestMethod codeBase="C:\repos\MIVET.BE\MIVET.BE.Tests\bin\Debug\net8.0\MIVET.BE.Tests.dll" adapterTypeName="executor://xunit/VsTestRunner2/netcoreapp" className="MIVET.BE.Tests.Repositorio.CitaRepositoryTests" name="CrearAsync_DuracionMinima_CreaCita" />
    </UnitTest>
    <UnitTest name="MIVET.BE.Tests.Hilos.Finales.CitaServiceValidacionesTests.CP017_FechaEnPasado_ErrorValidacion" storage="c:\repos\mivet.be\mivet.be.tests\bin\debug\net8.0\mivet.be.tests.dll" id="697e8510-9ac0-735f-a7a0-67e0c41705e6">
      <Execution id="93a0f890-ec5e-4c41-b92f-6bc9e2c4e702" />
      <TestMethod codeBase="C:\repos\MIVET.BE\MIVET.BE.Tests\bin\Debug\net8.0\MIVET.BE.Tests.dll" adapterTypeName="executor://xunit/VsTestRunner2/netcoreapp" className="MIVET.BE.Tests.Hilos.Finales.CitaServiceValidacionesTests" name="CP017_FechaEnPasado_ErrorValidacion" />
    </UnitTest>
    <UnitTest name="MIVET.BE.Tests.Servicio.CitaServiceTests.CrearAsync_DuracionMaxima_CreaCitaCorrectamente" storage="c:\repos\mivet.be\mivet.be.tests\bin\debug\net8.0\mivet.be.tests.dll" id="19aed18b-2726-b405-25ed-10b9f3b86952">
      <Execution id="3a4c7074-48f2-4f6b-8537-4d8a471e1720" />
      <TestMethod codeBase="C:\repos\MIVET.BE\MIVET.BE.Tests\bin\Debug\net8.0\MIVET.BE.Tests.dll" adapterTypeName="executor://xunit/VsTestRunner2/netcoreapp" className="MIVET.BE.Tests.Servicio.CitaServiceTests" name="CrearAsync_DuracionMaxima_CreaCitaCorrectamente" />
    </UnitTest>
    <UnitTest name="MIVET.BE.Tests.Hilos.Completos.Continuacion.CitaServiceEdgeCasesTests.CP055_FechaLimite_1AnoAdelante_PermisoHorizonteTemporal" storage="c:\repos\mivet.be\mivet.be.tests\bin\debug\net8.0\mivet.be.tests.dll" id="ec4ba039-6cb2-12e6-de11-036359924bfc">
      <Execution id="988c2bbe-d1cd-42d2-8fac-967c984da0d1" />
      <TestMethod codeBase="C:\repos\MIVET.BE\MIVET.BE.Tests\bin\Debug\net8.0\MIVET.BE.Tests.dll" adapterTypeName="executor://xunit/VsTestRunner2/netcoreapp" className="MIVET.BE.Tests.Hilos.Completos.Continuacion.CitaServiceEdgeCasesTests" name="CP055_FechaLimite_1AnoAdelante_PermisoHorizonteTemporal" />
    </UnitTest>
    <UnitTest name="MIVET.BE.Tests.Servicio.CitaServiceTests.CrearAsync_VeterinarioSinHorario_LanzaInvalidOperationException" storage="c:\repos\mivet.be\mivet.be.tests\bin\debug\net8.0\mivet.be.tests.dll" id="3734280d-2bc6-4a25-6857-d2238482270a">
      <Execution id="09391cac-db0d-42fa-92b8-39cfb6e9f4c7" />
      <TestMethod codeBase="C:\repos\MIVET.BE\MIVET.BE.Tests\bin\Debug\net8.0\MIVET.BE.Tests.dll" adapterTypeName="executor://xunit/VsTestRunner2/netcoreapp" className="MIVET.BE.Tests.Servicio.CitaServiceTests" name="CrearAsync_VeterinarioSinHorario_LanzaInvalidOperationException" />
    </UnitTest>
    <UnitTest name="MIVET.BE.Tests.Hilos.Finales.CitaServiceInternacionalizacionTests.CP098_CaracteresEspeciales_Busqueda_NormalizacionTexto" storage="c:\repos\mivet.be\mivet.be.tests\bin\debug\net8.0\mivet.be.tests.dll" id="6499047d-a664-c812-3054-b5d0b67ab921">
      <Execution id="e83930aa-8e46-441e-93c7-862b64cfc6a5" />
      <TestMethod codeBase="C:\repos\MIVET.BE\MIVET.BE.Tests\bin\Debug\net8.0\MIVET.BE.Tests.dll" adapterTypeName="executor://xunit/VsTestRunner2/netcoreapp" className="MIVET.BE.Tests.Hilos.Finales.CitaServiceInternacionalizacionTests" name="CP098_CaracteresEspeciales_Busqueda_NormalizacionTexto" />
    </UnitTest>
    <UnitTest name="MIVET.BE.Tests.Controllers.CitaControllerTests.Crear_TiposCitaValidos_RetornaCreated(tipoCita: Control)" storage="c:\repos\mivet.be\mivet.be.tests\bin\debug\net8.0\mivet.be.tests.dll" id="ebe5864c-ef47-a111-c538-3b9fe3c57542">
      <Execution id="e7402a3e-f843-435e-8936-3ebaa36246a3" />
      <TestMethod codeBase="C:\repos\MIVET.BE\MIVET.BE.Tests\bin\Debug\net8.0\MIVET.BE.Tests.dll" adapterTypeName="executor://xunit/VsTestRunner2/netcoreapp" className="MIVET.BE.Tests.Controllers.CitaControllerTests" name="Crear_TiposCitaValidos_RetornaCreated" />
    </UnitTest>
    <UnitTest name="MIVET.BE.Tests.Repositorio.CitaRepositoryTests.CrearAsync_DiferentesTiposCita_CreaCitaCorrectamente(tipoCita: Operacion, duracion: 120)" storage="c:\repos\mivet.be\mivet.be.tests\bin\debug\net8.0\mivet.be.tests.dll" id="76163902-6fdf-addd-efaa-8f180297e71b">
      <Execution id="6317afff-34aa-43a8-bce5-3174a01264b6" />
      <TestMethod codeBase="C:\repos\MIVET.BE\MIVET.BE.Tests\bin\Debug\net8.0\MIVET.BE.Tests.dll" adapterTypeName="executor://xunit/VsTestRunner2/netcoreapp" className="MIVET.BE.Tests.Repositorio.CitaRepositoryTests" name="CrearAsync_DiferentesTiposCita_CreaCitaCorrectamente" />
    </UnitTest>
    <UnitTest name="MIVET.BE.Tests.Hilos.Completos.CitaServiceConcurrenciaExtremTests.CP088_LockRegistros_ActualizacionesSimultaneas_ControlBloqueos" storage="c:\repos\mivet.be\mivet.be.tests\bin\debug\net8.0\mivet.be.tests.dll" id="ce5aa31d-1764-42b0-ce1e-9cb7e810c476">
      <Execution id="55d255f9-5abb-4187-8507-f662049bc418" />
      <TestMethod codeBase="C:\repos\MIVET.BE\MIVET.BE.Tests\bin\Debug\net8.0\MIVET.BE.Tests.dll" adapterTypeName="executor://xunit/VsTestRunner2/netcoreapp" className="MIVET.BE.Tests.Hilos.Completos.CitaServiceConcurrenciaExtremTests" name="CP088_LockRegistros_ActualizacionesSimultaneas_ControlBloqueos" />
    </UnitTest>
    <UnitTest name="MIVET.BE.Tests.Hilos.Completos.CitaServiceValidacionesComplejas.CP094_ClienteExcedeLimite_CitasMensuales_ControlLimites" storage="c:\repos\mivet.be\mivet.be.tests\bin\debug\net8.0\mivet.be.tests.dll" id="a383519a-6ef1-5e4c-22c6-216a5b4c6f53">
      <Execution id="46129f5b-b7f1-4b3a-b7e5-2dfe0ceeffa0" />
      <TestMethod codeBase="C:\repos\MIVET.BE\MIVET.BE.Tests\bin\Debug\net8.0\MIVET.BE.Tests.dll" adapterTypeName="executor://xunit/VsTestRunner2/netcoreapp" className="MIVET.BE.Tests.Hilos.Completos.CitaServiceValidacionesComplejas" name="CP094_ClienteExcedeLimite_CitasMensuales_ControlLimites" />
    </UnitTest>
    <UnitTest name="MIVET.BE.Tests.Servicio.MascotaBLLTests.InsertAsync_ValoresLimite_FuncionaCorrectamente(nombre: &quot;A&quot;, especie: &quot;Perro&quot;, raza: &quot;Husky&quot;, edad: 0, genero: &quot;Macho&quot;, documento: &quot;100331&quot;)" storage="c:\repos\mivet.be\mivet.be.tests\bin\debug\net8.0\mivet.be.tests.dll" id="6901aa12-8a70-7caa-76ad-1d063444948f">
      <Execution id="dfb49789-9471-449e-a11f-d13c61c1b84b" />
      <TestMethod codeBase="C:\repos\MIVET.BE\MIVET.BE.Tests\bin\Debug\net8.0\MIVET.BE.Tests.dll" adapterTypeName="executor://xunit/VsTestRunner2/netcoreapp" className="MIVET.BE.Tests.Servicio.MascotaBLLTests" name="InsertAsync_ValoresLimite_FuncionaCorrectamente" />
    </UnitTest>
    <UnitTest name="MIVET.BE.Tests.Hilos.Finales.CitaServiceValidacionesTests.CP019_FueraHorarioLaboral_ErrorValidacion" storage="c:\repos\mivet.be\mivet.be.tests\bin\debug\net8.0\mivet.be.tests.dll" id="9cdecd8c-ab38-6700-d7f3-66c6acd10e0d">
      <Execution id="b8885079-0a59-47c5-9fcd-92a30d7fb4c9" />
      <TestMethod codeBase="C:\repos\MIVET.BE\MIVET.BE.Tests\bin\Debug\net8.0\MIVET.BE.Tests.dll" adapterTypeName="executor://xunit/VsTestRunner2/netcoreapp" className="MIVET.BE.Tests.Hilos.Finales.CitaServiceValidacionesTests" name="CP019_FueraHorarioLaboral_ErrorValidacion" />
    </UnitTest>
    <UnitTest name="MIVET.BE.Tests.Hilos.Completos.CitaServiceDisponibilidadTests.CP031_HorariosCompletos_DiaCompleto_40SlotsDisponibles" storage="c:\repos\mivet.be\mivet.be.tests\bin\debug\net8.0\mivet.be.tests.dll" id="8f55fa64-394f-632f-2d10-219260dee181">
      <Execution id="ccaf3433-2fdb-4166-bb25-d49cdc10955a" />
      <TestMethod codeBase="C:\repos\MIVET.BE\MIVET.BE.Tests\bin\Debug\net8.0\MIVET.BE.Tests.dll" adapterTypeName="executor://xunit/VsTestRunner2/netcoreapp" className="MIVET.BE.Tests.Hilos.Completos.CitaServiceDisponibilidadTests" name="CP031_HorariosCompletos_DiaCompleto_40SlotsDisponibles" />
    </UnitTest>
    <UnitTest name="MIVET.BE.Tests.Controllers.CitaControllerTests.Crear_DatosValidos_RetornaCreated" storage="c:\repos\mivet.be\mivet.be.tests\bin\debug\net8.0\mivet.be.tests.dll" id="127cb669-86e2-d732-2a0e-e114d5084b6c">
      <Execution id="a041507f-4c0f-4202-9038-2a6b334776b9" />
      <TestMethod codeBase="C:\repos\MIVET.BE\MIVET.BE.Tests\bin\Debug\net8.0\MIVET.BE.Tests.dll" adapterTypeName="executor://xunit/VsTestRunner2/netcoreapp" className="MIVET.BE.Tests.Controllers.CitaControllerTests" name="Crear_DatosValidos_RetornaCreated" />
    </UnitTest>
    <UnitTest name="MIVET.BE.Tests.Repositorio.MascotaDALTests.InsertAsync_NombreVacio_DeberiaLanzarException" storage="c:\repos\mivet.be\mivet.be.tests\bin\debug\net8.0\mivet.be.tests.dll" id="983d745e-a446-77d0-1c40-f5c0bb2df14d">
      <Execution id="c5d0aef3-f070-4e1f-9b08-fc74575b54c4" />
      <TestMethod codeBase="C:\repos\MIVET.BE\MIVET.BE.Tests\bin\Debug\net8.0\MIVET.BE.Tests.dll" adapterTypeName="executor://xunit/VsTestRunner2/netcoreapp" className="MIVET.BE.Tests.Repositorio.MascotaDALTests" name="InsertAsync_NombreVacio_DeberiaLanzarException" />
    </UnitTest>
    <UnitTest name="MIVET.BE.Tests.Hilos.Completos.CitaServiceConcurrenciaTests.CP009_ConflictosHorarios_20Operaciones_DeteccionPrecisa" storage="c:\repos\mivet.be\mivet.be.tests\bin\debug\net8.0\mivet.be.tests.dll" id="896d6481-be69-ea1c-8c13-0928d776056e">
      <Execution id="91c97bc2-8283-4d98-ae71-f3063a185d68" />
      <TestMethod codeBase="C:\repos\MIVET.BE\MIVET.BE.Tests\bin\Debug\net8.0\MIVET.BE.Tests.dll" adapterTypeName="executor://xunit/VsTestRunner2/netcoreapp" className="MIVET.BE.Tests.Hilos.Completos.CitaServiceConcurrenciaTests" name="CP009_ConflictosHorarios_20Operaciones_DeteccionPrecisa" />
    </UnitTest>
    <UnitTest name="MIVET.BE.Tests.Controllers.CitaControllerTests.Crear_ExcepcionInterna_RetornaServerError" storage="c:\repos\mivet.be\mivet.be.tests\bin\debug\net8.0\mivet.be.tests.dll" id="39798e90-a32a-80ea-c936-c2c3138a7727">
      <Execution id="116f295f-e35c-4ddb-9b69-e94e442974e1" />
      <TestMethod codeBase="C:\repos\MIVET.BE\MIVET.BE.Tests\bin\Debug\net8.0\MIVET.BE.Tests.dll" adapterTypeName="executor://xunit/VsTestRunner2/netcoreapp" className="MIVET.BE.Tests.Controllers.CitaControllerTests" name="Crear_ExcepcionInterna_RetornaServerError" />
    </UnitTest>
    <UnitTest name="MIVET.BE.Tests.Controllers.CitaControllerTests.Crear_TiposCitaValidos_RetornaCreated(tipoCita: Normal)" storage="c:\repos\mivet.be\mivet.be.tests\bin\debug\net8.0\mivet.be.tests.dll" id="b660b633-62d5-38e2-3db3-387ab20c5cca">
      <Execution id="5d9f1d9f-7f58-4101-9c91-425a69f9062f" />
      <TestMethod codeBase="C:\repos\MIVET.BE\MIVET.BE.Tests\bin\Debug\net8.0\MIVET.BE.Tests.dll" adapterTypeName="executor://xunit/VsTestRunner2/netcoreapp" className="MIVET.BE.Tests.Controllers.CitaControllerTests" name="Crear_TiposCitaValidos_RetornaCreated" />
    </UnitTest>
    <UnitTest name="MIVET.BE.Tests.Repositorio.MascotaDALTests.InsertAsync_EspeciesValidas_InsertaCorrectamente(especie: &quot;Otro&quot;)" storage="c:\repos\mivet.be\mivet.be.tests\bin\debug\net8.0\mivet.be.tests.dll" id="05df2f07-c516-9759-8e98-19d1d52f0f8b">
      <Execution id="53197136-9b84-401f-8f67-a6a2e4c9211d" />
      <TestMethod codeBase="C:\repos\MIVET.BE\MIVET.BE.Tests\bin\Debug\net8.0\MIVET.BE.Tests.dll" adapterTypeName="executor://xunit/VsTestRunner2/netcoreapp" className="MIVET.BE.Tests.Repositorio.MascotaDALTests" name="InsertAsync_EspeciesValidas_InsertaCorrectamente" />
    </UnitTest>
    <UnitTest name="MIVET.BE.Tests.Servicio.CitaServiceTests.CrearAsync_DiferencesTiposCitaYDuracion_CreaCitaCorrectamente(tipoCita: Vacunacion, duracion: 45)" storage="c:\repos\mivet.be\mivet.be.tests\bin\debug\net8.0\mivet.be.tests.dll" id="d15597b1-0ca7-afd2-4225-f71794fe8448">
      <Execution id="a1c75767-4c36-449e-a05e-aef388613804" />
      <TestMethod codeBase="C:\repos\MIVET.BE\MIVET.BE.Tests\bin\Debug\net8.0\MIVET.BE.Tests.dll" adapterTypeName="executor://xunit/VsTestRunner2/netcoreapp" className="MIVET.BE.Tests.Servicio.CitaServiceTests" name="CrearAsync_DiferencesTiposCitaYDuracion_CreaCitaCorrectamente" />
    </UnitTest>
    <UnitTest name="MIVET.BE.Tests.Controllers.CitaControllerTests.Crear_HoraOcupada_RetornaBadRequest" storage="c:\repos\mivet.be\mivet.be.tests\bin\debug\net8.0\mivet.be.tests.dll" id="368a554d-bcfe-2bb2-037a-a91b4e7612a4">
      <Execution id="f7c42a3a-b4e4-46ac-82f3-38d54e581c34" />
      <TestMethod codeBase="C:\repos\MIVET.BE\MIVET.BE.Tests\bin\Debug\net8.0\MIVET.BE.Tests.dll" adapterTypeName="executor://xunit/VsTestRunner2/netcoreapp" className="MIVET.BE.Tests.Controllers.CitaControllerTests" name="Crear_HoraOcupada_RetornaBadRequest" />
    </UnitTest>
    <UnitTest name="MIVET.BE.Tests.Repositorio.MascotaDALTests.InsertAsync_EspeciesValidas_InsertaCorrectamente(especie: &quot;Gato&quot;)" storage="c:\repos\mivet.be\mivet.be.tests\bin\debug\net8.0\mivet.be.tests.dll" id="1b34acad-de10-0d57-7431-b4a1170b43a4">
      <Execution id="0eb63537-8140-443f-b258-59b5218fd810" />
      <TestMethod codeBase="C:\repos\MIVET.BE\MIVET.BE.Tests\bin\Debug\net8.0\MIVET.BE.Tests.dll" adapterTypeName="executor://xunit/VsTestRunner2/netcoreapp" className="MIVET.BE.Tests.Repositorio.MascotaDALTests" name="InsertAsync_EspeciesValidas_InsertaCorrectamente" />
    </UnitTest>
    <UnitTest name="MIVET.BE.Tests.Controllers.CitaControllerTests.Crear_HoraInvalida_RetornaBadRequest" storage="c:\repos\mivet.be\mivet.be.tests\bin\debug\net8.0\mivet.be.tests.dll" id="491739af-668c-c16e-ccc5-84609721ec11">
      <Execution id="59171d69-3c6b-4dd5-9fde-5633d7a49fa0" />
      <TestMethod codeBase="C:\repos\MIVET.BE\MIVET.BE.Tests\bin\Debug\net8.0\MIVET.BE.Tests.dll" adapterTypeName="executor://xunit/VsTestRunner2/netcoreapp" className="MIVET.BE.Tests.Controllers.CitaControllerTests" name="Crear_HoraInvalida_RetornaBadRequest" />
    </UnitTest>
    <UnitTest name="MIVET.BE.Tests.Hilos.Completos.CitaServiceMetricasTests.CP085_ContadorPorVeterinario_FechaEspecifica_ConteoExacto" storage="c:\repos\mivet.be\mivet.be.tests\bin\debug\net8.0\mivet.be.tests.dll" id="dbb3f1a2-7017-367f-68ed-85edb90ae1a2">
      <Execution id="f2f4ca30-744b-4be2-9bd6-cd3dd3f71f3c" />
      <TestMethod codeBase="C:\repos\MIVET.BE\MIVET.BE.Tests\bin\Debug\net8.0\MIVET.BE.Tests.dll" adapterTypeName="executor://xunit/VsTestRunner2/netcoreapp" className="MIVET.BE.Tests.Hilos.Completos.CitaServiceMetricasTests" name="CP085_ContadorPorVeterinario_FechaEspecifica_ConteoExacto" />
    </UnitTest>
    <UnitTest name="MIVET.BE.Tests.Hilos.Completos.CitaServiceConcurrenciaTests.CP012_ReprogramacionConcurrente_MultipleCitas_SinConflictos" storage="c:\repos\mivet.be\mivet.be.tests\bin\debug\net8.0\mivet.be.tests.dll" id="2a29bf27-d475-c4aa-5903-fbbe6f02f7eb">
      <Execution id="43d376db-724e-4fa4-97ae-3cb7945069a4" />
      <TestMethod codeBase="C:\repos\MIVET.BE\MIVET.BE.Tests\bin\Debug\net8.0\MIVET.BE.Tests.dll" adapterTypeName="executor://xunit/VsTestRunner2/netcoreapp" className="MIVET.BE.Tests.Hilos.Completos.CitaServiceConcurrenciaTests" name="CP012_ReprogramacionConcurrente_MultipleCitas_SinConflictos" />
    </UnitTest>
    <UnitTest name="MIVET.BE.Tests.Controllers.MascotaControllersTests.InsertAsync_EspeciesValidas_RetornaOk(especie: &quot;Ave&quot;)" storage="c:\repos\mivet.be\mivet.be.tests\bin\debug\net8.0\mivet.be.tests.dll" id="966aa595-2101-8a9e-3db9-092ef90e18ea">
      <Execution id="76319619-2209-4aab-a988-3ba6a80c1b51" />
      <TestMethod codeBase="C:\repos\MIVET.BE\MIVET.BE.Tests\bin\Debug\net8.0\MIVET.BE.Tests.dll" adapterTypeName="executor://xunit/VsTestRunner2/netcoreapp" className="MIVET.BE.Tests.Controllers.MascotaControllersTests" name="InsertAsync_EspeciesValidas_RetornaOk" />
    </UnitTest>
    <UnitTest name="MIVET.BE.Tests.Repositorio.MascotaDALTests.InsertAsync_EdadLimites_InsertaCorrectamente(edad: 0)" storage="c:\repos\mivet.be\mivet.be.tests\bin\debug\net8.0\mivet.be.tests.dll" id="4db542b2-f4d0-b238-1c1b-c6d917add69e">
      <Execution id="1c96f233-27cf-475c-a876-7381922d4b1a" />
      <TestMethod codeBase="C:\repos\MIVET.BE\MIVET.BE.Tests\bin\Debug\net8.0\MIVET.BE.Tests.dll" adapterTypeName="executor://xunit/VsTestRunner2/netcoreapp" className="MIVET.BE.Tests.Repositorio.MascotaDALTests" name="InsertAsync_EdadLimites_InsertaCorrectamente" />
    </UnitTest>
    <UnitTest name="MIVET.BE.Tests.Repositorio.MascotaDALTests.InsertAsync_NombreMinimo_InsertaCorrectamente" storage="c:\repos\mivet.be\mivet.be.tests\bin\debug\net8.0\mivet.be.tests.dll" id="4491f082-098f-21b2-988b-925621e32c7d">
      <Execution id="dc23bee6-4192-4f9a-856a-ef0c428133a0" />
      <TestMethod codeBase="C:\repos\MIVET.BE\MIVET.BE.Tests\bin\Debug\net8.0\MIVET.BE.Tests.dll" adapterTypeName="executor://xunit/VsTestRunner2/netcoreapp" className="MIVET.BE.Tests.Repositorio.MascotaDALTests" name="InsertAsync_NombreMinimo_InsertaCorrectamente" />
    </UnitTest>
    <UnitTest name="MIVET.BE.Tests.Repositorio.MascotaDALTests.InsertAsync_GenerosValidos_InsertaCorrectamente(genero: &quot;Macho&quot;)" storage="c:\repos\mivet.be\mivet.be.tests\bin\debug\net8.0\mivet.be.tests.dll" id="da9b5685-2684-2dd9-1d23-25f5439f411a">
      <Execution id="719c5dc6-59e6-4651-8fbc-f61a3e9249f7" />
      <TestMethod codeBase="C:\repos\MIVET.BE\MIVET.BE.Tests\bin\Debug\net8.0\MIVET.BE.Tests.dll" adapterTypeName="executor://xunit/VsTestRunner2/netcoreapp" className="MIVET.BE.Tests.Repositorio.MascotaDALTests" name="InsertAsync_GenerosValidos_InsertaCorrectamente" />
    </UnitTest>
    <UnitTest name="MIVET.BE.Tests.Hilos.Completos.CitaServiceTiposEspecialesTests.CP071_CitaControl_PostOperatorio_ValidacionesEspeciales" storage="c:\repos\mivet.be\mivet.be.tests\bin\debug\net8.0\mivet.be.tests.dll" id="d906f0c8-532d-bac1-6073-42f74812e203">
      <Execution id="86cc42e2-fe00-4909-a55e-5b9e44bd17b1" />
      <TestMethod codeBase="C:\repos\MIVET.BE\MIVET.BE.Tests\bin\Debug\net8.0\MIVET.BE.Tests.dll" adapterTypeName="executor://xunit/VsTestRunner2/netcoreapp" className="MIVET.BE.Tests.Hilos.Completos.CitaServiceTiposEspecialesTests" name="CP071_CitaControl_PostOperatorio_ValidacionesEspeciales" />
    </UnitTest>
    <UnitTest name="MIVET.BE.Tests.Servicio.MascotaBLLTests.InsertAsync_ValoresLimite_FuncionaCorrectamente(nombre: &quot;NombreDe50CaracteresExactamenteParaProbarLimite&quot;, especie: &quot;Gato&quot;, raza: &quot;Siamés&quot;, edad: 30, genero: &quot;Hembra&quot;, documento: &quot;1003315228&quot;)" storage="c:\repos\mivet.be\mivet.be.tests\bin\debug\net8.0\mivet.be.tests.dll" id="fd4192b9-f012-d0aa-0644-7c4856b7bf20">
      <Execution id="a2e98cb5-e03a-45c3-b4ca-8d698a3a5e4b" />
      <TestMethod codeBase="C:\repos\MIVET.BE\MIVET.BE.Tests\bin\Debug\net8.0\MIVET.BE.Tests.dll" adapterTypeName="executor://xunit/VsTestRunner2/netcoreapp" className="MIVET.BE.Tests.Servicio.MascotaBLLTests" name="InsertAsync_ValoresLimite_FuncionaCorrectamente" />
    </UnitTest>
    <UnitTest name="MIVET.BE.Tests.Hilos.Finales.CitaServiceRendimientoTests.CP045_CreacionMasiva_100CitasDiferentes_RendimientoAceptable" storage="c:\repos\mivet.be\mivet.be.tests\bin\debug\net8.0\mivet.be.tests.dll" id="c6051f41-07bf-d141-2a73-6781aeeeb59f">
      <Execution id="71479407-cebe-4400-9862-6bb6258fa21e" />
      <TestMethod codeBase="C:\repos\MIVET.BE\MIVET.BE.Tests\bin\Debug\net8.0\MIVET.BE.Tests.dll" adapterTypeName="executor://xunit/VsTestRunner2/netcoreapp" className="MIVET.BE.Tests.Hilos.Finales.CitaServiceRendimientoTests" name="CP045_CreacionMasiva_100CitasDiferentes_RendimientoAceptable" />
    </UnitTest>
    <UnitTest name="MIVET.BE.Tests.Servicio.CitaServiceTests.CrearAsync_VerificaSecuenciaDeValidaciones" storage="c:\repos\mivet.be\mivet.be.tests\bin\debug\net8.0\mivet.be.tests.dll" id="e648ecfd-d30b-fbc0-dda3-b3b5c0625ac6">
      <Execution id="455df36a-b0b6-4e7e-b7c3-e3b9f9a8f578" />
      <TestMethod codeBase="C:\repos\MIVET.BE\MIVET.BE.Tests\bin\Debug\net8.0\MIVET.BE.Tests.dll" adapterTypeName="executor://xunit/VsTestRunner2/netcoreapp" className="MIVET.BE.Tests.Servicio.CitaServiceTests" name="CrearAsync_VerificaSecuenciaDeValidaciones" />
    </UnitTest>
    <UnitTest name="MIVET.BE.Tests.Servicio.CitaServiceTests.CrearAsync_DiferencesTiposCitaYDuracion_CreaCitaCorrectamente(tipoCita: Emergencia, duracion: 60)" storage="c:\repos\mivet.be\mivet.be.tests\bin\debug\net8.0\mivet.be.tests.dll" id="3ad215d4-4094-5818-dea1-d747cf6767b4">
      <Execution id="a19d47db-9299-419b-9876-7662fe30a750" />
      <TestMethod codeBase="C:\repos\MIVET.BE\MIVET.BE.Tests\bin\Debug\net8.0\MIVET.BE.Tests.dll" adapterTypeName="executor://xunit/VsTestRunner2/netcoreapp" className="MIVET.BE.Tests.Servicio.CitaServiceTests" name="CrearAsync_DiferencesTiposCitaYDuracion_CreaCitaCorrectamente" />
    </UnitTest>
    <UnitTest name="MIVET.BE.Tests.Servicio.MascotaBLLTests.InsertAsync_EspeciesValidas_LlamaDAL(especie: &quot;Otro&quot;)" storage="c:\repos\mivet.be\mivet.be.tests\bin\debug\net8.0\mivet.be.tests.dll" id="d4d119df-4e0d-be1b-8a50-6afc175b31fe">
      <Execution id="2ced369c-e67d-4404-bd91-08ab87d10fde" />
      <TestMethod codeBase="C:\repos\MIVET.BE\MIVET.BE.Tests\bin\Debug\net8.0\MIVET.BE.Tests.dll" adapterTypeName="executor://xunit/VsTestRunner2/netcoreapp" className="MIVET.BE.Tests.Servicio.MascotaBLLTests" name="InsertAsync_EspeciesValidas_LlamaDAL" />
    </UnitTest>
    <UnitTest name="MIVET.BE.Tests.Controllers.CitaControllerTests.Crear_HoraFueraDeHorarioLaboral_RetornaBadRequest" storage="c:\repos\mivet.be\mivet.be.tests\bin\debug\net8.0\mivet.be.tests.dll" id="ee1126a9-353a-6e02-dc19-c8fc36e56a52">
      <Execution id="1c890b50-1fe3-4c17-bacb-4f115eb90e6e" />
      <TestMethod codeBase="C:\repos\MIVET.BE\MIVET.BE.Tests\bin\Debug\net8.0\MIVET.BE.Tests.dll" adapterTypeName="executor://xunit/VsTestRunner2/netcoreapp" className="MIVET.BE.Tests.Controllers.CitaControllerTests" name="Crear_HoraFueraDeHorarioLaboral_RetornaBadRequest" />
    </UnitTest>
    <UnitTest name="MIVET.BE.Tests.Servicio.CitaServiceTests.CrearAsync_MascotaInactiva_LanzaInvalidOperationException" storage="c:\repos\mivet.be\mivet.be.tests\bin\debug\net8.0\mivet.be.tests.dll" id="9e54605b-b18d-3baa-1fea-20c4bbf66994">
      <Execution id="a0074911-8af4-43a7-acf4-7e43c59dcb7e" />
      <TestMethod codeBase="C:\repos\MIVET.BE\MIVET.BE.Tests\bin\Debug\net8.0\MIVET.BE.Tests.dll" adapterTypeName="executor://xunit/VsTestRunner2/netcoreapp" className="MIVET.BE.Tests.Servicio.CitaServiceTests" name="CrearAsync_MascotaInactiva_LanzaInvalidOperationException" />
    </UnitTest>
    <UnitTest name="MIVET.BE.Tests.Repositorio.CitaRepositoryTests.ExisteConflictoHorarioAsync_HorarioOcupado_RetornaTrue" storage="c:\repos\mivet.be\mivet.be.tests\bin\debug\net8.0\mivet.be.tests.dll" id="10faf36a-c30b-e728-8b86-09514546ccca">
      <Execution id="0c67aa8d-deaa-4203-a582-394a8be0d45d" />
      <TestMethod codeBase="C:\repos\MIVET.BE\MIVET.BE.Tests\bin\Debug\net8.0\MIVET.BE.Tests.dll" adapterTypeName="executor://xunit/VsTestRunner2/netcoreapp" className="MIVET.BE.Tests.Repositorio.CitaRepositoryTests" name="ExisteConflictoHorarioAsync_HorarioOcupado_RetornaTrue" />
    </UnitTest>
    <UnitTest name="MIVET.BE.Tests.Servicio.CitaServiceTests.CrearAsync_DiferencesTiposCitaYDuracion_CreaCitaCorrectamente(tipoCita: Normal, duracion: 15)" storage="c:\repos\mivet.be\mivet.be.tests\bin\debug\net8.0\mivet.be.tests.dll" id="04fb97ef-9a7c-50d8-17f7-e794cd43610a">
      <Execution id="276f44e8-fce3-4307-89ff-014992bab119" />
      <TestMethod codeBase="C:\repos\MIVET.BE\MIVET.BE.Tests\bin\Debug\net8.0\MIVET.BE.Tests.dll" adapterTypeName="executor://xunit/VsTestRunner2/netcoreapp" className="MIVET.BE.Tests.Servicio.CitaServiceTests" name="CrearAsync_DiferencesTiposCitaYDuracion_CreaCitaCorrectamente" />
    </UnitTest>
    <UnitTest name="MIVET.BE.Tests.Controllers.MascotaControllersTests.InsertAsync_EspeciesValidas_RetornaOk(especie: &quot;Perro&quot;)" storage="c:\repos\mivet.be\mivet.be.tests\bin\debug\net8.0\mivet.be.tests.dll" id="94e82a9a-8dfa-cdd1-04e2-7c91ab896f6c">
      <Execution id="6ee82f58-067b-4a27-8996-caf0716c70ff" />
      <TestMethod codeBase="C:\repos\MIVET.BE\MIVET.BE.Tests\bin\Debug\net8.0\MIVET.BE.Tests.dll" adapterTypeName="executor://xunit/VsTestRunner2/netcoreapp" className="MIVET.BE.Tests.Controllers.MascotaControllersTests" name="InsertAsync_EspeciesValidas_RetornaOk" />
    </UnitTest>
    <UnitTest name="MIVET.BE.Tests.Repositorio.CitaRepositoryTests.CrearAsync_DatosValidos_CreaCitaCorrectamente" storage="c:\repos\mivet.be\mivet.be.tests\bin\debug\net8.0\mivet.be.tests.dll" id="4d891ca8-d7d5-ed9e-6ed1-2dd9b54538c0">
      <Execution id="bd042386-f5cc-4b62-a423-e5f9ecf8e3cc" />
      <TestMethod codeBase="C:\repos\MIVET.BE\MIVET.BE.Tests\bin\Debug\net8.0\MIVET.BE.Tests.dll" adapterTypeName="executor://xunit/VsTestRunner2/netcoreapp" className="MIVET.BE.Tests.Repositorio.CitaRepositoryTests" name="CrearAsync_DatosValidos_CreaCitaCorrectamente" />
    </UnitTest>
    <UnitTest name="MIVET.BE.Tests.Repositorio.CitaRepositoryTests.VeterinarioTieneHorarioAsync_HorarioNoConfigurado_RetornaFalse" storage="c:\repos\mivet.be\mivet.be.tests\bin\debug\net8.0\mivet.be.tests.dll" id="fc29d29d-cfd5-7e07-23d1-cf2e689b962e">
      <Execution id="9d385797-d532-407b-b074-6116c029e376" />
      <TestMethod codeBase="C:\repos\MIVET.BE\MIVET.BE.Tests\bin\Debug\net8.0\MIVET.BE.Tests.dll" adapterTypeName="executor://xunit/VsTestRunner2/netcoreapp" className="MIVET.BE.Tests.Repositorio.CitaRepositoryTests" name="VeterinarioTieneHorarioAsync_HorarioNoConfigurado_RetornaFalse" />
    </UnitTest>
    <UnitTest name="MIVET.BE.Tests.Hilos.Completos.CitaServiceDisponibilidadTests.CP036_CalendarioMensual_VistaMensual_DisponibilidadCompleta" storage="c:\repos\mivet.be\mivet.be.tests\bin\debug\net8.0\mivet.be.tests.dll" id="6755f8ef-a5ce-a9ad-b9ec-e8cdfcff5295">
      <Execution id="7b7ec486-06dc-4252-b9e5-4f1f2007d42b" />
      <TestMethod codeBase="C:\repos\MIVET.BE\MIVET.BE.Tests\bin\Debug\net8.0\MIVET.BE.Tests.dll" adapterTypeName="executor://xunit/VsTestRunner2/netcoreapp" className="MIVET.BE.Tests.Hilos.Completos.CitaServiceDisponibilidadTests" name="CP036_CalendarioMensual_VistaMensual_DisponibilidadCompleta" />
    </UnitTest>
    <UnitTest name="MIVET.BE.Tests.Hilos.Completos.CitaServiceIntegridadTests.CP061_IntegridadReferencial_MascotaConCitas_ProteccionFK" storage="c:\repos\mivet.be\mivet.be.tests\bin\debug\net8.0\mivet.be.tests.dll" id="9488f44f-df3b-6b0a-7afe-fb09b4e05bba">
      <Execution id="e3a33f07-ff78-41b6-bd33-d00bad37de0e" />
      <TestMethod codeBase="C:\repos\MIVET.BE\MIVET.BE.Tests\bin\Debug\net8.0\MIVET.BE.Tests.dll" adapterTypeName="executor://xunit/VsTestRunner2/netcoreapp" className="MIVET.BE.Tests.Hilos.Completos.CitaServiceIntegridadTests" name="CP061_IntegridadReferencial_MascotaConCitas_ProteccionFK" />
    </UnitTest>
    <UnitTest name="MIVET.BE.Tests.Controllers.CitaControllerTests.Crear_HorasLimite_RetornaCreated(hora: 8, minuto: 0)" storage="c:\repos\mivet.be\mivet.be.tests\bin\debug\net8.0\mivet.be.tests.dll" id="a5e1a2f9-373d-4ce7-35ca-66f88268696e">
      <Execution id="299f37c1-52bd-4f80-a880-f7ffb5f1d662" />
      <TestMethod codeBase="C:\repos\MIVET.BE\MIVET.BE.Tests\bin\Debug\net8.0\MIVET.BE.Tests.dll" adapterTypeName="executor://xunit/VsTestRunner2/netcoreapp" className="MIVET.BE.Tests.Controllers.CitaControllerTests" name="Crear_HorasLimite_RetornaCreated" />
    </UnitTest>
    <UnitTest name="MIVET.BE.Tests.Hilos.Completos.CitaServiceTiposEspecialesTests.CP070_CitaVacunacion_DuracionCorta_15Minutos" storage="c:\repos\mivet.be\mivet.be.tests\bin\debug\net8.0\mivet.be.tests.dll" id="59bb0170-6cbd-673d-6435-2ee5b849a98e">
      <Execution id="a2499ce3-74d9-47fa-984e-ecd9b5b77304" />
      <TestMethod codeBase="C:\repos\MIVET.BE\MIVET.BE.Tests\bin\Debug\net8.0\MIVET.BE.Tests.dll" adapterTypeName="executor://xunit/VsTestRunner2/netcoreapp" className="MIVET.BE.Tests.Hilos.Completos.CitaServiceTiposEspecialesTests" name="CP070_CitaVacunacion_DuracionCorta_15Minutos" />
    </UnitTest>
    <UnitTest name="MIVET.BE.Tests.Hilos.Completos.CitaServiceIntegridadTests.CP063_SimulacionFalloBD_Reconexion_ContinuidadOperacion" storage="c:\repos\mivet.be\mivet.be.tests\bin\debug\net8.0\mivet.be.tests.dll" id="8327383b-46a0-5392-b2e6-e07603889831">
      <Execution id="0fd0cf54-a1b4-441d-9b0b-97fcd67d337b" />
      <TestMethod codeBase="C:\repos\MIVET.BE\MIVET.BE.Tests\bin\Debug\net8.0\MIVET.BE.Tests.dll" adapterTypeName="executor://xunit/VsTestRunner2/netcoreapp" className="MIVET.BE.Tests.Hilos.Completos.CitaServiceIntegridadTests" name="CP063_SimulacionFalloBD_Reconexion_ContinuidadOperacion" />
    </UnitTest>
    <UnitTest name="MIVET.BE.Tests.Controllers.MascotaControllersTests.InsertAsync_DatosValidos_RetornaOk" storage="c:\repos\mivet.be\mivet.be.tests\bin\debug\net8.0\mivet.be.tests.dll" id="13802d75-566f-7b56-129d-9a01f7b0000f">
      <Execution id="f17fe7d4-2ae3-49a9-bcbc-8853f1402cf8" />
      <TestMethod codeBase="C:\repos\MIVET.BE\MIVET.BE.Tests\bin\Debug\net8.0\MIVET.BE.Tests.dll" adapterTypeName="executor://xunit/VsTestRunner2/netcoreapp" className="MIVET.BE.Tests.Controllers.MascotaControllersTests" name="InsertAsync_DatosValidos_RetornaOk" />
    </UnitTest>
    <UnitTest name="MIVET.BE.Tests.Repositorio.MascotaDALTests.InsertAsync_DatosValidos_InsertaCorrectamente" storage="c:\repos\mivet.be\mivet.be.tests\bin\debug\net8.0\mivet.be.tests.dll" id="1bf62292-15cc-cebc-b544-aeed201337c5">
      <Execution id="129170be-7ea4-460b-a624-9bf35c507fe5" />
      <TestMethod codeBase="C:\repos\MIVET.BE\MIVET.BE.Tests\bin\Debug\net8.0\MIVET.BE.Tests.dll" adapterTypeName="executor://xunit/VsTestRunner2/netcoreapp" className="MIVET.BE.Tests.Repositorio.MascotaDALTests" name="InsertAsync_DatosValidos_InsertaCorrectamente" />
    </UnitTest>
    <UnitTest name="MIVET.BE.Tests.Controllers.CitaControllerTests.Crear_TiposCitaValidos_RetornaCreated(tipoCita: Operacion)" storage="c:\repos\mivet.be\mivet.be.tests\bin\debug\net8.0\mivet.be.tests.dll" id="e0d9e013-a2d2-f859-a96e-939c3b033ac4">
      <Execution id="f3fc53ce-a55c-404a-896e-31c94d8ed5e5" />
      <TestMethod codeBase="C:\repos\MIVET.BE\MIVET.BE.Tests\bin\Debug\net8.0\MIVET.BE.Tests.dll" adapterTypeName="executor://xunit/VsTestRunner2/netcoreapp" className="MIVET.BE.Tests.Controllers.CitaControllerTests" name="Crear_TiposCitaValidos_RetornaCreated" />
    </UnitTest>
    <UnitTest name="MIVET.BE.Tests.Controllers.MascotaControllersTests.InsertAsync_NombreMaximo_RetornaOk" storage="c:\repos\mivet.be\mivet.be.tests\bin\debug\net8.0\mivet.be.tests.dll" id="ca05ec19-f254-ed9c-e4d9-ebaf65ad0d33">
      <Execution id="0252a8ef-2cb1-43f9-b568-b183bba1c988" />
      <TestMethod codeBase="C:\repos\MIVET.BE\MIVET.BE.Tests\bin\Debug\net8.0\MIVET.BE.Tests.dll" adapterTypeName="executor://xunit/VsTestRunner2/netcoreapp" className="MIVET.BE.Tests.Controllers.MascotaControllersTests" name="InsertAsync_NombreMaximo_RetornaOk" />
    </UnitTest>
    <UnitTest name="MIVET.BE.Tests.Controllers.CitaControllerTests.Crear_FechaInvalida_RetornaBadRequest" storage="c:\repos\mivet.be\mivet.be.tests\bin\debug\net8.0\mivet.be.tests.dll" id="fa163575-b5a7-ab29-0d02-0fb2f419e089">
      <Execution id="4fe79370-44f1-4eb0-b0a7-43e5000867c1" />
      <TestMethod codeBase="C:\repos\MIVET.BE\MIVET.BE.Tests\bin\Debug\net8.0\MIVET.BE.Tests.dll" adapterTypeName="executor://xunit/VsTestRunner2/netcoreapp" className="MIVET.BE.Tests.Controllers.CitaControllerTests" name="Crear_FechaInvalida_RetornaBadRequest" />
    </UnitTest>
    <UnitTest name="MIVET.BE.Tests.Controllers.CitaControllerTests.Crear_HorasFueraLimite_RetornaBadRequest(hora: 7, minuto: 59)" storage="c:\repos\mivet.be\mivet.be.tests\bin\debug\net8.0\mivet.be.tests.dll" id="dfc2cb24-e4c4-2b9a-2179-84be303838e8">
      <Execution id="133e85b7-80a7-45bc-9dbc-5019084a0b04" />
      <TestMethod codeBase="C:\repos\MIVET.BE\MIVET.BE.Tests\bin\Debug\net8.0\MIVET.BE.Tests.dll" adapterTypeName="executor://xunit/VsTestRunner2/netcoreapp" className="MIVET.BE.Tests.Controllers.CitaControllerTests" name="Crear_HorasFueraLimite_RetornaBadRequest" />
    </UnitTest>
    <UnitTest name="MIVET.BE.Tests.Controllers.MascotaControllersTests.InsertAsync_EdadLimites_RetornaOk(edad: 30)" storage="c:\repos\mivet.be\mivet.be.tests\bin\debug\net8.0\mivet.be.tests.dll" id="61c25aeb-b1c8-b5e2-2950-4ed9197009a3">
      <Execution id="b2dfae76-0324-4162-bc2a-6fff048e2da3" />
      <TestMethod codeBase="C:\repos\MIVET.BE\MIVET.BE.Tests\bin\Debug\net8.0\MIVET.BE.Tests.dll" adapterTypeName="executor://xunit/VsTestRunner2/netcoreapp" className="MIVET.BE.Tests.Controllers.MascotaControllersTests" name="InsertAsync_EdadLimites_RetornaOk" />
    </UnitTest>
    <UnitTest name="MIVET.BE.Tests.Servicio.CitaServiceTests.CrearAsync_HorarioOcupado_LanzaInvalidOperationException" storage="c:\repos\mivet.be\mivet.be.tests\bin\debug\net8.0\mivet.be.tests.dll" id="33369b6f-29e7-e397-f634-f6f6021665db">
      <Execution id="8dcaa792-4470-497d-879f-2c9aba7dde0d" />
      <TestMethod codeBase="C:\repos\MIVET.BE\MIVET.BE.Tests\bin\Debug\net8.0\MIVET.BE.Tests.dll" adapterTypeName="executor://xunit/VsTestRunner2/netcoreapp" className="MIVET.BE.Tests.Servicio.CitaServiceTests" name="CrearAsync_HorarioOcupado_LanzaInvalidOperationException" />
    </UnitTest>
    <UnitTest name="MIVET.BE.Tests.Hilos.Completos.CitaServiceConcurrenciaExtremTests.CP086_DeadlockTablas_OperacionesCruzadas_DeteccionDeadlock" storage="c:\repos\mivet.be\mivet.be.tests\bin\debug\net8.0\mivet.be.tests.dll" id="60c5a9e8-0bfb-aff7-ba39-ec0bfb8e99d8">
      <Execution id="d283d5bc-b0d3-4de9-8354-c297fe75d8db" />
      <TestMethod codeBase="C:\repos\MIVET.BE\MIVET.BE.Tests\bin\Debug\net8.0\MIVET.BE.Tests.dll" adapterTypeName="executor://xunit/VsTestRunner2/netcoreapp" className="MIVET.BE.Tests.Hilos.Completos.CitaServiceConcurrenciaExtremTests" name="CP086_DeadlockTablas_OperacionesCruzadas_DeteccionDeadlock" />
    </UnitTest>
    <UnitTest name="MIVET.BE.Tests.Controllers.MascotaControllersTests.InsertAsync_GeneroVacio_RetornaError" storage="c:\repos\mivet.be\mivet.be.tests\bin\debug\net8.0\mivet.be.tests.dll" id="2351860b-f75a-5ef8-c6d1-3170a7040917">
      <Execution id="71c0c6b9-ceec-4a64-a885-087c3faa4db4" />
      <TestMethod codeBase="C:\repos\MIVET.BE\MIVET.BE.Tests\bin\Debug\net8.0\MIVET.BE.Tests.dll" adapterTypeName="executor://xunit/VsTestRunner2/netcoreapp" className="MIVET.BE.Tests.Controllers.MascotaControllersTests" name="InsertAsync_GeneroVacio_RetornaError" />
    </UnitTest>
    <UnitTest name="MIVET.BE.Tests.Hilos.Completos.CitaServiceConcurrenciaExtremTests.CP089_TimeoutOperaciones_OperacionesLargas_ManejoTimeouts" storage="c:\repos\mivet.be\mivet.be.tests\bin\debug\net8.0\mivet.be.tests.dll" id="d87bdcc4-db28-69b7-3698-820d4a4c63c5">
      <Execution id="018f38b2-63ec-4a89-affa-57248440254f" />
      <TestMethod codeBase="C:\repos\MIVET.BE\MIVET.BE.Tests\bin\Debug\net8.0\MIVET.BE.Tests.dll" adapterTypeName="executor://xunit/VsTestRunner2/netcoreapp" className="MIVET.BE.Tests.Hilos.Completos.CitaServiceConcurrenciaExtremTests" name="CP089_TimeoutOperaciones_OperacionesLargas_ManejoTimeouts" />
    </UnitTest>
    <UnitTest name="MIVET.BE.Tests.Controllers.MascotaControllersTests.InsertAsync_EspeciesValidas_RetornaOk(especie: &quot;Gato&quot;)" storage="c:\repos\mivet.be\mivet.be.tests\bin\debug\net8.0\mivet.be.tests.dll" id="d8d086de-1896-b5a0-7144-b84cc9fda316">
      <Execution id="0de901e8-6e36-4521-8998-cab7c9cc2d1f" />
      <TestMethod codeBase="C:\repos\MIVET.BE\MIVET.BE.Tests\bin\Debug\net8.0\MIVET.BE.Tests.dll" adapterTypeName="executor://xunit/VsTestRunner2/netcoreapp" className="MIVET.BE.Tests.Controllers.MascotaControllersTests" name="InsertAsync_EspeciesValidas_RetornaOk" />
    </UnitTest>
    <UnitTest name="MIVET.BE.Tests.Hilos.Completos.Continuacion.CitaServiceEdgeCasesTests.CP052_DuracionMinima_15Minutos_AceptacionCorrecta" storage="c:\repos\mivet.be\mivet.be.tests\bin\debug\net8.0\mivet.be.tests.dll" id="521e2bd8-0df0-7f8e-8119-a1f1d516cfd8">
      <Execution id="7636366e-b876-4c3b-8a61-b2f31813de55" />
      <TestMethod codeBase="C:\repos\MIVET.BE\MIVET.BE.Tests\bin\Debug\net8.0\MIVET.BE.Tests.dll" adapterTypeName="executor://xunit/VsTestRunner2/netcoreapp" className="MIVET.BE.Tests.Hilos.Completos.Continuacion.CitaServiceEdgeCasesTests" name="CP052_DuracionMinima_15Minutos_AceptacionCorrecta" />
    </UnitTest>
    <UnitTest name="MIVET.BE.Tests.Hilos.Finales.CitaServiceValidacionesTests.CP022_HorarioOcupado_ErrorValidacion" storage="c:\repos\mivet.be\mivet.be.tests\bin\debug\net8.0\mivet.be.tests.dll" id="a3e42fef-ef99-5416-d324-eb04fa3ab6cb">
      <Execution id="6fb5a992-a144-4ead-86a1-838e88c57d2d" />
      <TestMethod codeBase="C:\repos\MIVET.BE\MIVET.BE.Tests\bin\Debug\net8.0\MIVET.BE.Tests.dll" adapterTypeName="executor://xunit/VsTestRunner2/netcoreapp" className="MIVET.BE.Tests.Hilos.Finales.CitaServiceValidacionesTests" name="CP022_HorarioOcupado_ErrorValidacion" />
    </UnitTest>
    <UnitTest name="MIVET.BE.Tests.Repositorio.CitaRepositoryTests.CrearAsync_DiferentesTiposCita_CreaCitaCorrectamente(tipoCita: Control, duracion: 30)" storage="c:\repos\mivet.be\mivet.be.tests\bin\debug\net8.0\mivet.be.tests.dll" id="f471f9bb-f6a5-07fb-2b04-993e7717a946">
      <Execution id="bd39bf45-5cbd-4cc7-b753-c0c3b84361d6" />
      <TestMethod codeBase="C:\repos\MIVET.BE\MIVET.BE.Tests\bin\Debug\net8.0\MIVET.BE.Tests.dll" adapterTypeName="executor://xunit/VsTestRunner2/netcoreapp" className="MIVET.BE.Tests.Repositorio.CitaRepositoryTests" name="CrearAsync_DiferentesTiposCita_CreaCitaCorrectamente" />
    </UnitTest>
    <UnitTest name="MIVET.BE.Tests.Controllers.CitaControllerTests.Crear_ClienteInactivo_RetornaBadRequest" storage="c:\repos\mivet.be\mivet.be.tests\bin\debug\net8.0\mivet.be.tests.dll" id="52972400-84d6-763e-8738-efa929b1985b">
      <Execution id="80c7847a-ae1a-45f0-94d9-fcd819178e71" />
      <TestMethod codeBase="C:\repos\MIVET.BE\MIVET.BE.Tests\bin\Debug\net8.0\MIVET.BE.Tests.dll" adapterTypeName="executor://xunit/VsTestRunner2/netcoreapp" className="MIVET.BE.Tests.Controllers.CitaControllerTests" name="Crear_ClienteInactivo_RetornaBadRequest" />
    </UnitTest>
    <UnitTest name="MIVET.BE.Tests.Repositorio.CitaRepositoryTests.ExisteConflictoHorarioAsync_ExcluyendoCitaActual_RetornaFalse" storage="c:\repos\mivet.be\mivet.be.tests\bin\debug\net8.0\mivet.be.tests.dll" id="da424ff2-5747-8d65-80ca-0f43919dc1a5">
      <Execution id="6076e76c-4ef7-4f62-884d-ebb78aa9e9cc" />
      <TestMethod codeBase="C:\repos\MIVET.BE\MIVET.BE.Tests\bin\Debug\net8.0\MIVET.BE.Tests.dll" adapterTypeName="executor://xunit/VsTestRunner2/netcoreapp" className="MIVET.BE.Tests.Repositorio.CitaRepositoryTests" name="ExisteConflictoHorarioAsync_ExcluyendoCitaActual_RetornaFalse" />
    </UnitTest>
    <UnitTest name="MIVET.BE.Tests.Hilos.Finales.CitaServiceValidacionesTests.CP018_FinDeSemana_SinConfiguracion_ErrorValidacion" storage="c:\repos\mivet.be\mivet.be.tests\bin\debug\net8.0\mivet.be.tests.dll" id="77b40036-956a-a3af-fc98-3b38b7d816f1">
      <Execution id="ac1d6a59-fa79-4853-9772-b89e666fb531" />
      <TestMethod codeBase="C:\repos\MIVET.BE\MIVET.BE.Tests\bin\Debug\net8.0\MIVET.BE.Tests.dll" adapterTypeName="executor://xunit/VsTestRunner2/netcoreapp" className="MIVET.BE.Tests.Hilos.Finales.CitaServiceValidacionesTests" name="CP018_FinDeSemana_SinConfiguracion_ErrorValidacion" />
    </UnitTest>
    <UnitTest name="MIVET.BE.Tests.Hilos.Completos.CitaServiceIntegridadTests.CP058_RollbackValidacion_ExcepcionDuranteProceso_EstadoOriginal" storage="c:\repos\mivet.be\mivet.be.tests\bin\debug\net8.0\mivet.be.tests.dll" id="8bb3b6b4-89df-79ac-1e89-cc40cd006706">
      <Execution id="c2c4f6ab-c7ba-4397-b447-a3da8e07d821" />
      <TestMethod codeBase="C:\repos\MIVET.BE\MIVET.BE.Tests\bin\Debug\net8.0\MIVET.BE.Tests.dll" adapterTypeName="executor://xunit/VsTestRunner2/netcoreapp" className="MIVET.BE.Tests.Hilos.Completos.CitaServiceIntegridadTests" name="CP058_RollbackValidacion_ExcepcionDuranteProceso_EstadoOriginal" />
    </UnitTest>
    <UnitTest name="MIVET.BE.Tests.Repositorio.CitaRepositoryTests.ValidarDisponibilidadVeterinarioAsync_TodoValido_RetornaTrue" storage="c:\repos\mivet.be\mivet.be.tests\bin\debug\net8.0\mivet.be.tests.dll" id="468bbc87-651e-6dc0-0ac6-d67e1ced1dfc">
      <Execution id="b9bfc24d-c8c0-44e3-a131-350bdf722935" />
      <TestMethod codeBase="C:\repos\MIVET.BE\MIVET.BE.Tests\bin\Debug\net8.0\MIVET.BE.Tests.dll" adapterTypeName="executor://xunit/VsTestRunner2/netcoreapp" className="MIVET.BE.Tests.Repositorio.CitaRepositoryTests" name="ValidarDisponibilidadVeterinarioAsync_TodoValido_RetornaTrue" />
    </UnitTest>
    <UnitTest name="MIVET.BE.Tests.Repositorio.CitaRepositoryTests.ValidarDisponibilidadVeterinarioAsync_ConConflicto_RetornaFalse" storage="c:\repos\mivet.be\mivet.be.tests\bin\debug\net8.0\mivet.be.tests.dll" id="1b10e543-499e-3265-60e4-04d1895448ea">
      <Execution id="5b87fbb6-d5dd-4f42-a546-21dbac6f36c9" />
      <TestMethod codeBase="C:\repos\MIVET.BE\MIVET.BE.Tests\bin\Debug\net8.0\MIVET.BE.Tests.dll" adapterTypeName="executor://xunit/VsTestRunner2/netcoreapp" className="MIVET.BE.Tests.Repositorio.CitaRepositoryTests" name="ValidarDisponibilidadVeterinarioAsync_ConConflicto_RetornaFalse" />
    </UnitTest>
    <UnitTest name="MIVET.BE.Tests.Repositorio.MascotaDALTests.InsertAsync_NombreMaximo_InsertaCorrectamente" storage="c:\repos\mivet.be\mivet.be.tests\bin\debug\net8.0\mivet.be.tests.dll" id="8951edb8-4085-0af1-bbca-abd37b1dba19">
      <Execution id="c76289d2-58a8-4460-bd55-603ef762810a" />
      <TestMethod codeBase="C:\repos\MIVET.BE\MIVET.BE.Tests\bin\Debug\net8.0\MIVET.BE.Tests.dll" adapterTypeName="executor://xunit/VsTestRunner2/netcoreapp" className="MIVET.BE.Tests.Repositorio.MascotaDALTests" name="InsertAsync_NombreMaximo_InsertaCorrectamente" />
    </UnitTest>
    <UnitTest name="MIVET.BE.Tests.Hilos.Finales.CitaServiceEstadosTests.CP023_ConfirmarCitaProgramada_TransicionExitosa" storage="c:\repos\mivet.be\mivet.be.tests\bin\debug\net8.0\mivet.be.tests.dll" id="43c67493-5be4-69cf-4692-4c02c9916088">
      <Execution id="ab184c27-db18-469f-bec3-813798fb80f7" />
      <TestMethod codeBase="C:\repos\MIVET.BE\MIVET.BE.Tests\bin\Debug\net8.0\MIVET.BE.Tests.dll" adapterTypeName="executor://xunit/VsTestRunner2/netcoreapp" className="MIVET.BE.Tests.Hilos.Finales.CitaServiceEstadosTests" name="CP023_ConfirmarCitaProgramada_TransicionExitosa" />
    </UnitTest>
    <UnitTest name="MIVET.BE.Tests.Hilos.Completos.CitaServiceConsultasTests.CP043_BusquedaTextual_TerminoMascota_CoincidenciasTexto" storage="c:\repos\mivet.be\mivet.be.tests\bin\debug\net8.0\mivet.be.tests.dll" id="03475637-5cd7-5869-d841-d7b72c79a280">
      <Execution id="679e5a79-0718-4f05-8394-4dbad8719c8d" />
      <TestMethod codeBase="C:\repos\MIVET.BE\MIVET.BE.Tests\bin\Debug\net8.0\MIVET.BE.Tests.dll" adapterTypeName="executor://xunit/VsTestRunner2/netcoreapp" className="MIVET.BE.Tests.Hilos.Completos.CitaServiceConsultasTests" name="CP043_BusquedaTextual_TerminoMascota_CoincidenciasTexto" />
    </UnitTest>
    <UnitTest name="MIVET.BE.Tests.Controllers.MascotaControllersTests.InsertAsync_EspecieInvalida_RetornaError" storage="c:\repos\mivet.be\mivet.be.tests\bin\debug\net8.0\mivet.be.tests.dll" id="01420e32-ca3b-966d-d82e-9eb45c2ebeee">
      <Execution id="a7842f7a-38f3-4a5a-83b7-f8991c46ac26" />
      <TestMethod codeBase="C:\repos\MIVET.BE\MIVET.BE.Tests\bin\Debug\net8.0\MIVET.BE.Tests.dll" adapterTypeName="executor://xunit/VsTestRunner2/netcoreapp" className="MIVET.BE.Tests.Controllers.MascotaControllersTests" name="InsertAsync_EspecieInvalida_RetornaError" />
    </UnitTest>
    <UnitTest name="MIVET.BE.Tests.Repositorio.MascotaDALTests.InsertAsync_DocumentoVacio_LanzaException" storage="c:\repos\mivet.be\mivet.be.tests\bin\debug\net8.0\mivet.be.tests.dll" id="bd6db42c-dd0e-d0e9-ea10-b6b45b145318">
      <Execution id="ceb3750f-a54f-45fc-8fba-11ef9498ed68" />
      <TestMethod codeBase="C:\repos\MIVET.BE\MIVET.BE.Tests\bin\Debug\net8.0\MIVET.BE.Tests.dll" adapterTypeName="executor://xunit/VsTestRunner2/netcoreapp" className="MIVET.BE.Tests.Repositorio.MascotaDALTests" name="InsertAsync_DocumentoVacio_LanzaException" />
    </UnitTest>
    <UnitTest name="MIVET.BE.Tests.Servicio.CitaServiceTests.CrearAsync_DuracionInvalida_LanzaInvalidOperationException(duracion: 37)" storage="c:\repos\mivet.be\mivet.be.tests\bin\debug\net8.0\mivet.be.tests.dll" id="02ff1565-5461-1301-7090-c9d2175688cf">
      <Execution id="6b74aa8e-26c7-4c5e-a47d-a73e5b409acf" />
      <TestMethod codeBase="C:\repos\MIVET.BE\MIVET.BE.Tests\bin\Debug\net8.0\MIVET.BE.Tests.dll" adapterTypeName="executor://xunit/VsTestRunner2/netcoreapp" className="MIVET.BE.Tests.Servicio.CitaServiceTests" name="CrearAsync_DuracionInvalida_LanzaInvalidOperationException" />
    </UnitTest>
    <UnitTest name="MIVET.BE.Tests.Hilos.Finales.CitaServiceRendimientoTests.CP048_BusquedaMasiva_VolumenAlto_IndicesTolerables" storage="c:\repos\mivet.be\mivet.be.tests\bin\debug\net8.0\mivet.be.tests.dll" id="fa8f411f-8c7a-596e-745c-fc4130ac6acd">
      <Execution id="0148c8bd-fde3-4445-88d4-099d67fecc9f" />
      <TestMethod codeBase="C:\repos\MIVET.BE\MIVET.BE.Tests\bin\Debug\net8.0\MIVET.BE.Tests.dll" adapterTypeName="executor://xunit/VsTestRunner2/netcoreapp" className="MIVET.BE.Tests.Hilos.Finales.CitaServiceRendimientoTests" name="CP048_BusquedaMasiva_VolumenAlto_IndicesTolerables" />
    </UnitTest>
    <UnitTest name="MIVET.BE.Tests.Hilos.Completos.CitaServiceConsultasTests.CP038_CitasPorVeterinario_AgendaCompleta_OrdenAscendente" storage="c:\repos\mivet.be\mivet.be.tests\bin\debug\net8.0\mivet.be.tests.dll" id="8e0b6702-f8c0-ba62-dff3-3aaa5e825c61">
      <Execution id="31cda10f-ef00-494a-9d9a-4835f1a8e140" />
      <TestMethod codeBase="C:\repos\MIVET.BE\MIVET.BE.Tests\bin\Debug\net8.0\MIVET.BE.Tests.dll" adapterTypeName="executor://xunit/VsTestRunner2/netcoreapp" className="MIVET.BE.Tests.Hilos.Completos.CitaServiceConsultasTests" name="CP038_CitasPorVeterinario_AgendaCompleta_OrdenAscendente" />
    </UnitTest>
    <UnitTest name="MIVET.BE.Tests.Hilos.Completos.CitaServiceConcurrenciaTests.CP008_VerificacionDisponibilidad_10Hilos_ConsistenciaResultados" storage="c:\repos\mivet.be\mivet.be.tests\bin\debug\net8.0\mivet.be.tests.dll" id="22ea34d3-9cb8-ce2e-7f3c-d9d570d3cc31">
      <Execution id="bfef79b8-d2a7-49e3-94d1-fe621921800d" />
      <TestMethod codeBase="C:\repos\MIVET.BE\MIVET.BE.Tests\bin\Debug\net8.0\MIVET.BE.Tests.dll" adapterTypeName="executor://xunit/VsTestRunner2/netcoreapp" className="MIVET.BE.Tests.Hilos.Completos.CitaServiceConcurrenciaTests" name="CP008_VerificacionDisponibilidad_10Hilos_ConsistenciaResultados" />
    </UnitTest>
    <UnitTest name="MIVET.BE.Tests.Servicio.MascotaBLLTests.InsertAsync_DALLanzaException_PropagaException" storage="c:\repos\mivet.be\mivet.be.tests\bin\debug\net8.0\mivet.be.tests.dll" id="9b9da0bf-c17a-d393-6bf4-99029b9f2b03">
      <Execution id="b8a5d09e-1ba6-4486-b661-5db165d1ba0a" />
      <TestMethod codeBase="C:\repos\MIVET.BE\MIVET.BE.Tests\bin\Debug\net8.0\MIVET.BE.Tests.dll" adapterTypeName="executor://xunit/VsTestRunner2/netcoreapp" className="MIVET.BE.Tests.Servicio.MascotaBLLTests" name="InsertAsync_DALLanzaException_PropagaException" />
    </UnitTest>
    <UnitTest name="MIVET.BE.Tests.Hilos.Completos.CitaServiceDisponibilidadTests.CP035_HoraOcupada_VerificacionPuntual_ResultadoFalse" storage="c:\repos\mivet.be\mivet.be.tests\bin\debug\net8.0\mivet.be.tests.dll" id="bcce3dd2-a838-926d-81d2-2fe182620bf6">
      <Execution id="39cffe5e-030a-4b2c-8307-453af84f129d" />
      <TestMethod codeBase="C:\repos\MIVET.BE\MIVET.BE.Tests\bin\Debug\net8.0\MIVET.BE.Tests.dll" adapterTypeName="executor://xunit/VsTestRunner2/netcoreapp" className="MIVET.BE.Tests.Hilos.Completos.CitaServiceDisponibilidadTests" name="CP035_HoraOcupada_VerificacionPuntual_ResultadoFalse" />
    </UnitTest>
    <UnitTest name="MIVET.BE.Tests.Controllers.CitaControllerTests.Crear_VeterinarioNoDisponible_RetornaBadRequest" storage="c:\repos\mivet.be\mivet.be.tests\bin\debug\net8.0\mivet.be.tests.dll" id="704171c7-a998-2bca-4512-8bf949db573c">
      <Execution id="2812be7b-f22b-4111-9e3f-e4fa37aba8af" />
      <TestMethod codeBase="C:\repos\MIVET.BE\MIVET.BE.Tests\bin\Debug\net8.0\MIVET.BE.Tests.dll" adapterTypeName="executor://xunit/VsTestRunner2/netcoreapp" className="MIVET.BE.Tests.Controllers.CitaControllerTests" name="Crear_VeterinarioNoDisponible_RetornaBadRequest" />
    </UnitTest>
    <UnitTest name="MIVET.BE.Tests.Repositorio.CitaRepositoryTests.CrearAsync_CitaEmergencia_PermiteFueraDeHorario" storage="c:\repos\mivet.be\mivet.be.tests\bin\debug\net8.0\mivet.be.tests.dll" id="78520b6c-3670-ef6d-6339-15d69bca192e">
      <Execution id="27cde9f8-57fc-4b76-81c7-845e588fd3c8" />
      <TestMethod codeBase="C:\repos\MIVET.BE\MIVET.BE.Tests\bin\Debug\net8.0\MIVET.BE.Tests.dll" adapterTypeName="executor://xunit/VsTestRunner2/netcoreapp" className="MIVET.BE.Tests.Repositorio.CitaRepositoryTests" name="CrearAsync_CitaEmergencia_PermiteFueraDeHorario" />
    </UnitTest>
    <UnitTest name="MIVET.BE.Tests.Servicio.MascotaBLLTests.InsertAsync_GenerosValidos_LlamaDAL(genero: &quot;Hembra&quot;)" storage="c:\repos\mivet.be\mivet.be.tests\bin\debug\net8.0\mivet.be.tests.dll" id="b24583cd-295e-369d-4ddf-6125bdfc7fe1">
      <Execution id="a8662074-80ad-441b-8f42-b37fffd32095" />
      <TestMethod codeBase="C:\repos\MIVET.BE\MIVET.BE.Tests\bin\Debug\net8.0\MIVET.BE.Tests.dll" adapterTypeName="executor://xunit/VsTestRunner2/netcoreapp" className="MIVET.BE.Tests.Servicio.MascotaBLLTests" name="InsertAsync_GenerosValidos_LlamaDAL" />
    </UnitTest>
    <UnitTest name="MIVET.BE.Tests.Repositorio.MascotaDALTests.InsertAsync_DocumentoNull_LanzaException" storage="c:\repos\mivet.be\mivet.be.tests\bin\debug\net8.0\mivet.be.tests.dll" id="476a9a8e-2d74-073d-2d23-499cb239f851">
      <Execution id="e32aa620-6663-46ee-b4fa-606b331721da" />
      <TestMethod codeBase="C:\repos\MIVET.BE\MIVET.BE.Tests\bin\Debug\net8.0\MIVET.BE.Tests.dll" adapterTypeName="executor://xunit/VsTestRunner2/netcoreapp" className="MIVET.BE.Tests.Repositorio.MascotaDALTests" name="InsertAsync_DocumentoNull_LanzaException" />
    </UnitTest>
    <UnitTest name="MIVET.BE.Tests.Controllers.CitaControllerTests.Crear_MascotaDeOtroCliente_RetornaBadRequest" storage="c:\repos\mivet.be\mivet.be.tests\bin\debug\net8.0\mivet.be.tests.dll" id="2fba0b61-7da1-6115-4f64-c6be3f2a3c54">
      <Execution id="3f1f2124-d3bc-4a4c-b723-32a5a9e98cf1" />
      <TestMethod codeBase="C:\repos\MIVET.BE\MIVET.BE.Tests\bin\Debug\net8.0\MIVET.BE.Tests.dll" adapterTypeName="executor://xunit/VsTestRunner2/netcoreapp" className="MIVET.BE.Tests.Controllers.CitaControllerTests" name="Crear_MascotaDeOtroCliente_RetornaBadRequest" />
    </UnitTest>
    <UnitTest name="MIVET.BE.Tests.Servicio.CitaServiceTests.CrearAsync_FechaPasada_LanzaInvalidOperationException" storage="c:\repos\mivet.be\mivet.be.tests\bin\debug\net8.0\mivet.be.tests.dll" id="93460349-fa89-078c-4eb9-6b92d691949d">
      <Execution id="054f366c-67d7-4f5b-855c-c274c2787b66" />
      <TestMethod codeBase="C:\repos\MIVET.BE\MIVET.BE.Tests\bin\Debug\net8.0\MIVET.BE.Tests.dll" adapterTypeName="executor://xunit/VsTestRunner2/netcoreapp" className="MIVET.BE.Tests.Servicio.CitaServiceTests" name="CrearAsync_FechaPasada_LanzaInvalidOperationException" />
    </UnitTest>
    <UnitTest name="MIVET.BE.Tests.Servicio.CitaServiceTests.CrearAsync_VeterinarioInexistente_LanzaInvalidOperationException" storage="c:\repos\mivet.be\mivet.be.tests\bin\debug\net8.0\mivet.be.tests.dll" id="0669528d-698c-fd93-d373-f5394d0588b1">
      <Execution id="9be54310-05fc-48fa-a820-ac2c9a794a8b" />
      <TestMethod codeBase="C:\repos\MIVET.BE\MIVET.BE.Tests\bin\Debug\net8.0\MIVET.BE.Tests.dll" adapterTypeName="executor://xunit/VsTestRunner2/netcoreapp" className="MIVET.BE.Tests.Servicio.CitaServiceTests" name="CrearAsync_VeterinarioInexistente_LanzaInvalidOperationException" />
    </UnitTest>
    <UnitTest name="MIVET.BE.Tests.Controllers.MascotaControllersTests.InsertAsync_NombreVacio_RetornaError" storage="c:\repos\mivet.be\mivet.be.tests\bin\debug\net8.0\mivet.be.tests.dll" id="8f83a023-b916-bc2f-0d50-36142692a58c">
      <Execution id="6de4eaed-df5a-4824-907d-dd381c99f73b" />
      <TestMethod codeBase="C:\repos\MIVET.BE\MIVET.BE.Tests\bin\Debug\net8.0\MIVET.BE.Tests.dll" adapterTypeName="executor://xunit/VsTestRunner2/netcoreapp" className="MIVET.BE.Tests.Controllers.MascotaControllersTests" name="InsertAsync_NombreVacio_RetornaError" />
    </UnitTest>
    <UnitTest name="MIVET.BE.Tests.Hilos.Finales.CitaServiceAuditoriaTests.CP100_TrazabilidadModificaciones_CicloVidaCompleto_HistorialCompleto" storage="c:\repos\mivet.be\mivet.be.tests\bin\debug\net8.0\mivet.be.tests.dll" id="25202d46-e183-cdab-4e45-85788cadb4c3">
      <Execution id="2be015e3-4fde-4dec-ac0c-3cda3b64b731" />
      <TestMethod codeBase="C:\repos\MIVET.BE\MIVET.BE.Tests\bin\Debug\net8.0\MIVET.BE.Tests.dll" adapterTypeName="executor://xunit/VsTestRunner2/netcoreapp" className="MIVET.BE.Tests.Hilos.Finales.CitaServiceAuditoriaTests" name="CP100_TrazabilidadModificaciones_CicloVidaCompleto_HistorialCompleto" />
    </UnitTest>
    <UnitTest name="MIVET.BE.Tests.Servicio.CitaServiceTests.CrearAsync_DuracionMinima_CreaCitaCorrectamente" storage="c:\repos\mivet.be\mivet.be.tests\bin\debug\net8.0\mivet.be.tests.dll" id="aa24de7a-beab-0666-e4cd-de1fbee1b891">
      <Execution id="7f6dc931-40d6-4302-88da-c182810ebbca" />
      <TestMethod codeBase="C:\repos\MIVET.BE\MIVET.BE.Tests\bin\Debug\net8.0\MIVET.BE.Tests.dll" adapterTypeName="executor://xunit/VsTestRunner2/netcoreapp" className="MIVET.BE.Tests.Servicio.CitaServiceTests" name="CrearAsync_DuracionMinima_CreaCitaCorrectamente" />
    </UnitTest>
    <UnitTest name="MIVET.BE.Tests.Servicio.CitaServiceTests.CrearAsync_DiferencesTiposCitaYDuracion_CreaCitaCorrectamente(tipoCita: Control, duracion: 30)" storage="c:\repos\mivet.be\mivet.be.tests\bin\debug\net8.0\mivet.be.tests.dll" id="5665bf65-2da4-0842-ae0c-ffb5f1f1dc21">
      <Execution id="71236c7d-b15d-4b2d-8bfd-a80f56dbd44e" />
      <TestMethod codeBase="C:\repos\MIVET.BE\MIVET.BE.Tests\bin\Debug\net8.0\MIVET.BE.Tests.dll" adapterTypeName="executor://xunit/VsTestRunner2/netcoreapp" className="MIVET.BE.Tests.Servicio.CitaServiceTests" name="CrearAsync_DiferencesTiposCitaYDuracion_CreaCitaCorrectamente" />
    </UnitTest>
    <UnitTest name="MIVET.BE.Tests.Repositorio.CitaRepositoryTests.CrearAsync_DiferentesTiposCita_CreaCitaCorrectamente(tipoCita: Vacunacion, duracion: 45)" storage="c:\repos\mivet.be\mivet.be.tests\bin\debug\net8.0\mivet.be.tests.dll" id="4ba02c13-c381-41a4-80eb-327b580e015a">
      <Execution id="a89adabe-7341-4899-b8f6-88b186c11d12" />
      <TestMethod codeBase="C:\repos\MIVET.BE\MIVET.BE.Tests\bin\Debug\net8.0\MIVET.BE.Tests.dll" adapterTypeName="executor://xunit/VsTestRunner2/netcoreapp" className="MIVET.BE.Tests.Repositorio.CitaRepositoryTests" name="CrearAsync_DiferentesTiposCita_CreaCitaCorrectamente" />
    </UnitTest>
    <UnitTest name="MIVET.BE.Tests.Servicio.CitaServiceTests.CrearAsync_MascotaInexistente_LanzaInvalidOperationException" storage="c:\repos\mivet.be\mivet.be.tests\bin\debug\net8.0\mivet.be.tests.dll" id="bbc5b1a4-1b63-3727-ba16-67b8081a718f">
      <Execution id="2ddebeaf-a04d-4ed5-9632-703f1ec89561" />
      <TestMethod codeBase="C:\repos\MIVET.BE\MIVET.BE.Tests\bin\Debug\net8.0\MIVET.BE.Tests.dll" adapterTypeName="executor://xunit/VsTestRunner2/netcoreapp" className="MIVET.BE.Tests.Servicio.CitaServiceTests" name="CrearAsync_MascotaInexistente_LanzaInvalidOperationException" />
    </UnitTest>
    <UnitTest name="MIVET.BE.Tests.Controllers.MascotaControllersTests.InsertAsync_NombreMinimo_RetornaOk" storage="c:\repos\mivet.be\mivet.be.tests\bin\debug\net8.0\mivet.be.tests.dll" id="f96b7b02-845f-839a-df22-e563cc2ad6bf">
      <Execution id="219fed76-0b4f-44a3-b0e0-6f60659f8749" />
      <TestMethod codeBase="C:\repos\MIVET.BE\MIVET.BE.Tests\bin\Debug\net8.0\MIVET.BE.Tests.dll" adapterTypeName="executor://xunit/VsTestRunner2/netcoreapp" className="MIVET.BE.Tests.Controllers.MascotaControllersTests" name="InsertAsync_NombreMinimo_RetornaOk" />
    </UnitTest>
    <UnitTest name="MIVET.BE.Tests.Hilos.Completos.CitaServiceConsultasTests.CP044_FiltrosCombinados_CriteriosMultiples_InterseccionCorrecta" storage="c:\repos\mivet.be\mivet.be.tests\bin\debug\net8.0\mivet.be.tests.dll" id="6e534968-a220-d18d-2edf-f928ac1fbcdf">
      <Execution id="cc4ab320-db3e-4471-b644-a91386f6ab23" />
      <TestMethod codeBase="C:\repos\MIVET.BE\MIVET.BE.Tests\bin\Debug\net8.0\MIVET.BE.Tests.dll" adapterTypeName="executor://xunit/VsTestRunner2/netcoreapp" className="MIVET.BE.Tests.Hilos.Completos.CitaServiceConsultasTests" name="CP044_FiltrosCombinados_CriteriosMultiples_InterseccionCorrecta" />
    </UnitTest>
    <UnitTest name="MIVET.BE.Tests.Servicio.MascotaBLLTests.InsertAsync_EspeciesValidas_LlamaDAL(especie: &quot;Perro&quot;)" storage="c:\repos\mivet.be\mivet.be.tests\bin\debug\net8.0\mivet.be.tests.dll" id="526e0759-99b6-b3c3-bd40-1b034a99c4d3">
      <Execution id="1231737d-9501-4efd-b01a-b74bab495b6d" />
      <TestMethod codeBase="C:\repos\MIVET.BE\MIVET.BE.Tests\bin\Debug\net8.0\MIVET.BE.Tests.dll" adapterTypeName="executor://xunit/VsTestRunner2/netcoreapp" className="MIVET.BE.Tests.Servicio.MascotaBLLTests" name="InsertAsync_EspeciesValidas_LlamaDAL" />
    </UnitTest>
    <UnitTest name="MIVET.BE.Tests.Controllers.MascotaControllersTests.InsertAsync_RazaMuyLarga_RetornaError" storage="c:\repos\mivet.be\mivet.be.tests\bin\debug\net8.0\mivet.be.tests.dll" id="4e245118-fa6e-3240-7cc3-47d1dec464b1">
      <Execution id="4e41b529-2862-43fa-a00b-a478ba09a1b4" />
      <TestMethod codeBase="C:\repos\MIVET.BE\MIVET.BE.Tests\bin\Debug\net8.0\MIVET.BE.Tests.dll" adapterTypeName="executor://xunit/VsTestRunner2/netcoreapp" className="MIVET.BE.Tests.Controllers.MascotaControllersTests" name="InsertAsync_RazaMuyLarga_RetornaError" />
    </UnitTest>
    <UnitTest name="MIVET.BE.Tests.Hilos.Finales.CitaServiceEstadosTests.CP030_MarcarNoAsistioCitaFutura_ErrorValidacion" storage="c:\repos\mivet.be\mivet.be.tests\bin\debug\net8.0\mivet.be.tests.dll" id="1bf6c10c-73f9-c431-d7f9-6c3cec0f3d6a">
      <Execution id="a058f9a1-733d-4137-9b30-d6f101eda90d" />
      <TestMethod codeBase="C:\repos\MIVET.BE\MIVET.BE.Tests\bin\Debug\net8.0\MIVET.BE.Tests.dll" adapterTypeName="executor://xunit/VsTestRunner2/netcoreapp" className="MIVET.BE.Tests.Hilos.Finales.CitaServiceEstadosTests" name="CP030_MarcarNoAsistioCitaFutura_ErrorValidacion" />
    </UnitTest>
    <UnitTest name="MIVET.BE.Tests.Servicio.MascotaBLLTests.InsertAsync_GenerosValidos_LlamaDAL(genero: &quot;Macho&quot;)" storage="c:\repos\mivet.be\mivet.be.tests\bin\debug\net8.0\mivet.be.tests.dll" id="9f7f2a02-0d11-c8c8-a483-37eee3000416">
      <Execution id="026ce09b-871c-47fe-86d4-87bf1da4c545" />
      <TestMethod codeBase="C:\repos\MIVET.BE\MIVET.BE.Tests\bin\Debug\net8.0\MIVET.BE.Tests.dll" adapterTypeName="executor://xunit/VsTestRunner2/netcoreapp" className="MIVET.BE.Tests.Servicio.MascotaBLLTests" name="InsertAsync_GenerosValidos_LlamaDAL" />
    </UnitTest>
    <UnitTest name="MIVET.BE.Tests.Servicio.CitaServiceTests.CrearAsync_DuracionInvalida_LanzaInvalidOperationException(duracion: 10)" storage="c:\repos\mivet.be\mivet.be.tests\bin\debug\net8.0\mivet.be.tests.dll" id="80ebfc62-ad97-a9de-506e-f04c996c073b">
      <Execution id="900e4b77-b449-450f-96b4-6aeea7160eb5" />
      <TestMethod codeBase="C:\repos\MIVET.BE\MIVET.BE.Tests\bin\Debug\net8.0\MIVET.BE.Tests.dll" adapterTypeName="executor://xunit/VsTestRunner2/netcoreapp" className="MIVET.BE.Tests.Servicio.CitaServiceTests" name="CrearAsync_DuracionInvalida_LanzaInvalidOperationException" />
    </UnitTest>
    <UnitTest name="MIVET.BE.Tests.Controllers.MascotaControllersTests.InsertAsync_DocumentoMuyLargo_RetornaError" storage="c:\repos\mivet.be\mivet.be.tests\bin\debug\net8.0\mivet.be.tests.dll" id="ce140130-b9b3-e3f7-2ee2-fbfda3ae29ab">
      <Execution id="5e2909d9-2da3-4c80-9afc-d978937853fd" />
      <TestMethod codeBase="C:\repos\MIVET.BE\MIVET.BE.Tests\bin\Debug\net8.0\MIVET.BE.Tests.dll" adapterTypeName="executor://xunit/VsTestRunner2/netcoreapp" className="MIVET.BE.Tests.Controllers.MascotaControllersTests" name="InsertAsync_DocumentoMuyLargo_RetornaError" />
    </UnitTest>
    <UnitTest name="MIVET.BE.Tests.Hilos.Finales.CitaServiceValidacionesTests.CP020_DuracionInvalida_NoMultiplo15_ErrorValidacion" storage="c:\repos\mivet.be\mivet.be.tests\bin\debug\net8.0\mivet.be.tests.dll" id="db35c9f1-01de-157f-1671-23799c1976a9">
      <Execution id="ebb453ea-cd6d-4f7a-87ab-28fa93173c95" />
      <TestMethod codeBase="C:\repos\MIVET.BE\MIVET.BE.Tests\bin\Debug\net8.0\MIVET.BE.Tests.dll" adapterTypeName="executor://xunit/VsTestRunner2/netcoreapp" className="MIVET.BE.Tests.Hilos.Finales.CitaServiceValidacionesTests" name="CP020_DuracionInvalida_NoMultiplo15_ErrorValidacion" />
    </UnitTest>
    <UnitTest name="MIVET.BE.Tests.Controllers.MascotaControllersTests.InsertAsync_EdadNegativa_RetornaError" storage="c:\repos\mivet.be\mivet.be.tests\bin\debug\net8.0\mivet.be.tests.dll" id="e1b9bdd9-c04a-4005-3cbc-614a51d459e2">
      <Execution id="d884866f-a100-4d9c-a4cc-71aff55639e3" />
      <TestMethod codeBase="C:\repos\MIVET.BE\MIVET.BE.Tests\bin\Debug\net8.0\MIVET.BE.Tests.dll" adapterTypeName="executor://xunit/VsTestRunner2/netcoreapp" className="MIVET.BE.Tests.Controllers.MascotaControllersTests" name="InsertAsync_EdadNegativa_RetornaError" />
    </UnitTest>
    <UnitTest name="MIVET.BE.Tests.Repositorio.MascotaDALTests.InsertAsync_EdadNegativa_DeberiaLanzarException" storage="c:\repos\mivet.be\mivet.be.tests\bin\debug\net8.0\mivet.be.tests.dll" id="32c1962e-14d9-7aa3-5cf2-676bce95dc8b">
      <Execution id="ce417225-ae33-444f-98b3-6a85bf8cff3d" />
      <TestMethod codeBase="C:\repos\MIVET.BE\MIVET.BE.Tests\bin\Debug\net8.0\MIVET.BE.Tests.dll" adapterTypeName="executor://xunit/VsTestRunner2/netcoreapp" className="MIVET.BE.Tests.Repositorio.MascotaDALTests" name="InsertAsync_EdadNegativa_DeberiaLanzarException" />
    </UnitTest>
    <UnitTest name="MIVET.BE.Tests.Hilos.Finales.CitaServiceEstadosTests.CP027_ConfirmarCitaYaConfirmada_ErrorTransicion" storage="c:\repos\mivet.be\mivet.be.tests\bin\debug\net8.0\mivet.be.tests.dll" id="660ab969-df6c-103f-889f-365558cef172">
      <Execution id="494d5187-2428-420d-b481-d4dc92e1603d" />
      <TestMethod codeBase="C:\repos\MIVET.BE\MIVET.BE.Tests\bin\Debug\net8.0\MIVET.BE.Tests.dll" adapterTypeName="executor://xunit/VsTestRunner2/netcoreapp" className="MIVET.BE.Tests.Hilos.Finales.CitaServiceEstadosTests" name="CP027_ConfirmarCitaYaConfirmada_ErrorTransicion" />
    </UnitTest>
    <UnitTest name="MIVET.BE.Tests.Hilos.Finales.CitaServiceValidacionesTests.CP013_MascotaInexistente_ErrorValidacion" storage="c:\repos\mivet.be\mivet.be.tests\bin\debug\net8.0\mivet.be.tests.dll" id="89e52021-ec73-40fd-a611-b6d4ba0845f9">
      <Execution id="f372520b-fa06-4f20-bb9c-90b361d75dc8" />
      <TestMethod codeBase="C:\repos\MIVET.BE\MIVET.BE.Tests\bin\Debug\net8.0\MIVET.BE.Tests.dll" adapterTypeName="executor://xunit/VsTestRunner2/netcoreapp" className="MIVET.BE.Tests.Hilos.Finales.CitaServiceValidacionesTests" name="CP013_MascotaInexistente_ErrorValidacion" />
    </UnitTest>
    <UnitTest name="MIVET.BE.Tests.Hilos.Completos.CitaServiceTiposEspecialesTests.CP068_CitaEmergencia_DuracionExtendida_120Minutos" storage="c:\repos\mivet.be\mivet.be.tests\bin\debug\net8.0\mivet.be.tests.dll" id="bff36ce7-2277-1586-aa67-2227ed0b5c49">
      <Execution id="b6b604ea-39d4-4dfa-a36d-692369a17468" />
      <TestMethod codeBase="C:\repos\MIVET.BE\MIVET.BE.Tests\bin\Debug\net8.0\MIVET.BE.Tests.dll" adapterTypeName="executor://xunit/VsTestRunner2/netcoreapp" className="MIVET.BE.Tests.Hilos.Completos.CitaServiceTiposEspecialesTests" name="CP068_CitaEmergencia_DuracionExtendida_120Minutos" />
    </UnitTest>
    <UnitTest name="MIVET.BE.Tests.Repositorio.MascotaDALTests.InsertAsync_MultiplesMascotasMismoCliente_InsertaCorrectamente" storage="c:\repos\mivet.be\mivet.be.tests\bin\debug\net8.0\mivet.be.tests.dll" id="b132c319-4344-d9db-e113-350961382b63">
      <Execution id="7801e4a3-72ba-463a-9b87-e4233eb36536" />
      <TestMethod codeBase="C:\repos\MIVET.BE\MIVET.BE.Tests\bin\Debug\net8.0\MIVET.BE.Tests.dll" adapterTypeName="executor://xunit/VsTestRunner2/netcoreapp" className="MIVET.BE.Tests.Repositorio.MascotaDALTests" name="InsertAsync_MultiplesMascotasMismoCliente_InsertaCorrectamente" />
    </UnitTest>
    <UnitTest name="MIVET.BE.Tests.Hilos.Completos.CitaServiceDisponibilidadTests.CP032_CitasIntercaladas_SlotsFragmentados_DisponibilidadParcial" storage="c:\repos\mivet.be\mivet.be.tests\bin\debug\net8.0\mivet.be.tests.dll" id="71985b87-68ac-4591-5e8e-39427bf20545">
      <Execution id="968ff4fe-688b-43e4-ad23-ca98c756ff47" />
      <TestMethod codeBase="C:\repos\MIVET.BE\MIVET.BE.Tests\bin\Debug\net8.0\MIVET.BE.Tests.dll" adapterTypeName="executor://xunit/VsTestRunner2/netcoreapp" className="MIVET.BE.Tests.Hilos.Completos.CitaServiceDisponibilidadTests" name="CP032_CitasIntercaladas_SlotsFragmentados_DisponibilidadParcial" />
    </UnitTest>
    <UnitTest name="MIVET.BE.Tests.Controllers.MascotaControllersTests.InsertAsync_DocumentoLimites_RetornaOk(documento: &quot;100331&quot;)" storage="c:\repos\mivet.be\mivet.be.tests\bin\debug\net8.0\mivet.be.tests.dll" id="29d74b60-a6d2-aa3e-4138-38c25487b418">
      <Execution id="2973f344-bf23-4a0f-ad65-558dd106bbd9" />
      <TestMethod codeBase="C:\repos\MIVET.BE\MIVET.BE.Tests\bin\Debug\net8.0\MIVET.BE.Tests.dll" adapterTypeName="executor://xunit/VsTestRunner2/netcoreapp" className="MIVET.BE.Tests.Controllers.MascotaControllersTests" name="InsertAsync_DocumentoLimites_RetornaOk" />
    </UnitTest>
    <UnitTest name="MIVET.BE.Tests.Controllers.MascotaControllersTests.InsertAsync_GeneroInvalido_RetornaError" storage="c:\repos\mivet.be\mivet.be.tests\bin\debug\net8.0\mivet.be.tests.dll" id="bcfb5ca4-a2a5-d5bb-1e5e-5e3dfc44707e">
      <Execution id="ef595f7d-110a-4840-9e7a-82b697162914" />
      <TestMethod codeBase="C:\repos\MIVET.BE\MIVET.BE.Tests\bin\Debug\net8.0\MIVET.BE.Tests.dll" adapterTypeName="executor://xunit/VsTestRunner2/netcoreapp" className="MIVET.BE.Tests.Controllers.MascotaControllersTests" name="InsertAsync_GeneroInvalido_RetornaError" />
    </UnitTest>
    <UnitTest name="MIVET.BE.Tests.Hilos.Finales.CitaServiceEstadosTests.CP029_CompletarCitaCancelada_ErrorTransicion" storage="c:\repos\mivet.be\mivet.be.tests\bin\debug\net8.0\mivet.be.tests.dll" id="f3be41bd-6f7d-f02a-8e0e-23426e02bc0c">
      <Execution id="271dbd9b-dcf0-4a10-8b47-2f353e45893b" />
      <TestMethod codeBase="C:\repos\MIVET.BE\MIVET.BE.Tests\bin\Debug\net8.0\MIVET.BE.Tests.dll" adapterTypeName="executor://xunit/VsTestRunner2/netcoreapp" className="MIVET.BE.Tests.Hilos.Finales.CitaServiceEstadosTests" name="CP029_CompletarCitaCancelada_ErrorTransicion" />
    </UnitTest>
    <UnitTest name="MIVET.BE.Tests.Hilos.Completos.CitaServiceIntegridadTests.CP060_CancelacionCompleta_TodosCampos_TransaccionIntegra" storage="c:\repos\mivet.be\mivet.be.tests\bin\debug\net8.0\mivet.be.tests.dll" id="59bbcbd6-30f6-93a7-29d1-1ffb92cc631d">
      <Execution id="2491886d-782f-412d-81f8-a186da1ad3c1" />
      <TestMethod codeBase="C:\repos\MIVET.BE\MIVET.BE.Tests\bin\Debug\net8.0\MIVET.BE.Tests.dll" adapterTypeName="executor://xunit/VsTestRunner2/netcoreapp" className="MIVET.BE.Tests.Hilos.Completos.CitaServiceIntegridadTests" name="CP060_CancelacionCompleta_TodosCampos_TransaccionIntegra" />
    </UnitTest>
    <UnitTest name="MIVET.BE.Tests.Repositorio.CitaRepositoryTests.VeterinarioTieneHorarioAsync_HorarioConfigurado_RetornaTrue" storage="c:\repos\mivet.be\mivet.be.tests\bin\debug\net8.0\mivet.be.tests.dll" id="c16e1726-1ba6-fa12-54bb-5c4759b21bd1">
      <Execution id="410db96c-3399-4a18-947a-f7481a03d9bf" />
      <TestMethod codeBase="C:\repos\MIVET.BE\MIVET.BE.Tests\bin\Debug\net8.0\MIVET.BE.Tests.dll" adapterTypeName="executor://xunit/VsTestRunner2/netcoreapp" className="MIVET.BE.Tests.Repositorio.CitaRepositoryTests" name="VeterinarioTieneHorarioAsync_HorarioConfigurado_RetornaTrue" />
    </UnitTest>
    <UnitTest name="MIVET.BE.Tests.Hilos.Completos.CitaServiceConcurrenciaTests.CP007_CincoCitasSolapadas_MultipleHilos_DeteccionSolapamientos" storage="c:\repos\mivet.be\mivet.be.tests\bin\debug\net8.0\mivet.be.tests.dll" id="2f4ce9d4-1493-d2a4-7d9b-cc4828f071ae">
      <Execution id="0ecca974-8e7f-442a-990a-f0a9b0e2fdb4" />
      <TestMethod codeBase="C:\repos\MIVET.BE\MIVET.BE.Tests\bin\Debug\net8.0\MIVET.BE.Tests.dll" adapterTypeName="executor://xunit/VsTestRunner2/netcoreapp" className="MIVET.BE.Tests.Hilos.Completos.CitaServiceConcurrenciaTests" name="CP007_CincoCitasSolapadas_MultipleHilos_DeteccionSolapamientos" />
    </UnitTest>
    <UnitTest name="MIVET.BE.Tests.Hilos.Completos.CitaServiceFuncionalesTests.CP004_ObtenerCitaPorId_CitaExistente_DatosCompletos" storage="c:\repos\mivet.be\mivet.be.tests\bin\debug\net8.0\mivet.be.tests.dll" id="be8a25b0-eabd-bb83-aca3-371d7f13917e">
      <Execution id="1140bf7c-302c-4a01-a8bd-c361a9df4eb4" />
      <TestMethod codeBase="C:\repos\MIVET.BE\MIVET.BE.Tests\bin\Debug\net8.0\MIVET.BE.Tests.dll" adapterTypeName="executor://xunit/VsTestRunner2/netcoreapp" className="MIVET.BE.Tests.Hilos.Completos.CitaServiceFuncionalesTests" name="CP004_ObtenerCitaPorId_CitaExistente_DatosCompletos" />
    </UnitTest>
    <UnitTest name="MIVET.BE.Tests.Repositorio.CitaRepositoryTests.CrearAsync_VerificaRelacionConVeterinario" storage="c:\repos\mivet.be\mivet.be.tests\bin\debug\net8.0\mivet.be.tests.dll" id="0c3f0cc6-0d23-3261-2fd5-5ac302288f57">
      <Execution id="4c515ce7-fa43-4110-8cc9-7ef8c46b8622" />
      <TestMethod codeBase="C:\repos\MIVET.BE\MIVET.BE.Tests\bin\Debug\net8.0\MIVET.BE.Tests.dll" adapterTypeName="executor://xunit/VsTestRunner2/netcoreapp" className="MIVET.BE.Tests.Repositorio.CitaRepositoryTests" name="CrearAsync_VerificaRelacionConVeterinario" />
    </UnitTest>
    <UnitTest name="MIVET.BE.Tests.Controllers.CitaControllerTests.Crear_VeterinarioVacio_RetornaBadRequest" storage="c:\repos\mivet.be\mivet.be.tests\bin\debug\net8.0\mivet.be.tests.dll" id="19da1aa0-eadb-1822-fa7d-1ca3bd2e60ac">
      <Execution id="b1b54a0f-3356-4e4b-ba00-06cb3a72223e" />
      <TestMethod codeBase="C:\repos\MIVET.BE\MIVET.BE.Tests\bin\Debug\net8.0\MIVET.BE.Tests.dll" adapterTypeName="executor://xunit/VsTestRunner2/netcoreapp" className="MIVET.BE.Tests.Controllers.CitaControllerTests" name="Crear_VeterinarioVacio_RetornaBadRequest" />
    </UnitTest>
    <UnitTest name="MIVET.BE.Tests.Hilos.Finales.CitaServiceRendimientoTests.CP047_ConsultaMasiva_10000Citas_RendimientoConsulta" storage="c:\repos\mivet.be\mivet.be.tests\bin\debug\net8.0\mivet.be.tests.dll" id="ddb55c95-285d-f270-add2-5264da942585">
      <Execution id="c165d359-dda5-49f4-a977-fb6b62dea725" />
      <TestMethod codeBase="C:\repos\MIVET.BE\MIVET.BE.Tests\bin\Debug\net8.0\MIVET.BE.Tests.dll" adapterTypeName="executor://xunit/VsTestRunner2/netcoreapp" className="MIVET.BE.Tests.Hilos.Finales.CitaServiceRendimientoTests" name="CP047_ConsultaMasiva_10000Citas_RendimientoConsulta" />
    </UnitTest>
    <UnitTest name="MIVET.BE.Tests.Repositorio.CitaRepositoryTests.CrearAsync_DiferentesTiposCita_CreaCitaCorrectamente(tipoCita: Normal, duracion: 15)" storage="c:\repos\mivet.be\mivet.be.tests\bin\debug\net8.0\mivet.be.tests.dll" id="aab2a840-f50c-972d-dd0e-86838c51bc22">
      <Execution id="f5f4bca3-a8ab-4b45-aa2f-f269420cc4b1" />
      <TestMethod codeBase="C:\repos\MIVET.BE\MIVET.BE.Tests\bin\Debug\net8.0\MIVET.BE.Tests.dll" adapterTypeName="executor://xunit/VsTestRunner2/netcoreapp" className="MIVET.BE.Tests.Repositorio.CitaRepositoryTests" name="CrearAsync_DiferentesTiposCita_CreaCitaCorrectamente" />
    </UnitTest>
    <UnitTest name="MIVET.BE.Tests.Controllers.CitaControllerTests.Crear_ClienteInexistente_RetornaNotFound" storage="c:\repos\mivet.be\mivet.be.tests\bin\debug\net8.0\mivet.be.tests.dll" id="26b91d9a-fd7e-429a-a1e9-2ce8649e65dd">
      <Execution id="108bdde4-e4c0-4191-8650-f05b555c8646" />
      <TestMethod codeBase="C:\repos\MIVET.BE\MIVET.BE.Tests\bin\Debug\net8.0\MIVET.BE.Tests.dll" adapterTypeName="executor://xunit/VsTestRunner2/netcoreapp" className="MIVET.BE.Tests.Controllers.CitaControllerTests" name="Crear_ClienteInexistente_RetornaNotFound" />
    </UnitTest>
    <UnitTest name="MIVET.BE.Tests.Repositorio.MascotaDALTests.InsertAsync_DbUpdateException_LanzaExceptionPersonalizada" storage="c:\repos\mivet.be\mivet.be.tests\bin\debug\net8.0\mivet.be.tests.dll" id="86fdc7b5-fbf8-9f21-99d7-1bb172770499">
      <Execution id="21696474-9b3a-4b35-93af-16876daa1058" />
      <TestMethod codeBase="C:\repos\MIVET.BE\MIVET.BE.Tests\bin\Debug\net8.0\MIVET.BE.Tests.dll" adapterTypeName="executor://xunit/VsTestRunner2/netcoreapp" className="MIVET.BE.Tests.Repositorio.MascotaDALTests" name="InsertAsync_DbUpdateException_LanzaExceptionPersonalizada" />
    </UnitTest>
    <UnitTest name="MIVET.BE.Tests.Repositorio.CitaRepositoryTests.CrearAsync_MultiplesCitasMismoVeterinario_CreaSinConflicto" storage="c:\repos\mivet.be\mivet.be.tests\bin\debug\net8.0\mivet.be.tests.dll" id="c425938c-18f3-89f9-0d97-566d9a8663b8">
      <Execution id="a5c596c6-184c-41fe-a3d8-da08321bb49f" />
      <TestMethod codeBase="C:\repos\MIVET.BE\MIVET.BE.Tests\bin\Debug\net8.0\MIVET.BE.Tests.dll" adapterTypeName="executor://xunit/VsTestRunner2/netcoreapp" className="MIVET.BE.Tests.Repositorio.CitaRepositoryTests" name="CrearAsync_MultiplesCitasMismoVeterinario_CreaSinConflicto" />
    </UnitTest>
    <UnitTest name="MIVET.BE.Tests.Controllers.CitaControllerTests.Crear_HorasFueraLimite_RetornaBadRequest(hora: 18, minuto: 1)" storage="c:\repos\mivet.be\mivet.be.tests\bin\debug\net8.0\mivet.be.tests.dll" id="526d53ea-7b38-c014-3ac4-d3b88a354829">
      <Execution id="f30c572f-864f-4e5c-8c3a-916dc7778915" />
      <TestMethod codeBase="C:\repos\MIVET.BE\MIVET.BE.Tests\bin\Debug\net8.0\MIVET.BE.Tests.dll" adapterTypeName="executor://xunit/VsTestRunner2/netcoreapp" className="MIVET.BE.Tests.Controllers.CitaControllerTests" name="Crear_HorasFueraLimite_RetornaBadRequest" />
    </UnitTest>
    <UnitTest name="MIVET.BE.Tests.Hilos.Completos.CitaServiceConcurrenciaTests.CP010_IntegridadTransaccional_50Usuarios_SinCorrupcion" storage="c:\repos\mivet.be\mivet.be.tests\bin\debug\net8.0\mivet.be.tests.dll" id="b07e2dad-63f0-c9f2-4b08-9344a73c0097">
      <Execution id="43df06bd-e6eb-4d2f-ad45-9d99a051772d" />
      <TestMethod codeBase="C:\repos\MIVET.BE\MIVET.BE.Tests\bin\Debug\net8.0\MIVET.BE.Tests.dll" adapterTypeName="executor://xunit/VsTestRunner2/netcoreapp" className="MIVET.BE.Tests.Hilos.Completos.CitaServiceConcurrenciaTests" name="CP010_IntegridadTransaccional_50Usuarios_SinCorrupcion" />
    </UnitTest>
    <UnitTest name="MIVET.BE.Tests.Repositorio.MascotaDALTests.InsertAsync_DocumentoLimites_InsertaCorrectamente(documento: &quot;1003315228&quot;)" storage="c:\repos\mivet.be\mivet.be.tests\bin\debug\net8.0\mivet.be.tests.dll" id="fb46ee0d-bbe3-4c63-102f-fc43d4c95ecf">
      <Execution id="7688862e-516a-4f45-ae7b-c289dbe37ee4" />
      <TestMethod codeBase="C:\repos\MIVET.BE\MIVET.BE.Tests\bin\Debug\net8.0\MIVET.BE.Tests.dll" adapterTypeName="executor://xunit/VsTestRunner2/netcoreapp" className="MIVET.BE.Tests.Repositorio.MascotaDALTests" name="InsertAsync_DocumentoLimites_InsertaCorrectamente" />
    </UnitTest>
    <UnitTest name="MIVET.BE.Tests.Servicio.MascotaBLLTests.InsertAsync_EspeciesValidas_LlamaDAL(especie: &quot;Ave&quot;)" storage="c:\repos\mivet.be\mivet.be.tests\bin\debug\net8.0\mivet.be.tests.dll" id="4cfa64da-a45d-4c85-721d-9f32301f93e4">
      <Execution id="57f90e5e-8e2f-4d55-a5e6-0ba0f3970931" />
      <TestMethod codeBase="C:\repos\MIVET.BE\MIVET.BE.Tests\bin\Debug\net8.0\MIVET.BE.Tests.dll" adapterTypeName="executor://xunit/VsTestRunner2/netcoreapp" className="MIVET.BE.Tests.Servicio.MascotaBLLTests" name="InsertAsync_EspeciesValidas_LlamaDAL" />
    </UnitTest>
    <UnitTest name="MIVET.BE.Tests.Servicio.MascotaBLLTests.InsertAsync_DALLanzaArgumentException_PropagaArgumentException" storage="c:\repos\mivet.be\mivet.be.tests\bin\debug\net8.0\mivet.be.tests.dll" id="c1605b43-8eaa-ad4a-0b52-0987a704ebd1">
      <Execution id="253719e1-5264-4ab1-94c3-4d00b1b5e904" />
      <TestMethod codeBase="C:\repos\MIVET.BE\MIVET.BE.Tests\bin\Debug\net8.0\MIVET.BE.Tests.dll" adapterTypeName="executor://xunit/VsTestRunner2/netcoreapp" className="MIVET.BE.Tests.Servicio.MascotaBLLTests" name="InsertAsync_DALLanzaArgumentException_PropagaArgumentException" />
    </UnitTest>
  </TestDefinitions>
  <TestEntries>
    <TestEntry testId="8655e27c-e833-9e09-f220-4e2eba3dcf31" executionId="56061a1f-0667-4e96-a82a-e02beb8175f8" testListId="8c84fa94-04c1-424b-9868-57a2d4851a1d" />
    <TestEntry testId="8327383b-46a0-5392-b2e6-e07603889831" executionId="0fd0cf54-a1b4-441d-9b0b-97fcd67d337b" testListId="8c84fa94-04c1-424b-9868-57a2d4851a1d" />
    <TestEntry testId="c425938c-18f3-89f9-0d97-566d9a8663b8" executionId="a5c596c6-184c-41fe-a3d8-da08321bb49f" testListId="8c84fa94-04c1-424b-9868-57a2d4851a1d" />
    <TestEntry testId="4491f082-098f-21b2-988b-925621e32c7d" executionId="dc23bee6-4192-4f9a-856a-ef0c428133a0" testListId="8c84fa94-04c1-424b-9868-57a2d4851a1d" />
    <TestEntry testId="9b9da0bf-c17a-d393-6bf4-99029b9f2b03" executionId="b8a5d09e-1ba6-4486-b661-5db165d1ba0a" testListId="8c84fa94-04c1-424b-9868-57a2d4851a1d" />
    <TestEntry testId="4647e0e1-448a-1a3c-3f4b-419e9d76d7f1" executionId="79e4a878-d7dd-4444-9853-475867a7fa15" testListId="8c84fa94-04c1-424b-9868-57a2d4851a1d" />
    <TestEntry testId="2fba0b61-7da1-6115-4f64-c6be3f2a3c54" executionId="3f1f2124-d3bc-4a4c-b723-32a5a9e98cf1" testListId="8c84fa94-04c1-424b-9868-57a2d4851a1d" />
    <TestEntry testId="8510bb86-4210-ebfb-f125-892f26e3bdf0" executionId="c6362da8-8a7f-4a0d-89ab-68af04fb8931" testListId="8c84fa94-04c1-424b-9868-57a2d4851a1d" />
    <TestEntry testId="80ebfc62-ad97-a9de-506e-f04c996c073b" executionId="900e4b77-b449-450f-96b4-6aeea7160eb5" testListId="8c84fa94-04c1-424b-9868-57a2d4851a1d" />
    <TestEntry testId="f3be41bd-6f7d-f02a-8e0e-23426e02bc0c" executionId="271dbd9b-dcf0-4a10-8b47-2f353e45893b" testListId="8c84fa94-04c1-424b-9868-57a2d4851a1d" />
    <TestEntry testId="474ffedd-cae2-779e-7a87-f0a3aa32aea6" executionId="b41e4454-aecb-4f4f-b0c2-1701516547ea" testListId="8c84fa94-04c1-424b-9868-57a2d4851a1d" />
    <TestEntry testId="f4156cf6-2be2-ea92-8df1-41e63d85f397" executionId="d6599570-dbe4-47e0-a10b-04f4690f7b19" testListId="8c84fa94-04c1-424b-9868-57a2d4851a1d" />
    <TestEntry testId="91504de3-f865-c31e-38ef-98cea237e91a" executionId="b68156a6-9437-41f4-81a2-ad77e860a338" testListId="8c84fa94-04c1-424b-9868-57a2d4851a1d" />
    <TestEntry testId="da9b5685-2684-2dd9-1d23-25f5439f411a" executionId="719c5dc6-59e6-4651-8fbc-f61a3e9249f7" testListId="8c84fa94-04c1-424b-9868-57a2d4851a1d" />
    <TestEntry testId="32c1962e-14d9-7aa3-5cf2-676bce95dc8b" executionId="ce417225-ae33-444f-98b3-6a85bf8cff3d" testListId="8c84fa94-04c1-424b-9868-57a2d4851a1d" />
    <TestEntry testId="c16e1726-1ba6-fa12-54bb-5c4759b21bd1" executionId="410db96c-3399-4a18-947a-f7481a03d9bf" testListId="8c84fa94-04c1-424b-9868-57a2d4851a1d" />
    <TestEntry testId="a09b0537-a9d5-002a-b81b-558a6cabffdc" executionId="0b08cd0c-205c-45ab-b917-c9120e5d50a9" testListId="8c84fa94-04c1-424b-9868-57a2d4851a1d" />
    <TestEntry testId="50e63399-e880-097a-4c92-b86bb615401a" executionId="1a35f19b-d621-451c-af91-34801eb03712" testListId="8c84fa94-04c1-424b-9868-57a2d4851a1d" />
    <TestEntry testId="da424ff2-5747-8d65-80ca-0f43919dc1a5" executionId="6076e76c-4ef7-4f62-884d-ebb78aa9e9cc" testListId="8c84fa94-04c1-424b-9868-57a2d4851a1d" />
    <TestEntry testId="db35c9f1-01de-157f-1671-23799c1976a9" executionId="ebb453ea-cd6d-4f7a-87ab-28fa93173c95" testListId="8c84fa94-04c1-424b-9868-57a2d4851a1d" />
    <TestEntry testId="58302dea-2cab-a033-3ca2-021b3d4f0ade" executionId="d742fed5-e101-4261-8f73-c21a1a1b5db9" testListId="8c84fa94-04c1-424b-9868-57a2d4851a1d" />
    <TestEntry testId="f96b7b02-845f-839a-df22-e563cc2ad6bf" executionId="219fed76-0b4f-44a3-b0e0-6f60659f8749" testListId="8c84fa94-04c1-424b-9868-57a2d4851a1d" />
    <TestEntry testId="22ea34d3-9cb8-ce2e-7f3c-d9d570d3cc31" executionId="bfef79b8-d2a7-49e3-94d1-fe621921800d" testListId="8c84fa94-04c1-424b-9868-57a2d4851a1d" />
    <TestEntry testId="6499047d-a664-c812-3054-b5d0b67ab921" executionId="e83930aa-8e46-441e-93c7-862b64cfc6a5" testListId="8c84fa94-04c1-424b-9868-57a2d4851a1d" />
    <TestEntry testId="fd4192b9-f012-d0aa-0644-7c4856b7bf20" executionId="a2e98cb5-e03a-45c3-b4ca-8d698a3a5e4b" testListId="8c84fa94-04c1-424b-9868-57a2d4851a1d" />
    <TestEntry testId="e4de20af-1626-1017-81ae-89cbb70e22f6" executionId="53bb3081-d652-43a1-b40d-0437c952c6dd" testListId="8c84fa94-04c1-424b-9868-57a2d4851a1d" />
    <TestEntry testId="cc92fcf7-486e-a263-f9b4-e032b78828a9" executionId="c11249b4-317b-4e9a-ba8e-753564a58bf0" testListId="8c84fa94-04c1-424b-9868-57a2d4851a1d" />
    <TestEntry testId="f5a5afec-1874-bcdf-fd54-e4426045a8b1" executionId="48511dc7-9fd2-44e0-83e2-880a741918c4" testListId="8c84fa94-04c1-424b-9868-57a2d4851a1d" />
    <TestEntry testId="f8dd7b56-6d0d-39d3-53d3-b4a4dc2ce18d" executionId="6fdb9dff-4eda-4a2a-af04-457b78a33aab" testListId="8c84fa94-04c1-424b-9868-57a2d4851a1d" />
    <TestEntry testId="9085ba13-6733-65e1-99d8-1f6801a61e36" executionId="e84f4658-5fa1-45c8-b5a4-3767445733f3" testListId="8c84fa94-04c1-424b-9868-57a2d4851a1d" />
    <TestEntry testId="c6051f41-07bf-d141-2a73-6781aeeeb59f" executionId="71479407-cebe-4400-9862-6bb6258fa21e" testListId="8c84fa94-04c1-424b-9868-57a2d4851a1d" />
    <TestEntry testId="1bf62292-15cc-cebc-b544-aeed201337c5" executionId="129170be-7ea4-460b-a624-9bf35c507fe5" testListId="8c84fa94-04c1-424b-9868-57a2d4851a1d" />
    <TestEntry testId="3138a172-c836-3a2e-7458-398cda9b766c" executionId="c72d5edd-b981-4afc-b1cc-4d80744d8df9" testListId="8c84fa94-04c1-424b-9868-57a2d4851a1d" />
    <TestEntry testId="526e0759-99b6-b3c3-bd40-1b034a99c4d3" executionId="1231737d-9501-4efd-b01a-b74bab495b6d" testListId="8c84fa94-04c1-424b-9868-57a2d4851a1d" />
    <TestEntry testId="4a6dac94-c599-5b98-380e-9ddd4153777c" executionId="f684c6d2-f5c8-4a70-b37c-017395e26b14" testListId="8c84fa94-04c1-424b-9868-57a2d4851a1d" />
    <TestEntry testId="3ad215d4-4094-5818-dea1-d747cf6767b4" executionId="a19d47db-9299-419b-9876-7662fe30a750" testListId="8c84fa94-04c1-424b-9868-57a2d4851a1d" />
    <TestEntry testId="d4d119df-4e0d-be1b-8a50-6afc175b31fe" executionId="2ced369c-e67d-4404-bd91-08ab87d10fde" testListId="8c84fa94-04c1-424b-9868-57a2d4851a1d" />
    <TestEntry testId="b132c319-4344-d9db-e113-350961382b63" executionId="7801e4a3-72ba-463a-9b87-e4233eb36536" testListId="8c84fa94-04c1-424b-9868-57a2d4851a1d" />
    <TestEntry testId="3d878f55-af7b-0ac9-7c86-9a69d4476e22" executionId="c6dff099-56c6-4782-88a7-acd58552f929" testListId="8c84fa94-04c1-424b-9868-57a2d4851a1d" />
    <TestEntry testId="697e8510-9ac0-735f-a7a0-67e0c41705e6" executionId="93a0f890-ec5e-4c41-b92f-6bc9e2c4e702" testListId="8c84fa94-04c1-424b-9868-57a2d4851a1d" />
    <TestEntry testId="c1605b43-8eaa-ad4a-0b52-0987a704ebd1" executionId="253719e1-5264-4ab1-94c3-4d00b1b5e904" testListId="8c84fa94-04c1-424b-9868-57a2d4851a1d" />
    <TestEntry testId="19aed18b-2726-b405-25ed-10b9f3b86952" executionId="3a4c7074-48f2-4f6b-8537-4d8a471e1720" testListId="8c84fa94-04c1-424b-9868-57a2d4851a1d" />
    <TestEntry testId="0d758bd8-4b76-7611-66af-550965108d3f" executionId="12b9f9f5-5d48-4303-8441-56146840b87e" testListId="8c84fa94-04c1-424b-9868-57a2d4851a1d" />
    <TestEntry testId="1645a8d0-7ff9-ad24-bb15-9ee6163f9aa6" executionId="ea56cfef-cdae-470e-85e6-e0d16b370400" testListId="8c84fa94-04c1-424b-9868-57a2d4851a1d" />
    <TestEntry testId="46a0c528-81a5-4d74-4a39-7778905f8fec" executionId="d0c24959-ba3d-476e-9155-997b05157cd8" testListId="8c84fa94-04c1-424b-9868-57a2d4851a1d" />
    <TestEntry testId="d1b12165-d1bd-dc5c-7894-132400fe9494" executionId="91aeb5a5-17c8-4696-96d4-204312abd0f5" testListId="8c84fa94-04c1-424b-9868-57a2d4851a1d" />
    <TestEntry testId="379a1e7e-454a-eccc-2b34-d5b61e71b64c" executionId="6423aae1-fd7b-4372-a533-2dfad9b5b8c1" testListId="8c84fa94-04c1-424b-9868-57a2d4851a1d" />
    <TestEntry testId="6901aa12-8a70-7caa-76ad-1d063444948f" executionId="dfb49789-9471-449e-a11f-d13c61c1b84b" testListId="8c84fa94-04c1-424b-9868-57a2d4851a1d" />
    <TestEntry testId="a43f23a5-70cf-2d59-8971-ec8d375cac11" executionId="a9bf0505-6be8-4692-a109-3589c43ef189" testListId="8c84fa94-04c1-424b-9868-57a2d4851a1d" />
    <TestEntry testId="2bfd6718-8190-c0cf-65d6-26841a486e2e" executionId="d300f6e5-e13a-458f-b584-28af1706e0c8" testListId="8c84fa94-04c1-424b-9868-57a2d4851a1d" />
    <TestEntry testId="99d5cfba-213e-6082-227f-2584067a19c1" executionId="702a516b-72ba-42a7-81c3-71128c2ad173" testListId="8c84fa94-04c1-424b-9868-57a2d4851a1d" />
    <TestEntry testId="4b35519d-d0a9-e42b-bcf0-1ea4f6220f7b" executionId="b4f9035d-a77c-40df-b25b-b8ebcbf633ab" testListId="8c84fa94-04c1-424b-9868-57a2d4851a1d" />
    <TestEntry testId="5420ab82-8f42-94e7-4dc2-f9b281a13a60" executionId="c7ace6ab-7a8a-42cd-9e37-dd35e1d3ccd5" testListId="8c84fa94-04c1-424b-9868-57a2d4851a1d" />
    <TestEntry testId="04fb97ef-9a7c-50d8-17f7-e794cd43610a" executionId="276f44e8-fce3-4307-89ff-014992bab119" testListId="8c84fa94-04c1-424b-9868-57a2d4851a1d" />
    <TestEntry testId="476a9a8e-2d74-073d-2d23-499cb239f851" executionId="e32aa620-6663-46ee-b4fa-606b331721da" testListId="8c84fa94-04c1-424b-9868-57a2d4851a1d" />
    <TestEntry testId="5124d404-f76c-cf11-34f4-899c1abef87e" executionId="a1f0e36b-02a4-4515-b927-fbc3da166fdb" testListId="8c84fa94-04c1-424b-9868-57a2d4851a1d" />
    <TestEntry testId="4cfa64da-a45d-4c85-721d-9f32301f93e4" executionId="57f90e5e-8e2f-4d55-a5e6-0ba0f3970931" testListId="8c84fa94-04c1-424b-9868-57a2d4851a1d" />
    <TestEntry testId="61c25aeb-b1c8-b5e2-2950-4ed9197009a3" executionId="b2dfae76-0324-4162-bc2a-6fff048e2da3" testListId="8c84fa94-04c1-424b-9868-57a2d4851a1d" />
    <TestEntry testId="ddb55c95-285d-f270-add2-5264da942585" executionId="c165d359-dda5-49f4-a977-fb6b62dea725" testListId="8c84fa94-04c1-424b-9868-57a2d4851a1d" />
    <TestEntry testId="6d31d92f-e406-9eb9-8273-b9e3f633bdff" executionId="5cd395ba-bde8-4d7d-8a76-dc1d96e8df5b" testListId="8c84fa94-04c1-424b-9868-57a2d4851a1d" />
    <TestEntry testId="43c67493-5be4-69cf-4692-4c02c9916088" executionId="ab184c27-db18-469f-bec3-813798fb80f7" testListId="8c84fa94-04c1-424b-9868-57a2d4851a1d" />
    <TestEntry testId="10faf36a-c30b-e728-8b86-09514546ccca" executionId="0c67aa8d-deaa-4203-a582-394a8be0d45d" testListId="8c84fa94-04c1-424b-9868-57a2d4851a1d" />
    <TestEntry testId="93460349-fa89-078c-4eb9-6b92d691949d" executionId="054f366c-67d7-4f5b-855c-c274c2787b66" testListId="8c84fa94-04c1-424b-9868-57a2d4851a1d" />
    <TestEntry testId="e648ecfd-d30b-fbc0-dda3-b3b5c0625ac6" executionId="455df36a-b0b6-4e7e-b7c3-e3b9f9a8f578" testListId="8c84fa94-04c1-424b-9868-57a2d4851a1d" />
    <TestEntry testId="fd3ada1b-5463-4820-6758-b95d328cc7ff" executionId="2ce747d6-b366-4a2e-a230-0e47f4a7d6b7" testListId="8c84fa94-04c1-424b-9868-57a2d4851a1d" />
    <TestEntry testId="94e82a9a-8dfa-cdd1-04e2-7c91ab896f6c" executionId="6ee82f58-067b-4a27-8996-caf0716c70ff" testListId="8c84fa94-04c1-424b-9868-57a2d4851a1d" />
    <TestEntry testId="de61aae9-930a-ea95-f2ed-8dd909cf5e7d" executionId="01f0a66d-7323-47b9-832d-dc57207d771a" testListId="8c84fa94-04c1-424b-9868-57a2d4851a1d" />
    <TestEntry testId="4db542b2-f4d0-b238-1c1b-c6d917add69e" executionId="1c96f233-27cf-475c-a876-7381922d4b1a" testListId="8c84fa94-04c1-424b-9868-57a2d4851a1d" />
    <TestEntry testId="619e7b35-451e-8000-9de6-7025c5432400" executionId="af2e2031-2506-4592-8138-ecb8a2f6bcaa" testListId="8c84fa94-04c1-424b-9868-57a2d4851a1d" />
    <TestEntry testId="d28f6dfc-d2d5-b641-46f0-cd444be37dc8" executionId="df2849e0-e5e2-4ec1-95c5-2a9f7ed71241" testListId="8c84fa94-04c1-424b-9868-57a2d4851a1d" />
    <TestEntry testId="1b10e543-499e-3265-60e4-04d1895448ea" executionId="5b87fbb6-d5dd-4f42-a546-21dbac6f36c9" testListId="8c84fa94-04c1-424b-9868-57a2d4851a1d" />
    <TestEntry testId="3293bc08-6290-6301-383a-5144125bad42" executionId="13fdd0a8-85d1-4afc-858d-6be1e3f8cb4f" testListId="8c84fa94-04c1-424b-9868-57a2d4851a1d" />
    <TestEntry testId="8e0b6702-f8c0-ba62-dff3-3aaa5e825c61" executionId="31cda10f-ef00-494a-9d9a-4835f1a8e140" testListId="8c84fa94-04c1-424b-9868-57a2d4851a1d" />
    <TestEntry testId="368a554d-bcfe-2bb2-037a-a91b4e7612a4" executionId="f7c42a3a-b4e4-46ac-82f3-38d54e581c34" testListId="8c84fa94-04c1-424b-9868-57a2d4851a1d" />
    <TestEntry testId="4d201552-f8e5-0ff3-8541-ec02ab0ae1f4" executionId="29445b54-8b6a-49c2-827c-8485af7fb906" testListId="8c84fa94-04c1-424b-9868-57a2d4851a1d" />
    <TestEntry testId="61ac564b-d7aa-8a39-f9b9-9473ed0f86ff" executionId="a5318a07-3189-4040-84cb-ce3eb799f46b" testListId="8c84fa94-04c1-424b-9868-57a2d4851a1d" />
    <TestEntry testId="cf6ebce1-b2f8-42b2-4f7e-aeef5839da65" executionId="c454e179-aa79-4bbd-b0d9-8c915fa04588" testListId="8c84fa94-04c1-424b-9868-57a2d4851a1d" />
    <TestEntry testId="12d1334b-4172-c9b4-314e-0286d104a632" executionId="ec68bf07-68f4-4667-90ec-4feea0053e38" testListId="8c84fa94-04c1-424b-9868-57a2d4851a1d" />
    <TestEntry testId="aec3679c-f303-ceb0-3d8f-a1520ae65a08" executionId="ea3e44d3-0c4d-4e35-b459-fab5e4a6a8e3" testListId="8c84fa94-04c1-424b-9868-57a2d4851a1d" />
    <TestEntry testId="a3e42fef-ef99-5416-d324-eb04fa3ab6cb" executionId="6fb5a992-a144-4ead-86a1-838e88c57d2d" testListId="8c84fa94-04c1-424b-9868-57a2d4851a1d" />
    <TestEntry testId="d87bdcc4-db28-69b7-3698-820d4a4c63c5" executionId="018f38b2-63ec-4a89-affa-57248440254f" testListId="8c84fa94-04c1-424b-9868-57a2d4851a1d" />
    <TestEntry testId="8b7e0459-0064-2fd2-cc82-cfdb2a22ffc9" executionId="2eec5de4-44ca-4ab8-9c23-b06337b36305" testListId="8c84fa94-04c1-424b-9868-57a2d4851a1d" />
    <TestEntry testId="e1b9bdd9-c04a-4005-3cbc-614a51d459e2" executionId="d884866f-a100-4d9c-a4cc-71aff55639e3" testListId="8c84fa94-04c1-424b-9868-57a2d4851a1d" />
    <TestEntry testId="5665bf65-2da4-0842-ae0c-ffb5f1f1dc21" executionId="71236c7d-b15d-4b2d-8bfd-a80f56dbd44e" testListId="8c84fa94-04c1-424b-9868-57a2d4851a1d" />
    <TestEntry testId="863c836f-64a8-e9ea-cddb-1d0c9a313814" executionId="3b5325ae-590c-4156-a191-0f7ae8792670" testListId="8c84fa94-04c1-424b-9868-57a2d4851a1d" />
    <TestEntry testId="3da2093a-13e0-6f8a-36bd-30d6d0de4735" executionId="9cb9d477-6396-44b7-9e9e-d91459a320e7" testListId="8c84fa94-04c1-424b-9868-57a2d4851a1d" />
    <TestEntry testId="8f83a023-b916-bc2f-0d50-36142692a58c" executionId="6de4eaed-df5a-4824-907d-dd381c99f73b" testListId="8c84fa94-04c1-424b-9868-57a2d4851a1d" />
    <TestEntry testId="ffe09e01-ab1a-13f5-c702-e7024e8b690d" executionId="62d66872-0ebc-47ef-80d2-a5d547ab2da7" testListId="8c84fa94-04c1-424b-9868-57a2d4851a1d" />
    <TestEntry testId="be153450-7570-5f4a-2ea5-75c553c25fa3" executionId="a070e70a-ff21-420b-a80b-590128d2c1cc" testListId="8c84fa94-04c1-424b-9868-57a2d4851a1d" />
    <TestEntry testId="13802d75-566f-7b56-129d-9a01f7b0000f" executionId="f17fe7d4-2ae3-49a9-bcbc-8853f1402cf8" testListId="8c84fa94-04c1-424b-9868-57a2d4851a1d" />
    <TestEntry testId="aab2a840-f50c-972d-dd0e-86838c51bc22" executionId="f5f4bca3-a8ab-4b45-aa2f-f269420cc4b1" testListId="8c84fa94-04c1-424b-9868-57a2d4851a1d" />
    <TestEntry testId="be8a25b0-eabd-bb83-aca3-371d7f13917e" executionId="1140bf7c-302c-4a01-a8bd-c361a9df4eb4" testListId="8c84fa94-04c1-424b-9868-57a2d4851a1d" />
    <TestEntry testId="468bbc87-651e-6dc0-0ac6-d67e1ced1dfc" executionId="b9bfc24d-c8c0-44e3-a131-350bdf722935" testListId="8c84fa94-04c1-424b-9868-57a2d4851a1d" />
    <TestEntry testId="6742d8e4-5a1d-3801-1420-cea64e8d7e0d" executionId="e134416e-bd05-47df-afd7-5148a3b2df53" testListId="8c84fa94-04c1-424b-9868-57a2d4851a1d" />
    <TestEntry testId="ebe5864c-ef47-a111-c538-3b9fe3c57542" executionId="e7402a3e-f843-435e-8936-3ebaa36246a3" testListId="8c84fa94-04c1-424b-9868-57a2d4851a1d" />
    <TestEntry testId="78520b6c-3670-ef6d-6339-15d69bca192e" executionId="27cde9f8-57fc-4b76-81c7-845e588fd3c8" testListId="8c84fa94-04c1-424b-9868-57a2d4851a1d" />
    <TestEntry testId="63b2a0f3-e6f8-4cf7-cbd3-cf63e79762f0" executionId="b13e86ee-2a6a-43bd-a3d0-f557c4c140e5" testListId="8c84fa94-04c1-424b-9868-57a2d4851a1d" />
    <TestEntry testId="4d891ca8-d7d5-ed9e-6ed1-2dd9b54538c0" executionId="bd042386-f5cc-4b62-a423-e5f9ecf8e3cc" testListId="8c84fa94-04c1-424b-9868-57a2d4851a1d" />
    <TestEntry testId="9f7f2a02-0d11-c8c8-a483-37eee3000416" executionId="026ce09b-871c-47fe-86d4-87bf1da4c545" testListId="8c84fa94-04c1-424b-9868-57a2d4851a1d" />
    <TestEntry testId="0e03c20e-6ed1-f4d4-d441-afca5752c61e" executionId="e8fa9ef3-84d0-4547-b68f-6f7c011bbb7f" testListId="8c84fa94-04c1-424b-9868-57a2d4851a1d" />
    <TestEntry testId="9488f44f-df3b-6b0a-7afe-fb09b4e05bba" executionId="e3a33f07-ff78-41b6-bd33-d00bad37de0e" testListId="8c84fa94-04c1-424b-9868-57a2d4851a1d" />
    <TestEntry testId="b660b633-62d5-38e2-3db3-387ab20c5cca" executionId="5d9f1d9f-7f58-4101-9c91-425a69f9062f" testListId="8c84fa94-04c1-424b-9868-57a2d4851a1d" />
    <TestEntry testId="76163902-6fdf-addd-efaa-8f180297e71b" executionId="6317afff-34aa-43a8-bce5-3174a01264b6" testListId="8c84fa94-04c1-424b-9868-57a2d4851a1d" />
    <TestEntry testId="9cdecd8c-ab38-6700-d7f3-66c6acd10e0d" executionId="b8885079-0a59-47c5-9fcd-92a30d7fb4c9" testListId="8c84fa94-04c1-424b-9868-57a2d4851a1d" />
    <TestEntry testId="8951edb8-4085-0af1-bbca-abd37b1dba19" executionId="c76289d2-58a8-4460-bd55-603ef762810a" testListId="8c84fa94-04c1-424b-9868-57a2d4851a1d" />
    <TestEntry testId="2aaa046b-9ee7-04a6-b0fd-587d180affbe" executionId="cf6b2add-5e86-496d-b09c-7da609f42de8" testListId="8c84fa94-04c1-424b-9868-57a2d4851a1d" />
    <TestEntry testId="f651c0ef-ad6f-81bc-1f32-56370b57ffe0" executionId="f90e8469-d5bf-4423-8111-1c722aec3d16" testListId="8c84fa94-04c1-424b-9868-57a2d4851a1d" />
    <TestEntry testId="fa163575-b5a7-ab29-0d02-0fb2f419e089" executionId="4fe79370-44f1-4eb0-b0a7-43e5000867c1" testListId="8c84fa94-04c1-424b-9868-57a2d4851a1d" />
    <TestEntry testId="f7ee7981-d44d-1f96-82ed-9f431e4f149d" executionId="ae2b41a2-ab73-4306-8ce9-4c2c2525637c" testListId="8c84fa94-04c1-424b-9868-57a2d4851a1d" />
    <TestEntry testId="b9936e27-e4e8-1e37-f7b9-20b02eb832a0" executionId="8f223aec-d855-4398-8040-682f0cd86f3d" testListId="8c84fa94-04c1-424b-9868-57a2d4851a1d" />
    <TestEntry testId="9e54605b-b18d-3baa-1fea-20c4bbf66994" executionId="a0074911-8af4-43a7-acf4-7e43c59dcb7e" testListId="8c84fa94-04c1-424b-9868-57a2d4851a1d" />
    <TestEntry testId="b07e2dad-63f0-c9f2-4b08-9344a73c0097" executionId="43df06bd-e6eb-4d2f-ad45-9d99a051772d" testListId="8c84fa94-04c1-424b-9868-57a2d4851a1d" />
    <TestEntry testId="05df2f07-c516-9759-8e98-19d1d52f0f8b" executionId="53197136-9b84-401f-8f67-a6a2e4c9211d" testListId="8c84fa94-04c1-424b-9868-57a2d4851a1d" />
    <TestEntry testId="86fdc7b5-fbf8-9f21-99d7-1bb172770499" executionId="21696474-9b3a-4b35-93af-16876daa1058" testListId="8c84fa94-04c1-424b-9868-57a2d4851a1d" />
    <TestEntry testId="521e2bd8-0df0-7f8e-8119-a1f1d516cfd8" executionId="7636366e-b876-4c3b-8a61-b2f31813de55" testListId="8c84fa94-04c1-424b-9868-57a2d4851a1d" />
    <TestEntry testId="13496e2e-0ed2-4c31-b839-5af403901ed6" executionId="54df7155-46cf-45d2-98ca-7fb715775cf5" testListId="8c84fa94-04c1-424b-9868-57a2d4851a1d" />
    <TestEntry testId="2060fd49-9cd9-1b94-b74b-d1d484d94da1" executionId="a7adc230-91cd-45c4-ac6c-dcc37bfec228" testListId="8c84fa94-04c1-424b-9868-57a2d4851a1d" />
    <TestEntry testId="bff36ce7-2277-1586-aa67-2227ed0b5c49" executionId="b6b604ea-39d4-4dfa-a36d-692369a17468" testListId="8c84fa94-04c1-424b-9868-57a2d4851a1d" />
    <TestEntry testId="a383519a-6ef1-5e4c-22c6-216a5b4c6f53" executionId="46129f5b-b7f1-4b3a-b7e5-2dfe0ceeffa0" testListId="8c84fa94-04c1-424b-9868-57a2d4851a1d" />
    <TestEntry testId="02ff1565-5461-1301-7090-c9d2175688cf" executionId="6b74aa8e-26c7-4c5e-a47d-a73e5b409acf" testListId="8c84fa94-04c1-424b-9868-57a2d4851a1d" />
    <TestEntry testId="77b40036-956a-a3af-fc98-3b38b7d816f1" executionId="ac1d6a59-fa79-4853-9772-b89e666fb531" testListId="8c84fa94-04c1-424b-9868-57a2d4851a1d" />
    <TestEntry testId="7ff3fa0c-c2c4-3f64-abac-55005b6e1875" executionId="c069965e-382d-406c-9c8a-cea9c2e82e1e" testListId="8c84fa94-04c1-424b-9868-57a2d4851a1d" />
    <TestEntry testId="8f55fa64-394f-632f-2d10-219260dee181" executionId="ccaf3433-2fdb-4166-bb25-d49cdc10955a" testListId="8c84fa94-04c1-424b-9868-57a2d4851a1d" />
    <TestEntry testId="e0d9e013-a2d2-f859-a96e-939c3b033ac4" executionId="f3fc53ce-a55c-404a-896e-31c94d8ed5e5" testListId="8c84fa94-04c1-424b-9868-57a2d4851a1d" />
    <TestEntry testId="24994c90-9227-ff46-0aa5-13a3c892741d" executionId="838dc9f0-a4db-4ab4-8005-c1b4a9a23a82" testListId="8c84fa94-04c1-424b-9868-57a2d4851a1d" />
    <TestEntry testId="2f4ce9d4-1493-d2a4-7d9b-cc4828f071ae" executionId="0ecca974-8e7f-442a-990a-f0a9b0e2fdb4" testListId="8c84fa94-04c1-424b-9868-57a2d4851a1d" />
    <TestEntry testId="6091fe75-9014-7e43-bbe5-87adbbeb8f5c" executionId="093ac025-234a-4b51-a826-5895e8a2da88" testListId="8c84fa94-04c1-424b-9868-57a2d4851a1d" />
    <TestEntry testId="305bd791-9783-7528-f5c0-f2d1e9bcc029" executionId="1609ee8c-67e5-409d-8311-83be31f69871" testListId="8c84fa94-04c1-424b-9868-57a2d4851a1d" />
    <TestEntry testId="d906f0c8-532d-bac1-6073-42f74812e203" executionId="86cc42e2-fe00-4909-a55e-5b9e44bd17b1" testListId="8c84fa94-04c1-424b-9868-57a2d4851a1d" />
    <TestEntry testId="bcce3dd2-a838-926d-81d2-2fe182620bf6" executionId="39cffe5e-030a-4b2c-8307-453af84f129d" testListId="8c84fa94-04c1-424b-9868-57a2d4851a1d" />
    <TestEntry testId="c7f586a3-2375-4071-de35-1132c89cded8" executionId="1c221eeb-59a2-4158-8da1-75bdc602240d" testListId="8c84fa94-04c1-424b-9868-57a2d4851a1d" />
    <TestEntry testId="ca05ec19-f254-ed9c-e4d9-ebaf65ad0d33" executionId="0252a8ef-2cb1-43f9-b568-b183bba1c988" testListId="8c84fa94-04c1-424b-9868-57a2d4851a1d" />
    <TestEntry testId="4ba02c13-c381-41a4-80eb-327b580e015a" executionId="a89adabe-7341-4899-b8f6-88b186c11d12" testListId="8c84fa94-04c1-424b-9868-57a2d4851a1d" />
    <TestEntry testId="59bb0170-6cbd-673d-6435-2ee5b849a98e" executionId="a2499ce3-74d9-47fa-984e-ecd9b5b77304" testListId="8c84fa94-04c1-424b-9868-57a2d4851a1d" />
    <TestEntry testId="fa8f411f-8c7a-596e-745c-fc4130ac6acd" executionId="0148c8bd-fde3-4445-88d4-099d67fecc9f" testListId="8c84fa94-04c1-424b-9868-57a2d4851a1d" />
    <TestEntry testId="0669528d-698c-fd93-d373-f5394d0588b1" executionId="9be54310-05fc-48fa-a820-ac2c9a794a8b" testListId="8c84fa94-04c1-424b-9868-57a2d4851a1d" />
    <TestEntry testId="bd695120-c5ed-8608-dd8b-716acad419df" executionId="99cd57e9-00a5-4787-9133-60113e9b1f51" testListId="8c84fa94-04c1-424b-9868-57a2d4851a1d" />
    <TestEntry testId="ce5aa31d-1764-42b0-ce1e-9cb7e810c476" executionId="55d255f9-5abb-4187-8507-f662049bc418" testListId="8c84fa94-04c1-424b-9868-57a2d4851a1d" />
    <TestEntry testId="d8d086de-1896-b5a0-7144-b84cc9fda316" executionId="0de901e8-6e36-4521-8998-cab7c9cc2d1f" testListId="8c84fa94-04c1-424b-9868-57a2d4851a1d" />
    <TestEntry testId="6755f8ef-a5ce-a9ad-b9ec-e8cdfcff5295" executionId="7b7ec486-06dc-4252-b9e5-4f1f2007d42b" testListId="8c84fa94-04c1-424b-9868-57a2d4851a1d" />
    <TestEntry testId="59bbcbd6-30f6-93a7-29d1-1ffb92cc631d" executionId="2491886d-782f-412d-81f8-a186da1ad3c1" testListId="8c84fa94-04c1-424b-9868-57a2d4851a1d" />
    <TestEntry testId="34e368fa-bbf4-4307-6c4f-5d13761f9b3e" executionId="9a241454-8fa6-4700-bac5-3a04f289b9a6" testListId="8c84fa94-04c1-424b-9868-57a2d4851a1d" />
    <TestEntry testId="52f8f289-1172-30d9-0334-d6d8d5a4fe98" executionId="08879f09-bdfe-4fd1-aee4-7d55b03a2cc1" testListId="8c84fa94-04c1-424b-9868-57a2d4851a1d" />
    <TestEntry testId="21a191ff-1088-ebb2-1b58-8bbbae00743d" executionId="fa4cd1bf-7b7c-469d-b031-aa61d47be56f" testListId="8c84fa94-04c1-424b-9868-57a2d4851a1d" />
    <TestEntry testId="4e245118-fa6e-3240-7cc3-47d1dec464b1" executionId="4e41b529-2862-43fa-a00b-a478ba09a1b4" testListId="8c84fa94-04c1-424b-9868-57a2d4851a1d" />
    <TestEntry testId="8bb3b6b4-89df-79ac-1e89-cc40cd006706" executionId="c2c4f6ab-c7ba-4397-b447-a3da8e07d821" testListId="8c84fa94-04c1-424b-9868-57a2d4851a1d" />
    <TestEntry testId="2351860b-f75a-5ef8-c6d1-3170a7040917" executionId="71c0c6b9-ceec-4a64-a885-087c3faa4db4" testListId="8c84fa94-04c1-424b-9868-57a2d4851a1d" />
    <TestEntry testId="f58fa25d-73be-4c41-05e6-d22a08509f83" executionId="fed06f84-bf17-4ee2-b2bf-d512da6f88c7" testListId="8c84fa94-04c1-424b-9868-57a2d4851a1d" />
    <TestEntry testId="f76c1376-dee2-3519-884b-6f251df1bf45" executionId="0bc46e5b-cffa-468a-a688-84d5f230df4d" testListId="8c84fa94-04c1-424b-9868-57a2d4851a1d" />
    <TestEntry testId="aa24de7a-beab-0666-e4cd-de1fbee1b891" executionId="7f6dc931-40d6-4302-88da-c182810ebbca" testListId="8c84fa94-04c1-424b-9868-57a2d4851a1d" />
    <TestEntry testId="fd9a26a2-efe6-2b7f-3678-5d4ce12b6738" executionId="592dac81-7493-4642-9dbf-88d0fcf25485" testListId="8c84fa94-04c1-424b-9868-57a2d4851a1d" />
    <TestEntry testId="d60b7864-3627-7f33-7851-1c4625242499" executionId="11e50348-18d5-4bfb-b56d-8f5827500ddd" testListId="8c84fa94-04c1-424b-9868-57a2d4851a1d" />
    <TestEntry testId="52972400-84d6-763e-8738-efa929b1985b" executionId="80c7847a-ae1a-45f0-94d9-fcd819178e71" testListId="8c84fa94-04c1-424b-9868-57a2d4851a1d" />
    <TestEntry testId="896d6481-be69-ea1c-8c13-0928d776056e" executionId="91c97bc2-8283-4d98-ae71-f3063a185d68" testListId="8c84fa94-04c1-424b-9868-57a2d4851a1d" />
    <TestEntry testId="dfc2cb24-e4c4-2b9a-2179-84be303838e8" executionId="133e85b7-80a7-45bc-9dbc-5019084a0b04" testListId="8c84fa94-04c1-424b-9868-57a2d4851a1d" />
    <TestEntry testId="ee1126a9-353a-6e02-dc19-c8fc36e56a52" executionId="1c890b50-1fe3-4c17-bacb-4f115eb90e6e" testListId="8c84fa94-04c1-424b-9868-57a2d4851a1d" />
    <TestEntry testId="cdeb8298-8604-2fdb-0430-21ec8399e040" executionId="7c474f5a-798e-49de-a093-6d64714c4250" testListId="8c84fa94-04c1-424b-9868-57a2d4851a1d" />
    <TestEntry testId="526d53ea-7b38-c014-3ac4-d3b88a354829" executionId="f30c572f-864f-4e5c-8c3a-916dc7778915" testListId="8c84fa94-04c1-424b-9868-57a2d4851a1d" />
    <TestEntry testId="19bf97fd-8f9e-eba6-ce47-81493c6d26ce" executionId="44800776-da39-4633-9a9b-9cb493c3fcb0" testListId="8c84fa94-04c1-424b-9868-57a2d4851a1d" />
    <TestEntry testId="eef97398-a555-19a1-8406-aefe397d72a7" executionId="9b03ad55-e937-4100-84fb-54f2f0cfb9be" testListId="8c84fa94-04c1-424b-9868-57a2d4851a1d" />
    <TestEntry testId="f471f9bb-f6a5-07fb-2b04-993e7717a946" executionId="bd39bf45-5cbd-4cc7-b753-c0c3b84361d6" testListId="8c84fa94-04c1-424b-9868-57a2d4851a1d" />
    <TestEntry testId="1bf6c10c-73f9-c431-d7f9-6c3cec0f3d6a" executionId="a058f9a1-733d-4137-9b30-d6f101eda90d" testListId="8c84fa94-04c1-424b-9868-57a2d4851a1d" />
    <TestEntry testId="89e52021-ec73-40fd-a611-b6d4ba0845f9" executionId="f372520b-fa06-4f20-bb9c-90b361d75dc8" testListId="8c84fa94-04c1-424b-9868-57a2d4851a1d" />
    <TestEntry testId="49a70b0b-d0c7-ce5e-90ea-6cda791c92ad" executionId="b4ae3c14-8a37-4d0d-a3f0-8b87557c9190" testListId="8c84fa94-04c1-424b-9868-57a2d4851a1d" />
    <TestEntry testId="33369b6f-29e7-e397-f634-f6f6021665db" executionId="8dcaa792-4470-497d-879f-2c9aba7dde0d" testListId="8c84fa94-04c1-424b-9868-57a2d4851a1d" />
    <TestEntry testId="12c73a6d-dc4f-72f4-2975-8df7e95aa5f0" executionId="47f17aa6-5c72-4238-bd0d-8cf1c13d26a2" testListId="8c84fa94-04c1-424b-9868-57a2d4851a1d" />
    <TestEntry testId="1c76101a-745a-ecab-e414-5cf4b2523337" executionId="5d0d9eda-6b36-4d9e-81a6-fd6e52356228" testListId="8c84fa94-04c1-424b-9868-57a2d4851a1d" />
    <TestEntry testId="ce140130-b9b3-e3f7-2ee2-fbfda3ae29ab" executionId="5e2909d9-2da3-4c80-9afc-d978937853fd" testListId="8c84fa94-04c1-424b-9868-57a2d4851a1d" />
    <TestEntry testId="61393582-6c9f-2925-8075-495a50725e69" executionId="edabeca1-bcae-4967-a1cf-06d0c4f4f1bf" testListId="8c84fa94-04c1-424b-9868-57a2d4851a1d" />
    <TestEntry testId="c7782db5-b746-c378-0db6-1f86c4bd45d5" executionId="c6e7aa22-8bcc-4eec-8914-d5dc78e292b0" testListId="8c84fa94-04c1-424b-9868-57a2d4851a1d" />
    <TestEntry testId="fc29d29d-cfd5-7e07-23d1-cf2e689b962e" executionId="9d385797-d532-407b-b074-6116c029e376" testListId="8c84fa94-04c1-424b-9868-57a2d4851a1d" />
    <TestEntry testId="bbc5b1a4-1b63-3727-ba16-67b8081a718f" executionId="2ddebeaf-a04d-4ed5-9632-703f1ec89561" testListId="8c84fa94-04c1-424b-9868-57a2d4851a1d" />
    <TestEntry testId="71985b87-68ac-4591-5e8e-39427bf20545" executionId="968ff4fe-688b-43e4-ad23-ca98c756ff47" testListId="8c84fa94-04c1-424b-9868-57a2d4851a1d" />
    <TestEntry testId="bd6db42c-dd0e-d0e9-ea10-b6b45b145318" executionId="ceb3750f-a54f-45fc-8fba-11ef9498ed68" testListId="8c84fa94-04c1-424b-9868-57a2d4851a1d" />
    <TestEntry testId="26b91d9a-fd7e-429a-a1e9-2ce8649e65dd" executionId="108bdde4-e4c0-4191-8650-f05b555c8646" testListId="8c84fa94-04c1-424b-9868-57a2d4851a1d" />
    <TestEntry testId="983d745e-a446-77d0-1c40-f5c0bb2df14d" executionId="c5d0aef3-f070-4e1f-9b08-fc74575b54c4" testListId="8c84fa94-04c1-424b-9868-57a2d4851a1d" />
    <TestEntry testId="39798e90-a32a-80ea-c936-c2c3138a7727" executionId="116f295f-e35c-4ddb-9b69-e94e442974e1" testListId="8c84fa94-04c1-424b-9868-57a2d4851a1d" />
    <TestEntry testId="3734280d-2bc6-4a25-6857-d2238482270a" executionId="09391cac-db0d-42fa-92b8-39cfb6e9f4c7" testListId="8c84fa94-04c1-424b-9868-57a2d4851a1d" />
    <TestEntry testId="2a29bf27-d475-c4aa-5903-fbbe6f02f7eb" executionId="43d376db-724e-4fa4-97ae-3cb7945069a4" testListId="8c84fa94-04c1-424b-9868-57a2d4851a1d" />
    <TestEntry testId="f5349eb4-21f8-89e1-e039-3549e5917b11" executionId="e5c3fc58-2caa-4bf0-9ecd-7143e4244e3f" testListId="8c84fa94-04c1-424b-9868-57a2d4851a1d" />
    <TestEntry testId="ce02babe-535c-3fd2-e99b-f2251d8fc30f" executionId="d600be21-5c73-427c-a9df-f02f1c04b98c" testListId="8c84fa94-04c1-424b-9868-57a2d4851a1d" />
    <TestEntry testId="03475637-5cd7-5869-d841-d7b72c79a280" executionId="679e5a79-0718-4f05-8394-4dbad8719c8d" testListId="8c84fa94-04c1-424b-9868-57a2d4851a1d" />
    <TestEntry testId="491739af-668c-c16e-ccc5-84609721ec11" executionId="59171d69-3c6b-4dd5-9fde-5633d7a49fa0" testListId="8c84fa94-04c1-424b-9868-57a2d4851a1d" />
    <TestEntry testId="1b34acad-de10-0d57-7431-b4a1170b43a4" executionId="0eb63537-8140-443f-b258-59b5218fd810" testListId="8c84fa94-04c1-424b-9868-57a2d4851a1d" />
    <TestEntry testId="6a548be0-05e5-fa28-a06c-e3afbffa1793" executionId="4bb5b3bf-533c-4e5f-9c95-2982e70e404c" testListId="8c84fa94-04c1-424b-9868-57a2d4851a1d" />
    <TestEntry testId="c8f3bcc4-10a5-ade5-e308-5e5110feeee5" executionId="a7032fb1-3883-477f-9ce6-1c9606612197" testListId="8c84fa94-04c1-424b-9868-57a2d4851a1d" />
    <TestEntry testId="29d74b60-a6d2-aa3e-4138-38c25487b418" executionId="2973f344-bf23-4a0f-ad65-558dd106bbd9" testListId="8c84fa94-04c1-424b-9868-57a2d4851a1d" />
    <TestEntry testId="b24583cd-295e-369d-4ddf-6125bdfc7fe1" executionId="a8662074-80ad-441b-8f42-b37fffd32095" testListId="8c84fa94-04c1-424b-9868-57a2d4851a1d" />
    <TestEntry testId="e4eea648-200f-28b7-39c8-4bc6f748d5c4" executionId="54736d86-3c9f-4974-b519-6ca31ea001f0" testListId="8c84fa94-04c1-424b-9868-57a2d4851a1d" />
    <TestEntry testId="5a91cfb5-663c-4304-e8b4-33b087c59542" executionId="4241886c-96bb-4b29-83c6-a12f2c665598" testListId="8c84fa94-04c1-424b-9868-57a2d4851a1d" />
    <TestEntry testId="19da1aa0-eadb-1822-fa7d-1ca3bd2e60ac" executionId="b1b54a0f-3356-4e4b-ba00-06cb3a72223e" testListId="8c84fa94-04c1-424b-9868-57a2d4851a1d" />
    <TestEntry testId="d15597b1-0ca7-afd2-4225-f71794fe8448" executionId="a1c75767-4c36-449e-a05e-aef388613804" testListId="8c84fa94-04c1-424b-9868-57a2d4851a1d" />
    <TestEntry testId="5a429d08-476c-80cc-c914-101a5e3884ad" executionId="270feb99-90bb-4e59-9d4f-a97279d2ae5c" testListId="8c84fa94-04c1-424b-9868-57a2d4851a1d" />
    <TestEntry testId="966aa595-2101-8a9e-3db9-092ef90e18ea" executionId="76319619-2209-4aab-a988-3ba6a80c1b51" testListId="8c84fa94-04c1-424b-9868-57a2d4851a1d" />
    <TestEntry testId="32ef16d3-fde5-9134-b156-01154cb927d4" executionId="dabf7610-0cc9-4491-b0b1-f6d5aa3e2cde" testListId="8c84fa94-04c1-424b-9868-57a2d4851a1d" />
    <TestEntry testId="06d301ba-f9b1-ce15-cc0b-55583f0ab3f9" executionId="a490451f-8820-43dd-a589-9c49d1fe8137" testListId="8c84fa94-04c1-424b-9868-57a2d4851a1d" />
    <TestEntry testId="ec4ba039-6cb2-12e6-de11-036359924bfc" executionId="988c2bbe-d1cd-42d2-8fac-967c984da0d1" testListId="8c84fa94-04c1-424b-9868-57a2d4851a1d" />
    <TestEntry testId="4b6534a1-0075-5d36-aeb1-91ae0eb66ad3" executionId="6a4f30a5-c98d-4795-9adc-f9a89f41ee45" testListId="8c84fa94-04c1-424b-9868-57a2d4851a1d" />
    <TestEntry testId="ea219e9c-1376-574f-89c8-75aacbe6f844" executionId="38595f48-6df0-4549-a34d-a7735fd6f367" testListId="8c84fa94-04c1-424b-9868-57a2d4851a1d" />
    <TestEntry testId="01420e32-ca3b-966d-d82e-9eb45c2ebeee" executionId="a7842f7a-38f3-4a5a-83b7-f8991c46ac26" testListId="8c84fa94-04c1-424b-9868-57a2d4851a1d" />
    <TestEntry testId="25202d46-e183-cdab-4e45-85788cadb4c3" executionId="2be015e3-4fde-4dec-ac0c-3cda3b64b731" testListId="8c84fa94-04c1-424b-9868-57a2d4851a1d" />
    <TestEntry testId="0c3f0cc6-0d23-3261-2fd5-5ac302288f57" executionId="4c515ce7-fa43-4110-8cc9-7ef8c46b8622" testListId="8c84fa94-04c1-424b-9868-57a2d4851a1d" />
    <TestEntry testId="15ab1010-24cd-6dc3-418f-9e33e6c1dbbd" executionId="d0909e61-e4db-42e4-aa6f-5ad36c9956b2" testListId="8c84fa94-04c1-424b-9868-57a2d4851a1d" />
    <TestEntry testId="60c5a9e8-0bfb-aff7-ba39-ec0bfb8e99d8" executionId="d283d5bc-b0d3-4de9-8354-c297fe75d8db" testListId="8c84fa94-04c1-424b-9868-57a2d4851a1d" />
    <TestEntry testId="edebaa1d-3603-0258-c34a-9481e8fba774" executionId="095ac86d-da9d-412c-89ed-45d34c8b8b7f" testListId="8c84fa94-04c1-424b-9868-57a2d4851a1d" />
    <TestEntry testId="f0290901-f59c-1d75-5503-c782089d716b" executionId="b872f7a6-d2c1-4cb0-a8a3-22cbc623734d" testListId="8c84fa94-04c1-424b-9868-57a2d4851a1d" />
    <TestEntry testId="6e8ebad9-08a6-d2a5-44cf-43b79dc302c4" executionId="e1f4d1fb-efde-49c0-a6df-6dce88048fab" testListId="8c84fa94-04c1-424b-9868-57a2d4851a1d" />
    <TestEntry testId="a5e1a2f9-373d-4ce7-35ca-66f88268696e" executionId="299f37c1-52bd-4f80-a880-f7ffb5f1d662" testListId="8c84fa94-04c1-424b-9868-57a2d4851a1d" />
    <TestEntry testId="bcfb5ca4-a2a5-d5bb-1e5e-5e3dfc44707e" executionId="ef595f7d-110a-4840-9e7a-82b697162914" testListId="8c84fa94-04c1-424b-9868-57a2d4851a1d" />
    <TestEntry testId="316ee004-ec30-ee81-4bd1-601aa524c36b" executionId="74db88ab-782d-42ac-ae0e-5dc51f5409dd" testListId="8c84fa94-04c1-424b-9868-57a2d4851a1d" />
    <TestEntry testId="dbb3f1a2-7017-367f-68ed-85edb90ae1a2" executionId="f2f4ca30-744b-4be2-9bd6-cd3dd3f71f3c" testListId="8c84fa94-04c1-424b-9868-57a2d4851a1d" />
    <TestEntry testId="6ae3e84d-f248-018d-fa28-1e3fa9f39659" executionId="7e433098-803f-4afc-9f8f-1b34cec82159" testListId="8c84fa94-04c1-424b-9868-57a2d4851a1d" />
    <TestEntry testId="fb46ee0d-bbe3-4c63-102f-fc43d4c95ecf" executionId="7688862e-516a-4f45-ae7b-c289dbe37ee4" testListId="8c84fa94-04c1-424b-9868-57a2d4851a1d" />
    <TestEntry testId="d14e9f9f-e508-d760-b77c-2b88b4d51ec2" executionId="54f0a7e5-d4fb-411e-89a8-505d7f90e86f" testListId="8c84fa94-04c1-424b-9868-57a2d4851a1d" />
    <TestEntry testId="6e534968-a220-d18d-2edf-f928ac1fbcdf" executionId="cc4ab320-db3e-4471-b644-a91386f6ab23" testListId="8c84fa94-04c1-424b-9868-57a2d4851a1d" />
    <TestEntry testId="660ab969-df6c-103f-889f-365558cef172" executionId="494d5187-2428-420d-b481-d4dc92e1603d" testListId="8c84fa94-04c1-424b-9868-57a2d4851a1d" />
    <TestEntry testId="f32161eb-cdc2-1c55-f28a-4ae9c46561ab" executionId="0d77fb77-aa63-4247-9a96-c215660c7e0d" testListId="8c84fa94-04c1-424b-9868-57a2d4851a1d" />
    <TestEntry testId="704171c7-a998-2bca-4512-8bf949db573c" executionId="2812be7b-f22b-4111-9e3f-e4fa37aba8af" testListId="8c84fa94-04c1-424b-9868-57a2d4851a1d" />
    <TestEntry testId="127cb669-86e2-d732-2a0e-e114d5084b6c" executionId="a041507f-4c0f-4202-9038-2a6b334776b9" testListId="8c84fa94-04c1-424b-9868-57a2d4851a1d" />
  </TestEntries>
  <TestLists>
    <TestList name="Resultados sin formato de lista" id="8c84fa94-04c1-424b-9868-57a2d4851a1d" />
    <TestList name="Todos los resultados cargados" id="19431567-8539-422a-85d7-44ee4e166bda" />
  </TestLists>
  <ResultSummary outcome="Completed">
    <Counters total="219" executed="219" passed="219" failed="0" error="0" timeout="0" aborted="0" inconclusive="0" passedButRunAborted="0" notRunnable="0" notExecuted="0" disconnected="0" warning="0" completed="0" inProgress="0" pending="0" />
    <Output>
      <StdOut>[xUnit.net 00:00:00.00] xUnit.net VSTest Adapter v2.5.3.1+6b60a9e56a (64-bit .NET 8.0.17)&#xD;
[xUnit.net 00:00:01.51]   Discovering: MIVET.BE.Tests&#xD;
[xUnit.net 00:00:01.61]   Discovered:  MIVET.BE.Tests&#xD;
[xUnit.net 00:00:01.62]   Starting:    MIVET.BE.Tests&#xD;
[xUnit.net 00:00:11.07]   Finished:    MIVET.BE.Tests&#xD;
</StdOut>
    </Output>
  </ResultSummary>
</TestRun>